This is pdfTeX, Version 3.14159265-2.6-1.40.17 (TeX Live 2016) (preloaded format=pdflatex 2016.5.22)  13 AUG 2017 20:43
entering extended mode
 restricted \write18 enabled.
 file:line:error style messages enabled.
 %&-line parsing enabled.
**pca.tex
(./pca.tex
LaTeX2e <2016/03/31>
Babel <3.9r> and hyphenation patterns for 83 language(s) loaded.
(/usr/local/texlive/2016/texmf-dist/tex/latex/beamer/beamer.cls
(/usr/local/texlive/2016/texmf-dist/tex/latex/beamer/beamerbasercs.sty
Package: beamerbasercs 2015/03/08 (rcs-revision 368aa9ba9d38)
)
Document Class: beamer 2015/01/05 3.36 A class for typesetting presentations (r
cs-revision 8a39122e1f63)
(/usr/local/texlive/2016/texmf-dist/tex/latex/beamer/beamerbasemodes.sty
Package: beamerbasemodes 2013/09/03 (rcs-revision 768f2d98ca64)
\beamer@tempbox=\box26
\beamer@tempcount=\count79
\c@beamerpauses=\count80

(/usr/local/texlive/2016/texmf-dist/tex/latex/beamer/beamerbasedecode.sty
Package: beamerbasedecode 2010/05/01 (rcs-revision efa082c6111d)
\beamer@slideinframe=\count81
\beamer@minimum=\count82
)
\beamer@commentbox=\box27
\beamer@modecount=\count83
)
(/usr/local/texlive/2016/texmf-dist/tex/generic/oberdiek/ifpdf.sty
Package: ifpdf 2016/05/14 v3.1 Provides the ifpdf switch
)
\headheight=\dimen102
\headdp=\dimen103
\footheight=\dimen104
\sidebarheight=\dimen105
\beamer@tempdim=\dimen106
\beamer@finalheight=\dimen107
\beamer@animht=\dimen108
\beamer@animdp=\dimen109
\beamer@animwd=\dimen110
\beamer@leftmargin=\dimen111
\beamer@rightmargin=\dimen112
\beamer@leftsidebar=\dimen113
\beamer@rightsidebar=\dimen114
\beamer@boxsize=\dimen115
\beamer@vboxoffset=\dimen116
\beamer@descdefault=\dimen117
\beamer@descriptionwidth=\dimen118
\beamer@lastskip=\skip41
\beamer@areabox=\box28
\beamer@animcurrent=\box29
\beamer@animshowbox=\box30
\beamer@sectionbox=\box31
\beamer@logobox=\box32
\beamer@linebox=\box33
\beamer@sectioncount=\count84
\beamer@subsubsectionmax=\count85
\beamer@subsectionmax=\count86
\beamer@sectionmax=\count87
\beamer@totalheads=\count88
\beamer@headcounter=\count89
\beamer@partstartpage=\count90
\beamer@sectionstartpage=\count91
\beamer@subsectionstartpage=\count92
\beamer@animationtempa=\count93
\beamer@animationtempb=\count94
\beamer@xpos=\count95
\beamer@ypos=\count96
\beamer@showpartnumber=\count97
\beamer@currentsubsection=\count98
\beamer@coveringdepth=\count99
\beamer@sectionadjust=\count100
\beamer@tocsectionnumber=\count101

(/usr/local/texlive/2016/texmf-dist/tex/latex/beamer/beamerbaseoptions.sty
Package: beamerbaseoptions 2013/03/10 (rcs-revision 47431932db0d)

(/usr/local/texlive/2016/texmf-dist/tex/latex/graphics/keyval.sty
Package: keyval 2014/10/28 v1.15 key=value parser (DPC)
\KV@toks@=\toks14
))
\beamer@paperwidth=\skip42
\beamer@paperheight=\skip43

(/usr/local/texlive/2016/texmf-dist/tex/latex/geometry/geometry.sty
Package: geometry 2010/09/12 v5.6 Page Geometry

(/usr/local/texlive/2016/texmf-dist/tex/generic/oberdiek/ifvtex.sty
Package: ifvtex 2016/05/16 v1.6 Detect VTeX and its facilities (HO)
Package ifvtex Info: VTeX not detected.
)
(/usr/local/texlive/2016/texmf-dist/tex/generic/ifxetex/ifxetex.sty
Package: ifxetex 2010/09/12 v0.6 Provides ifxetex conditional
)
\Gm@cnth=\count102
\Gm@cntv=\count103
\c@Gm@tempcnt=\count104
\Gm@bindingoffset=\dimen119
\Gm@wd@mp=\dimen120
\Gm@odd@mp=\dimen121
\Gm@even@mp=\dimen122
\Gm@layoutwidth=\dimen123
\Gm@layoutheight=\dimen124
\Gm@layouthoffset=\dimen125
\Gm@layoutvoffset=\dimen126
\Gm@dimlist=\toks15
)
(/usr/local/texlive/2016/texmf-dist/tex/latex/base/size11.clo
File: size11.clo 2014/09/29 v1.4h Standard LaTeX file (size option)
)
(/usr/local/texlive/2016/texmf-dist/tex/latex/pgf/basiclayer/pgfcore.sty
(/usr/local/texlive/2016/texmf-dist/tex/latex/graphics/graphicx.sty
Package: graphicx 2014/10/28 v1.0g Enhanced LaTeX Graphics (DPC,SPQR)

(/usr/local/texlive/2016/texmf-dist/tex/latex/graphics/graphics.sty
Package: graphics 2016/05/09 v1.0r Standard LaTeX Graphics (DPC,SPQR)

(/usr/local/texlive/2016/texmf-dist/tex/latex/graphics/trig.sty
Package: trig 2016/01/03 v1.10 sin cos tan (DPC)
)
(/usr/local/texlive/2016/texmf-dist/tex/latex/graphics-cfg/graphics.cfg
File: graphics.cfg 2016/01/02 v1.10 sample graphics configuration
)
Package graphics Info: Driver file: pdftex.def on input line 96.

(/usr/local/texlive/2016/texmf-dist/tex/latex/pdftex-def/pdftex.def
File: pdftex.def 2011/05/27 v0.06d Graphics/color for pdfTeX

(/usr/local/texlive/2016/texmf-dist/tex/generic/oberdiek/infwarerr.sty
Package: infwarerr 2016/05/16 v1.4 Providing info/warning/error messages (HO)
)
(/usr/local/texlive/2016/texmf-dist/tex/generic/oberdiek/ltxcmds.sty
Package: ltxcmds 2016/05/16 v1.23 LaTeX kernel commands for general use (HO)
)
\Gread@gobject=\count105
))
\Gin@req@height=\dimen127
\Gin@req@width=\dimen128
)
(/usr/local/texlive/2016/texmf-dist/tex/latex/pgf/systemlayer/pgfsys.sty
(/usr/local/texlive/2016/texmf-dist/tex/latex/pgf/utilities/pgfrcs.sty
(/usr/local/texlive/2016/texmf-dist/tex/generic/pgf/utilities/pgfutil-common.te
x
\pgfutil@everybye=\toks16
\pgfutil@tempdima=\dimen129
\pgfutil@tempdimb=\dimen130

(/usr/local/texlive/2016/texmf-dist/tex/generic/pgf/utilities/pgfutil-common-li
sts.tex))
(/usr/local/texlive/2016/texmf-dist/tex/generic/pgf/utilities/pgfutil-latex.def
\pgfutil@abb=\box34
(/usr/local/texlive/2016/texmf-dist/tex/latex/ms/everyshi.sty
Package: everyshi 2001/05/15 v3.00 EveryShipout Package (MS)
))
(/usr/local/texlive/2016/texmf-dist/tex/generic/pgf/utilities/pgfrcs.code.tex
Package: pgfrcs 2015/08/07 v3.0.1a (rcs-revision 1.31)
))
(/usr/local/texlive/2016/texmf-dist/tex/generic/pgf/systemlayer/pgfsys.code.tex
Package: pgfsys 2014/07/09 v3.0.1a (rcs-revision 1.48)
(/usr/local/texlive/2016/texmf-dist/tex/generic/pgf/utilities/pgfkeys.code.tex
\pgfkeys@pathtoks=\toks17
\pgfkeys@temptoks=\toks18

(/usr/local/texlive/2016/texmf-dist/tex/generic/pgf/utilities/pgfkeysfiltered.c
ode.tex
\pgfkeys@tmptoks=\toks19
))
\pgf@x=\dimen131
\pgf@y=\dimen132
\pgf@xa=\dimen133
\pgf@ya=\dimen134
\pgf@xb=\dimen135
\pgf@yb=\dimen136
\pgf@xc=\dimen137
\pgf@yc=\dimen138
\w@pgf@writea=\write3
\r@pgf@reada=\read1
\c@pgf@counta=\count106
\c@pgf@countb=\count107
\c@pgf@countc=\count108
\c@pgf@countd=\count109
\t@pgf@toka=\toks20
\t@pgf@tokb=\toks21
\t@pgf@tokc=\toks22

(/usr/local/texlive/2016/texmf-dist/tex/generic/pgf/systemlayer/pgf.cfg
File: pgf.cfg 2008/05/14  (rcs-revision 1.7)
)
Driver file for pgf: pgfsys-pdftex.def

(/usr/local/texlive/2016/texmf-dist/tex/generic/pgf/systemlayer/pgfsys-pdftex.d
ef
File: pgfsys-pdftex.def 2014/10/11  (rcs-revision 1.35)

(/usr/local/texlive/2016/texmf-dist/tex/generic/pgf/systemlayer/pgfsys-common-p
df.def
File: pgfsys-common-pdf.def 2013/10/10  (rcs-revision 1.13)
)))
(/usr/local/texlive/2016/texmf-dist/tex/generic/pgf/systemlayer/pgfsyssoftpath.
code.tex
File: pgfsyssoftpath.code.tex 2013/09/09  (rcs-revision 1.9)
\pgfsyssoftpath@smallbuffer@items=\count110
\pgfsyssoftpath@bigbuffer@items=\count111
)
(/usr/local/texlive/2016/texmf-dist/tex/generic/pgf/systemlayer/pgfsysprotocol.
code.tex
File: pgfsysprotocol.code.tex 2006/10/16  (rcs-revision 1.4)
)) (/usr/local/texlive/2016/texmf-dist/tex/latex/xcolor/xcolor.sty
Package: xcolor 2016/05/11 v2.12 LaTeX color extensions (UK)

(/usr/local/texlive/2016/texmf-dist/tex/latex/graphics-cfg/color.cfg
File: color.cfg 2016/01/02 v1.6 sample color configuration
)
Package xcolor Info: Driver file: pdftex.def on input line 225.
Package xcolor Info: Model `cmy' substituted by `cmy0' on input line 1348.
Package xcolor Info: Model `hsb' substituted by `rgb' on input line 1352.
Package xcolor Info: Model `RGB' extended on input line 1364.
Package xcolor Info: Model `HTML' substituted by `rgb' on input line 1366.
Package xcolor Info: Model `Hsb' substituted by `hsb' on input line 1367.
Package xcolor Info: Model `tHsb' substituted by `hsb' on input line 1368.
Package xcolor Info: Model `HSB' substituted by `hsb' on input line 1369.
Package xcolor Info: Model `Gray' substituted by `gray' on input line 1370.
Package xcolor Info: Model `wave' substituted by `hsb' on input line 1371.

(/usr/local/texlive/2016/texmf-dist/tex/latex/graphics/dvipsnam.def
File: dvipsnam.def 2015/12/30 v3.0k Driver-dependent file (DPC,SPQR)
))
(/usr/local/texlive/2016/texmf-dist/tex/generic/pgf/basiclayer/pgfcore.code.tex
Package: pgfcore 2010/04/11 v3.0.1a (rcs-revision 1.7)
(/usr/local/texlive/2016/texmf-dist/tex/generic/pgf/math/pgfmath.code.tex
(/usr/local/texlive/2016/texmf-dist/tex/generic/pgf/math/pgfmathcalc.code.tex
(/usr/local/texlive/2016/texmf-dist/tex/generic/pgf/math/pgfmathutil.code.tex)
(/usr/local/texlive/2016/texmf-dist/tex/generic/pgf/math/pgfmathparser.code.tex
\pgfmath@dimen=\dimen139
\pgfmath@count=\count112
\pgfmath@box=\box35
\pgfmath@toks=\toks23
\pgfmath@stack@operand=\toks24
\pgfmath@stack@operation=\toks25
)
(/usr/local/texlive/2016/texmf-dist/tex/generic/pgf/math/pgfmathfunctions.code.
tex
(/usr/local/texlive/2016/texmf-dist/tex/generic/pgf/math/pgfmathfunctions.basic
.code.tex)
(/usr/local/texlive/2016/texmf-dist/tex/generic/pgf/math/pgfmathfunctions.trigo
nometric.code.tex)
(/usr/local/texlive/2016/texmf-dist/tex/generic/pgf/math/pgfmathfunctions.rando
m.code.tex)
(/usr/local/texlive/2016/texmf-dist/tex/generic/pgf/math/pgfmathfunctions.compa
rison.code.tex)
(/usr/local/texlive/2016/texmf-dist/tex/generic/pgf/math/pgfmathfunctions.base.
code.tex)
(/usr/local/texlive/2016/texmf-dist/tex/generic/pgf/math/pgfmathfunctions.round
.code.tex)
(/usr/local/texlive/2016/texmf-dist/tex/generic/pgf/math/pgfmathfunctions.misc.
code.tex)
(/usr/local/texlive/2016/texmf-dist/tex/generic/pgf/math/pgfmathfunctions.integ
erarithmetics.code.tex)))
(/usr/local/texlive/2016/texmf-dist/tex/generic/pgf/math/pgfmathfloat.code.tex
\c@pgfmathroundto@lastzeros=\count113
))
(/usr/local/texlive/2016/texmf-dist/tex/generic/pgf/basiclayer/pgfcorepoints.co
de.tex
File: pgfcorepoints.code.tex 2013/10/07  (rcs-revision 1.27)
\pgf@picminx=\dimen140
\pgf@picmaxx=\dimen141
\pgf@picminy=\dimen142
\pgf@picmaxy=\dimen143
\pgf@pathminx=\dimen144
\pgf@pathmaxx=\dimen145
\pgf@pathminy=\dimen146
\pgf@pathmaxy=\dimen147
\pgf@xx=\dimen148
\pgf@xy=\dimen149
\pgf@yx=\dimen150
\pgf@yy=\dimen151
\pgf@zx=\dimen152
\pgf@zy=\dimen153
)
(/usr/local/texlive/2016/texmf-dist/tex/generic/pgf/basiclayer/pgfcorepathconst
ruct.code.tex
File: pgfcorepathconstruct.code.tex 2013/10/07  (rcs-revision 1.29)
\pgf@path@lastx=\dimen154
\pgf@path@lasty=\dimen155
)
(/usr/local/texlive/2016/texmf-dist/tex/generic/pgf/basiclayer/pgfcorepathusage
.code.tex
File: pgfcorepathusage.code.tex 2014/11/02  (rcs-revision 1.24)
\pgf@shorten@end@additional=\dimen156
\pgf@shorten@start@additional=\dimen157
)
(/usr/local/texlive/2016/texmf-dist/tex/generic/pgf/basiclayer/pgfcorescopes.co
de.tex
File: pgfcorescopes.code.tex 2015/05/08  (rcs-revision 1.46)
\pgfpic=\box36
\pgf@hbox=\box37
\pgf@layerbox@main=\box38
\pgf@picture@serial@count=\count114
)
(/usr/local/texlive/2016/texmf-dist/tex/generic/pgf/basiclayer/pgfcoregraphicst
ate.code.tex
File: pgfcoregraphicstate.code.tex 2014/11/02  (rcs-revision 1.12)
\pgflinewidth=\dimen158
)
(/usr/local/texlive/2016/texmf-dist/tex/generic/pgf/basiclayer/pgfcoretransform
ations.code.tex
File: pgfcoretransformations.code.tex 2015/08/07  (rcs-revision 1.20)
\pgf@pt@x=\dimen159
\pgf@pt@y=\dimen160
\pgf@pt@temp=\dimen161
)
(/usr/local/texlive/2016/texmf-dist/tex/generic/pgf/basiclayer/pgfcorequick.cod
e.tex
File: pgfcorequick.code.tex 2008/10/09  (rcs-revision 1.3)
)
(/usr/local/texlive/2016/texmf-dist/tex/generic/pgf/basiclayer/pgfcoreobjects.c
ode.tex
File: pgfcoreobjects.code.tex 2006/10/11  (rcs-revision 1.2)
)
(/usr/local/texlive/2016/texmf-dist/tex/generic/pgf/basiclayer/pgfcorepathproce
ssing.code.tex
File: pgfcorepathprocessing.code.tex 2013/09/09  (rcs-revision 1.9)
)
(/usr/local/texlive/2016/texmf-dist/tex/generic/pgf/basiclayer/pgfcorearrows.co
de.tex
File: pgfcorearrows.code.tex 2015/05/14  (rcs-revision 1.43)
\pgfarrowsep=\dimen162
)
(/usr/local/texlive/2016/texmf-dist/tex/generic/pgf/basiclayer/pgfcoreshade.cod
e.tex
File: pgfcoreshade.code.tex 2013/07/15  (rcs-revision 1.15)
\pgf@max=\dimen163
\pgf@sys@shading@range@num=\count115
)
(/usr/local/texlive/2016/texmf-dist/tex/generic/pgf/basiclayer/pgfcoreimage.cod
e.tex
File: pgfcoreimage.code.tex 2013/07/15  (rcs-revision 1.18)

(/usr/local/texlive/2016/texmf-dist/tex/generic/pgf/basiclayer/pgfcoreexternal.
code.tex
File: pgfcoreexternal.code.tex 2014/07/09  (rcs-revision 1.21)
\pgfexternal@startupbox=\box39
))
(/usr/local/texlive/2016/texmf-dist/tex/generic/pgf/basiclayer/pgfcorelayers.co
de.tex
File: pgfcorelayers.code.tex 2013/07/18  (rcs-revision 1.7)
)
(/usr/local/texlive/2016/texmf-dist/tex/generic/pgf/basiclayer/pgfcoretranspare
ncy.code.tex
File: pgfcoretransparency.code.tex 2013/09/30  (rcs-revision 1.5)
)
(/usr/local/texlive/2016/texmf-dist/tex/generic/pgf/basiclayer/pgfcorepatterns.
code.tex
File: pgfcorepatterns.code.tex 2013/11/07  (rcs-revision 1.5)
)))
(/usr/local/texlive/2016/texmf-dist/tex/latex/pgf/utilities/xxcolor.sty
Package: xxcolor 2003/10/24 ver 0.1
\XC@nummixins=\count116
\XC@countmixins=\count117
)
(/usr/local/texlive/2016/texmf-dist/tex/generic/oberdiek/atbegshi.sty
Package: atbegshi 2016/05/16 v1.17 At begin shipout hook (HO)
)
(/usr/local/texlive/2016/texmf-dist/tex/latex/hyperref/hyperref.sty
Package: hyperref 2016/05/05 v6.83n Hypertext links for LaTeX

(/usr/local/texlive/2016/texmf-dist/tex/generic/oberdiek/hobsub-hyperref.sty
Package: hobsub-hyperref 2016/05/16 v1.14 Bundle oberdiek, subset hyperref (HO)


(/usr/local/texlive/2016/texmf-dist/tex/generic/oberdiek/hobsub-generic.sty
Package: hobsub-generic 2016/05/16 v1.14 Bundle oberdiek, subset generic (HO)
Package: hobsub 2016/05/16 v1.14 Construct package bundles (HO)
Package hobsub Info: Skipping package `infwarerr' (already loaded).
Package hobsub Info: Skipping package `ltxcmds' (already loaded).
Package: ifluatex 2016/05/16 v1.4 Provides the ifluatex switch (HO)
Package ifluatex Info: LuaTeX not detected.
Package hobsub Info: Skipping package `ifvtex' (already loaded).
Package: intcalc 2016/05/16 v1.2 Expandable calculations with integers (HO)
Package hobsub Info: Skipping package `ifpdf' (already loaded).
Package: etexcmds 2016/05/16 v1.6 Avoid name clashes with e-TeX commands (HO)
Package etexcmds Info: Could not find \expanded.
(etexcmds)             That can mean that you are not using pdfTeX 1.50 or
(etexcmds)             that some package has redefined \expanded.
(etexcmds)             In the latter case, load this package earlier.
Package: kvsetkeys 2016/05/16 v1.17 Key value parser (HO)
Package: kvdefinekeys 2016/05/16 v1.4 Define keys (HO)
Package: pdftexcmds 2016/05/10 v0.21 Utility functions of pdfTeX for LuaTeX (HO
)
Package pdftexcmds Info: LuaTeX not detected.
Package pdftexcmds Info: \pdf@primitive is available.
Package pdftexcmds Info: \pdf@ifprimitive is available.
Package pdftexcmds Info: \pdfdraftmode found.
Package: pdfescape 2016/05/16 v1.14 Implements pdfTeX's escape features (HO)
Package: bigintcalc 2016/05/16 v1.4 Expandable calculations on big integers (HO
)
Package: bitset 2016/05/16 v1.2 Handle bit-vector datatype (HO)
Package: uniquecounter 2016/05/16 v1.3 Provide unlimited unique counter (HO)
)
Package hobsub Info: Skipping package `hobsub' (already loaded).
Package: letltxmacro 2016/05/16 v1.5 Let assignment for LaTeX macros (HO)
Package: hopatch 2016/05/16 v1.3 Wrapper for package hooks (HO)
Package: xcolor-patch 2016/05/16 xcolor patch
Package: atveryend 2016/05/16 v1.9 Hooks at the very end of document (HO)
Package atveryend Info: \enddocument detected (standard20110627).
Package hobsub Info: Skipping package `atbegshi' (already loaded).
Package: refcount 2016/05/16 v3.5 Data extraction from label references (HO)
Package: hycolor 2016/05/16 v1.8 Color options for hyperref/bookmark (HO)
)
(/usr/local/texlive/2016/texmf-dist/tex/latex/oberdiek/auxhook.sty
Package: auxhook 2016/05/16 v1.4 Hooks for auxiliary files (HO)
)
(/usr/local/texlive/2016/texmf-dist/tex/latex/oberdiek/kvoptions.sty
Package: kvoptions 2016/05/16 v3.12 Key value format for package options (HO)
)
\@linkdim=\dimen164
\Hy@linkcounter=\count118
\Hy@pagecounter=\count119

(/usr/local/texlive/2016/texmf-dist/tex/latex/hyperref/pd1enc.def
File: pd1enc.def 2016/05/05 v6.83n Hyperref: PDFDocEncoding definition (HO)
)
\Hy@SavedSpaceFactor=\count120

(/usr/local/texlive/2016/texmf-dist/tex/latex/latexconfig/hyperref.cfg
File: hyperref.cfg 2002/06/06 v1.2 hyperref configuration of TeXLive
)
Package hyperref Info: Option `bookmarks' set `true' on input line 4322.
Package hyperref Info: Option `bookmarksopen' set `true' on input line 4322.
Package hyperref Info: Option `implicit' set `false' on input line 4322.
Package hyperref Info: Hyper figures OFF on input line 4446.
Package hyperref Info: Link nesting OFF on input line 4451.
Package hyperref Info: Hyper index ON on input line 4454.
Package hyperref Info: Plain pages OFF on input line 4461.
Package hyperref Info: Backreferencing OFF on input line 4466.
Package hyperref Info: Implicit mode OFF; no redefinition of LaTeX internals.
Package hyperref Info: Bookmarks ON on input line 4691.
\c@Hy@tempcnt=\count121

(/usr/local/texlive/2016/texmf-dist/tex/latex/url/url.sty
\Urlmuskip=\muskip10
Package: url 2013/09/16  ver 3.4  Verb mode for urls, etc.
)
LaTeX Info: Redefining \url on input line 5044.
\XeTeXLinkMargin=\dimen165
\Fld@menulength=\count122
\Field@Width=\dimen166
\Fld@charsize=\dimen167
Package hyperref Info: Hyper figures OFF on input line 6298.
Package hyperref Info: Link nesting OFF on input line 6303.
Package hyperref Info: Hyper index ON on input line 6306.
Package hyperref Info: backreferencing OFF on input line 6313.
Package hyperref Info: Link coloring OFF on input line 6318.
Package hyperref Info: Link coloring with OCG OFF on input line 6323.
Package hyperref Info: PDF/A mode OFF on input line 6328.
LaTeX Info: Redefining \ref on input line 6368.
LaTeX Info: Redefining \pageref on input line 6372.
\Hy@abspage=\count123


Package hyperref Message: Stopped early.

)

Package hyperref Message: Driver (autodetected): hpdftex.

(/usr/local/texlive/2016/texmf-dist/tex/latex/hyperref/hpdftex.def
File: hpdftex.def 2016/05/05 v6.83n Hyperref driver for pdfTeX
\Fld@listcount=\count124
\c@bookmark@seq@number=\count125

(/usr/local/texlive/2016/texmf-dist/tex/latex/oberdiek/rerunfilecheck.sty
Package: rerunfilecheck 2016/05/16 v1.8 Rerun checks for auxiliary files (HO)
Package uniquecounter Info: New unique counter `rerunfilecheck' on input line 2
82.
))
(/usr/local/texlive/2016/texmf-dist/tex/latex/beamer/beamerbaserequires.sty
Package: beamerbaserequires 2010/05/01  (rcs-revision efa082c6111d)

(/usr/local/texlive/2016/texmf-dist/tex/latex/beamer/beamerbasecompatibility.st
y
Package: beamerbasecompatibility 2012/05/01  (rcs-revision 67c48b3b652d)
) (/usr/local/texlive/2016/texmf-dist/tex/latex/beamer/beamerbasefont.sty
Package: beamerbasefont 2015/01/05  (rcs-revision b4b4bee242e2)

(/usr/local/texlive/2016/texmf-dist/tex/latex/amsfonts/amssymb.sty
Package: amssymb 2013/01/14 v3.01 AMS font symbols

(/usr/local/texlive/2016/texmf-dist/tex/latex/amsfonts/amsfonts.sty
Package: amsfonts 2013/01/14 v3.01 Basic AMSFonts support
\@emptytoks=\toks26
\symAMSa=\mathgroup4
\symAMSb=\mathgroup5
LaTeX Font Info:    Overwriting math alphabet `\mathfrak' in version `bold'
(Font)                  U/euf/m/n --> U/euf/b/n on input line 106.
))
(/usr/local/texlive/2016/texmf-dist/tex/latex/sansmathaccent/sansmathaccent.sty
Package: sansmathaccent 2013/03/28
(/usr/local/texlive/2016/texmf-dist/tex/latex/filehook/filehook.sty
Package: filehook 2011/10/12 v0.5d Hooks for input files
)))
(/usr/local/texlive/2016/texmf-dist/tex/latex/beamer/beamerbasetranslator.sty
Package: beamerbasetranslator 2010/06/11  (rcs-revision 85fd1cc7fc42)

(/usr/local/texlive/2016/texmf-dist/tex/latex/beamer/translator/translator.sty
Package: translator 2010/06/12 ver 1.10

(/usr/local/texlive/2016/texmf-dist/tex/latex/beamer/translator/translator-lang
uage-mappings.tex)))
(/usr/local/texlive/2016/texmf-dist/tex/latex/beamer/beamerbasemisc.sty
Package: beamerbasemisc 2013/09/03  (rcs-revision a55719c41d85)
)
(/usr/local/texlive/2016/texmf-dist/tex/latex/beamer/beamerbasetwoscreens.sty
Package: beamerbasetwoscreens 2010/05/01  (rcs-revision efa082c6111d)
)
(/usr/local/texlive/2016/texmf-dist/tex/latex/beamer/beamerbaseoverlay.sty
Package: beamerbaseoverlay 2013/12/25  (rcs-revision f6bd5e3805da)
\beamer@argscount=\count126
\beamer@lastskipcover=\skip44
\beamer@trivlistdepth=\count127
)
(/usr/local/texlive/2016/texmf-dist/tex/latex/beamer/beamerbasetitle.sty
Package: beamerbasetitle 2010/09/21  (rcs-revision f0446ed0b6ae)
)
(/usr/local/texlive/2016/texmf-dist/tex/latex/beamer/beamerbasesection.sty
Package: beamerbasesection 2013/06/07  (rcs-revision 60b9fe0f342f)
\c@lecture=\count128
\c@part=\count129
\c@section=\count130
\c@subsection=\count131
\c@subsubsection=\count132
)
(/usr/local/texlive/2016/texmf-dist/tex/latex/beamer/beamerbaseframe.sty
Package: beamerbaseframe 2014/02/20  (rcs-revision 4b8ceeeff434)
\beamer@framebox=\box40
\beamer@frametitlebox=\box41
\beamer@zoombox=\box42
\beamer@zoomcount=\count133
\beamer@zoomframecount=\count134
\beamer@frametextheight=\dimen168
\c@subsectionslide=\count135
\beamer@frametopskip=\skip45
\beamer@framebottomskip=\skip46
\beamer@frametopskipautobreak=\skip47
\beamer@framebottomskipautobreak=\skip48
\beamer@envbody=\toks27
\framewidth=\dimen169
\c@framenumber=\count136
)
(/usr/local/texlive/2016/texmf-dist/tex/latex/beamer/beamerbaseverbatim.sty
Package: beamerbaseverbatim 2015/01/05  (rcs-revision 431510bb5890)
\beamer@verbatimfileout=\write4
)
(/usr/local/texlive/2016/texmf-dist/tex/latex/beamer/beamerbaseframesize.sty
Package: beamerbaseframesize 2011/09/12  (rcs-revision 70f9d8411e54)
\beamer@splitbox=\box43
\beamer@autobreakcount=\count137
\beamer@autobreaklastheight=\dimen170
\beamer@frametitletoks=\toks28
\beamer@framesubtitletoks=\toks29
)
(/usr/local/texlive/2016/texmf-dist/tex/latex/beamer/beamerbaseframecomponents.
sty
Package: beamerbaseframecomponents 2013/10/18  (rcs-revision 5cf6c5555a45)
\beamer@footins=\box44
) (/usr/local/texlive/2016/texmf-dist/tex/latex/beamer/beamerbasecolor.sty
Package: beamerbasecolor 2015/02/21  (rcs-revision d944b04ee2d5)
)
(/usr/local/texlive/2016/texmf-dist/tex/latex/beamer/beamerbasenotes.sty
Package: beamerbasenotes 2012/12/19  (rcs-revision 1686da3db3c9)
\beamer@frameboxcopy=\box45
)
(/usr/local/texlive/2016/texmf-dist/tex/latex/beamer/beamerbasetoc.sty
Package: beamerbasetoc 2015/03/08  (rcs-revision 7270298bbaae)
)
(/usr/local/texlive/2016/texmf-dist/tex/latex/beamer/beamerbasetemplates.sty
Package: beamerbasetemplates 2010/05/01  (rcs-revision efa082c6111d)
\beamer@sbttoks=\toks30

(/usr/local/texlive/2016/texmf-dist/tex/latex/beamer/beamerbaseauxtemplates.sty
Package: beamerbaseauxtemplates 2014/06/30  (rcs-revision 580088513a67)
(/usr/local/texlive/2016/texmf-dist/tex/latex/beamer/beamerbaseboxes.sty
Package: beamerbaseboxes 2012/05/13  (rcs-revision 56972908a390)
\bmb@box=\box46
\bmb@colorbox=\box47
\bmb@boxshadow=\box48
\bmb@boxshadowball=\box49
\bmb@boxshadowballlarge=\box50
\bmb@temp=\dimen171
\bmb@dima=\dimen172
\bmb@dimb=\dimen173
\bmb@prevheight=\dimen174
)
\beamer@blockheadheight=\dimen175
))
(/usr/local/texlive/2016/texmf-dist/tex/latex/beamer/beamerbaselocalstructure.s
ty
Package: beamerbaselocalstructure 2014/09/10  (rcs-revision 393f6dcff371)
 (/usr/local/texlive/2016/texmf-dist/tex/latex/tools/enumerate.sty
Package: enumerate 2015/07/23 v3.00 enumerate extensions (DPC)
\@enLab=\toks31
)
\c@figure=\count138
\c@table=\count139
\abovecaptionskip=\skip49
\belowcaptionskip=\skip50
)
(/usr/local/texlive/2016/texmf-dist/tex/latex/beamer/beamerbasenavigation.sty
Package: beamerbasenavigation 2015/02/27  (rcs-revision 923f4bf87efa)
\beamer@section@min@dim=\dimen176
)
(/usr/local/texlive/2016/texmf-dist/tex/latex/beamer/beamerbasetheorems.sty
Package: beamerbasetheorems 2010/06/06  (rcs-revision 7e7cc5e53e9d)

(/usr/local/texlive/2016/texmf-dist/tex/latex/amsmath/amsmath.sty
Package: amsmath 2016/03/10 v2.15b AMS math features
\@mathmargin=\skip51

For additional information on amsmath, use the `?' option.
(/usr/local/texlive/2016/texmf-dist/tex/latex/amsmath/amstext.sty
Package: amstext 2000/06/29 v2.01 AMS text

(/usr/local/texlive/2016/texmf-dist/tex/latex/amsmath/amsgen.sty
File: amsgen.sty 1999/11/30 v2.0 generic functions
\@emptytoks=\toks32
\ex@=\dimen177
))
(/usr/local/texlive/2016/texmf-dist/tex/latex/amsmath/amsbsy.sty
Package: amsbsy 1999/11/29 v1.2d Bold Symbols
\pmbraise@=\dimen178
)
(/usr/local/texlive/2016/texmf-dist/tex/latex/amsmath/amsopn.sty
Package: amsopn 2016/03/08 v2.02 operator names
)
\inf@bad=\count140
LaTeX Info: Redefining \frac on input line 199.
\uproot@=\count141
\leftroot@=\count142
LaTeX Info: Redefining \overline on input line 297.
\classnum@=\count143
\DOTSCASE@=\count144
LaTeX Info: Redefining \ldots on input line 394.
LaTeX Info: Redefining \dots on input line 397.
LaTeX Info: Redefining \cdots on input line 518.
\Mathstrutbox@=\box51
\strutbox@=\box52
\big@size=\dimen179
LaTeX Font Info:    Redeclaring font encoding OML on input line 634.
LaTeX Font Info:    Redeclaring font encoding OMS on input line 635.
\macc@depth=\count145
\c@MaxMatrixCols=\count146
\dotsspace@=\muskip11
\c@parentequation=\count147
\dspbrk@lvl=\count148
\tag@help=\toks33
\row@=\count149
\column@=\count150
\maxfields@=\count151
\andhelp@=\toks34
\eqnshift@=\dimen180
\alignsep@=\dimen181
\tagshift@=\dimen182
\tagwidth@=\dimen183
\totwidth@=\dimen184
\lineht@=\dimen185
\@envbody=\toks35
\multlinegap=\skip52
\multlinetaggap=\skip53
\mathdisplay@stack=\toks36
LaTeX Info: Redefining \[ on input line 2739.
LaTeX Info: Redefining \] on input line 2740.
)
(/usr/local/texlive/2016/texmf-dist/tex/latex/amscls/amsthm.sty
Package: amsthm 2015/03/04 v2.20.2
\thm@style=\toks37
\thm@bodyfont=\toks38
\thm@headfont=\toks39
\thm@notefont=\toks40
\thm@headpunct=\toks41
\thm@preskip=\skip54
\thm@postskip=\skip55
\thm@headsep=\skip56
\dth@everypar=\toks42
)
\c@theorem=\count152
)
(/usr/local/texlive/2016/texmf-dist/tex/latex/beamer/beamerbasethemes.sty
Package: beamerbasethemes 2010/05/01  (rcs-revision efa082c6111d)
))
(/usr/local/texlive/2016/texmf-dist/tex/latex/beamer/themes/theme/beamerthemede
fault.sty
Package: beamerthemedefault 2010/06/17  (rcs-revision d02a7cf4d8ae)

(/usr/local/texlive/2016/texmf-dist/tex/latex/beamer/themes/font/beamerfontthem
edefault.sty
Package: beamerfontthemedefault 2012/12/19  (rcs-revision 1686da3db3c9)
)
(/usr/local/texlive/2016/texmf-dist/tex/latex/beamer/themes/color/beamercolorth
emedefault.sty
Package: beamercolorthemedefault 2012/12/19  (rcs-revision 1686da3db3c9)
)
(/usr/local/texlive/2016/texmf-dist/tex/latex/beamer/themes/inner/beamerinnerth
emedefault.sty
Package: beamerinnerthemedefault 2014/06/30  (rcs-revision 580088513a67)
\beamer@dima=\dimen186
\beamer@dimb=\dimen187
)
(/usr/local/texlive/2016/texmf-dist/tex/latex/beamer/themes/outer/beamerouterth
emedefault.sty
Package: beamerouterthemedefault 2012/12/19  (rcs-revision 1686da3db3c9)
))) (/usr/local/texlive/2016/texmf-dist/tex/latex/ms/ragged2e.sty
Package: ragged2e 2009/05/21 v2.1 ragged2e Package (MS)
(/usr/local/texlive/2016/texmf-dist/tex/latex/ms/everysel.sty
Package: everysel 2011/10/28 v1.2 EverySelectfont Package (MS)
)
\CenteringLeftskip=\skip57
\RaggedLeftLeftskip=\skip58
\RaggedRightLeftskip=\skip59
\CenteringRightskip=\skip60
\RaggedLeftRightskip=\skip61
\RaggedRightRightskip=\skip62
\CenteringParfillskip=\skip63
\RaggedLeftParfillskip=\skip64
\RaggedRightParfillskip=\skip65
\JustifyingParfillskip=\skip66
\CenteringParindent=\skip67
\RaggedLeftParindent=\skip68
\RaggedRightParindent=\skip69
\JustifyingParindent=\skip70
)
(/usr/local/texlive/2016/texmf-dist/tex/latex/tools/verbatim.sty
Package: verbatim 2014/10/28 v1.5q LaTeX2e package for verbatim enhancements
\every@verbatim=\toks43
\verbatim@line=\toks44
\verbatim@in@stream=\read2
)
(/usr/local/texlive/2016/texmf-dist/tex/latex/lm/lmodern.sty
Package: lmodern 2009/10/30 v1.6 Latin Modern Fonts
LaTeX Font Info:    Overwriting symbol font `operators' in version `normal'
(Font)                  OT1/cmr/m/n --> OT1/lmr/m/n on input line 22.
LaTeX Font Info:    Overwriting symbol font `letters' in version `normal'
(Font)                  OML/cmm/m/it --> OML/lmm/m/it on input line 23.
LaTeX Font Info:    Overwriting symbol font `symbols' in version `normal'
(Font)                  OMS/cmsy/m/n --> OMS/lmsy/m/n on input line 24.
LaTeX Font Info:    Overwriting symbol font `largesymbols' in version `normal'
(Font)                  OMX/cmex/m/n --> OMX/lmex/m/n on input line 25.
LaTeX Font Info:    Overwriting symbol font `operators' in version `bold'
(Font)                  OT1/cmr/bx/n --> OT1/lmr/bx/n on input line 26.
LaTeX Font Info:    Overwriting symbol font `letters' in version `bold'
(Font)                  OML/cmm/b/it --> OML/lmm/b/it on input line 27.
LaTeX Font Info:    Overwriting symbol font `symbols' in version `bold'
(Font)                  OMS/cmsy/b/n --> OMS/lmsy/b/n on input line 28.
LaTeX Font Info:    Overwriting symbol font `largesymbols' in version `bold'
(Font)                  OMX/cmex/m/n --> OMX/lmex/m/n on input line 29.
LaTeX Font Info:    Overwriting math alphabet `\mathbf' in version `normal'
(Font)                  OT1/cmr/bx/n --> OT1/lmr/bx/n on input line 31.
LaTeX Font Info:    Overwriting math alphabet `\mathsf' in version `normal'
(Font)                  OT1/cmss/m/n --> OT1/lmss/m/n on input line 32.
LaTeX Font Info:    Overwriting math alphabet `\mathit' in version `normal'
(Font)                  OT1/cmr/m/it --> OT1/lmr/m/it on input line 33.
LaTeX Font Info:    Overwriting math alphabet `\mathtt' in version `normal'
(Font)                  OT1/cmtt/m/n --> OT1/lmtt/m/n on input line 34.
LaTeX Font Info:    Overwriting math alphabet `\mathbf' in version `bold'
(Font)                  OT1/cmr/bx/n --> OT1/lmr/bx/n on input line 35.
LaTeX Font Info:    Overwriting math alphabet `\mathsf' in version `bold'
(Font)                  OT1/cmss/bx/n --> OT1/lmss/bx/n on input line 36.
LaTeX Font Info:    Overwriting math alphabet `\mathit' in version `bold'
(Font)                  OT1/cmr/bx/it --> OT1/lmr/bx/it on input line 37.
LaTeX Font Info:    Overwriting math alphabet `\mathtt' in version `bold'
(Font)                  OT1/cmtt/m/n --> OT1/lmtt/m/n on input line 38.
) (./pca.aux)
\openout1 = `pca.aux'.

LaTeX Font Info:    Checking defaults for OML/cmm/m/it on input line 19.
LaTeX Font Info:    ... okay on input line 19.
LaTeX Font Info:    Checking defaults for T1/cmr/m/n on input line 19.
LaTeX Font Info:    ... okay on input line 19.
LaTeX Font Info:    Checking defaults for OT1/cmr/m/n on input line 19.
LaTeX Font Info:    ... okay on input line 19.
LaTeX Font Info:    Checking defaults for OMS/cmsy/m/n on input line 19.
LaTeX Font Info:    ... okay on input line 19.
LaTeX Font Info:    Checking defaults for OMX/cmex/m/n on input line 19.
LaTeX Font Info:    ... okay on input line 19.
LaTeX Font Info:    Checking defaults for U/cmr/m/n on input line 19.
LaTeX Font Info:    ... okay on input line 19.
LaTeX Font Info:    Checking defaults for PD1/pdf/m/n on input line 19.
LaTeX Font Info:    ... okay on input line 19.
LaTeX Font Info:    Try loading font information for OT1+lmss on input line 19.


(/usr/local/texlive/2016/texmf-dist/tex/latex/lm/ot1lmss.fd
File: ot1lmss.fd 2009/10/30 v1.6 Font defs for Latin Modern
)
*geometry* driver: auto-detecting
*geometry* detected driver: pdftex
*geometry* verbose mode - [ preamble ] result:
* driver: pdftex
* paper: custom
* layout: <same size as paper>
* layoutoffset:(h,v)=(0.0pt,0.0pt)
* modes: includehead includefoot 
* h-part:(L,W,R)=(28.45274pt, 307.28987pt, 28.45274pt)
* v-part:(T,H,B)=(0.0pt, 273.14662pt, 0.0pt)
* \paperwidth=364.19536pt
* \paperheight=273.14662pt
* \textwidth=307.28987pt
* \textheight=244.6939pt
* \oddsidemargin=-43.81725pt
* \evensidemargin=-43.81725pt
* \topmargin=-72.26999pt
* \headheight=14.22636pt
* \headsep=0.0pt
* \topskip=11.0pt
* \footskip=14.22636pt
* \marginparwidth=4.0pt
* \marginparsep=10.0pt
* \columnsep=10.0pt
* \skip\footins=10.0pt plus 4.0pt minus 2.0pt
* \hoffset=0.0pt
* \voffset=0.0pt
* \mag=1000
* \@twocolumnfalse
* \@twosidefalse
* \@mparswitchfalse
* \@reversemarginfalse
* (1in=72.27pt=25.4mm, 1cm=28.453pt)

(/usr/local/texlive/2016/texmf-dist/tex/context/base/mkii/supp-pdf.mkii
[Loading MPS to PDF converter (version 2006.09.02).]
\scratchcounter=\count153
\scratchdimen=\dimen188
\scratchbox=\box53
\nofMPsegments=\count154
\nofMParguments=\count155
\everyMPshowfont=\toks45
\MPscratchCnt=\count156
\MPscratchDim=\dimen189
\MPnumerator=\count157
\makeMPintoPDFobject=\count158
\everyMPtoPDFconversion=\toks46
) (/usr/local/texlive/2016/texmf-dist/tex/latex/oberdiek/epstopdf-base.sty
Package: epstopdf-base 2016/05/15 v2.6 Base part for package epstopdf

(/usr/local/texlive/2016/texmf-dist/tex/latex/oberdiek/grfext.sty
Package: grfext 2016/05/16 v1.2 Manage graphics extensions (HO)
)
Package grfext Info: Graphics extension search list:
(grfext)             [.png,.pdf,.jpg,.mps,.jpeg,.jbig2,.jb2,.PNG,.PDF,.JPG,.JPE
G,.JBIG2,.JB2,.eps]
(grfext)             \AppendGraphicsExtensions on input line 456.

(/usr/local/texlive/2016/texmf-dist/tex/latex/latexconfig/epstopdf-sys.cfg
File: epstopdf-sys.cfg 2010/07/13 v1.3 Configuration of (r)epstopdf for TeX Liv
e
))
ABD: EveryShipout initializing macros
\AtBeginShipoutBox=\box54
Package hyperref Info: Link coloring OFF on input line 19.

(/usr/local/texlive/2016/texmf-dist/tex/latex/hyperref/nameref.sty
Package: nameref 2012/10/27 v2.43 Cross-referencing by name of section

(/usr/local/texlive/2016/texmf-dist/tex/generic/oberdiek/gettitlestring.sty
Package: gettitlestring 2016/05/16 v1.5 Cleanup title references (HO)
)
\c@section@level=\count159
)
LaTeX Info: Redefining \ref on input line 19.
LaTeX Info: Redefining \pageref on input line 19.
LaTeX Info: Redefining \nameref on input line 19.

(./pca.out) (./pca.out)
\@outlinefile=\write5
\openout5 = `pca.out'.

LaTeX Font Info:    Overwriting symbol font `operators' in version `normal'
(Font)                  OT1/lmr/m/n --> OT1/cmss/m/n on input line 19.
LaTeX Font Info:    Overwriting symbol font `operators' in version `bold'
(Font)                  OT1/lmr/bx/n --> OT1/cmss/bx/n on input line 19.
LaTeX Font Info:    Overwriting symbol font `operators' in version `normal'
(Font)                  OT1/cmss/m/n --> OT1/lmss/m/n on input line 19.
LaTeX Font Info:    Overwriting symbol font `operators' in version `bold'
(Font)                  OT1/cmss/bx/n --> OT1/lmss/bx/n on input line 19.
\symnumbers=\mathgroup6
\sympureletters=\mathgroup7
LaTeX Font Info:    Overwriting math alphabet `\mathrm' in version `normal'
(Font)                  OT1/lmss/m/n --> OT1/lmr/m/n on input line 19.
LaTeX Font Info:    Redeclaring math alphabet \mathbf on input line 19.
LaTeX Font Info:    Overwriting math alphabet `\mathbf' in version `normal'
(Font)                  OT1/lmr/bx/n --> OT1/lmss/bx/n on input line 19.
LaTeX Font Info:    Overwriting math alphabet `\mathbf' in version `bold'
(Font)                  OT1/lmr/bx/n --> OT1/lmss/bx/n on input line 19.
LaTeX Font Info:    Redeclaring math alphabet \mathsf on input line 19.
LaTeX Font Info:    Overwriting math alphabet `\mathsf' in version `normal'
(Font)                  OT1/lmss/m/n --> OT1/lmss/m/n on input line 19.
LaTeX Font Info:    Overwriting math alphabet `\mathsf' in version `bold'
(Font)                  OT1/lmss/bx/n --> OT1/lmss/m/n on input line 19.
LaTeX Font Info:    Redeclaring math alphabet \mathit on input line 19.
LaTeX Font Info:    Overwriting math alphabet `\mathit' in version `normal'
(Font)                  OT1/lmr/m/it --> OT1/lmss/m/it on input line 19.
LaTeX Font Info:    Overwriting math alphabet `\mathit' in version `bold'
(Font)                  OT1/lmr/bx/it --> OT1/lmss/m/it on input line 19.
LaTeX Font Info:    Redeclaring math alphabet \mathtt on input line 19.
LaTeX Font Info:    Overwriting math alphabet `\mathtt' in version `normal'
(Font)                  OT1/lmtt/m/n --> OT1/lmtt/m/n on input line 19.
LaTeX Font Info:    Overwriting math alphabet `\mathtt' in version `bold'
(Font)                  OT1/lmtt/m/n --> OT1/lmtt/m/n on input line 19.
LaTeX Font Info:    Overwriting symbol font `numbers' in version `bold'
(Font)                  OT1/lmss/m/n --> OT1/lmss/bx/n on input line 19.
LaTeX Font Info:    Overwriting symbol font `pureletters' in version `bold'
(Font)                  OT1/lmss/m/it --> OT1/lmss/bx/it on input line 19.
LaTeX Font Info:    Overwriting math alphabet `\mathrm' in version `bold'
(Font)                  OT1/lmss/bx/n --> OT1/lmr/bx/n on input line 19.
LaTeX Font Info:    Overwriting math alphabet `\mathbf' in version `bold'
(Font)                  OT1/lmss/bx/n --> OT1/lmss/bx/n on input line 19.
LaTeX Font Info:    Overwriting math alphabet `\mathsf' in version `bold'
(Font)                  OT1/lmss/m/n --> OT1/lmss/bx/n on input line 19.
LaTeX Font Info:    Overwriting math alphabet `\mathit' in version `bold'
(Font)                  OT1/lmss/m/it --> OT1/lmss/bx/it on input line 19.
LaTeX Font Info:    Overwriting math alphabet `\mathtt' in version `bold'
(Font)                  OT1/lmtt/m/n --> OT1/lmtt/bx/n on input line 19.

(/usr/local/texlive/2016/texmf-dist/tex/latex/beamer/translator/dicts/translato
r-basic-dictionary/translator-basic-dictionary-English.dict
Dictionary: translator-basic-dictionary, Language: English 
)
(/usr/local/texlive/2016/texmf-dist/tex/latex/beamer/translator/dicts/translato
r-bibliography-dictionary/translator-bibliography-dictionary-English.dict
Dictionary: translator-bibliography-dictionary, Language: English 
)
(/usr/local/texlive/2016/texmf-dist/tex/latex/beamer/translator/dicts/translato
r-environment-dictionary/translator-environment-dictionary-English.dict
Dictionary: translator-environment-dictionary, Language: English 
)
(/usr/local/texlive/2016/texmf-dist/tex/latex/beamer/translator/dicts/translato
r-months-dictionary/translator-months-dictionary-English.dict
Dictionary: translator-months-dictionary, Language: English 
)
(/usr/local/texlive/2016/texmf-dist/tex/latex/beamer/translator/dicts/translato
r-numbers-dictionary/translator-numbers-dictionary-English.dict
Dictionary: translator-numbers-dictionary, Language: English 
)
(/usr/local/texlive/2016/texmf-dist/tex/latex/beamer/translator/dicts/translato
r-theorem-dictionary/translator-theorem-dictionary-English.dict
Dictionary: translator-theorem-dictionary, Language: English 
)
LaTeX Info: Redefining \includegraphics on input line 19.

ABD: EverySelectfont initializing macros
LaTeX Info: Redefining \selectfont on input line 19.
 (./pca.nav) [1

{/usr/local/texlive/2016/texmf-var/fonts/map/pdftex/updmap/pdftex.map}]
LaTeX Font Info:    Try loading font information for OML+lmm on input line 104.


(/usr/local/texlive/2016/texmf-dist/tex/latex/lm/omllmm.fd
File: omllmm.fd 2009/10/30 v1.6 Font defs for Latin Modern
)
LaTeX Font Info:    Try loading font information for OMS+lmsy on input line 104
.

(/usr/local/texlive/2016/texmf-dist/tex/latex/lm/omslmsy.fd
File: omslmsy.fd 2009/10/30 v1.6 Font defs for Latin Modern
)
LaTeX Font Info:    Try loading font information for OMX+lmex on input line 104
.

(/usr/local/texlive/2016/texmf-dist/tex/latex/lm/omxlmex.fd
File: omxlmex.fd 2009/10/30 v1.6 Font defs for Latin Modern
)
LaTeX Font Info:    External font `lmex10' loaded for size
(Font)              <8> on input line 104.
LaTeX Font Info:    External font `lmex10' loaded for size
(Font)              <6> on input line 104.
LaTeX Font Info:    External font `lmex10' loaded for size
(Font)              <5> on input line 104.
LaTeX Font Info:    Try loading font information for U+msa on input line 104.

(/usr/local/texlive/2016/texmf-dist/tex/latex/amsfonts/umsa.fd
File: umsa.fd 2013/01/14 v3.01 AMS symbols A
)
LaTeX Font Info:    Try loading font information for U+msb on input line 104.

(/usr/local/texlive/2016/texmf-dist/tex/latex/amsfonts/umsb.fd
File: umsb.fd 2013/01/14 v3.01 AMS symbols B
)
LaTeX Font Info:    Font shape `OT1/lmss/m/it' in size <8> not available
(Font)              Font shape `OT1/lmss/m/sl' tried instead on input line 104.

LaTeX Font Info:    Font shape `OT1/lmss/m/it' in size <6> not available
(Font)              Font shape `OT1/lmss/m/sl' tried instead on input line 104.

LaTeX Font Info:    Font shape `OT1/lmss/m/it' in size <5> not available
(Font)              Font shape `OT1/lmss/m/sl' tried instead on input line 104.


<stuff/polygenicA.jpg, id=43, 646.415pt x 241.90375pt>
File: stuff/polygenicA.jpg Graphic file (type jpg)

<use stuff/polygenicA.jpg>
Package pdftex.def Info: stuff/polygenicA.jpg used on input line 104.
(pdftex.def)             Requested size: 151.76744pt x 56.792pt.

<stuff/polygenic.jpg, id=44, 646.415pt x 239.89626pt>
File: stuff/polygenic.jpg Graphic file (type jpg)

<use stuff/polygenic.jpg>
Package pdftex.def Info: stuff/polygenic.jpg used on input line 104.
(pdftex.def)             Requested size: 151.76744pt x 56.32071pt.
LaTeX Font Info:    External font `lmex10' loaded for size
(Font)              <10.95> on input line 104.
LaTeX Font Info:    Font shape `OT1/lmss/m/it' in size <10.95> not available
(Font)              Font shape `OT1/lmss/m/sl' tried instead on input line 104.

LaTeX Font Info:    External font `lmex10' loaded for size
(Font)              <12> on input line 104.
LaTeX Font Info:    Font shape `OT1/lmss/m/it' in size <12> not available
(Font)              Font shape `OT1/lmss/m/sl' tried instead on input line 104.

LaTeX Font Info:    Font shape `OT1/lmss/bx/it' in size <12> not available
(Font)              Font shape `OT1/lmss/bx/sl' tried instead on input line 104
.
LaTeX Font Info:    Font shape `OT1/lmss/bx/it' in size <8> not available
(Font)              Font shape `OT1/lmss/bx/sl' tried instead on input line 104
.
LaTeX Font Info:    Font shape `OT1/lmss/bx/it' in size <6> not available
(Font)              Font shape `OT1/lmss/bx/sl' tried instead on input line 104
.
 [2

 <./stuff/polygenicA.jpg> <./stuff/polygenic.jpg>]
[3

]
LaTeX Font Info:    External font `lmex10' loaded for size
(Font)              <20.74> on input line 245.
LaTeX Font Info:    External font `lmex10' loaded for size
(Font)              <14.4> on input line 245.
LaTeX Font Info:    Font shape `OT1/lmss/m/it' in size <20.74> not available
(Font)              Font shape `OT1/lmss/m/sl' tried instead on input line 245.

LaTeX Font Info:    Font shape `OT1/lmss/m/it' in size <14.4> not available
(Font)              Font shape `OT1/lmss/m/sl' tried instead on input line 245.

LaTeX Font Info:    Font shape `OT1/lmss/bx/it' in size <20.74> not available
(Font)              Font shape `OT1/lmss/bx/sl' tried instead on input line 245
.
LaTeX Font Info:    Font shape `OT1/lmss/bx/it' in size <14.4> not available
(Font)              Font shape `OT1/lmss/bx/sl' tried instead on input line 245
.

Overfull \hbox (31.27252pt too wide) in paragraph at lines 245--245
[]$   [][]$\OT1/lmss/m/n/20.74 :  
 []

LaTeX Font Info:    Font shape `OT1/lmss/bx/it' in size <10.95> not available
(Font)              Font shape `OT1/lmss/bx/sl' tried instead on input line 245
.
[4

]
Overfull \hbox (31.27252pt too wide) in paragraph at lines 245--245
[]$   [][]$\OT1/lmss/m/n/20.74 :  
 []

[5

]
Overfull \hbox (31.27252pt too wide) in paragraph at lines 245--245
[]$   [][]$\OT1/lmss/m/n/20.74 :  
 []

[6

]
Overfull \hbox (31.27252pt too wide) in paragraph at lines 349--349
[]$   [][]$\OT1/lmss/m/n/20.74 :  
 []

[7

] <stuff/covVcor.png, id=214, 373.395pt x 347.2975pt>
File: stuff/covVcor.png Graphic file (type png)

<use stuff/covVcor.png>
Package pdftex.def Info: stuff/covVcor.png used on input line 365.
(pdftex.def)             Requested size: 252.94499pt x 235.26358pt.

Overfull \vbox (1.99045pt too high) detected at line 365
 []

[8

 <./stuff/covVcor.png>]
<stuff/whiteneddata.png, id=242, 382.42876pt x 370.38374pt>
File: stuff/whiteneddata.png Graphic file (type png)

<use stuff/whiteneddata.png>
Package pdftex.def Info: stuff/whiteneddata.png used on input line 382.
(pdftex.def)             Requested size: 144.54pt x 139.98431pt.

<stuff/covariances.png, id=243, 494.84875pt x 480.79625pt>
File: stuff/covariances.png Graphic file (type png)

<use stuff/covariances.png>
Package pdftex.def Info: stuff/covariances.png used on input line 382.
(pdftex.def)             Requested size: 139.11996pt x 135.16492pt.

<stuff/EngMath_Matrix_Affin_Rotate.PNG, id=244, 650.43pt x 234.8775pt>
File: stuff/EngMath_Matrix_Affin_Rotate.PNG Graphic file (type png)

<use stuff/EngMath_Matrix_Affin_Rotate.PNG>
Package pdftex.def Info: stuff/EngMath_Matrix_Affin_Rotate.PNG used on input li
ne 382.
(pdftex.def)             Requested size: 289.07999pt x 104.39293pt.

Overfull \vbox (12.7597pt too high) detected at line 382
 []

[9

 <./stuff/whiteneddata.png> <./stuff/covariances.png> <./stuff/EngMath_Matrix_A
ffin_Rotate.PNG>]
File: stuff/whiteneddata.png Graphic file (type png)
 <use stuff/whiteneddata.png>
Package pdftex.def Info: stuff/whiteneddata.png used on input line 431.
(pdftex.def)             Requested size: 54.2025pt x 52.49199pt.

<stuff/covariances_b.png, id=274, 494.84875pt x 236.885pt>
File: stuff/covariances_b.png Graphic file (type png)

<use stuff/covariances_b.png>
Package pdftex.def Info: stuff/covariances_b.png used on input line 431.
(pdftex.def)             Requested size: 108.405pt x 51.89075pt.

<stuff/covariances_a.png, id=275, 494.84875pt x 236.885pt>
File: stuff/covariances_a.png Graphic file (type png)

<use stuff/covariances_a.png>
Package pdftex.def Info: stuff/covariances_a.png used on input line 431.
(pdftex.def)             Requested size: 108.405pt x 51.89075pt.
LaTeX Font Info:    External font `lmex10' loaded for size
(Font)              <9> on input line 431.
LaTeX Font Info:    Font shape `OT1/lmss/m/it' in size <9> not available
(Font)              Font shape `OT1/lmss/m/sl' tried instead on input line 431.

 [10

 <./stuff/covariances_b.png> <./stuff/covariances_a.png>]
File: stuff/whiteneddata.png Graphic file (type png)
 <use stuff/whiteneddata.png>
Package pdftex.def Info: stuff/whiteneddata.png used on input line 431.
(pdftex.def)             Requested size: 54.2025pt x 52.49199pt.
File: stuff/covariances_b.png Graphic file (type png)
 <use stuff/covariances_b.png>
Package pdftex.def Info: stuff/covariances_b.png used on input line 431.
(pdftex.def)             Requested size: 108.405pt x 51.89075pt.
File: stuff/covariances_a.png Graphic file (type png)

<use stuff/covariances_a.png>
Package pdftex.def Info: stuff/covariances_a.png used on input line 431.
(pdftex.def)             Requested size: 108.405pt x 51.89075pt.
 [11

]
File: stuff/whiteneddata.png Graphic file (type png)
 <use stuff/whiteneddata.png>
Package pdftex.def Info: stuff/whiteneddata.png used on input line 431.
(pdftex.def)             Requested size: 54.2025pt x 52.49199pt.
File: stuff/covariances_b.png Graphic file (type png)

<use stuff/covariances_b.png>
Package pdftex.def Info: stuff/covariances_b.png used on input line 431.
(pdftex.def)             Requested size: 108.405pt x 51.89075pt.
File: stuff/covariances_a.png Graphic file (type png)
 <use stuff/covariances_a.png>
Package pdftex.def Info: stuff/covariances_a.png used on input line 431.
(pdftex.def)             Requested size: 108.405pt x 51.89075pt.
 [12

]
File: stuff/whiteneddata.png Graphic file (type png)

<use stuff/whiteneddata.png>
Package pdftex.def Info: stuff/whiteneddata.png used on input line 486.
(pdftex.def)             Requested size: 54.2025pt x 52.49199pt.

<stuff/eigenvectors.png, id=354, 803.0pt x 384.43625pt>
File: stuff/eigenvectors.png Graphic file (type png)

<use stuff/eigenvectors.png>
Package pdftex.def Info: stuff/eigenvectors.png used on input line 486.
(pdftex.def)             Requested size: 108.405pt x 51.89665pt.

<stuff/eigenvectors_covariance.png, id=355, 803.0pt x 383.4325pt>
File: stuff/eigenvectors_covariance.png Graphic file (type png)

<use stuff/eigenvectors_covariance.png>
Package pdftex.def Info: stuff/eigenvectors_covariance.png used on input line 4
86.
(pdftex.def)             Requested size: 108.405pt x 51.76115pt.
 [13

 <./stuff/eigenvectors.png> <./stuff/eigenvectors_covariance.png>]
<stuff/screep.jpg, id=385, 490.83376pt x 406.51875pt>
File: stuff/screep.jpg Graphic file (type jpg)
 <use stuff/screep.jpg>
Package pdftex.def Info: stuff/screep.jpg used on input line 540.
(pdftex.def)             Requested size: 169.83493pt x 140.65851pt.

Overfull \hbox (8.50963pt too wide) in paragraph at lines 540--540
 [] 
 []

<stuff/eigenvectors_covariance_small.png, id=386, 400.49625pt x 383.4325pt>
File: stuff/eigenvectors_covariance_small.png Graphic file (type png)

<use stuff/eigenvectors_covariance_small.png>
Package pdftex.def Info: stuff/eigenvectors_covariance_small.png used on input 
line 540.
(pdftex.def)             Requested size: 144.54pt x 138.38078pt.

Overfull \vbox (81.3796pt too high) detected at line 540
 []

[14

 <./stuff/screep.jpg> <./stuff/eigenvectors_covariance_small.png>]
<stuff/normalize.jpg, id=413, 650.43pt x 630.355pt>
File: stuff/normalize.jpg Graphic file (type jpg)
 <use stuff/normalize.jpg>
Package pdftex.def Info: stuff/normalize.jpg used on input line 617.
(pdftex.def)             Requested size: 108.405pt x 105.05249pt.
File: stuff/covVcor.png Graphic file (type png)

<use stuff/covVcor.png>
Package pdftex.def Info: stuff/covVcor.png used on input line 617.
(pdftex.def)             Requested size: 126.47249pt x 117.62914pt.
 [15

 <./stuff/normalize.jpg>]
File: stuff/normalize.jpg Graphic file (type jpg)
 <use stuff/normalize.jpg>
Package pdftex.def Info: stuff/normalize.jpg used on input line 617.
(pdftex.def)             Requested size: 108.405pt x 105.05249pt.
File: stuff/covVcor.png Graphic file (type png)

<use stuff/covVcor.png>
Package pdftex.def Info: stuff/covVcor.png used on input line 617.
(pdftex.def)             Requested size: 126.47249pt x 117.62914pt.
 [16

]
File: stuff/normalize.jpg Graphic file (type jpg)
 <use stuff/normalize.jpg>
Package pdftex.def Info: stuff/normalize.jpg used on input line 617.
(pdftex.def)             Requested size: 108.405pt x 105.05249pt.
File: stuff/covVcor.png Graphic file (type png)
 <use stuff/covVcor.png>
Package pdftex.def Info: stuff/covVcor.png used on input line 617.
(pdftex.def)             Requested size: 126.47249pt x 117.62914pt.

[17

] <stuff/dot_product_projection.png, id=490, 184.74019pt x 129.63431pt>
File: stuff/dot_product_projection.png Graphic file (type png)

<use stuff/dot_product_projection.png>
Package pdftex.def Info: stuff/dot_product_projection.png used on input line 64
4.
(pdftex.def)             Requested size: 144.54pt x 101.42686pt.

<stuff/pca_figure1.jpg, id=491, 2244.385pt x 2030.58624pt>
File: stuff/pca_figure1.jpg Graphic file (type jpg)

<use stuff/pca_figure1.jpg>
Package pdftex.def Info: stuff/pca_figure1.jpg used on input line 644.
(pdftex.def)             Requested size: 144.54pt x 130.75337pt.
 [18

 <./stuff/dot_product_projection.png> <./stuff/pca_figure1.jpg>] [19

] [20

] [21

]
<stuff/WgiUk.png, id=595, 513.92pt x 456.70625pt>
File: stuff/WgiUk.png Graphic file (type png)
 <use stuff/WgiUk.png>
Package pdftex.def Info: stuff/WgiUk.png used on input line 700.
(pdftex.def)             Requested size: 234.87749pt x 208.7285pt.
LaTeX Font Info:    External font `lmex10' loaded for size
(Font)              <10> on input line 700.
LaTeX Font Info:    External font `lmex10' loaded for size
(Font)              <7> on input line 700.
LaTeX Font Info:    Font shape `OT1/lmss/m/it' in size <10> not available
(Font)              Font shape `OT1/lmss/m/sl' tried instead on input line 700.

LaTeX Font Info:    Font shape `OT1/lmss/m/it' in size <7> not available
(Font)              Font shape `OT1/lmss/m/sl' tried instead on input line 700.


[22

 <./stuff/WgiUk.png>] <stuff/PCAaa.png, id=622, 776.9025pt x 401.5pt>
File: stuff/PCAaa.png Graphic file (type png)

<use stuff/PCAaa.png>
Package pdftex.def Info: stuff/PCAaa.png used on input line 712.
(pdftex.def)             Requested size: 307.14749pt x 158.73473pt.
 [23

 <./stuff/PCAaa.png>]
<stuff/biplot.png, id=649, 571.13374pt x 581.17125pt>
File: stuff/biplot.png Graphic file (type png)
 <use stuff/biplot.png>
Package pdftex.def Info: stuff/biplot.png used on input line 751.
(pdftex.def)             Requested size: 162.6075pt x 165.46703pt.

Overfull \hbox (39.69344pt too wide) in paragraph at lines 751--751
 [] 
 []

<stuff/biplot2b.png, id=650, 304.63812pt x 326.21875pt>
File: stuff/biplot2b.png Graphic file (type png)

<use stuff/biplot2b.png>
Package pdftex.def Info: stuff/biplot2b.png used on input line 751.
(pdftex.def)             Requested size: 74.438pt x 79.70775pt.
 <stuff/biplot2.png, id=651, 301.125pt x 326.21875pt>
File: stuff/biplot2.png Graphic file (type png)

<use stuff/biplot2.png>
Package pdftex.def Info: stuff/biplot2.png used on input line 751.
(pdftex.def)             Requested size: 74.438pt x 80.63858pt.
 [24

 <./stuff/biplot.png> <./stuff/biplot2b.png> <./stuff/biplot2.png>]
File: stuff/biplot.png Graphic file (type png)
 <use stuff/biplot.png>
Package pdftex.def Info: stuff/biplot.png used on input line 797.
(pdftex.def)             Requested size: 162.6075pt x 165.46703pt.

Overfull \hbox (39.69344pt too wide) in paragraph at lines 797--797
 [] 
 []

File: stuff/biplot2b.png Graphic file (type png)
<use stuff/biplot2b.png>
Package pdftex.def Info: stuff/biplot2b.png used on input line 797.
(pdftex.def)             Requested size: 74.438pt x 79.70775pt.
File: stuff/biplot2.png Graphic file (type png)
 <use stuff/biplot2.png>
Package pdftex.def Info: stuff/biplot2.png used on input line 797.
(pdftex.def)             Requested size: 74.438pt x 80.63858pt.
 [25

]
<stuff/carsBb.jpg, id=707, 877.2775pt x 1036.87375pt>
File: stuff/carsBb.jpg Graphic file (type jpg)
 <use stuff/carsBb.jpg>
Package pdftex.def Info: stuff/carsBb.jpg used on input line 818.
(pdftex.def)             Requested size: 144.54pt x 170.82364pt.

<stuff/carsCb.jpg, id=708, 877.2775pt x 1045.9075pt>
File: stuff/carsCb.jpg Graphic file (type jpg)
 <use stuff/carsCb.jpg>
Package pdftex.def Info: stuff/carsCb.jpg used on input line 818.
(pdftex.def)             Requested size: 143.81769pt x 171.45013pt.

[26

 <./stuff/carsBb.jpg> <./stuff/carsCb.jpg>]
<stuff/carsB.jpg, id=736, 877.2775pt x 1036.87375pt>
File: stuff/carsB.jpg Graphic file (type jpg)
 <use stuff/carsB.jpg>
Package pdftex.def Info: stuff/carsB.jpg used on input line 818.
(pdftex.def)             Requested size: 144.54pt x 170.82364pt.

<stuff/carsC.jpg, id=737, 877.2775pt x 1045.9075pt>
File: stuff/carsC.jpg Graphic file (type jpg)
 <use stuff/carsC.jpg>
Package pdftex.def Info: stuff/carsC.jpg used on input line 818.
(pdftex.def)             Requested size: 143.81769pt x 171.45013pt.

[27

 <./stuff/carsB.jpg> <./stuff/carsC.jpg>]
File: stuff/carsB.jpg Graphic file (type jpg)
 <use stuff/carsB.jpg>
Package pdftex.def Info: stuff/carsB.jpg used on input line 818.
(pdftex.def)             Requested size: 144.54pt x 170.82364pt.
File: stuff/carsC.jpg Graphic file (type jpg)

<use stuff/carsC.jpg>
Package pdftex.def Info: stuff/carsC.jpg used on input line 818.
(pdftex.def)             Requested size: 143.81769pt x 171.45013pt.
 [28

]
<stuff/screeplot.jpg, id=786, 104.23558pt x 49.5119pt>
File: stuff/screeplot.jpg Graphic file (type jpg)

<use stuff/screeplot.jpg>
Package pdftex.def Info: stuff/screeplot.jpg used on input line 870.
(pdftex.def)             Requested size: 122.85876pt x 58.35779pt.
 <stuff/pca2.png, id=787, 605.76312pt x 306.14375pt>
File: stuff/pca2.png Graphic file (type png)

<use stuff/pca2.png>
Package pdftex.def Info: stuff/pca2.png used on input line 870.
(pdftex.def)             Requested size: 252.94499pt x 127.83675pt.
LaTeX Font Info:    Font shape `OT1/lmss/bx/it' in size <9> not available
(Font)              Font shape `OT1/lmss/bx/sl' tried instead on input line 870
.
LaTeX Font Info:    Font shape `OT1/lmss/bx/it' in size <5> not available
(Font)              Font shape `OT1/lmss/bx/sl' tried instead on input line 870
.

Overfull \vbox (5.78258pt too high) detected at line 870
 []

[29

 <./stuff/screeplot.jpg> <./stuff/pca2.png>]
File: stuff/screeplot.jpg Graphic file (type jpg)
 <use stuff/screeplot.jpg>
Package pdftex.def Info: stuff/screeplot.jpg used on input line 870.
(pdftex.def)             Requested size: 122.85876pt x 58.35779pt.
File: stuff/pca2.png Graphic file (type png)

<use stuff/pca2.png>
Package pdftex.def Info: stuff/pca2.png used on input line 870.
(pdftex.def)             Requested size: 252.94499pt x 127.83675pt.

Overfull \vbox (5.78258pt too high) detected at line 870
 []

[30

]
File: stuff/screeplot.jpg Graphic file (type jpg)
 <use stuff/screeplot.jpg>
Package pdftex.def Info: stuff/screeplot.jpg used on input line 870.
(pdftex.def)             Requested size: 122.85876pt x 58.35779pt.
File: stuff/pca2.png Graphic file (type png)
 <use stuff/pca2.png>
Package pdftex.def Info: stuff/pca2.png used on input line 870.
(pdftex.def)             Requested size: 252.94499pt x 127.83675pt.

Overfull \vbox (5.78258pt too high) detected at line 870
 []

[31

]
File: stuff/screeplot.jpg Graphic file (type jpg)
 <use stuff/screeplot.jpg>
Package pdftex.def Info: stuff/screeplot.jpg used on input line 870.
(pdftex.def)             Requested size: 122.85876pt x 58.35779pt.
File: stuff/pca2.png Graphic file (type png)
 <use stuff/pca2.png>
Package pdftex.def Info: stuff/pca2.png used on input line 870.
(pdftex.def)             Requested size: 252.94499pt x 127.83675pt.

Overfull \vbox (5.78258pt too high) detected at line 870
 []

[32

] [33

] [34

] <stuff/mnist1.jpg, id=944, 953.5625pt x 540.0175pt>
File: stuff/mnist1.jpg Graphic file (type jpg)

<use stuff/mnist1.jpg>
Package pdftex.def Info: stuff/mnist1.jpg used on input line 960.
(pdftex.def)             Requested size: 108.405pt x 61.38794pt.

Overfull \hbox (0.85167pt too wide) in paragraph at lines 960--960
[][]  
 []

<stuff/mnist2.jpg, id=945, 987.69pt x 642.4pt>
File: stuff/mnist2.jpg Graphic file (type jpg)
 <use stuff/mnist2.jpg>
Package pdftex.def Info: stuff/mnist2.jpg used on input line 960.
(pdftex.def)             Requested size: 115.63243pt x 75.20264pt.

Overfull \hbox (0.85167pt too wide) in paragraph at lines 960--960
[]| [][]  
 []

<stuff/mnist3.jpg, id=946, 1539.7525pt x 309.155pt>
File: stuff/mnist3.jpg Graphic file (type jpg)
 <use stuff/mnist3.jpg>
Package pdftex.def Info: stuff/mnist3.jpg used on input line 960.
(pdftex.def)             Requested size: 108.405pt x 21.7657pt.

Overfull \hbox (0.85167pt too wide) in paragraph at lines 960--960
[][][]  
 []

<stuff/mnist4.jpg, id=947, 1242.6425pt x 768.8725pt>
File: stuff/mnist4.jpg Graphic file (type jpg)
 <use stuff/mnist4.jpg>
Package pdftex.def Info: stuff/mnist4.jpg used on input line 960.
(pdftex.def)             Requested size: 108.405pt x 67.07204pt.

Overfull \hbox (0.85167pt too wide) in paragraph at lines 960--960
[][][]  
 []

<stuff/faces1.jpg, id=948, 1126.2075pt x 745.78625pt>
File: stuff/faces1.jpg Graphic file (type jpg)
 <use stuff/faces1.jpg>
Package pdftex.def Info: stuff/faces1.jpg used on input line 960.
(pdftex.def)             Requested size: 160.43948pt x 106.2415pt.

<stuff/faces2.jpg, id=949, 993.7125pt x 754.82pt>
File: stuff/faces2.jpg Graphic file (type jpg)
 <use stuff/faces2.jpg>
Package pdftex.def Info: stuff/faces2.jpg used on input line 960.
(pdftex.def)             Requested size: 160.43948pt x 121.86784pt.

Overfull \hbox (4.5562pt too wide) detected at line 960
[][][] $[]$[][][][][][][][] $[]$[][][][][][][][] $[]$[][][][][][][][] $[]$[][][
][][][] 
 []

[35

 <./stuff/mnist1.jpg> <./stuff/mnist2.jpg> <./stuff/mnist3.jpg> <./stuff/mnist4
.jpg> <./stuff/faces1.jpg> <./stuff/faces2.jpg>]
File: stuff/mnist1.jpg Graphic file (type jpg)
 <use stuff/mnist1.jpg>
Package pdftex.def Info: stuff/mnist1.jpg used on input line 960.
(pdftex.def)             Requested size: 108.405pt x 61.38794pt.

Overfull \hbox (0.85167pt too wide) in paragraph at lines 960--960
[][]  
 []

File: stuff/mnist2.jpg Graphic file (type jpg)
<use stuff/mnist2.jpg>
Package pdftex.def Info: stuff/mnist2.jpg used on input line 960.
(pdftex.def)             Requested size: 115.63243pt x 75.20264pt.

Overfull \hbox (0.85167pt too wide) in paragraph at lines 960--960
[]| [][][]  
 []

File: stuff/mnist3.jpg Graphic file (type jpg)
<use stuff/mnist3.jpg>
Package pdftex.def Info: stuff/mnist3.jpg used on input line 960.
(pdftex.def)             Requested size: 108.405pt x 21.7657pt.

Overfull \hbox (0.85167pt too wide) in paragraph at lines 960--960
[][][]  
 []

File: stuff/mnist4.jpg Graphic file (type jpg)
<use stuff/mnist4.jpg>
Package pdftex.def Info: stuff/mnist4.jpg used on input line 960.
(pdftex.def)             Requested size: 108.405pt x 67.07204pt.

Overfull \hbox (0.85167pt too wide) in paragraph at lines 960--960
[][][]  
 []

File: stuff/faces1.jpg Graphic file (type jpg)
<use stuff/faces1.jpg>
Package pdftex.def Info: stuff/faces1.jpg used on input line 960.
(pdftex.def)             Requested size: 160.43948pt x 106.2415pt.
File: stuff/faces2.jpg Graphic file (type jpg)
 <use stuff/faces2.jpg>
Package pdftex.def Info: stuff/faces2.jpg used on input line 960.
(pdftex.def)             Requested size: 160.43948pt x 121.86784pt.

Overfull \hbox (4.5562pt too wide) detected at line 960
[][][] $[]$[][][][][][][][] $[]$[][][][][][][][] $[]$[][][][][][][][] $[]$[][][
][][][] 
 []

[36

]
File: stuff/mnist1.jpg Graphic file (type jpg)
 <use stuff/mnist1.jpg>
Package pdftex.def Info: stuff/mnist1.jpg used on input line 960.
(pdftex.def)             Requested size: 108.405pt x 61.38794pt.

Overfull \hbox (0.85167pt too wide) in paragraph at lines 960--960
[][]  
 []

File: stuff/mnist2.jpg Graphic file (type jpg)
<use stuff/mnist2.jpg>
Package pdftex.def Info: stuff/mnist2.jpg used on input line 960.
(pdftex.def)             Requested size: 115.63243pt x 75.20264pt.

Overfull \hbox (0.85167pt too wide) in paragraph at lines 960--960
[]| [][][]  
 []

File: stuff/mnist3.jpg Graphic file (type jpg)
<use stuff/mnist3.jpg>
Package pdftex.def Info: stuff/mnist3.jpg used on input line 960.
(pdftex.def)             Requested size: 108.405pt x 21.7657pt.

Overfull \hbox (0.85167pt too wide) in paragraph at lines 960--960
[][][][]  
 []

File: stuff/mnist4.jpg Graphic file (type jpg)
<use stuff/mnist4.jpg>
Package pdftex.def Info: stuff/mnist4.jpg used on input line 960.
(pdftex.def)             Requested size: 108.405pt x 67.07204pt.

Overfull \hbox (0.85167pt too wide) in paragraph at lines 960--960
[][][]  
 []

File: stuff/faces1.jpg Graphic file (type jpg)
<use stuff/faces1.jpg>
Package pdftex.def Info: stuff/faces1.jpg used on input line 960.
(pdftex.def)             Requested size: 160.43948pt x 106.2415pt.
File: stuff/faces2.jpg Graphic file (type jpg)
 <use stuff/faces2.jpg>
Package pdftex.def Info: stuff/faces2.jpg used on input line 960.
(pdftex.def)             Requested size: 160.43948pt x 121.86784pt.

Overfull \hbox (4.5562pt too wide) detected at line 960
[][][] $[]$[][][][][][][][] $[]$[][][][][][][][] $[]$[][][][][][][][] $[]$[][][
][][][] 
 []

[37

]
File: stuff/mnist1.jpg Graphic file (type jpg)
 <use stuff/mnist1.jpg>
Package pdftex.def Info: stuff/mnist1.jpg used on input line 960.
(pdftex.def)             Requested size: 108.405pt x 61.38794pt.

Overfull \hbox (0.85167pt too wide) in paragraph at lines 960--960
[][]  
 []

File: stuff/mnist2.jpg Graphic file (type jpg)
<use stuff/mnist2.jpg>
Package pdftex.def Info: stuff/mnist2.jpg used on input line 960.
(pdftex.def)             Requested size: 115.63243pt x 75.20264pt.

Overfull \hbox (0.85167pt too wide) in paragraph at lines 960--960
[]| [][][]  
 []

File: stuff/mnist3.jpg Graphic file (type jpg)
<use stuff/mnist3.jpg>
Package pdftex.def Info: stuff/mnist3.jpg used on input line 960.
(pdftex.def)             Requested size: 108.405pt x 21.7657pt.

Overfull \hbox (0.85167pt too wide) in paragraph at lines 960--960
[][][][]  
 []

File: stuff/mnist4.jpg Graphic file (type jpg)
<use stuff/mnist4.jpg>
Package pdftex.def Info: stuff/mnist4.jpg used on input line 960.
(pdftex.def)             Requested size: 108.405pt x 67.07204pt.

Overfull \hbox (0.85167pt too wide) in paragraph at lines 960--960
[][][][]  
 []

File: stuff/faces1.jpg Graphic file (type jpg)
<use stuff/faces1.jpg>
Package pdftex.def Info: stuff/faces1.jpg used on input line 960.
(pdftex.def)             Requested size: 160.43948pt x 106.2415pt.
File: stuff/faces2.jpg Graphic file (type jpg)
 <use stuff/faces2.jpg>
Package pdftex.def Info: stuff/faces2.jpg used on input line 960.
(pdftex.def)             Requested size: 160.43948pt x 121.86784pt.

Overfull \hbox (4.5562pt too wide) detected at line 960
[][][] $[]$[][][][][][][][] $[]$[][][][][][][][] $[]$[][][][][][][][] $[]$[][][
][][][] 
 []

[38

]
File: stuff/mnist1.jpg Graphic file (type jpg)
 <use stuff/mnist1.jpg>
Package pdftex.def Info: stuff/mnist1.jpg used on input line 960.
(pdftex.def)             Requested size: 108.405pt x 61.38794pt.

Overfull \hbox (0.85167pt too wide) in paragraph at lines 960--960
[][]  
 []

File: stuff/mnist2.jpg Graphic file (type jpg)
<use stuff/mnist2.jpg>
Package pdftex.def Info: stuff/mnist2.jpg used on input line 960.
(pdftex.def)             Requested size: 115.63243pt x 75.20264pt.

Overfull \hbox (0.85167pt too wide) in paragraph at lines 960--960
[]| [][][]  
 []

File: stuff/mnist3.jpg Graphic file (type jpg)
<use stuff/mnist3.jpg>
Package pdftex.def Info: stuff/mnist3.jpg used on input line 960.
(pdftex.def)             Requested size: 108.405pt x 21.7657pt.

Overfull \hbox (0.85167pt too wide) in paragraph at lines 960--960
[][][][]  
 []

File: stuff/mnist4.jpg Graphic file (type jpg)
<use stuff/mnist4.jpg>
Package pdftex.def Info: stuff/mnist4.jpg used on input line 960.
(pdftex.def)             Requested size: 108.405pt x 67.07204pt.

Overfull \hbox (0.85167pt too wide) in paragraph at lines 960--960
[][][][]  
 []

File: stuff/faces1.jpg Graphic file (type jpg)
<use stuff/faces1.jpg>
Package pdftex.def Info: stuff/faces1.jpg used on input line 960.
(pdftex.def)             Requested size: 160.43948pt x 106.2415pt.
File: stuff/faces2.jpg Graphic file (type jpg)
 <use stuff/faces2.jpg>
Package pdftex.def Info: stuff/faces2.jpg used on input line 960.
(pdftex.def)             Requested size: 160.43948pt x 121.86784pt.

Overfull \hbox (4.5562pt too wide) detected at line 960
[][][] $[]$[][][][][][][][] $[]$[][][][][][][][] $[]$[][][][][][][][] $[]$[][][
][][][] 
 []

[39

]
File: stuff/mnist1.jpg Graphic file (type jpg)
 <use stuff/mnist1.jpg>
Package pdftex.def Info: stuff/mnist1.jpg used on input line 960.
(pdftex.def)             Requested size: 108.405pt x 61.38794pt.

Overfull \hbox (0.85167pt too wide) in paragraph at lines 960--960
[][]  
 []

File: stuff/mnist2.jpg Graphic file (type jpg)
<use stuff/mnist2.jpg>
Package pdftex.def Info: stuff/mnist2.jpg used on input line 960.
(pdftex.def)             Requested size: 115.63243pt x 75.20264pt.

Overfull \hbox (0.85167pt too wide) in paragraph at lines 960--960
[]| [][][]  
 []

File: stuff/mnist3.jpg Graphic file (type jpg)
<use stuff/mnist3.jpg>
Package pdftex.def Info: stuff/mnist3.jpg used on input line 960.
(pdftex.def)             Requested size: 108.405pt x 21.7657pt.

Overfull \hbox (0.85167pt too wide) in paragraph at lines 960--960
[][][][]  
 []

File: stuff/mnist4.jpg Graphic file (type jpg)
<use stuff/mnist4.jpg>
Package pdftex.def Info: stuff/mnist4.jpg used on input line 960.
(pdftex.def)             Requested size: 108.405pt x 67.07204pt.

Overfull \hbox (0.85167pt too wide) in paragraph at lines 960--960
[][][][]  
 []

File: stuff/faces1.jpg Graphic file (type jpg)
<use stuff/faces1.jpg>
Package pdftex.def Info: stuff/faces1.jpg used on input line 960.
(pdftex.def)             Requested size: 160.43948pt x 106.2415pt.
File: stuff/faces2.jpg Graphic file (type jpg)
 <use stuff/faces2.jpg>
Package pdftex.def Info: stuff/faces2.jpg used on input line 960.
(pdftex.def)             Requested size: 160.43948pt x 121.86784pt.

Overfull \hbox (4.5562pt too wide) detected at line 960
[][][] $[]$[][][][][][][][] $[]$[][][][][][][][] $[]$[][][][][][][][] $[]$[][][
][][][] 
 []

[40

] <stuff/dna_pca.jpg, id=1102, 751.80875pt x 653.44125pt>
File: stuff/dna_pca.jpg Graphic file (type jpg)

<use stuff/dna_pca.jpg>
Package pdftex.def Info: stuff/dna_pca.jpg used on input line 974.
(pdftex.def)             Requested size: 234.87749pt x 204.14006pt.
 [41

 <./stuff/dna_pca.jpg>]
<stuff/stepWIZE.jpg, id=1128, 1690.315pt x 409.53pt>
File: stuff/stepWIZE.jpg Graphic file (type jpg)
 <use stuff/stepWIZE.jpg>
Package pdftex.def Info: stuff/stepWIZE.jpg used on input line 1025.
(pdftex.def)             Requested size: 162.6075pt x 39.39316pt.

<stuff/ridge_pca.jpg, id=1129, 1820.8025pt x 752.8125pt>
File: stuff/ridge_pca.jpg Graphic file (type jpg)

<use stuff/ridge_pca.jpg>
Package pdftex.def Info: stuff/ridge_pca.jpg used on input line 1025.
(pdftex.def)             Requested size: 162.6075pt x 67.22179pt.
 [42

 <./stuff/stepWIZE.jpg> <./stuff/ridge_pca.jpg>]
File: stuff/stepWIZE.jpg Graphic file (type jpg)

<use stuff/stepWIZE.jpg>
Package pdftex.def Info: stuff/stepWIZE.jpg used on input line 1025.
(pdftex.def)             Requested size: 162.6075pt x 39.39316pt.
File: stuff/ridge_pca.jpg Graphic file (type jpg)
 <use stuff/ridge_pca.jpg>
Package pdftex.def Info: stuff/ridge_pca.jpg used on input line 1025.
(pdftex.def)             Requested size: 162.6075pt x 67.22179pt.
 [43

]
File: stuff/stepWIZE.jpg Graphic file (type jpg)

<use stuff/stepWIZE.jpg>
Package pdftex.def Info: stuff/stepWIZE.jpg used on input line 1025.
(pdftex.def)             Requested size: 162.6075pt x 39.39316pt.
File: stuff/ridge_pca.jpg Graphic file (type jpg)
 <use stuff/ridge_pca.jpg>
Package pdftex.def Info: stuff/ridge_pca.jpg used on input line 1025.
(pdftex.def)             Requested size: 162.6075pt x 67.22179pt.
 [44

]
File: stuff/stepWIZE.jpg Graphic file (type jpg)

<use stuff/stepWIZE.jpg>
Package pdftex.def Info: stuff/stepWIZE.jpg used on input line 1025.
(pdftex.def)             Requested size: 162.6075pt x 39.39316pt.
File: stuff/ridge_pca.jpg Graphic file (type jpg)
 <use stuff/ridge_pca.jpg>
Package pdftex.def Info: stuff/ridge_pca.jpg used on input line 1025.
(pdftex.def)             Requested size: 162.6075pt x 67.22179pt.

<stuff/nn_flow.jpg, id=1209, 1672.2475pt x 845.1575pt>
File: stuff/nn_flow.jpg Graphic file (type jpg)
 <use stuff/nn_flow.jpg>
Package pdftex.def Info: stuff/nn_flow.jpg used on input line 1025.
(pdftex.def)             Requested size: 150.13855pt x 75.88371pt.

[45

 <./stuff/nn_flow.jpg>]
File: stuff/stepWIZE.jpg Graphic file (type jpg)
 <use stuff/stepWIZE.jpg>
Package pdftex.def Info: stuff/stepWIZE.jpg used on input line 1025.
(pdftex.def)             Requested size: 162.6075pt x 39.39316pt.
File: stuff/ridge_pca.jpg Graphic file (type jpg)
 <use stuff/ridge_pca.jpg>
Package pdftex.def Info: stuff/ridge_pca.jpg used on input line 1025.
(pdftex.def)             Requested size: 162.6075pt x 67.22179pt.

<stuff/autoencoder.jpg, id=1235, 1228.59pt x 869.2475pt>
File: stuff/autoencoder.jpg Graphic file (type jpg)

<use stuff/autoencoder.jpg>
Package pdftex.def Info: stuff/autoencoder.jpg used on input line 1025.
(pdftex.def)             Requested size: 132.78322pt x 93.95122pt.
 [46

 <./stuff/autoencoder.jpg>]
File: stuff/stepWIZE.jpg Graphic file (type jpg)

<use stuff/stepWIZE.jpg>
Package pdftex.def Info: stuff/stepWIZE.jpg used on input line 1025.
(pdftex.def)             Requested size: 162.6075pt x 39.39316pt.
File: stuff/ridge_pca.jpg Graphic file (type jpg)
 <use stuff/ridge_pca.jpg>
Package pdftex.def Info: stuff/ridge_pca.jpg used on input line 1025.
(pdftex.def)             Requested size: 162.6075pt x 67.22179pt.
File: stuff/nn_flow.jpg Graphic file (type jpg)
 <use stuff/nn_flow.jpg>
Package pdftex.def Info: stuff/nn_flow.jpg used on input line 1025.
(pdftex.def)             Requested size: 150.13855pt x 75.88371pt.

[47

]
File: stuff/stepWIZE.jpg Graphic file (type jpg)
 <use stuff/stepWIZE.jpg>
Package pdftex.def Info: stuff/stepWIZE.jpg used on input line 1025.
(pdftex.def)             Requested size: 162.6075pt x 39.39316pt.
File: stuff/ridge_pca.jpg Graphic file (type jpg)
 <use stuff/ridge_pca.jpg>
Package pdftex.def Info: stuff/ridge_pca.jpg used on input line 1025.
(pdftex.def)             Requested size: 162.6075pt x 67.22179pt.
File: stuff/nn_flow.jpg Graphic file (type jpg)

<use stuff/nn_flow.jpg>
Package pdftex.def Info: stuff/nn_flow.jpg used on input line 1025.
(pdftex.def)             Requested size: 150.13855pt x 75.88371pt.
 [48

] <stuff/svd.png, id=1310, 439.6425pt x 172.645pt>
File: stuff/svd.png Graphic file (type png)

<use stuff/svd.png>
Package pdftex.def Info: stuff/svd.png used on input line 1051.
(pdftex.def)             Requested size: 289.07999pt x 113.52191pt.

Overfull \vbox (0.30534pt too high) detected at line 1051
 []

[49

 <./stuff/svd.png>]
File: stuff/svd.png Graphic file (type png)
 <use stuff/svd.png>
Package pdftex.def Info: stuff/svd.png used on input line 1078.
(pdftex.def)             Requested size: 289.07999pt x 113.52191pt.
 [50

]
File: stuff/svd.png Graphic file (type png)
 <use stuff/svd.png>
Package pdftex.def Info: stuff/svd.png used on input line 1078.
(pdftex.def)             Requested size: 289.07999pt x 113.52191pt.
 [51

]
File: stuff/svd.png Graphic file (type png)

<use stuff/svd.png>
Package pdftex.def Info: stuff/svd.png used on input line 1098.
(pdftex.def)             Requested size: 289.07999pt x 113.52191pt.
 [52

]
Overfull \vbox (21.12582pt too high) detected at line 1129
 []

[53

] [54

] [55

] <stuff/Q0tvQ.png, id=1492, 578.16pt x 399.6531pt>
File: stuff/Q0tvQ.png Graphic file (type png)

<use stuff/Q0tvQ.png>
Package pdftex.def Info: stuff/Q0tvQ.png used on input line 1212.
(pdftex.def)             Requested size: 162.6075pt x 112.40215pt.

Overfull \hbox (8.96257pt too wide) in paragraph at lines 1212--1212
 [] 
 []

<stuff/sphx_glr_plot_ica_vs_pca_thumb.png, id=1493, 382.42876pt x 281.05pt>
File: stuff/sphx_glr_plot_ica_vs_pca_thumb.png Graphic file (type png)

<use stuff/sphx_glr_plot_ica_vs_pca_thumb.png>
Package pdftex.def Info: stuff/sphx_glr_plot_ica_vs_pca_thumb.png used on input
 line 1212.
(pdftex.def)             Requested size: 166.2212pt x 122.15712pt.

Overfull \hbox (12.57628pt too wide) in paragraph at lines 1212--1212
 [][] 
 []

[56

 <./stuff/Q0tvQ.png> <./stuff/sphx_glr_plot_ica_vs_pca_thumb.png>]
Overfull \vbox (6.72687pt too high) detected at line 1233
 []

[57

] [58

]
Overfull \hbox (29.53587pt too wide) detected at line 1292
[]  []  []  []
 []

[59

] <stuff/pythag2d.png, id=1596, 421.575pt x 461.725pt>
File: stuff/pythag2d.png Graphic file (type png)

<use stuff/pythag2d.png>
Package pdftex.def Info: stuff/pythag2d.png used on input line 1322.
(pdftex.def)             Requested size: 144.54pt x 158.30894pt.
 <stuff/pythag3d.jpg, id=1597, 329.23pt x 327.2225pt>
File: stuff/pythag3d.jpg Graphic file (type jpg)

<use stuff/pythag3d.jpg>
Package pdftex.def Info: stuff/pythag3d.jpg used on input line 1322.
(pdftex.def)             Requested size: 144.54pt x 143.65878pt.
 [60

 <./stuff/pythag2d.png> <./stuff/pythag3d.jpg>]
\tf@nav=\write6
\openout6 = `pca.nav'.

\tf@toc=\write7
\openout7 = `pca.toc'.

\tf@snm=\write8
\openout8 = `pca.snm'.

Package atveryend Info: Empty hook `BeforeClearDocument' on input line 1329.
Package atveryend Info: Empty hook `AfterLastShipout' on input line 1329.

(./pca.aux)
Package atveryend Info: Executing hook `AtVeryEndDocument' on input line 1329.
Package atveryend Info: Executing hook `AtEndAfterFileList' on input line 1329.

Package rerunfilecheck Info: File `pca.out' has not changed.
(rerunfilecheck)             Checksum: D41D8CD98F00B204E9800998ECF8427E;0.
Package atveryend Info: Empty hook `AtVeryVeryEnd' on input line 1329.
 ) 
Here is how much of TeX's memory you used:
 17347 strings out of 493014
 332331 string characters out of 6133351
 423028 words of memory out of 5000000
 20294 multiletter control sequences out of 15000+600000
 127153 words of font info for 112 fonts, out of 8000000 for 9000
 1141 hyphenation exceptions out of 8191
 56i,14n,55p,573b,645s stack positions out of 5000i,500n,10000p,200000b,80000s
{/usr/local/texlive/2016/texmf-dist/fonts/enc/dvips/lm/lm-mathsy.enc}{/usr/lo
cal/texlive/2016/texmf-dist/fonts/enc/dvips/lm/lm-mathit.enc}{/usr/local/texliv
e/2016/texmf-dist/fonts/enc/dvips/lm/lm-rm.enc}{/usr/local/texlive/2016/texmf-d
ist/fonts/enc/dvips/lm/lm-mathex.enc}</usr/local/texlive/2016/texmf-dist/fonts/
type1/public/lm/lmex10.pfb></usr/local/texlive/2016/texmf-dist/fonts/type1/publ
ic/lm/lmmi10.pfb></usr/local/texlive/2016/texmf-dist/fonts/type1/public/lm/lmmi
6.pfb></usr/local/texlive/2016/texmf-dist/fonts/type1/public/lm/lmmi8.pfb></usr
/local/texlive/2016/texmf-dist/fonts/type1/public/lm/lmmi9.pfb></usr/local/texl
ive/2016/texmf-dist/fonts/type1/public/lm/lmss10.pfb></usr/local/texlive/2016/t
exmf-dist/fonts/type1/public/lm/lmss12.pfb></usr/local/texlive/2016/texmf-dist/
fonts/type1/public/lm/lmss17.pfb></usr/local/texlive/2016/texmf-dist/fonts/type
1/public/lm/lmss8.pfb></usr/local/texlive/2016/texmf-dist/fonts/type1/public/lm
/lmss9.pfb></usr/local/texlive/2016/texmf-dist/fonts/type1/public/lm/lmssbo10.p
fb></usr/local/texlive/2016/texmf-dist/fonts/type1/public/lm/lmssbx10.pfb></usr
/local/texlive/2016/texmf-dist/fonts/type1/public/lm/lmsso10.pfb></usr/local/te
xlive/2016/texmf-dist/fonts/type1/public/lm/lmsso12.pfb></usr/local/texlive/201
6/texmf-dist/fonts/type1/public/lm/lmsso8.pfb></usr/local/texlive/2016/texmf-di
st/fonts/type1/public/lm/lmsso9.pfb></usr/local/texlive/2016/texmf-dist/fonts/t
ype1/public/lm/lmsy10.pfb></usr/local/texlive/2016/texmf-dist/fonts/type1/publi
c/lm/lmsy5.pfb></usr/local/texlive/2016/texmf-dist/fonts/type1/public/lm/lmsy6.
pfb></usr/local/texlive/2016/texmf-dist/fonts/type1/public/lm/lmsy8.pfb></usr/l
ocal/texlive/2016/texmf-dist/fonts/type1/public/lm/lmsy9.pfb></usr/local/texliv
e/2016/texmf-dist/fonts/type1/public/amsfonts/symbols/msam10.pfb></usr/local/te
xlive/2016/texmf-dist/fonts/type1/public/amsfonts/symbols/msam7.pfb>
Output written on pca.pdf (60 pages, 7405126 bytes).
PDF statistics:
 1729 PDF objects out of 2073 (max. 8388607)
 1560 compressed objects within 16 object streams
 121 named destinations out of 1000 (max. 500000)
 253 words of extra memory for PDF output out of 10000 (max. 10000000)

