This is pdfTeX, Version 3.14159265-2.6-1.40.17 (TeX Live 2016) (preloaded format=pdflatex 2016.5.22)  2 AUG 2017 11:07
entering extended mode
 restricted \write18 enabled.
 file:line:error style messages enabled.
 %&-line parsing enabled.
**bNrf.tex
(./bNrf.tex
LaTeX2e <2016/03/31>
Babel <3.9r> and hyphenation patterns for 83 language(s) loaded.
(/usr/local/texlive/2016/texmf-dist/tex/latex/beamer/beamer.cls
(/usr/local/texlive/2016/texmf-dist/tex/latex/beamer/beamerbasercs.sty
Package: beamerbasercs 2015/03/08 (rcs-revision 368aa9ba9d38)
)
Document Class: beamer 2015/01/05 3.36 A class for typesetting presentations (r
cs-revision 8a39122e1f63)
(/usr/local/texlive/2016/texmf-dist/tex/latex/beamer/beamerbasemodes.sty
Package: beamerbasemodes 2013/09/03 (rcs-revision 768f2d98ca64)
\beamer@tempbox=\box26
\beamer@tempcount=\count79
\c@beamerpauses=\count80

(/usr/local/texlive/2016/texmf-dist/tex/latex/beamer/beamerbasedecode.sty
Package: beamerbasedecode 2010/05/01 (rcs-revision efa082c6111d)
\beamer@slideinframe=\count81
\beamer@minimum=\count82
)
\beamer@commentbox=\box27
\beamer@modecount=\count83
)
(/usr/local/texlive/2016/texmf-dist/tex/generic/oberdiek/ifpdf.sty
Package: ifpdf 2016/05/14 v3.1 Provides the ifpdf switch
)
\headheight=\dimen102
\headdp=\dimen103
\footheight=\dimen104
\sidebarheight=\dimen105
\beamer@tempdim=\dimen106
\beamer@finalheight=\dimen107
\beamer@animht=\dimen108
\beamer@animdp=\dimen109
\beamer@animwd=\dimen110
\beamer@leftmargin=\dimen111
\beamer@rightmargin=\dimen112
\beamer@leftsidebar=\dimen113
\beamer@rightsidebar=\dimen114
\beamer@boxsize=\dimen115
\beamer@vboxoffset=\dimen116
\beamer@descdefault=\dimen117
\beamer@descriptionwidth=\dimen118
\beamer@lastskip=\skip41
\beamer@areabox=\box28
\beamer@animcurrent=\box29
\beamer@animshowbox=\box30
\beamer@sectionbox=\box31
\beamer@logobox=\box32
\beamer@linebox=\box33
\beamer@sectioncount=\count84
\beamer@subsubsectionmax=\count85
\beamer@subsectionmax=\count86
\beamer@sectionmax=\count87
\beamer@totalheads=\count88
\beamer@headcounter=\count89
\beamer@partstartpage=\count90
\beamer@sectionstartpage=\count91
\beamer@subsectionstartpage=\count92
\beamer@animationtempa=\count93
\beamer@animationtempb=\count94
\beamer@xpos=\count95
\beamer@ypos=\count96
\beamer@showpartnumber=\count97
\beamer@currentsubsection=\count98
\beamer@coveringdepth=\count99
\beamer@sectionadjust=\count100
\beamer@tocsectionnumber=\count101

(/usr/local/texlive/2016/texmf-dist/tex/latex/beamer/beamerbaseoptions.sty
Package: beamerbaseoptions 2013/03/10 (rcs-revision 47431932db0d)

(/usr/local/texlive/2016/texmf-dist/tex/latex/graphics/keyval.sty
Package: keyval 2014/10/28 v1.15 key=value parser (DPC)
\KV@toks@=\toks14
))
\beamer@paperwidth=\skip42
\beamer@paperheight=\skip43

(/usr/local/texlive/2016/texmf-dist/tex/latex/geometry/geometry.sty
Package: geometry 2010/09/12 v5.6 Page Geometry

(/usr/local/texlive/2016/texmf-dist/tex/generic/oberdiek/ifvtex.sty
Package: ifvtex 2016/05/16 v1.6 Detect VTeX and its facilities (HO)
Package ifvtex Info: VTeX not detected.
)
(/usr/local/texlive/2016/texmf-dist/tex/generic/ifxetex/ifxetex.sty
Package: ifxetex 2010/09/12 v0.6 Provides ifxetex conditional
)
\Gm@cnth=\count102
\Gm@cntv=\count103
\c@Gm@tempcnt=\count104
\Gm@bindingoffset=\dimen119
\Gm@wd@mp=\dimen120
\Gm@odd@mp=\dimen121
\Gm@even@mp=\dimen122
\Gm@layoutwidth=\dimen123
\Gm@layoutheight=\dimen124
\Gm@layouthoffset=\dimen125
\Gm@layoutvoffset=\dimen126
\Gm@dimlist=\toks15
)
(/usr/local/texlive/2016/texmf-dist/tex/latex/base/size11.clo
File: size11.clo 2014/09/29 v1.4h Standard LaTeX file (size option)
)
(/usr/local/texlive/2016/texmf-dist/tex/latex/pgf/basiclayer/pgfcore.sty
(/usr/local/texlive/2016/texmf-dist/tex/latex/graphics/graphicx.sty
Package: graphicx 2014/10/28 v1.0g Enhanced LaTeX Graphics (DPC,SPQR)

(/usr/local/texlive/2016/texmf-dist/tex/latex/graphics/graphics.sty
Package: graphics 2016/05/09 v1.0r Standard LaTeX Graphics (DPC,SPQR)

(/usr/local/texlive/2016/texmf-dist/tex/latex/graphics/trig.sty
Package: trig 2016/01/03 v1.10 sin cos tan (DPC)
)
(/usr/local/texlive/2016/texmf-dist/tex/latex/graphics-cfg/graphics.cfg
File: graphics.cfg 2016/01/02 v1.10 sample graphics configuration
)
Package graphics Info: Driver file: pdftex.def on input line 96.

(/usr/local/texlive/2016/texmf-dist/tex/latex/pdftex-def/pdftex.def
File: pdftex.def 2011/05/27 v0.06d Graphics/color for pdfTeX

(/usr/local/texlive/2016/texmf-dist/tex/generic/oberdiek/infwarerr.sty
Package: infwarerr 2016/05/16 v1.4 Providing info/warning/error messages (HO)
)
(/usr/local/texlive/2016/texmf-dist/tex/generic/oberdiek/ltxcmds.sty
Package: ltxcmds 2016/05/16 v1.23 LaTeX kernel commands for general use (HO)
)
\Gread@gobject=\count105
))
\Gin@req@height=\dimen127
\Gin@req@width=\dimen128
)
(/usr/local/texlive/2016/texmf-dist/tex/latex/pgf/systemlayer/pgfsys.sty
(/usr/local/texlive/2016/texmf-dist/tex/latex/pgf/utilities/pgfrcs.sty
(/usr/local/texlive/2016/texmf-dist/tex/generic/pgf/utilities/pgfutil-common.te
x
\pgfutil@everybye=\toks16
\pgfutil@tempdima=\dimen129
\pgfutil@tempdimb=\dimen130

(/usr/local/texlive/2016/texmf-dist/tex/generic/pgf/utilities/pgfutil-common-li
sts.tex))
(/usr/local/texlive/2016/texmf-dist/tex/generic/pgf/utilities/pgfutil-latex.def
\pgfutil@abb=\box34
(/usr/local/texlive/2016/texmf-dist/tex/latex/ms/everyshi.sty
Package: everyshi 2001/05/15 v3.00 EveryShipout Package (MS)
))
(/usr/local/texlive/2016/texmf-dist/tex/generic/pgf/utilities/pgfrcs.code.tex
Package: pgfrcs 2015/08/07 v3.0.1a (rcs-revision 1.31)
))
(/usr/local/texlive/2016/texmf-dist/tex/generic/pgf/systemlayer/pgfsys.code.tex
Package: pgfsys 2014/07/09 v3.0.1a (rcs-revision 1.48)
(/usr/local/texlive/2016/texmf-dist/tex/generic/pgf/utilities/pgfkeys.code.tex
\pgfkeys@pathtoks=\toks17
\pgfkeys@temptoks=\toks18

(/usr/local/texlive/2016/texmf-dist/tex/generic/pgf/utilities/pgfkeysfiltered.c
ode.tex
\pgfkeys@tmptoks=\toks19
))
\pgf@x=\dimen131
\pgf@y=\dimen132
\pgf@xa=\dimen133
\pgf@ya=\dimen134
\pgf@xb=\dimen135
\pgf@yb=\dimen136
\pgf@xc=\dimen137
\pgf@yc=\dimen138
\w@pgf@writea=\write3
\r@pgf@reada=\read1
\c@pgf@counta=\count106
\c@pgf@countb=\count107
\c@pgf@countc=\count108
\c@pgf@countd=\count109
\t@pgf@toka=\toks20
\t@pgf@tokb=\toks21
\t@pgf@tokc=\toks22

(/usr/local/texlive/2016/texmf-dist/tex/generic/pgf/systemlayer/pgf.cfg
File: pgf.cfg 2008/05/14  (rcs-revision 1.7)
)
Driver file for pgf: pgfsys-pdftex.def

(/usr/local/texlive/2016/texmf-dist/tex/generic/pgf/systemlayer/pgfsys-pdftex.d
ef
File: pgfsys-pdftex.def 2014/10/11  (rcs-revision 1.35)

(/usr/local/texlive/2016/texmf-dist/tex/generic/pgf/systemlayer/pgfsys-common-p
df.def
File: pgfsys-common-pdf.def 2013/10/10  (rcs-revision 1.13)
)))
(/usr/local/texlive/2016/texmf-dist/tex/generic/pgf/systemlayer/pgfsyssoftpath.
code.tex
File: pgfsyssoftpath.code.tex 2013/09/09  (rcs-revision 1.9)
\pgfsyssoftpath@smallbuffer@items=\count110
\pgfsyssoftpath@bigbuffer@items=\count111
)
(/usr/local/texlive/2016/texmf-dist/tex/generic/pgf/systemlayer/pgfsysprotocol.
code.tex
File: pgfsysprotocol.code.tex 2006/10/16  (rcs-revision 1.4)
)) (/usr/local/texlive/2016/texmf-dist/tex/latex/xcolor/xcolor.sty
Package: xcolor 2016/05/11 v2.12 LaTeX color extensions (UK)

(/usr/local/texlive/2016/texmf-dist/tex/latex/graphics-cfg/color.cfg
File: color.cfg 2016/01/02 v1.6 sample color configuration
)
Package xcolor Info: Driver file: pdftex.def on input line 225.
Package xcolor Info: Model `cmy' substituted by `cmy0' on input line 1348.
Package xcolor Info: Model `hsb' substituted by `rgb' on input line 1352.
Package xcolor Info: Model `RGB' extended on input line 1364.
Package xcolor Info: Model `HTML' substituted by `rgb' on input line 1366.
Package xcolor Info: Model `Hsb' substituted by `hsb' on input line 1367.
Package xcolor Info: Model `tHsb' substituted by `hsb' on input line 1368.
Package xcolor Info: Model `HSB' substituted by `hsb' on input line 1369.
Package xcolor Info: Model `Gray' substituted by `gray' on input line 1370.
Package xcolor Info: Model `wave' substituted by `hsb' on input line 1371.

(/usr/local/texlive/2016/texmf-dist/tex/latex/graphics/dvipsnam.def
File: dvipsnam.def 2015/12/30 v3.0k Driver-dependent file (DPC,SPQR)
))
(/usr/local/texlive/2016/texmf-dist/tex/generic/pgf/basiclayer/pgfcore.code.tex
Package: pgfcore 2010/04/11 v3.0.1a (rcs-revision 1.7)
(/usr/local/texlive/2016/texmf-dist/tex/generic/pgf/math/pgfmath.code.tex
(/usr/local/texlive/2016/texmf-dist/tex/generic/pgf/math/pgfmathcalc.code.tex
(/usr/local/texlive/2016/texmf-dist/tex/generic/pgf/math/pgfmathutil.code.tex)
(/usr/local/texlive/2016/texmf-dist/tex/generic/pgf/math/pgfmathparser.code.tex
\pgfmath@dimen=\dimen139
\pgfmath@count=\count112
\pgfmath@box=\box35
\pgfmath@toks=\toks23
\pgfmath@stack@operand=\toks24
\pgfmath@stack@operation=\toks25
)
(/usr/local/texlive/2016/texmf-dist/tex/generic/pgf/math/pgfmathfunctions.code.
tex
(/usr/local/texlive/2016/texmf-dist/tex/generic/pgf/math/pgfmathfunctions.basic
.code.tex)
(/usr/local/texlive/2016/texmf-dist/tex/generic/pgf/math/pgfmathfunctions.trigo
nometric.code.tex)
(/usr/local/texlive/2016/texmf-dist/tex/generic/pgf/math/pgfmathfunctions.rando
m.code.tex)
(/usr/local/texlive/2016/texmf-dist/tex/generic/pgf/math/pgfmathfunctions.compa
rison.code.tex)
(/usr/local/texlive/2016/texmf-dist/tex/generic/pgf/math/pgfmathfunctions.base.
code.tex)
(/usr/local/texlive/2016/texmf-dist/tex/generic/pgf/math/pgfmathfunctions.round
.code.tex)
(/usr/local/texlive/2016/texmf-dist/tex/generic/pgf/math/pgfmathfunctions.misc.
code.tex)
(/usr/local/texlive/2016/texmf-dist/tex/generic/pgf/math/pgfmathfunctions.integ
erarithmetics.code.tex)))
(/usr/local/texlive/2016/texmf-dist/tex/generic/pgf/math/pgfmathfloat.code.tex
\c@pgfmathroundto@lastzeros=\count113
))
(/usr/local/texlive/2016/texmf-dist/tex/generic/pgf/basiclayer/pgfcorepoints.co
de.tex
File: pgfcorepoints.code.tex 2013/10/07  (rcs-revision 1.27)
\pgf@picminx=\dimen140
\pgf@picmaxx=\dimen141
\pgf@picminy=\dimen142
\pgf@picmaxy=\dimen143
\pgf@pathminx=\dimen144
\pgf@pathmaxx=\dimen145
\pgf@pathminy=\dimen146
\pgf@pathmaxy=\dimen147
\pgf@xx=\dimen148
\pgf@xy=\dimen149
\pgf@yx=\dimen150
\pgf@yy=\dimen151
\pgf@zx=\dimen152
\pgf@zy=\dimen153
)
(/usr/local/texlive/2016/texmf-dist/tex/generic/pgf/basiclayer/pgfcorepathconst
ruct.code.tex
File: pgfcorepathconstruct.code.tex 2013/10/07  (rcs-revision 1.29)
\pgf@path@lastx=\dimen154
\pgf@path@lasty=\dimen155
)
(/usr/local/texlive/2016/texmf-dist/tex/generic/pgf/basiclayer/pgfcorepathusage
.code.tex
File: pgfcorepathusage.code.tex 2014/11/02  (rcs-revision 1.24)
\pgf@shorten@end@additional=\dimen156
\pgf@shorten@start@additional=\dimen157
)
(/usr/local/texlive/2016/texmf-dist/tex/generic/pgf/basiclayer/pgfcorescopes.co
de.tex
File: pgfcorescopes.code.tex 2015/05/08  (rcs-revision 1.46)
\pgfpic=\box36
\pgf@hbox=\box37
\pgf@layerbox@main=\box38
\pgf@picture@serial@count=\count114
)
(/usr/local/texlive/2016/texmf-dist/tex/generic/pgf/basiclayer/pgfcoregraphicst
ate.code.tex
File: pgfcoregraphicstate.code.tex 2014/11/02  (rcs-revision 1.12)
\pgflinewidth=\dimen158
)
(/usr/local/texlive/2016/texmf-dist/tex/generic/pgf/basiclayer/pgfcoretransform
ations.code.tex
File: pgfcoretransformations.code.tex 2015/08/07  (rcs-revision 1.20)
\pgf@pt@x=\dimen159
\pgf@pt@y=\dimen160
\pgf@pt@temp=\dimen161
)
(/usr/local/texlive/2016/texmf-dist/tex/generic/pgf/basiclayer/pgfcorequick.cod
e.tex
File: pgfcorequick.code.tex 2008/10/09  (rcs-revision 1.3)
)
(/usr/local/texlive/2016/texmf-dist/tex/generic/pgf/basiclayer/pgfcoreobjects.c
ode.tex
File: pgfcoreobjects.code.tex 2006/10/11  (rcs-revision 1.2)
)
(/usr/local/texlive/2016/texmf-dist/tex/generic/pgf/basiclayer/pgfcorepathproce
ssing.code.tex
File: pgfcorepathprocessing.code.tex 2013/09/09  (rcs-revision 1.9)
)
(/usr/local/texlive/2016/texmf-dist/tex/generic/pgf/basiclayer/pgfcorearrows.co
de.tex
File: pgfcorearrows.code.tex 2015/05/14  (rcs-revision 1.43)
\pgfarrowsep=\dimen162
)
(/usr/local/texlive/2016/texmf-dist/tex/generic/pgf/basiclayer/pgfcoreshade.cod
e.tex
File: pgfcoreshade.code.tex 2013/07/15  (rcs-revision 1.15)
\pgf@max=\dimen163
\pgf@sys@shading@range@num=\count115
)
(/usr/local/texlive/2016/texmf-dist/tex/generic/pgf/basiclayer/pgfcoreimage.cod
e.tex
File: pgfcoreimage.code.tex 2013/07/15  (rcs-revision 1.18)

(/usr/local/texlive/2016/texmf-dist/tex/generic/pgf/basiclayer/pgfcoreexternal.
code.tex
File: pgfcoreexternal.code.tex 2014/07/09  (rcs-revision 1.21)
\pgfexternal@startupbox=\box39
))
(/usr/local/texlive/2016/texmf-dist/tex/generic/pgf/basiclayer/pgfcorelayers.co
de.tex
File: pgfcorelayers.code.tex 2013/07/18  (rcs-revision 1.7)
)
(/usr/local/texlive/2016/texmf-dist/tex/generic/pgf/basiclayer/pgfcoretranspare
ncy.code.tex
File: pgfcoretransparency.code.tex 2013/09/30  (rcs-revision 1.5)
)
(/usr/local/texlive/2016/texmf-dist/tex/generic/pgf/basiclayer/pgfcorepatterns.
code.tex
File: pgfcorepatterns.code.tex 2013/11/07  (rcs-revision 1.5)
)))
(/usr/local/texlive/2016/texmf-dist/tex/latex/pgf/utilities/xxcolor.sty
Package: xxcolor 2003/10/24 ver 0.1
\XC@nummixins=\count116
\XC@countmixins=\count117
)
(/usr/local/texlive/2016/texmf-dist/tex/generic/oberdiek/atbegshi.sty
Package: atbegshi 2016/05/16 v1.17 At begin shipout hook (HO)
)
(/usr/local/texlive/2016/texmf-dist/tex/latex/hyperref/hyperref.sty
Package: hyperref 2016/05/05 v6.83n Hypertext links for LaTeX

(/usr/local/texlive/2016/texmf-dist/tex/generic/oberdiek/hobsub-hyperref.sty
Package: hobsub-hyperref 2016/05/16 v1.14 Bundle oberdiek, subset hyperref (HO)


(/usr/local/texlive/2016/texmf-dist/tex/generic/oberdiek/hobsub-generic.sty
Package: hobsub-generic 2016/05/16 v1.14 Bundle oberdiek, subset generic (HO)
Package: hobsub 2016/05/16 v1.14 Construct package bundles (HO)
Package hobsub Info: Skipping package `infwarerr' (already loaded).
Package hobsub Info: Skipping package `ltxcmds' (already loaded).
Package: ifluatex 2016/05/16 v1.4 Provides the ifluatex switch (HO)
Package ifluatex Info: LuaTeX not detected.
Package hobsub Info: Skipping package `ifvtex' (already loaded).
Package: intcalc 2016/05/16 v1.2 Expandable calculations with integers (HO)
Package hobsub Info: Skipping package `ifpdf' (already loaded).
Package: etexcmds 2016/05/16 v1.6 Avoid name clashes with e-TeX commands (HO)
Package etexcmds Info: Could not find \expanded.
(etexcmds)             That can mean that you are not using pdfTeX 1.50 or
(etexcmds)             that some package has redefined \expanded.
(etexcmds)             In the latter case, load this package earlier.
Package: kvsetkeys 2016/05/16 v1.17 Key value parser (HO)
Package: kvdefinekeys 2016/05/16 v1.4 Define keys (HO)
Package: pdftexcmds 2016/05/10 v0.21 Utility functions of pdfTeX for LuaTeX (HO
)
Package pdftexcmds Info: LuaTeX not detected.
Package pdftexcmds Info: \pdf@primitive is available.
Package pdftexcmds Info: \pdf@ifprimitive is available.
Package pdftexcmds Info: \pdfdraftmode found.
Package: pdfescape 2016/05/16 v1.14 Implements pdfTeX's escape features (HO)
Package: bigintcalc 2016/05/16 v1.4 Expandable calculations on big integers (HO
)
Package: bitset 2016/05/16 v1.2 Handle bit-vector datatype (HO)
Package: uniquecounter 2016/05/16 v1.3 Provide unlimited unique counter (HO)
)
Package hobsub Info: Skipping package `hobsub' (already loaded).
Package: letltxmacro 2016/05/16 v1.5 Let assignment for LaTeX macros (HO)
Package: hopatch 2016/05/16 v1.3 Wrapper for package hooks (HO)
Package: xcolor-patch 2016/05/16 xcolor patch
Package: atveryend 2016/05/16 v1.9 Hooks at the very end of document (HO)
Package atveryend Info: \enddocument detected (standard20110627).
Package hobsub Info: Skipping package `atbegshi' (already loaded).
Package: refcount 2016/05/16 v3.5 Data extraction from label references (HO)
Package: hycolor 2016/05/16 v1.8 Color options for hyperref/bookmark (HO)
)
(/usr/local/texlive/2016/texmf-dist/tex/latex/oberdiek/auxhook.sty
Package: auxhook 2016/05/16 v1.4 Hooks for auxiliary files (HO)
)
(/usr/local/texlive/2016/texmf-dist/tex/latex/oberdiek/kvoptions.sty
Package: kvoptions 2016/05/16 v3.12 Key value format for package options (HO)
)
\@linkdim=\dimen164
\Hy@linkcounter=\count118
\Hy@pagecounter=\count119

(/usr/local/texlive/2016/texmf-dist/tex/latex/hyperref/pd1enc.def
File: pd1enc.def 2016/05/05 v6.83n Hyperref: PDFDocEncoding definition (HO)
)
\Hy@SavedSpaceFactor=\count120

(/usr/local/texlive/2016/texmf-dist/tex/latex/latexconfig/hyperref.cfg
File: hyperref.cfg 2002/06/06 v1.2 hyperref configuration of TeXLive
)
Package hyperref Info: Option `bookmarks' set `true' on input line 4322.
Package hyperref Info: Option `bookmarksopen' set `true' on input line 4322.
Package hyperref Info: Option `implicit' set `false' on input line 4322.
Package hyperref Info: Hyper figures OFF on input line 4446.
Package hyperref Info: Link nesting OFF on input line 4451.
Package hyperref Info: Hyper index ON on input line 4454.
Package hyperref Info: Plain pages OFF on input line 4461.
Package hyperref Info: Backreferencing OFF on input line 4466.
Package hyperref Info: Implicit mode OFF; no redefinition of LaTeX internals.
Package hyperref Info: Bookmarks ON on input line 4691.
\c@Hy@tempcnt=\count121

(/usr/local/texlive/2016/texmf-dist/tex/latex/url/url.sty
\Urlmuskip=\muskip10
Package: url 2013/09/16  ver 3.4  Verb mode for urls, etc.
)
LaTeX Info: Redefining \url on input line 5044.
\XeTeXLinkMargin=\dimen165
\Fld@menulength=\count122
\Field@Width=\dimen166
\Fld@charsize=\dimen167
Package hyperref Info: Hyper figures OFF on input line 6298.
Package hyperref Info: Link nesting OFF on input line 6303.
Package hyperref Info: Hyper index ON on input line 6306.
Package hyperref Info: backreferencing OFF on input line 6313.
Package hyperref Info: Link coloring OFF on input line 6318.
Package hyperref Info: Link coloring with OCG OFF on input line 6323.
Package hyperref Info: PDF/A mode OFF on input line 6328.
LaTeX Info: Redefining \ref on input line 6368.
LaTeX Info: Redefining \pageref on input line 6372.
\Hy@abspage=\count123


Package hyperref Message: Stopped early.

)

Package hyperref Message: Driver (autodetected): hpdftex.

(/usr/local/texlive/2016/texmf-dist/tex/latex/hyperref/hpdftex.def
File: hpdftex.def 2016/05/05 v6.83n Hyperref driver for pdfTeX
\Fld@listcount=\count124
\c@bookmark@seq@number=\count125

(/usr/local/texlive/2016/texmf-dist/tex/latex/oberdiek/rerunfilecheck.sty
Package: rerunfilecheck 2016/05/16 v1.8 Rerun checks for auxiliary files (HO)
Package uniquecounter Info: New unique counter `rerunfilecheck' on input line 2
82.
))
(/usr/local/texlive/2016/texmf-dist/tex/latex/beamer/beamerbaserequires.sty
Package: beamerbaserequires 2010/05/01  (rcs-revision efa082c6111d)

(/usr/local/texlive/2016/texmf-dist/tex/latex/beamer/beamerbasecompatibility.st
y
Package: beamerbasecompatibility 2012/05/01  (rcs-revision 67c48b3b652d)
) (/usr/local/texlive/2016/texmf-dist/tex/latex/beamer/beamerbasefont.sty
Package: beamerbasefont 2015/01/05  (rcs-revision b4b4bee242e2)

(/usr/local/texlive/2016/texmf-dist/tex/latex/amsfonts/amssymb.sty
Package: amssymb 2013/01/14 v3.01 AMS font symbols

(/usr/local/texlive/2016/texmf-dist/tex/latex/amsfonts/amsfonts.sty
Package: amsfonts 2013/01/14 v3.01 Basic AMSFonts support
\@emptytoks=\toks26
\symAMSa=\mathgroup4
\symAMSb=\mathgroup5
LaTeX Font Info:    Overwriting math alphabet `\mathfrak' in version `bold'
(Font)                  U/euf/m/n --> U/euf/b/n on input line 106.
))
(/usr/local/texlive/2016/texmf-dist/tex/latex/sansmathaccent/sansmathaccent.sty
Package: sansmathaccent 2013/03/28
(/usr/local/texlive/2016/texmf-dist/tex/latex/filehook/filehook.sty
Package: filehook 2011/10/12 v0.5d Hooks for input files
)))
(/usr/local/texlive/2016/texmf-dist/tex/latex/beamer/beamerbasetranslator.sty
Package: beamerbasetranslator 2010/06/11  (rcs-revision 85fd1cc7fc42)

(/usr/local/texlive/2016/texmf-dist/tex/latex/beamer/translator/translator.sty
Package: translator 2010/06/12 ver 1.10

(/usr/local/texlive/2016/texmf-dist/tex/latex/beamer/translator/translator-lang
uage-mappings.tex)))
(/usr/local/texlive/2016/texmf-dist/tex/latex/beamer/beamerbasemisc.sty
Package: beamerbasemisc 2013/09/03  (rcs-revision a55719c41d85)
)
(/usr/local/texlive/2016/texmf-dist/tex/latex/beamer/beamerbasetwoscreens.sty
Package: beamerbasetwoscreens 2010/05/01  (rcs-revision efa082c6111d)
)
(/usr/local/texlive/2016/texmf-dist/tex/latex/beamer/beamerbaseoverlay.sty
Package: beamerbaseoverlay 2013/12/25  (rcs-revision f6bd5e3805da)
\beamer@argscount=\count126
\beamer@lastskipcover=\skip44
\beamer@trivlistdepth=\count127
)
(/usr/local/texlive/2016/texmf-dist/tex/latex/beamer/beamerbasetitle.sty
Package: beamerbasetitle 2010/09/21  (rcs-revision f0446ed0b6ae)
)
(/usr/local/texlive/2016/texmf-dist/tex/latex/beamer/beamerbasesection.sty
Package: beamerbasesection 2013/06/07  (rcs-revision 60b9fe0f342f)
\c@lecture=\count128
\c@part=\count129
\c@section=\count130
\c@subsection=\count131
\c@subsubsection=\count132
)
(/usr/local/texlive/2016/texmf-dist/tex/latex/beamer/beamerbaseframe.sty
Package: beamerbaseframe 2014/02/20  (rcs-revision 4b8ceeeff434)
\beamer@framebox=\box40
\beamer@frametitlebox=\box41
\beamer@zoombox=\box42
\beamer@zoomcount=\count133
\beamer@zoomframecount=\count134
\beamer@frametextheight=\dimen168
\c@subsectionslide=\count135
\beamer@frametopskip=\skip45
\beamer@framebottomskip=\skip46
\beamer@frametopskipautobreak=\skip47
\beamer@framebottomskipautobreak=\skip48
\beamer@envbody=\toks27
\framewidth=\dimen169
\c@framenumber=\count136
)
(/usr/local/texlive/2016/texmf-dist/tex/latex/beamer/beamerbaseverbatim.sty
Package: beamerbaseverbatim 2015/01/05  (rcs-revision 431510bb5890)
\beamer@verbatimfileout=\write4
)
(/usr/local/texlive/2016/texmf-dist/tex/latex/beamer/beamerbaseframesize.sty
Package: beamerbaseframesize 2011/09/12  (rcs-revision 70f9d8411e54)
\beamer@splitbox=\box43
\beamer@autobreakcount=\count137
\beamer@autobreaklastheight=\dimen170
\beamer@frametitletoks=\toks28
\beamer@framesubtitletoks=\toks29
)
(/usr/local/texlive/2016/texmf-dist/tex/latex/beamer/beamerbaseframecomponents.
sty
Package: beamerbaseframecomponents 2013/10/18  (rcs-revision 5cf6c5555a45)
\beamer@footins=\box44
) (/usr/local/texlive/2016/texmf-dist/tex/latex/beamer/beamerbasecolor.sty
Package: beamerbasecolor 2015/02/21  (rcs-revision d944b04ee2d5)
)
(/usr/local/texlive/2016/texmf-dist/tex/latex/beamer/beamerbasenotes.sty
Package: beamerbasenotes 2012/12/19  (rcs-revision 1686da3db3c9)
\beamer@frameboxcopy=\box45
)
(/usr/local/texlive/2016/texmf-dist/tex/latex/beamer/beamerbasetoc.sty
Package: beamerbasetoc 2015/03/08  (rcs-revision 7270298bbaae)
)
(/usr/local/texlive/2016/texmf-dist/tex/latex/beamer/beamerbasetemplates.sty
Package: beamerbasetemplates 2010/05/01  (rcs-revision efa082c6111d)
\beamer@sbttoks=\toks30

(/usr/local/texlive/2016/texmf-dist/tex/latex/beamer/beamerbaseauxtemplates.sty
Package: beamerbaseauxtemplates 2014/06/30  (rcs-revision 580088513a67)
(/usr/local/texlive/2016/texmf-dist/tex/latex/beamer/beamerbaseboxes.sty
Package: beamerbaseboxes 2012/05/13  (rcs-revision 56972908a390)
\bmb@box=\box46
\bmb@colorbox=\box47
\bmb@boxshadow=\box48
\bmb@boxshadowball=\box49
\bmb@boxshadowballlarge=\box50
\bmb@temp=\dimen171
\bmb@dima=\dimen172
\bmb@dimb=\dimen173
\bmb@prevheight=\dimen174
)
\beamer@blockheadheight=\dimen175
))
(/usr/local/texlive/2016/texmf-dist/tex/latex/beamer/beamerbaselocalstructure.s
ty
Package: beamerbaselocalstructure 2014/09/10  (rcs-revision 393f6dcff371)
 (/usr/local/texlive/2016/texmf-dist/tex/latex/tools/enumerate.sty
Package: enumerate 2015/07/23 v3.00 enumerate extensions (DPC)
\@enLab=\toks31
)
\c@figure=\count138
\c@table=\count139
\abovecaptionskip=\skip49
\belowcaptionskip=\skip50
)
(/usr/local/texlive/2016/texmf-dist/tex/latex/beamer/beamerbasenavigation.sty
Package: beamerbasenavigation 2015/02/27  (rcs-revision 923f4bf87efa)
\beamer@section@min@dim=\dimen176
)
(/usr/local/texlive/2016/texmf-dist/tex/latex/beamer/beamerbasetheorems.sty
Package: beamerbasetheorems 2010/06/06  (rcs-revision 7e7cc5e53e9d)

(/usr/local/texlive/2016/texmf-dist/tex/latex/amsmath/amsmath.sty
Package: amsmath 2016/03/10 v2.15b AMS math features
\@mathmargin=\skip51

For additional information on amsmath, use the `?' option.
(/usr/local/texlive/2016/texmf-dist/tex/latex/amsmath/amstext.sty
Package: amstext 2000/06/29 v2.01 AMS text

(/usr/local/texlive/2016/texmf-dist/tex/latex/amsmath/amsgen.sty
File: amsgen.sty 1999/11/30 v2.0 generic functions
\@emptytoks=\toks32
\ex@=\dimen177
))
(/usr/local/texlive/2016/texmf-dist/tex/latex/amsmath/amsbsy.sty
Package: amsbsy 1999/11/29 v1.2d Bold Symbols
\pmbraise@=\dimen178
)
(/usr/local/texlive/2016/texmf-dist/tex/latex/amsmath/amsopn.sty
Package: amsopn 2016/03/08 v2.02 operator names
)
\inf@bad=\count140
LaTeX Info: Redefining \frac on input line 199.
\uproot@=\count141
\leftroot@=\count142
LaTeX Info: Redefining \overline on input line 297.
\classnum@=\count143
\DOTSCASE@=\count144
LaTeX Info: Redefining \ldots on input line 394.
LaTeX Info: Redefining \dots on input line 397.
LaTeX Info: Redefining \cdots on input line 518.
\Mathstrutbox@=\box51
\strutbox@=\box52
\big@size=\dimen179
LaTeX Font Info:    Redeclaring font encoding OML on input line 634.
LaTeX Font Info:    Redeclaring font encoding OMS on input line 635.
\macc@depth=\count145
\c@MaxMatrixCols=\count146
\dotsspace@=\muskip11
\c@parentequation=\count147
\dspbrk@lvl=\count148
\tag@help=\toks33
\row@=\count149
\column@=\count150
\maxfields@=\count151
\andhelp@=\toks34
\eqnshift@=\dimen180
\alignsep@=\dimen181
\tagshift@=\dimen182
\tagwidth@=\dimen183
\totwidth@=\dimen184
\lineht@=\dimen185
\@envbody=\toks35
\multlinegap=\skip52
\multlinetaggap=\skip53
\mathdisplay@stack=\toks36
LaTeX Info: Redefining \[ on input line 2739.
LaTeX Info: Redefining \] on input line 2740.
)
(/usr/local/texlive/2016/texmf-dist/tex/latex/amscls/amsthm.sty
Package: amsthm 2015/03/04 v2.20.2
\thm@style=\toks37
\thm@bodyfont=\toks38
\thm@headfont=\toks39
\thm@notefont=\toks40
\thm@headpunct=\toks41
\thm@preskip=\skip54
\thm@postskip=\skip55
\thm@headsep=\skip56
\dth@everypar=\toks42
)
\c@theorem=\count152
)
(/usr/local/texlive/2016/texmf-dist/tex/latex/beamer/beamerbasethemes.sty
Package: beamerbasethemes 2010/05/01  (rcs-revision efa082c6111d)
))
(/usr/local/texlive/2016/texmf-dist/tex/latex/beamer/themes/theme/beamerthemede
fault.sty
Package: beamerthemedefault 2010/06/17  (rcs-revision d02a7cf4d8ae)

(/usr/local/texlive/2016/texmf-dist/tex/latex/beamer/themes/font/beamerfontthem
edefault.sty
Package: beamerfontthemedefault 2012/12/19  (rcs-revision 1686da3db3c9)
)
(/usr/local/texlive/2016/texmf-dist/tex/latex/beamer/themes/color/beamercolorth
emedefault.sty
Package: beamercolorthemedefault 2012/12/19  (rcs-revision 1686da3db3c9)
)
(/usr/local/texlive/2016/texmf-dist/tex/latex/beamer/themes/inner/beamerinnerth
emedefault.sty
Package: beamerinnerthemedefault 2014/06/30  (rcs-revision 580088513a67)
\beamer@dima=\dimen186
\beamer@dimb=\dimen187
)
(/usr/local/texlive/2016/texmf-dist/tex/latex/beamer/themes/outer/beamerouterth
emedefault.sty
Package: beamerouterthemedefault 2012/12/19  (rcs-revision 1686da3db3c9)
))) (/usr/local/texlive/2016/texmf-dist/tex/latex/ms/ragged2e.sty
Package: ragged2e 2009/05/21 v2.1 ragged2e Package (MS)
(/usr/local/texlive/2016/texmf-dist/tex/latex/ms/everysel.sty
Package: everysel 2011/10/28 v1.2 EverySelectfont Package (MS)
)
\CenteringLeftskip=\skip57
\RaggedLeftLeftskip=\skip58
\RaggedRightLeftskip=\skip59
\CenteringRightskip=\skip60
\RaggedLeftRightskip=\skip61
\RaggedRightRightskip=\skip62
\CenteringParfillskip=\skip63
\RaggedLeftParfillskip=\skip64
\RaggedRightParfillskip=\skip65
\JustifyingParfillskip=\skip66
\CenteringParindent=\skip67
\RaggedLeftParindent=\skip68
\RaggedRightParindent=\skip69
\JustifyingParindent=\skip70
)
(/usr/local/texlive/2016/texmf-dist/tex/generic/xypic/xy.tex Bootstrap'ing:
catcodes, docmode,
(/usr/local/texlive/2016/texmf-dist/tex/generic/xypic/xyrecat.tex)
(/usr/local/texlive/2016/texmf-dist/tex/generic/xypic/xyidioms.tex)

 Xy-pic version 3.8.9 <2013/10/06>
 Copyright (c) 1991-2013 by Kristoffer H. Rose <krisrose@tug.org> and others
 Xy-pic is free software: see the User's Guide for details.

Loading kernel: messages; fonts; allocations: state,
\X@c=\dimen188
\Y@c=\dimen189
\U@c=\dimen190
\D@c=\dimen191
\L@c=\dimen192
\R@c=\dimen193
\Edge@c=\toks43
\X@p=\dimen194
\Y@p=\dimen195
\U@p=\dimen196
\D@p=\dimen197
\L@p=\dimen198
\R@p=\dimen199
\Edge@p=\toks44
\X@origin=\dimen256
\Y@origin=\dimen257
\X@xbase=\dimen258
\Y@xbase=\dimen259
\X@ybase=\dimen260
\Y@ybase=\dimen261
\X@min=\dimen262
\Y@min=\dimen263
\X@max=\dimen264
\Y@max=\dimen265
\lastobjectbox@=\box53
\zerodotbox@=\box54
\almostz@=\dimen266
 direction,
\d@X=\dimen267
\d@Y=\dimen268
\K@=\count153
\KK@=\count154
\Direction=\count155
\K@dXdY=\dimen269
\K@dYdX=\dimen270
\xyread@=\read2
\xywrite@=\write5
\csp@=\count156
\quotPTK@=\dimen271

utility macros; pictures: \xy, positions,
\swaptoks@@=\toks45
\connectobjectbox@@=\box55
 objects,
\styletoks@=\toks46
 decorations;
kernel objects: directionals, circles, text; options; algorithms: directions,
edges, connections;  Xy-pic loaded)
(/usr/local/texlive/2016/texmf-dist/tex/generic/xypic/xyall.tex
 Xy-pic option: All features v.3.8
(/usr/local/texlive/2016/texmf-dist/tex/generic/xypic/xycurve.tex
 Xy-pic option: Curve and Spline extension v.3.12 curve,
\crv@cnt@=\count157
\crvpts@=\toks47
\splinebox@=\box56
\splineval@=\dimen272
\splinedepth@=\dimen273
\splinetol@=\dimen274
\splinelength@=\dimen275
 circles,
\L@=\dimen276
 loaded)
(/usr/local/texlive/2016/texmf-dist/tex/generic/xypic/xyframe.tex
 Xy-pic option: Frame and Bracket extension v.3.14 loaded)
(/usr/local/texlive/2016/texmf-dist/tex/generic/xypic/xycmtip.tex
 Xy-pic option: Computer Modern tip extension v.3.7
(/usr/local/texlive/2016/texmf-dist/tex/generic/xypic/xytips.tex
 Xy-pic option: More Tips extension v.3.11 loaded) loaded)
(/usr/local/texlive/2016/texmf-dist/tex/generic/xypic/xyline.tex
 Xy-pic option: Line styles extension v.3.10
\xylinethick@=\dimen277
 loaded)
(/usr/local/texlive/2016/texmf-dist/tex/generic/xypic/xyrotate.tex
 Xy-pic option: Rotate and Scale extension v.3.8 loaded)
(/usr/local/texlive/2016/texmf-dist/tex/generic/xypic/xycolor.tex
 Xy-pic option: Colour extension v.3.11 loaded)
(/usr/local/texlive/2016/texmf-dist/tex/generic/xypic/xymatrix.tex
 Xy-pic option: Matrix feature v.3.14
\Row=\count158
\Col=\count159
\queue@=\toks48
\queue@@=\toks49
\qcount@=\count160
\qcount@@=\count161
\matrixsize@=\count162
 loaded)
(/usr/local/texlive/2016/texmf-dist/tex/generic/xypic/xyarrow.tex
 Xy-pic option: Arrow and Path feature v.3.9 path, \ar, loaded)
(/usr/local/texlive/2016/texmf-dist/tex/generic/xypic/xygraph.tex
 Xy-pic option: Graph feature v.3.11 loaded) loaded) (./bNrf.aux)
\openout1 = `bNrf.aux'.

LaTeX Font Info:    Checking defaults for OML/cmm/m/it on input line 18.
LaTeX Font Info:    ... okay on input line 18.
LaTeX Font Info:    Checking defaults for T1/cmr/m/n on input line 18.
LaTeX Font Info:    ... okay on input line 18.
LaTeX Font Info:    Checking defaults for OT1/cmr/m/n on input line 18.
LaTeX Font Info:    ... okay on input line 18.
LaTeX Font Info:    Checking defaults for OMS/cmsy/m/n on input line 18.
LaTeX Font Info:    ... okay on input line 18.
LaTeX Font Info:    Checking defaults for OMX/cmex/m/n on input line 18.
LaTeX Font Info:    ... okay on input line 18.
LaTeX Font Info:    Checking defaults for U/cmr/m/n on input line 18.
LaTeX Font Info:    ... okay on input line 18.
LaTeX Font Info:    Checking defaults for PD1/pdf/m/n on input line 18.
LaTeX Font Info:    ... okay on input line 18.

*geometry* driver: auto-detecting
*geometry* detected driver: pdftex
*geometry* verbose mode - [ preamble ] result:
* driver: pdftex
* paper: custom
* layout: <same size as paper>
* layoutoffset:(h,v)=(0.0pt,0.0pt)
* modes: includehead includefoot 
* h-part:(L,W,R)=(28.45274pt, 307.28987pt, 28.45274pt)
* v-part:(T,H,B)=(0.0pt, 273.14662pt, 0.0pt)
* \paperwidth=364.19536pt
* \paperheight=273.14662pt
* \textwidth=307.28987pt
* \textheight=244.6939pt
* \oddsidemargin=-43.81725pt
* \evensidemargin=-43.81725pt
* \topmargin=-72.26999pt
* \headheight=14.22636pt
* \headsep=0.0pt
* \topskip=11.0pt
* \footskip=14.22636pt
* \marginparwidth=4.0pt
* \marginparsep=10.0pt
* \columnsep=10.0pt
* \skip\footins=10.0pt plus 4.0pt minus 2.0pt
* \hoffset=0.0pt
* \voffset=0.0pt
* \mag=1000
* \@twocolumnfalse
* \@twosidefalse
* \@mparswitchfalse
* \@reversemarginfalse
* (1in=72.27pt=25.4mm, 1cm=28.453pt)

(/usr/local/texlive/2016/texmf-dist/tex/context/base/mkii/supp-pdf.mkii
[Loading MPS to PDF converter (version 2006.09.02).]
\scratchcounter=\count163
\scratchdimen=\dimen278
\scratchbox=\box57
\nofMPsegments=\count164
\nofMParguments=\count165
\everyMPshowfont=\toks50
\MPscratchCnt=\count166
\MPscratchDim=\dimen279
\MPnumerator=\count167
\makeMPintoPDFobject=\count168
\everyMPtoPDFconversion=\toks51
) (/usr/local/texlive/2016/texmf-dist/tex/latex/oberdiek/epstopdf-base.sty
Package: epstopdf-base 2016/05/15 v2.6 Base part for package epstopdf

(/usr/local/texlive/2016/texmf-dist/tex/latex/oberdiek/grfext.sty
Package: grfext 2016/05/16 v1.2 Manage graphics extensions (HO)
)
Package grfext Info: Graphics extension search list:
(grfext)             [.png,.pdf,.jpg,.mps,.jpeg,.jbig2,.jb2,.PNG,.PDF,.JPG,.JPE
G,.JBIG2,.JB2,.eps]
(grfext)             \AppendGraphicsExtensions on input line 456.

(/usr/local/texlive/2016/texmf-dist/tex/latex/latexconfig/epstopdf-sys.cfg
File: epstopdf-sys.cfg 2010/07/13 v1.3 Configuration of (r)epstopdf for TeX Liv
e
))
ABD: EveryShipout initializing macros
\AtBeginShipoutBox=\box58
Package hyperref Info: Link coloring OFF on input line 18.

(/usr/local/texlive/2016/texmf-dist/tex/latex/hyperref/nameref.sty
Package: nameref 2012/10/27 v2.43 Cross-referencing by name of section

(/usr/local/texlive/2016/texmf-dist/tex/generic/oberdiek/gettitlestring.sty
Package: gettitlestring 2016/05/16 v1.5 Cleanup title references (HO)
)
\c@section@level=\count169
)
LaTeX Info: Redefining \ref on input line 18.
LaTeX Info: Redefining \pageref on input line 18.
LaTeX Info: Redefining \nameref on input line 18.

(./bNrf.out) (./bNrf.out)
\@outlinefile=\write6
\openout6 = `bNrf.out'.

LaTeX Font Info:    Overwriting symbol font `operators' in version `normal'
(Font)                  OT1/cmr/m/n --> OT1/cmss/m/n on input line 18.
LaTeX Font Info:    Overwriting symbol font `operators' in version `bold'
(Font)                  OT1/cmr/bx/n --> OT1/cmss/bx/n on input line 18.
\symnumbers=\mathgroup6
\sympureletters=\mathgroup7
LaTeX Font Info:    Overwriting math alphabet `\mathrm' in version `normal'
(Font)                  OT1/cmss/m/n --> OT1/cmr/m/n on input line 18.
LaTeX Font Info:    Redeclaring math alphabet \mathbf on input line 18.
LaTeX Font Info:    Overwriting math alphabet `\mathbf' in version `normal'
(Font)                  OT1/cmr/bx/n --> OT1/cmss/bx/n on input line 18.
LaTeX Font Info:    Overwriting math alphabet `\mathbf' in version `bold'
(Font)                  OT1/cmr/bx/n --> OT1/cmss/bx/n on input line 18.
LaTeX Font Info:    Redeclaring math alphabet \mathsf on input line 18.
LaTeX Font Info:    Overwriting math alphabet `\mathsf' in version `normal'
(Font)                  OT1/cmss/m/n --> OT1/cmss/m/n on input line 18.
LaTeX Font Info:    Overwriting math alphabet `\mathsf' in version `bold'
(Font)                  OT1/cmss/bx/n --> OT1/cmss/m/n on input line 18.
LaTeX Font Info:    Redeclaring math alphabet \mathit on input line 18.
LaTeX Font Info:    Overwriting math alphabet `\mathit' in version `normal'
(Font)                  OT1/cmr/m/it --> OT1/cmss/m/it on input line 18.
LaTeX Font Info:    Overwriting math alphabet `\mathit' in version `bold'
(Font)                  OT1/cmr/bx/it --> OT1/cmss/m/it on input line 18.
LaTeX Font Info:    Redeclaring math alphabet \mathtt on input line 18.
LaTeX Font Info:    Overwriting math alphabet `\mathtt' in version `normal'
(Font)                  OT1/cmtt/m/n --> OT1/cmtt/m/n on input line 18.
LaTeX Font Info:    Overwriting math alphabet `\mathtt' in version `bold'
(Font)                  OT1/cmtt/m/n --> OT1/cmtt/m/n on input line 18.
LaTeX Font Info:    Overwriting symbol font `numbers' in version `bold'
(Font)                  OT1/cmss/m/n --> OT1/cmss/bx/n on input line 18.
LaTeX Font Info:    Overwriting symbol font `pureletters' in version `bold'
(Font)                  OT1/cmss/m/it --> OT1/cmss/bx/it on input line 18.
LaTeX Font Info:    Overwriting math alphabet `\mathrm' in version `bold'
(Font)                  OT1/cmss/bx/n --> OT1/cmr/bx/n on input line 18.
LaTeX Font Info:    Overwriting math alphabet `\mathbf' in version `bold'
(Font)                  OT1/cmss/bx/n --> OT1/cmss/bx/n on input line 18.
LaTeX Font Info:    Overwriting math alphabet `\mathsf' in version `bold'
(Font)                  OT1/cmss/m/n --> OT1/cmss/bx/n on input line 18.
LaTeX Font Info:    Overwriting math alphabet `\mathit' in version `bold'
(Font)                  OT1/cmss/m/it --> OT1/cmss/bx/it on input line 18.
LaTeX Font Info:    Overwriting math alphabet `\mathtt' in version `bold'
(Font)                  OT1/cmtt/m/n --> OT1/cmtt/bx/n on input line 18.
LaTeX Font Info:    Redeclaring symbol font `pureletters' on input line 18.
LaTeX Font Info:    Overwriting symbol font `pureletters' in version `normal'
(Font)                  OT1/cmss/m/it --> OT1/mathkerncmss/m/sl on input line 1
8.
LaTeX Font Info:    Overwriting symbol font `pureletters' in version `bold'
(Font)                  OT1/cmss/bx/it --> OT1/mathkerncmss/m/sl on input line 
18.
LaTeX Font Info:    Overwriting symbol font `pureletters' in version `bold'
(Font)                  OT1/mathkerncmss/m/sl --> OT1/mathkerncmss/bx/sl on inp
ut line 18.

(/usr/local/texlive/2016/texmf-dist/tex/latex/beamer/translator/dicts/translato
r-basic-dictionary/translator-basic-dictionary-English.dict
Dictionary: translator-basic-dictionary, Language: English 
)
(/usr/local/texlive/2016/texmf-dist/tex/latex/beamer/translator/dicts/translato
r-bibliography-dictionary/translator-bibliography-dictionary-English.dict
Dictionary: translator-bibliography-dictionary, Language: English 
)
(/usr/local/texlive/2016/texmf-dist/tex/latex/beamer/translator/dicts/translato
r-environment-dictionary/translator-environment-dictionary-English.dict
Dictionary: translator-environment-dictionary, Language: English 
)
(/usr/local/texlive/2016/texmf-dist/tex/latex/beamer/translator/dicts/translato
r-months-dictionary/translator-months-dictionary-English.dict
Dictionary: translator-months-dictionary, Language: English 
)
(/usr/local/texlive/2016/texmf-dist/tex/latex/beamer/translator/dicts/translato
r-numbers-dictionary/translator-numbers-dictionary-English.dict
Dictionary: translator-numbers-dictionary, Language: English 
)
(/usr/local/texlive/2016/texmf-dist/tex/latex/beamer/translator/dicts/translato
r-theorem-dictionary/translator-theorem-dictionary-English.dict
Dictionary: translator-theorem-dictionary, Language: English 
)
LaTeX Info: Redefining \includegraphics on input line 18.

ABD: EverySelectfont initializing macros
LaTeX Info: Redefining \selectfont on input line 18.
 (./bNrf.nav)

LaTeX Font Warning: Font shape `OT1/cmss/m/n' in size <4> not available
(Font)              size <5> substituted on input line 20.

[1

{/usr/local/texlive/2016/texmf-var/fonts/map/pdftex/updmap/pdftex.map}]
LaTeX Font Info:    Try loading font information for OT1+<familyname> on input 
line 44.
LaTeX Font Info:    No file OT1<familyname>.fd. on input line 44.


LaTeX Font Warning: Font shape `OT1/<familyname>/m/n' undefined
(Font)              using `OT1/cmr/m/n' instead on input line 44.


LaTeX Font Warning: Font shape `OT1/<familyname>/m/it' undefined
(Font)              using `OT1/<familyname>/m/n' instead on input line 44.

<stuffs/biodiversity.jpg, id=43, 681.54625pt x 325.215pt>
File: stuffs/biodiversity.jpg Graphic file (type jpg)

<use stuffs/biodiversity.jpg>
Package pdftex.def Info: stuffs/biodiversity.jpg used on input line 44.
(pdftex.def)             Requested size: 263.78505pt x 125.87064pt.
 [2

 <./stuffs/biodiversity.jpg>]
LaTeX Font Info:    Try loading font information for U+msa on input line 100.

(/usr/local/texlive/2016/texmf-dist/tex/latex/amsfonts/umsa.fd
File: umsa.fd 2013/01/14 v3.01 AMS symbols A
)
LaTeX Font Info:    Try loading font information for U+msb on input line 100.

(/usr/local/texlive/2016/texmf-dist/tex/latex/amsfonts/umsb.fd
File: umsb.fd 2013/01/14 v3.01 AMS symbols B
)
LaTeX Font Info:    Try loading font information for OT1+mathkerncmss on input 
line 100.

(/usr/local/texlive/2016/texmf-dist/tex/latex/sansmathaccent/ot1mathkerncmss.fd
File: ot1mathkerncmss.fd 2013/03/27 Fontinst v1.933 font definitions for OT1/ma
thkerncmss.
) [3

] [4

] [5

] [6

] [7

] [8

] [9

] [10

] [11

] [12

] [13

] [14

] [15

] [16

] [17

] [18

]
[19

] [20

] [21

] [22

] [23

] [24

] [25

] [26

]
<stuffs/rfex3.png, id=691, 580.66937pt x 374.39874pt>
File: stuffs/rfex3.png Graphic file (type png)
 <use stuffs/rfex3.png>
Package pdftex.def Info: stuffs/rfex3.png used on input line 210.
(pdftex.def)             Requested size: 151.76744pt x 97.85553pt.

<stuffs/rfex2.png, id=693, 367.3725pt x 329.23pt>
File: stuffs/rfex2.png Graphic file (type png)
 <use stuffs/rfex2.png>
Package pdftex.def Info: stuffs/rfex2.png used on input line 210.
(pdftex.def)             Requested size: 144.54pt x 129.53452pt.

<stuffs/rfex4.png, id=694, 299.1175pt x 542.025pt>
File: stuffs/rfex4.png Graphic file (type png)
 <use stuffs/rfex4.png>
Package pdftex.def Info: stuffs/rfex4.png used on input line 210.
(pdftex.def)             Requested size: 108.87802pt x 197.29678pt.

[27

 <./stuffs/rfex3.png> <./stuffs/rfex2.png> <./stuffs/rfex4.png>] [28

]
[29

] [30

] [31

] [32

] [33

] [34

] [35

] [36

] [37

] [38

] [39

] [40

] [41

] [42

] [43

]
[44

] [45

] [46

] [47

] [48

] <stuffs/tree3.png, id=1258, 1688.3075pt x 2409.0pt>
File: stuffs/tree3.png Graphic file (type png)

<use stuffs/tree3.png>
Package pdftex.def Info: stuffs/tree3.png used on input line 368.
(pdftex.def)             Requested size: 18.06749pt x 25.76758pt.
File: stuffs/tree3.png Graphic file (type png)
 <use stuffs/tree3.png>
Package pdftex.def Info: stuffs/tree3.png used on input line 368.
(pdftex.def)             Requested size: 18.06749pt x 25.76758pt.
File: stuffs/tree3.png Graphic file (type png)
 <use stuffs/tree3.png>
Package pdftex.def Info: stuffs/tree3.png used on input line 368.
(pdftex.def)             Requested size: 18.06749pt x 25.76758pt.
File: stuffs/tree3.png Graphic file (type png)

<use stuffs/tree3.png>
Package pdftex.def Info: stuffs/tree3.png used on input line 368.
(pdftex.def)             Requested size: 18.06749pt x 25.76758pt.
 <stuffs/treeA.png, id=1259, 543.02875pt x 370.38374pt>
File: stuffs/treeA.png Graphic file (type png)

<use stuffs/treeA.png>
Package pdftex.def Info: stuffs/treeA.png used on input line 368.
(pdftex.def)             Requested size: 112.0187pt x 76.40388pt.
 <stuffs/treeB.png, id=1260, 388.45125pt x 276.03125pt>
File: stuffs/treeB.png Graphic file (type png)

<use stuffs/treeB.png>
Package pdftex.def Info: stuffs/treeB.png used on input line 368.
(pdftex.def)             Requested size: 112.0187pt x 79.60054pt.
 [49

 <./stuffs/tree3.png> <./stuffs/treeA.png> <./stuffs/treeB.png>]
File: stuffs/tree3.png Graphic file (type png)
 <use stuffs/tree3.png>
Package pdftex.def Info: stuffs/tree3.png used on input line 368.
(pdftex.def)             Requested size: 18.06749pt x 25.76758pt.
File: stuffs/tree3.png Graphic file (type png)
 <use stuffs/tree3.png>
Package pdftex.def Info: stuffs/tree3.png used on input line 368.
(pdftex.def)             Requested size: 18.06749pt x 25.76758pt.
File: stuffs/tree3.png Graphic file (type png)

<use stuffs/tree3.png>
Package pdftex.def Info: stuffs/tree3.png used on input line 368.
(pdftex.def)             Requested size: 18.06749pt x 25.76758pt.
File: stuffs/tree3.png Graphic file (type png)
 <use stuffs/tree3.png>
Package pdftex.def Info: stuffs/tree3.png used on input line 368.
(pdftex.def)             Requested size: 18.06749pt x 25.76758pt.
File: stuffs/treeA.png Graphic file (type png)
 <use stuffs/treeA.png>
Package pdftex.def Info: stuffs/treeA.png used on input line 368.
(pdftex.def)             Requested size: 112.0187pt x 76.40388pt.
File: stuffs/treeB.png Graphic file (type png)

<use stuffs/treeB.png>
Package pdftex.def Info: stuffs/treeB.png used on input line 368.
(pdftex.def)             Requested size: 112.0187pt x 79.60054pt.
 [50

]
File: stuffs/tree3.png Graphic file (type png)
 <use stuffs/tree3.png>
Package pdftex.def Info: stuffs/tree3.png used on input line 368.
(pdftex.def)             Requested size: 18.06749pt x 25.76758pt.
File: stuffs/tree3.png Graphic file (type png)
 <use stuffs/tree3.png>
Package pdftex.def Info: stuffs/tree3.png used on input line 368.
(pdftex.def)             Requested size: 18.06749pt x 25.76758pt.
File: stuffs/tree3.png Graphic file (type png)

<use stuffs/tree3.png>
Package pdftex.def Info: stuffs/tree3.png used on input line 368.
(pdftex.def)             Requested size: 18.06749pt x 25.76758pt.
File: stuffs/tree3.png Graphic file (type png)
 <use stuffs/tree3.png>
Package pdftex.def Info: stuffs/tree3.png used on input line 368.
(pdftex.def)             Requested size: 18.06749pt x 25.76758pt.
File: stuffs/treeA.png Graphic file (type png)
 <use stuffs/treeA.png>
Package pdftex.def Info: stuffs/treeA.png used on input line 368.
(pdftex.def)             Requested size: 112.0187pt x 76.40388pt.
File: stuffs/treeB.png Graphic file (type png)

<use stuffs/treeB.png>
Package pdftex.def Info: stuffs/treeB.png used on input line 368.
(pdftex.def)             Requested size: 112.0187pt x 79.60054pt.
 [51

]
File: stuffs/tree3.png Graphic file (type png)
 <use stuffs/tree3.png>
Package pdftex.def Info: stuffs/tree3.png used on input line 368.
(pdftex.def)             Requested size: 18.06749pt x 25.76758pt.
File: stuffs/tree3.png Graphic file (type png)
 <use stuffs/tree3.png>
Package pdftex.def Info: stuffs/tree3.png used on input line 368.
(pdftex.def)             Requested size: 18.06749pt x 25.76758pt.
File: stuffs/tree3.png Graphic file (type png)

<use stuffs/tree3.png>
Package pdftex.def Info: stuffs/tree3.png used on input line 368.
(pdftex.def)             Requested size: 18.06749pt x 25.76758pt.
File: stuffs/tree3.png Graphic file (type png)
 <use stuffs/tree3.png>
Package pdftex.def Info: stuffs/tree3.png used on input line 368.
(pdftex.def)             Requested size: 18.06749pt x 25.76758pt.
File: stuffs/treeA.png Graphic file (type png)
 <use stuffs/treeA.png>
Package pdftex.def Info: stuffs/treeA.png used on input line 368.
(pdftex.def)             Requested size: 112.0187pt x 76.40388pt.
File: stuffs/treeB.png Graphic file (type png)

<use stuffs/treeB.png>
Package pdftex.def Info: stuffs/treeB.png used on input line 368.
(pdftex.def)             Requested size: 112.0187pt x 79.60054pt.
 [52

]
File: stuffs/tree3.png Graphic file (type png)
 <use stuffs/tree3.png>
Package pdftex.def Info: stuffs/tree3.png used on input line 368.
(pdftex.def)             Requested size: 18.06749pt x 25.76758pt.
File: stuffs/tree3.png Graphic file (type png)
 <use stuffs/tree3.png>
Package pdftex.def Info: stuffs/tree3.png used on input line 368.
(pdftex.def)             Requested size: 18.06749pt x 25.76758pt.
File: stuffs/tree3.png Graphic file (type png)

<use stuffs/tree3.png>
Package pdftex.def Info: stuffs/tree3.png used on input line 368.
(pdftex.def)             Requested size: 18.06749pt x 25.76758pt.
File: stuffs/tree3.png Graphic file (type png)
 <use stuffs/tree3.png>
Package pdftex.def Info: stuffs/tree3.png used on input line 368.
(pdftex.def)             Requested size: 18.06749pt x 25.76758pt.
File: stuffs/treeA.png Graphic file (type png)
 <use stuffs/treeA.png>
Package pdftex.def Info: stuffs/treeA.png used on input line 368.
(pdftex.def)             Requested size: 112.0187pt x 76.40388pt.
File: stuffs/treeB.png Graphic file (type png)

<use stuffs/treeB.png>
Package pdftex.def Info: stuffs/treeB.png used on input line 368.
(pdftex.def)             Requested size: 112.0187pt x 79.60054pt.
 [53

]
File: stuffs/tree3.png Graphic file (type png)
 <use stuffs/tree3.png>
Package pdftex.def Info: stuffs/tree3.png used on input line 368.
(pdftex.def)             Requested size: 18.06749pt x 25.76758pt.
File: stuffs/tree3.png Graphic file (type png)
 <use stuffs/tree3.png>
Package pdftex.def Info: stuffs/tree3.png used on input line 368.
(pdftex.def)             Requested size: 18.06749pt x 25.76758pt.
File: stuffs/tree3.png Graphic file (type png)

<use stuffs/tree3.png>
Package pdftex.def Info: stuffs/tree3.png used on input line 368.
(pdftex.def)             Requested size: 18.06749pt x 25.76758pt.
File: stuffs/tree3.png Graphic file (type png)
 <use stuffs/tree3.png>
Package pdftex.def Info: stuffs/tree3.png used on input line 368.
(pdftex.def)             Requested size: 18.06749pt x 25.76758pt.
File: stuffs/treeA.png Graphic file (type png)
 <use stuffs/treeA.png>
Package pdftex.def Info: stuffs/treeA.png used on input line 368.
(pdftex.def)             Requested size: 112.0187pt x 76.40388pt.
File: stuffs/treeB.png Graphic file (type png)

<use stuffs/treeB.png>
Package pdftex.def Info: stuffs/treeB.png used on input line 368.
(pdftex.def)             Requested size: 112.0187pt x 79.60054pt.
 [54

] <stuffs/9XeYs.png, id=1416, 602.25pt x 190.7125pt>
File: stuffs/9XeYs.png Graphic file (type png)

<use stuffs/9XeYs.png>
Package pdftex.def Info: stuffs/9XeYs.png used on input line 445.
(pdftex.def)             Requested size: 166.2212pt x 52.6367pt.

Overfull \hbox (12.57628pt too wide) in paragraph at lines 445--445
 [] 
 []

[55

 <./stuffs/9XeYs.png>]
File: stuffs/9XeYs.png Graphic file (type png)
 <use stuffs/9XeYs.png>
Package pdftex.def Info: stuffs/9XeYs.png used on input line 445.
(pdftex.def)             Requested size: 166.2212pt x 52.6367pt.

Overfull \hbox (12.57628pt too wide) in paragraph at lines 445--445
 [] 
 []

<stuffs/urns.PNG, id=1448, 700.6175pt x 329.23pt>
File: stuffs/urns.PNG Graphic file (type png)
 <use stuffs/urns.PNG>
Package pdftex.def Info: stuffs/urns.PNG used on input line 445.
(pdftex.def)             Requested size: 166.2212pt x 78.10753pt.

Overfull \hbox (12.57628pt too wide) in paragraph at lines 445--445
 [][] 
 []

[56

 <./stuffs/urns.PNG>]
File: stuffs/9XeYs.png Graphic file (type png)
 <use stuffs/9XeYs.png>
Package pdftex.def Info: stuffs/9XeYs.png used on input line 445.
(pdftex.def)             Requested size: 166.2212pt x 52.6367pt.

Overfull \hbox (12.57628pt too wide) in paragraph at lines 445--445
 [] 
 []

[57

]
File: stuffs/9XeYs.png Graphic file (type png)
 <use stuffs/9XeYs.png>
Package pdftex.def Info: stuffs/9XeYs.png used on input line 445.
(pdftex.def)             Requested size: 166.2212pt x 52.6367pt.

Overfull \hbox (12.57628pt too wide) in paragraph at lines 445--445
 [] 
 []

[58

]
File: stuffs/9XeYs.png Graphic file (type png)
 <use stuffs/9XeYs.png>
Package pdftex.def Info: stuffs/9XeYs.png used on input line 445.
(pdftex.def)             Requested size: 166.2212pt x 52.6367pt.

Overfull \hbox (12.57628pt too wide) in paragraph at lines 445--445
 [] 
 []

[59

]
File: stuffs/9XeYs.png Graphic file (type png)
 <use stuffs/9XeYs.png>
Package pdftex.def Info: stuffs/9XeYs.png used on input line 445.
(pdftex.def)             Requested size: 166.2212pt x 52.6367pt.

Overfull \hbox (12.57628pt too wide) in paragraph at lines 445--445
 [] 
 []

[60

]
File: stuffs/9XeYs.png Graphic file (type png)
 <use stuffs/9XeYs.png>
Package pdftex.def Info: stuffs/9XeYs.png used on input line 445.
(pdftex.def)             Requested size: 166.2212pt x 52.6367pt.

Overfull \hbox (12.57628pt too wide) in paragraph at lines 445--445
 [] 
 []

[61

]
File: stuffs/9XeYs.png Graphic file (type png)
 <use stuffs/9XeYs.png>
Package pdftex.def Info: stuffs/9XeYs.png used on input line 445.
(pdftex.def)             Requested size: 166.2212pt x 52.6367pt.

Overfull \hbox (12.57628pt too wide) in paragraph at lines 445--445
 [] 
 []

[62

] <stuffs/tunes.png, id=1625, 798.48312pt x 315.1775pt>
File: stuffs/tunes.png Graphic file (type png)

<use stuffs/tunes.png>
Package pdftex.def Info: stuffs/tunes.png used on input line 470.
(pdftex.def)             Requested size: 289.07999pt x 114.10344pt.


LaTeX Font Warning: Font shape `OT1/cmss/bx/it' undefined
(Font)              using `OT1/cmss/bx/n' instead on input line 470.

[63

 <./stuffs/tunes.png>]
File: stuffs/tunes.png Graphic file (type png)
 <use stuffs/tunes.png>
Package pdftex.def Info: stuffs/tunes.png used on input line 470.
(pdftex.def)             Requested size: 289.07999pt x 114.10344pt.
 [64

]
File: stuffs/tunes.png Graphic file (type png)
 <use stuffs/tunes.png>
Package pdftex.def Info: stuffs/tunes.png used on input line 470.
(pdftex.def)             Requested size: 289.07999pt x 114.10344pt.

[65

]
File: stuffs/tunes.png Graphic file (type png)
 <use stuffs/tunes.png>
Package pdftex.def Info: stuffs/tunes.png used on input line 470.
(pdftex.def)             Requested size: 289.07999pt x 114.10344pt.
 [66

]
File: stuffs/tunes.png Graphic file (type png)
 <use stuffs/tunes.png>
Package pdftex.def Info: stuffs/tunes.png used on input line 470.
(pdftex.def)             Requested size: 289.07999pt x 114.10344pt.
 [67

]
File: stuffs/tunes.png Graphic file (type png)

<use stuffs/tunes.png>
Package pdftex.def Info: stuffs/tunes.png used on input line 470.
(pdftex.def)             Requested size: 289.07999pt x 114.10344pt.
 [68

]
File: stuffs/tunes.png Graphic file (type png)
 <use stuffs/tunes.png>
Package pdftex.def Info: stuffs/tunes.png used on input line 470.
(pdftex.def)             Requested size: 289.07999pt x 114.10344pt.
 [69

]
File: stuffs/tunes.png Graphic file (type png)
 <use stuffs/tunes.png>
Package pdftex.def Info: stuffs/tunes.png used on input line 470.
(pdftex.def)             Requested size: 289.07999pt x 114.10344pt.

[70

] [71

] [72

] [73

] [74

] [75

] [76

] [77

] [78

] [79

] [80

]
<stuffs/pd3.png, id=2092, 646.415pt x 511.9125pt>
File: stuffs/pd3.png Graphic file (type png)
 <use stuffs/pd3.png>
Package pdftex.def Info: stuffs/pd3.png used on input line 580.
(pdftex.def)             Requested size: 108.405pt x 85.84448pt.

<stuffs/pd4.png, id=2093, 644.4075pt x 503.8825pt>
File: stuffs/pd4.png Graphic file (type png)
 <use stuffs/pd4.png>
Package pdftex.def Info: stuffs/pd4.png used on input line 580.
(pdftex.def)             Requested size: 108.405pt x 84.75932pt.

<stuffs/pd5.png, id=2094, 523.9575pt x 327.2225pt>
File: stuffs/pd5.png Graphic file (type png)
 <use stuffs/pd5.png>
Package pdftex.def Info: stuffs/pd5.png used on input line 580.
(pdftex.def)             Requested size: 144.54pt x 90.26857pt.

Overfull \vbox (4.23448pt too high) detected at line 580
 []

[81

 <./stuffs/pd3.png> <./stuffs/pd4.png> <./stuffs/pd5.png>]
File: stuffs/pd3.png Graphic file (type png)

<use stuffs/pd3.png>
Package pdftex.def Info: stuffs/pd3.png used on input line 580.
(pdftex.def)             Requested size: 108.405pt x 85.84448pt.
File: stuffs/pd4.png Graphic file (type png)
 <use stuffs/pd4.png>
Package pdftex.def Info: stuffs/pd4.png used on input line 580.
(pdftex.def)             Requested size: 108.405pt x 84.75932pt.
File: stuffs/pd5.png Graphic file (type png)
 <use stuffs/pd5.png>
Package pdftex.def Info: stuffs/pd5.png used on input line 580.
(pdftex.def)             Requested size: 144.54pt x 90.26857pt.

Overfull \vbox (4.23448pt too high) detected at line 580
 []

[82

]
File: stuffs/pd3.png Graphic file (type png)
 <use stuffs/pd3.png>
Package pdftex.def Info: stuffs/pd3.png used on input line 580.
(pdftex.def)             Requested size: 108.405pt x 85.84448pt.
File: stuffs/pd4.png Graphic file (type png)
 <use stuffs/pd4.png>
Package pdftex.def Info: stuffs/pd4.png used on input line 580.
(pdftex.def)             Requested size: 108.405pt x 84.75932pt.
File: stuffs/pd5.png Graphic file (type png)
 <use stuffs/pd5.png>
Package pdftex.def Info: stuffs/pd5.png used on input line 580.
(pdftex.def)             Requested size: 144.54pt x 90.26857pt.

Overfull \vbox (4.23448pt too high) detected at line 580
 []

[83

]
File: stuffs/pd3.png Graphic file (type png)
 <use stuffs/pd3.png>
Package pdftex.def Info: stuffs/pd3.png used on input line 580.
(pdftex.def)             Requested size: 108.405pt x 85.84448pt.
File: stuffs/pd4.png Graphic file (type png)
 <use stuffs/pd4.png>
Package pdftex.def Info: stuffs/pd4.png used on input line 580.
(pdftex.def)             Requested size: 108.405pt x 84.75932pt.
File: stuffs/pd5.png Graphic file (type png)
 <use stuffs/pd5.png>
Package pdftex.def Info: stuffs/pd5.png used on input line 580.
(pdftex.def)             Requested size: 144.54pt x 90.26857pt.

Overfull \vbox (4.23448pt too high) detected at line 580
 []

[84

] [85

] <stuffs/boston.png, id=2226, 570.13pt x 350.30875pt>
File: stuffs/boston.png Graphic file (type png)

<use stuffs/boston.png>
Package pdftex.def Info: stuffs/boston.png used on input line 613.
(pdftex.def)             Requested size: 198.7425pt x 122.11278pt.
 [86

 <./stuffs/boston.png>]
File: stuffs/boston.png Graphic file (type png)
 <use stuffs/boston.png>
Package pdftex.def Info: stuffs/boston.png used on input line 613.
(pdftex.def)             Requested size: 198.7425pt x 122.11278pt.

[87

]
File: stuffs/boston.png Graphic file (type png)
 <use stuffs/boston.png>
Package pdftex.def Info: stuffs/boston.png used on input line 613.
(pdftex.def)             Requested size: 198.7425pt x 122.11278pt.
 [88

]
File: stuffs/boston.png Graphic file (type png)
 <use stuffs/boston.png>
Package pdftex.def Info: stuffs/boston.png used on input line 613.
(pdftex.def)             Requested size: 198.7425pt x 122.11278pt.
 [89

]
<stuffs/boston2.png, id=2329, 512.91624pt x 318.18875pt>
File: stuffs/boston2.png Graphic file (type png)

<use stuffs/boston2.png>
Package pdftex.def Info: stuffs/boston2.png used on input line 635.
(pdftex.def)             Requested size: 198.7425pt x 123.29199pt.
 [90

 <./stuffs/boston2.png>]
File: stuffs/boston2.png Graphic file (type png)
 <use stuffs/boston2.png>
Package pdftex.def Info: stuffs/boston2.png used on input line 635.
(pdftex.def)             Requested size: 198.7425pt x 123.29199pt.

[91

]
File: stuffs/boston2.png Graphic file (type png)
 <use stuffs/boston2.png>
Package pdftex.def Info: stuffs/boston2.png used on input line 635.
(pdftex.def)             Requested size: 198.7425pt x 123.29199pt.
 [92

]
File: stuffs/boston2.png Graphic file (type png)
 <use stuffs/boston2.png>
Package pdftex.def Info: stuffs/boston2.png used on input line 635.
(pdftex.def)             Requested size: 198.7425pt x 123.29199pt.
 [93

]
<stuffs/flow.png, id=2433, 804.00375pt x 397.485pt>
File: stuffs/flow.png Graphic file (type png)
 <use stuffs/flow.png>
Package pdftex.def Info: stuffs/flow.png used on input line 654.
(pdftex.def)             Requested size: 285.7975pt x 141.28798pt.

Overfull \hbox (0.40768pt too wide) in paragraph at lines 654--654
 [] 
 []

[94

 <./stuffs/flow.png>]
File: stuffs/flow.png Graphic file (type png)
 <use stuffs/flow.png>
Package pdftex.def Info: stuffs/flow.png used on input line 654.
(pdftex.def)             Requested size: 285.7975pt x 141.28798pt.

Overfull \hbox (0.40768pt too wide) in paragraph at lines 654--654
 [] 
 []

[95

]
File: stuffs/flow.png Graphic file (type png)
 <use stuffs/flow.png>
Package pdftex.def Info: stuffs/flow.png used on input line 654.
(pdftex.def)             Requested size: 285.7975pt x 141.28798pt.

Overfull \hbox (0.40768pt too wide) in paragraph at lines 654--654
 [] 
 []

[96

]
File: stuffs/flow.png Graphic file (type png)
 <use stuffs/flow.png>
Package pdftex.def Info: stuffs/flow.png used on input line 654.
(pdftex.def)             Requested size: 285.7975pt x 141.28798pt.

Overfull \hbox (0.40768pt too wide) in paragraph at lines 654--654
 [] 
 []

[97

]
File: stuffs/flow.png Graphic file (type png)
 <use stuffs/flow.png>
Package pdftex.def Info: stuffs/flow.png used on input line 654.
(pdftex.def)             Requested size: 285.7975pt x 141.28798pt.

Overfull \hbox (0.40768pt too wide) in paragraph at lines 654--654
 [] 
 []

[98

] <stuffs/flow2.png, id=2562, 606.76688pt x 355.3275pt>
File: stuffs/flow2.png Graphic file (type png)

<use stuffs/flow2.png>
Package pdftex.def Info: stuffs/flow2.png used on input line 672.
(pdftex.def)             Requested size: 233.24951pt x 136.59026pt.
 [99

 <./stuffs/flow2.png>] [100

] [101

] [102

] [103

]
[104

]
\tf@nav=\write7
\openout7 = `bNrf.nav'.

\tf@toc=\write8
\openout8 = `bNrf.toc'.

\tf@snm=\write9
\openout9 = `bNrf.snm'.

Package atveryend Info: Empty hook `BeforeClearDocument' on input line 709.
Package atveryend Info: Empty hook `AfterLastShipout' on input line 709.
 (./bNrf.aux)
Package atveryend Info: Executing hook `AtVeryEndDocument' on input line 709.
Package atveryend Info: Executing hook `AtEndAfterFileList' on input line 709.
Package rerunfilecheck Info: File `bNrf.out' has not changed.
(rerunfilecheck)             Checksum: D41D8CD98F00B204E9800998ECF8427E;0.


LaTeX Font Warning: Size substitutions with differences
(Font)              up to 1.0pt have occurred.


LaTeX Font Warning: Some font shapes were not available, defaults substituted.

Package atveryend Info: Empty hook `AtVeryVeryEnd' on input line 709.
 ) 
Here is how much of TeX's memory you used:
 19423 strings out of 493014
 355877 string characters out of 6133351
 466812 words of memory out of 5000000
 22264 multiletter control sequences out of 15000+600000
 40239 words of font info for 134 fonts, out of 8000000 for 9000
 1141 hyphenation exceptions out of 8191
 56i,16n,55p,542b,681s stack positions out of 5000i,500n,10000p,200000b,80000s
{/usr/local/texlive/2016/texmf-dist/fonts/enc/dvips/cm-super/cm-super-t1.enc}
 </Users/schwarls37/Library/texlive/2016/texmf-var/fonts/pk/ljfour/public/knuth
-local/domino.600pk></usr/local/texlive/2016/texmf-dist/fonts/type1/public/amsf
onts/cm/cmex10.pfb></usr/local/texlive/2016/texmf-dist/fonts/type1/public/amsfo
nts/cm/cmmi10.pfb></usr/local/texlive/2016/texmf-dist/fonts/type1/public/amsfon
ts/cm/cmmi12.pfb></usr/local/texlive/2016/texmf-dist/fonts/type1/public/amsfont
s/cm/cmmi7.pfb></usr/local/texlive/2016/texmf-dist/fonts/type1/public/amsfonts/
cm/cmr6.pfb></usr/local/texlive/2016/texmf-dist/fonts/type1/public/amsfonts/cm/
cmss10.pfb></usr/local/texlive/2016/texmf-dist/fonts/type1/public/amsfonts/cm/c
mss12.pfb></usr/local/texlive/2016/texmf-dist/fonts/type1/public/amsfonts/cm/cm
ss17.pfb></usr/local/texlive/2016/texmf-dist/fonts/type1/public/amsfonts/cm/cms
s8.pfb></usr/local/texlive/2016/texmf-dist/fonts/type1/public/amsfonts/cm/cmss9
.pfb></usr/local/texlive/2016/texmf-dist/fonts/type1/public/amsfonts/cm/cmssbx1
0.pfb></usr/local/texlive/2016/texmf-dist/fonts/type1/public/amsfonts/cm/cmssi1
0.pfb></usr/local/texlive/2016/texmf-dist/fonts/type1/public/amsfonts/cm/cmssi1
2.pfb></usr/local/texlive/2016/texmf-dist/fonts/type1/public/amsfonts/cm/cmssi1
7.pfb></usr/local/texlive/2016/texmf-dist/fonts/type1/public/amsfonts/cm/cmssi8
.pfb></usr/local/texlive/2016/texmf-dist/fonts/type1/public/amsfonts/cm/cmsy10.
pfb></usr/local/texlive/2016/texmf-dist/fonts/type1/public/amsfonts/cm/cmsy8.pf
b></usr/local/texlive/2016/texmf-dist/fonts/type1/public/amsfonts/cm/cmtt10.pfb
></usr/local/texlive/2016/texmf-dist/fonts/type1/public/amsfonts/symbols/msam10
.pfb></usr/local/texlive/2016/texmf-dist/fonts/type1/public/amsfonts/symbols/ms
am7.pfb></usr/local/texlive/2016/texmf-dist/fonts/type1/public/cm-super/sfso100
0.pfb></usr/local/texlive/2016/texmf-dist/fonts/type1/public/cm-super/sfso1728.
pfb>
Output written on bNrf.pdf (104 pages, 5691997 bytes).
PDF statistics:
 2841 PDF objects out of 2984 (max. 8388607)
 2645 compressed objects within 27 object streams
 209 named destinations out of 1000 (max. 500000)
 128 words of extra memory for PDF output out of 10000 (max. 10000000)

