This is pdfTeX, Version 3.14159265-2.6-1.40.17 (TeX Live 2016) (preloaded format=pdflatex 2016.5.22)  20 SEP 2017 10:59
entering extended mode
 restricted \write18 enabled.
 file:line:error style messages enabled.
 %&-line parsing enabled.
**probs.tex
(./probs.tex
LaTeX2e <2016/03/31>
Babel <3.9r> and hyphenation patterns for 83 language(s) loaded.
(/usr/local/texlive/2016/texmf-dist/tex/latex/beamer/beamer.cls
(/usr/local/texlive/2016/texmf-dist/tex/latex/beamer/beamerbasercs.sty
Package: beamerbasercs 2015/03/08 (rcs-revision 368aa9ba9d38)
)
Document Class: beamer 2015/01/05 3.36 A class for typesetting presentations (r
cs-revision 8a39122e1f63)
(/usr/local/texlive/2016/texmf-dist/tex/latex/beamer/beamerbasemodes.sty
Package: beamerbasemodes 2013/09/03 (rcs-revision 768f2d98ca64)
\beamer@tempbox=\box26
\beamer@tempcount=\count79
\c@beamerpauses=\count80

(/usr/local/texlive/2016/texmf-dist/tex/latex/beamer/beamerbasedecode.sty
Package: beamerbasedecode 2010/05/01 (rcs-revision efa082c6111d)
\beamer@slideinframe=\count81
\beamer@minimum=\count82
)
\beamer@commentbox=\box27
\beamer@modecount=\count83
)
(/usr/local/texlive/2016/texmf-dist/tex/generic/oberdiek/ifpdf.sty
Package: ifpdf 2016/05/14 v3.1 Provides the ifpdf switch
)
\headheight=\dimen102
\headdp=\dimen103
\footheight=\dimen104
\sidebarheight=\dimen105
\beamer@tempdim=\dimen106
\beamer@finalheight=\dimen107
\beamer@animht=\dimen108
\beamer@animdp=\dimen109
\beamer@animwd=\dimen110
\beamer@leftmargin=\dimen111
\beamer@rightmargin=\dimen112
\beamer@leftsidebar=\dimen113
\beamer@rightsidebar=\dimen114
\beamer@boxsize=\dimen115
\beamer@vboxoffset=\dimen116
\beamer@descdefault=\dimen117
\beamer@descriptionwidth=\dimen118
\beamer@lastskip=\skip41
\beamer@areabox=\box28
\beamer@animcurrent=\box29
\beamer@animshowbox=\box30
\beamer@sectionbox=\box31
\beamer@logobox=\box32
\beamer@linebox=\box33
\beamer@sectioncount=\count84
\beamer@subsubsectionmax=\count85
\beamer@subsectionmax=\count86
\beamer@sectionmax=\count87
\beamer@totalheads=\count88
\beamer@headcounter=\count89
\beamer@partstartpage=\count90
\beamer@sectionstartpage=\count91
\beamer@subsectionstartpage=\count92
\beamer@animationtempa=\count93
\beamer@animationtempb=\count94
\beamer@xpos=\count95
\beamer@ypos=\count96
\beamer@showpartnumber=\count97
\beamer@currentsubsection=\count98
\beamer@coveringdepth=\count99
\beamer@sectionadjust=\count100
\beamer@tocsectionnumber=\count101

(/usr/local/texlive/2016/texmf-dist/tex/latex/beamer/beamerbaseoptions.sty
Package: beamerbaseoptions 2013/03/10 (rcs-revision 47431932db0d)

(/usr/local/texlive/2016/texmf-dist/tex/latex/graphics/keyval.sty
Package: keyval 2014/10/28 v1.15 key=value parser (DPC)
\KV@toks@=\toks14
))
\beamer@paperwidth=\skip42
\beamer@paperheight=\skip43

(/usr/local/texlive/2016/texmf-dist/tex/latex/geometry/geometry.sty
Package: geometry 2010/09/12 v5.6 Page Geometry

(/usr/local/texlive/2016/texmf-dist/tex/generic/oberdiek/ifvtex.sty
Package: ifvtex 2016/05/16 v1.6 Detect VTeX and its facilities (HO)
Package ifvtex Info: VTeX not detected.
)
(/usr/local/texlive/2016/texmf-dist/tex/generic/ifxetex/ifxetex.sty
Package: ifxetex 2010/09/12 v0.6 Provides ifxetex conditional
)
\Gm@cnth=\count102
\Gm@cntv=\count103
\c@Gm@tempcnt=\count104
\Gm@bindingoffset=\dimen119
\Gm@wd@mp=\dimen120
\Gm@odd@mp=\dimen121
\Gm@even@mp=\dimen122
\Gm@layoutwidth=\dimen123
\Gm@layoutheight=\dimen124
\Gm@layouthoffset=\dimen125
\Gm@layoutvoffset=\dimen126
\Gm@dimlist=\toks15
)
(/usr/local/texlive/2016/texmf-dist/tex/latex/base/size11.clo
File: size11.clo 2014/09/29 v1.4h Standard LaTeX file (size option)
)
(/usr/local/texlive/2016/texmf-dist/tex/latex/pgf/basiclayer/pgfcore.sty
(/usr/local/texlive/2016/texmf-dist/tex/latex/graphics/graphicx.sty
Package: graphicx 2014/10/28 v1.0g Enhanced LaTeX Graphics (DPC,SPQR)

(/usr/local/texlive/2016/texmf-dist/tex/latex/graphics/graphics.sty
Package: graphics 2016/05/09 v1.0r Standard LaTeX Graphics (DPC,SPQR)

(/usr/local/texlive/2016/texmf-dist/tex/latex/graphics/trig.sty
Package: trig 2016/01/03 v1.10 sin cos tan (DPC)
)
(/usr/local/texlive/2016/texmf-dist/tex/latex/graphics-cfg/graphics.cfg
File: graphics.cfg 2016/01/02 v1.10 sample graphics configuration
)
Package graphics Info: Driver file: pdftex.def on input line 96.

(/usr/local/texlive/2016/texmf-dist/tex/latex/pdftex-def/pdftex.def
File: pdftex.def 2011/05/27 v0.06d Graphics/color for pdfTeX

(/usr/local/texlive/2016/texmf-dist/tex/generic/oberdiek/infwarerr.sty
Package: infwarerr 2016/05/16 v1.4 Providing info/warning/error messages (HO)
)
(/usr/local/texlive/2016/texmf-dist/tex/generic/oberdiek/ltxcmds.sty
Package: ltxcmds 2016/05/16 v1.23 LaTeX kernel commands for general use (HO)
)
\Gread@gobject=\count105
))
\Gin@req@height=\dimen127
\Gin@req@width=\dimen128
)
(/usr/local/texlive/2016/texmf-dist/tex/latex/pgf/systemlayer/pgfsys.sty
(/usr/local/texlive/2016/texmf-dist/tex/latex/pgf/utilities/pgfrcs.sty
(/usr/local/texlive/2016/texmf-dist/tex/generic/pgf/utilities/pgfutil-common.te
x
\pgfutil@everybye=\toks16
\pgfutil@tempdima=\dimen129
\pgfutil@tempdimb=\dimen130

(/usr/local/texlive/2016/texmf-dist/tex/generic/pgf/utilities/pgfutil-common-li
sts.tex))
(/usr/local/texlive/2016/texmf-dist/tex/generic/pgf/utilities/pgfutil-latex.def
\pgfutil@abb=\box34
(/usr/local/texlive/2016/texmf-dist/tex/latex/ms/everyshi.sty
Package: everyshi 2001/05/15 v3.00 EveryShipout Package (MS)
))
(/usr/local/texlive/2016/texmf-dist/tex/generic/pgf/utilities/pgfrcs.code.tex
Package: pgfrcs 2015/08/07 v3.0.1a (rcs-revision 1.31)
))
(/usr/local/texlive/2016/texmf-dist/tex/generic/pgf/systemlayer/pgfsys.code.tex
Package: pgfsys 2014/07/09 v3.0.1a (rcs-revision 1.48)
(/usr/local/texlive/2016/texmf-dist/tex/generic/pgf/utilities/pgfkeys.code.tex
\pgfkeys@pathtoks=\toks17
\pgfkeys@temptoks=\toks18

(/usr/local/texlive/2016/texmf-dist/tex/generic/pgf/utilities/pgfkeysfiltered.c
ode.tex
\pgfkeys@tmptoks=\toks19
))
\pgf@x=\dimen131
\pgf@y=\dimen132
\pgf@xa=\dimen133
\pgf@ya=\dimen134
\pgf@xb=\dimen135
\pgf@yb=\dimen136
\pgf@xc=\dimen137
\pgf@yc=\dimen138
\w@pgf@writea=\write3
\r@pgf@reada=\read1
\c@pgf@counta=\count106
\c@pgf@countb=\count107
\c@pgf@countc=\count108
\c@pgf@countd=\count109
\t@pgf@toka=\toks20
\t@pgf@tokb=\toks21
\t@pgf@tokc=\toks22

(/usr/local/texlive/2016/texmf-dist/tex/generic/pgf/systemlayer/pgf.cfg
File: pgf.cfg 2008/05/14  (rcs-revision 1.7)
)
Driver file for pgf: pgfsys-pdftex.def

(/usr/local/texlive/2016/texmf-dist/tex/generic/pgf/systemlayer/pgfsys-pdftex.d
ef
File: pgfsys-pdftex.def 2014/10/11  (rcs-revision 1.35)

(/usr/local/texlive/2016/texmf-dist/tex/generic/pgf/systemlayer/pgfsys-common-p
df.def
File: pgfsys-common-pdf.def 2013/10/10  (rcs-revision 1.13)
)))
(/usr/local/texlive/2016/texmf-dist/tex/generic/pgf/systemlayer/pgfsyssoftpath.
code.tex
File: pgfsyssoftpath.code.tex 2013/09/09  (rcs-revision 1.9)
\pgfsyssoftpath@smallbuffer@items=\count110
\pgfsyssoftpath@bigbuffer@items=\count111
)
(/usr/local/texlive/2016/texmf-dist/tex/generic/pgf/systemlayer/pgfsysprotocol.
code.tex
File: pgfsysprotocol.code.tex 2006/10/16  (rcs-revision 1.4)
)) (/usr/local/texlive/2016/texmf-dist/tex/latex/xcolor/xcolor.sty
Package: xcolor 2016/05/11 v2.12 LaTeX color extensions (UK)

(/usr/local/texlive/2016/texmf-dist/tex/latex/graphics-cfg/color.cfg
File: color.cfg 2016/01/02 v1.6 sample color configuration
)
Package xcolor Info: Driver file: pdftex.def on input line 225.
Package xcolor Info: Model `cmy' substituted by `cmy0' on input line 1348.
Package xcolor Info: Model `hsb' substituted by `rgb' on input line 1352.
Package xcolor Info: Model `RGB' extended on input line 1364.
Package xcolor Info: Model `HTML' substituted by `rgb' on input line 1366.
Package xcolor Info: Model `Hsb' substituted by `hsb' on input line 1367.
Package xcolor Info: Model `tHsb' substituted by `hsb' on input line 1368.
Package xcolor Info: Model `HSB' substituted by `hsb' on input line 1369.
Package xcolor Info: Model `Gray' substituted by `gray' on input line 1370.
Package xcolor Info: Model `wave' substituted by `hsb' on input line 1371.

(/usr/local/texlive/2016/texmf-dist/tex/latex/graphics/dvipsnam.def
File: dvipsnam.def 2015/12/30 v3.0k Driver-dependent file (DPC,SPQR)
))
(/usr/local/texlive/2016/texmf-dist/tex/generic/pgf/basiclayer/pgfcore.code.tex
Package: pgfcore 2010/04/11 v3.0.1a (rcs-revision 1.7)
(/usr/local/texlive/2016/texmf-dist/tex/generic/pgf/math/pgfmath.code.tex
(/usr/local/texlive/2016/texmf-dist/tex/generic/pgf/math/pgfmathcalc.code.tex
(/usr/local/texlive/2016/texmf-dist/tex/generic/pgf/math/pgfmathutil.code.tex)
(/usr/local/texlive/2016/texmf-dist/tex/generic/pgf/math/pgfmathparser.code.tex
\pgfmath@dimen=\dimen139
\pgfmath@count=\count112
\pgfmath@box=\box35
\pgfmath@toks=\toks23
\pgfmath@stack@operand=\toks24
\pgfmath@stack@operation=\toks25
)
(/usr/local/texlive/2016/texmf-dist/tex/generic/pgf/math/pgfmathfunctions.code.
tex
(/usr/local/texlive/2016/texmf-dist/tex/generic/pgf/math/pgfmathfunctions.basic
.code.tex)
(/usr/local/texlive/2016/texmf-dist/tex/generic/pgf/math/pgfmathfunctions.trigo
nometric.code.tex)
(/usr/local/texlive/2016/texmf-dist/tex/generic/pgf/math/pgfmathfunctions.rando
m.code.tex)
(/usr/local/texlive/2016/texmf-dist/tex/generic/pgf/math/pgfmathfunctions.compa
rison.code.tex)
(/usr/local/texlive/2016/texmf-dist/tex/generic/pgf/math/pgfmathfunctions.base.
code.tex)
(/usr/local/texlive/2016/texmf-dist/tex/generic/pgf/math/pgfmathfunctions.round
.code.tex)
(/usr/local/texlive/2016/texmf-dist/tex/generic/pgf/math/pgfmathfunctions.misc.
code.tex)
(/usr/local/texlive/2016/texmf-dist/tex/generic/pgf/math/pgfmathfunctions.integ
erarithmetics.code.tex)))
(/usr/local/texlive/2016/texmf-dist/tex/generic/pgf/math/pgfmathfloat.code.tex
\c@pgfmathroundto@lastzeros=\count113
))
(/usr/local/texlive/2016/texmf-dist/tex/generic/pgf/basiclayer/pgfcorepoints.co
de.tex
File: pgfcorepoints.code.tex 2013/10/07  (rcs-revision 1.27)
\pgf@picminx=\dimen140
\pgf@picmaxx=\dimen141
\pgf@picminy=\dimen142
\pgf@picmaxy=\dimen143
\pgf@pathminx=\dimen144
\pgf@pathmaxx=\dimen145
\pgf@pathminy=\dimen146
\pgf@pathmaxy=\dimen147
\pgf@xx=\dimen148
\pgf@xy=\dimen149
\pgf@yx=\dimen150
\pgf@yy=\dimen151
\pgf@zx=\dimen152
\pgf@zy=\dimen153
)
(/usr/local/texlive/2016/texmf-dist/tex/generic/pgf/basiclayer/pgfcorepathconst
ruct.code.tex
File: pgfcorepathconstruct.code.tex 2013/10/07  (rcs-revision 1.29)
\pgf@path@lastx=\dimen154
\pgf@path@lasty=\dimen155
)
(/usr/local/texlive/2016/texmf-dist/tex/generic/pgf/basiclayer/pgfcorepathusage
.code.tex
File: pgfcorepathusage.code.tex 2014/11/02  (rcs-revision 1.24)
\pgf@shorten@end@additional=\dimen156
\pgf@shorten@start@additional=\dimen157
)
(/usr/local/texlive/2016/texmf-dist/tex/generic/pgf/basiclayer/pgfcorescopes.co
de.tex
File: pgfcorescopes.code.tex 2015/05/08  (rcs-revision 1.46)
\pgfpic=\box36
\pgf@hbox=\box37
\pgf@layerbox@main=\box38
\pgf@picture@serial@count=\count114
)
(/usr/local/texlive/2016/texmf-dist/tex/generic/pgf/basiclayer/pgfcoregraphicst
ate.code.tex
File: pgfcoregraphicstate.code.tex 2014/11/02  (rcs-revision 1.12)
\pgflinewidth=\dimen158
)
(/usr/local/texlive/2016/texmf-dist/tex/generic/pgf/basiclayer/pgfcoretransform
ations.code.tex
File: pgfcoretransformations.code.tex 2015/08/07  (rcs-revision 1.20)
\pgf@pt@x=\dimen159
\pgf@pt@y=\dimen160
\pgf@pt@temp=\dimen161
)
(/usr/local/texlive/2016/texmf-dist/tex/generic/pgf/basiclayer/pgfcorequick.cod
e.tex
File: pgfcorequick.code.tex 2008/10/09  (rcs-revision 1.3)
)
(/usr/local/texlive/2016/texmf-dist/tex/generic/pgf/basiclayer/pgfcoreobjects.c
ode.tex
File: pgfcoreobjects.code.tex 2006/10/11  (rcs-revision 1.2)
)
(/usr/local/texlive/2016/texmf-dist/tex/generic/pgf/basiclayer/pgfcorepathproce
ssing.code.tex
File: pgfcorepathprocessing.code.tex 2013/09/09  (rcs-revision 1.9)
)
(/usr/local/texlive/2016/texmf-dist/tex/generic/pgf/basiclayer/pgfcorearrows.co
de.tex
File: pgfcorearrows.code.tex 2015/05/14  (rcs-revision 1.43)
\pgfarrowsep=\dimen162
)
(/usr/local/texlive/2016/texmf-dist/tex/generic/pgf/basiclayer/pgfcoreshade.cod
e.tex
File: pgfcoreshade.code.tex 2013/07/15  (rcs-revision 1.15)
\pgf@max=\dimen163
\pgf@sys@shading@range@num=\count115
)
(/usr/local/texlive/2016/texmf-dist/tex/generic/pgf/basiclayer/pgfcoreimage.cod
e.tex
File: pgfcoreimage.code.tex 2013/07/15  (rcs-revision 1.18)

(/usr/local/texlive/2016/texmf-dist/tex/generic/pgf/basiclayer/pgfcoreexternal.
code.tex
File: pgfcoreexternal.code.tex 2014/07/09  (rcs-revision 1.21)
\pgfexternal@startupbox=\box39
))
(/usr/local/texlive/2016/texmf-dist/tex/generic/pgf/basiclayer/pgfcorelayers.co
de.tex
File: pgfcorelayers.code.tex 2013/07/18  (rcs-revision 1.7)
)
(/usr/local/texlive/2016/texmf-dist/tex/generic/pgf/basiclayer/pgfcoretranspare
ncy.code.tex
File: pgfcoretransparency.code.tex 2013/09/30  (rcs-revision 1.5)
)
(/usr/local/texlive/2016/texmf-dist/tex/generic/pgf/basiclayer/pgfcorepatterns.
code.tex
File: pgfcorepatterns.code.tex 2013/11/07  (rcs-revision 1.5)
)))
(/usr/local/texlive/2016/texmf-dist/tex/latex/pgf/utilities/xxcolor.sty
Package: xxcolor 2003/10/24 ver 0.1
\XC@nummixins=\count116
\XC@countmixins=\count117
)
(/usr/local/texlive/2016/texmf-dist/tex/generic/oberdiek/atbegshi.sty
Package: atbegshi 2016/05/16 v1.17 At begin shipout hook (HO)
)
(/usr/local/texlive/2016/texmf-dist/tex/latex/hyperref/hyperref.sty
Package: hyperref 2016/05/05 v6.83n Hypertext links for LaTeX

(/usr/local/texlive/2016/texmf-dist/tex/generic/oberdiek/hobsub-hyperref.sty
Package: hobsub-hyperref 2016/05/16 v1.14 Bundle oberdiek, subset hyperref (HO)


(/usr/local/texlive/2016/texmf-dist/tex/generic/oberdiek/hobsub-generic.sty
Package: hobsub-generic 2016/05/16 v1.14 Bundle oberdiek, subset generic (HO)
Package: hobsub 2016/05/16 v1.14 Construct package bundles (HO)
Package hobsub Info: Skipping package `infwarerr' (already loaded).
Package hobsub Info: Skipping package `ltxcmds' (already loaded).
Package: ifluatex 2016/05/16 v1.4 Provides the ifluatex switch (HO)
Package ifluatex Info: LuaTeX not detected.
Package hobsub Info: Skipping package `ifvtex' (already loaded).
Package: intcalc 2016/05/16 v1.2 Expandable calculations with integers (HO)
Package hobsub Info: Skipping package `ifpdf' (already loaded).
Package: etexcmds 2016/05/16 v1.6 Avoid name clashes with e-TeX commands (HO)
Package etexcmds Info: Could not find \expanded.
(etexcmds)             That can mean that you are not using pdfTeX 1.50 or
(etexcmds)             that some package has redefined \expanded.
(etexcmds)             In the latter case, load this package earlier.
Package: kvsetkeys 2016/05/16 v1.17 Key value parser (HO)
Package: kvdefinekeys 2016/05/16 v1.4 Define keys (HO)
Package: pdftexcmds 2016/05/10 v0.21 Utility functions of pdfTeX for LuaTeX (HO
)
Package pdftexcmds Info: LuaTeX not detected.
Package pdftexcmds Info: \pdf@primitive is available.
Package pdftexcmds Info: \pdf@ifprimitive is available.
Package pdftexcmds Info: \pdfdraftmode found.
Package: pdfescape 2016/05/16 v1.14 Implements pdfTeX's escape features (HO)
Package: bigintcalc 2016/05/16 v1.4 Expandable calculations on big integers (HO
)
Package: bitset 2016/05/16 v1.2 Handle bit-vector datatype (HO)
Package: uniquecounter 2016/05/16 v1.3 Provide unlimited unique counter (HO)
)
Package hobsub Info: Skipping package `hobsub' (already loaded).
Package: letltxmacro 2016/05/16 v1.5 Let assignment for LaTeX macros (HO)
Package: hopatch 2016/05/16 v1.3 Wrapper for package hooks (HO)
Package: xcolor-patch 2016/05/16 xcolor patch
Package: atveryend 2016/05/16 v1.9 Hooks at the very end of document (HO)
Package atveryend Info: \enddocument detected (standard20110627).
Package hobsub Info: Skipping package `atbegshi' (already loaded).
Package: refcount 2016/05/16 v3.5 Data extraction from label references (HO)
Package: hycolor 2016/05/16 v1.8 Color options for hyperref/bookmark (HO)
)
(/usr/local/texlive/2016/texmf-dist/tex/latex/oberdiek/auxhook.sty
Package: auxhook 2016/05/16 v1.4 Hooks for auxiliary files (HO)
)
(/usr/local/texlive/2016/texmf-dist/tex/latex/oberdiek/kvoptions.sty
Package: kvoptions 2016/05/16 v3.12 Key value format for package options (HO)
)
\@linkdim=\dimen164
\Hy@linkcounter=\count118
\Hy@pagecounter=\count119

(/usr/local/texlive/2016/texmf-dist/tex/latex/hyperref/pd1enc.def
File: pd1enc.def 2016/05/05 v6.83n Hyperref: PDFDocEncoding definition (HO)
)
\Hy@SavedSpaceFactor=\count120

(/usr/local/texlive/2016/texmf-dist/tex/latex/latexconfig/hyperref.cfg
File: hyperref.cfg 2002/06/06 v1.2 hyperref configuration of TeXLive
)
Package hyperref Info: Option `bookmarks' set `true' on input line 4322.
Package hyperref Info: Option `bookmarksopen' set `true' on input line 4322.
Package hyperref Info: Option `implicit' set `false' on input line 4322.
Package hyperref Info: Hyper figures OFF on input line 4446.
Package hyperref Info: Link nesting OFF on input line 4451.
Package hyperref Info: Hyper index ON on input line 4454.
Package hyperref Info: Plain pages OFF on input line 4461.
Package hyperref Info: Backreferencing OFF on input line 4466.
Package hyperref Info: Implicit mode OFF; no redefinition of LaTeX internals.
Package hyperref Info: Bookmarks ON on input line 4691.
\c@Hy@tempcnt=\count121

(/usr/local/texlive/2016/texmf-dist/tex/latex/url/url.sty
\Urlmuskip=\muskip10
Package: url 2013/09/16  ver 3.4  Verb mode for urls, etc.
)
LaTeX Info: Redefining \url on input line 5044.
\XeTeXLinkMargin=\dimen165
\Fld@menulength=\count122
\Field@Width=\dimen166
\Fld@charsize=\dimen167
Package hyperref Info: Hyper figures OFF on input line 6298.
Package hyperref Info: Link nesting OFF on input line 6303.
Package hyperref Info: Hyper index ON on input line 6306.
Package hyperref Info: backreferencing OFF on input line 6313.
Package hyperref Info: Link coloring OFF on input line 6318.
Package hyperref Info: Link coloring with OCG OFF on input line 6323.
Package hyperref Info: PDF/A mode OFF on input line 6328.
LaTeX Info: Redefining \ref on input line 6368.
LaTeX Info: Redefining \pageref on input line 6372.
\Hy@abspage=\count123


Package hyperref Message: Stopped early.

)

Package hyperref Message: Driver (autodetected): hpdftex.

(/usr/local/texlive/2016/texmf-dist/tex/latex/hyperref/hpdftex.def
File: hpdftex.def 2016/05/05 v6.83n Hyperref driver for pdfTeX
\Fld@listcount=\count124
\c@bookmark@seq@number=\count125

(/usr/local/texlive/2016/texmf-dist/tex/latex/oberdiek/rerunfilecheck.sty
Package: rerunfilecheck 2016/05/16 v1.8 Rerun checks for auxiliary files (HO)
Package uniquecounter Info: New unique counter `rerunfilecheck' on input line 2
82.
))
(/usr/local/texlive/2016/texmf-dist/tex/latex/beamer/beamerbaserequires.sty
Package: beamerbaserequires 2010/05/01  (rcs-revision efa082c6111d)

(/usr/local/texlive/2016/texmf-dist/tex/latex/beamer/beamerbasecompatibility.st
y
Package: beamerbasecompatibility 2012/05/01  (rcs-revision 67c48b3b652d)
) (/usr/local/texlive/2016/texmf-dist/tex/latex/beamer/beamerbasefont.sty
Package: beamerbasefont 2015/01/05  (rcs-revision b4b4bee242e2)

(/usr/local/texlive/2016/texmf-dist/tex/latex/amsfonts/amssymb.sty
Package: amssymb 2013/01/14 v3.01 AMS font symbols

(/usr/local/texlive/2016/texmf-dist/tex/latex/amsfonts/amsfonts.sty
Package: amsfonts 2013/01/14 v3.01 Basic AMSFonts support
\@emptytoks=\toks26
\symAMSa=\mathgroup4
\symAMSb=\mathgroup5
LaTeX Font Info:    Overwriting math alphabet `\mathfrak' in version `bold'
(Font)                  U/euf/m/n --> U/euf/b/n on input line 106.
))
(/usr/local/texlive/2016/texmf-dist/tex/latex/sansmathaccent/sansmathaccent.sty
Package: sansmathaccent 2013/03/28
(/usr/local/texlive/2016/texmf-dist/tex/latex/filehook/filehook.sty
Package: filehook 2011/10/12 v0.5d Hooks for input files
)))
(/usr/local/texlive/2016/texmf-dist/tex/latex/beamer/beamerbasetranslator.sty
Package: beamerbasetranslator 2010/06/11  (rcs-revision 85fd1cc7fc42)

(/usr/local/texlive/2016/texmf-dist/tex/latex/beamer/translator/translator.sty
Package: translator 2010/06/12 ver 1.10

(/usr/local/texlive/2016/texmf-dist/tex/latex/beamer/translator/translator-lang
uage-mappings.tex)))
(/usr/local/texlive/2016/texmf-dist/tex/latex/beamer/beamerbasemisc.sty
Package: beamerbasemisc 2013/09/03  (rcs-revision a55719c41d85)
)
(/usr/local/texlive/2016/texmf-dist/tex/latex/beamer/beamerbasetwoscreens.sty
Package: beamerbasetwoscreens 2010/05/01  (rcs-revision efa082c6111d)
)
(/usr/local/texlive/2016/texmf-dist/tex/latex/beamer/beamerbaseoverlay.sty
Package: beamerbaseoverlay 2013/12/25  (rcs-revision f6bd5e3805da)
\beamer@argscount=\count126
\beamer@lastskipcover=\skip44
\beamer@trivlistdepth=\count127
)
(/usr/local/texlive/2016/texmf-dist/tex/latex/beamer/beamerbasetitle.sty
Package: beamerbasetitle 2010/09/21  (rcs-revision f0446ed0b6ae)
)
(/usr/local/texlive/2016/texmf-dist/tex/latex/beamer/beamerbasesection.sty
Package: beamerbasesection 2013/06/07  (rcs-revision 60b9fe0f342f)
\c@lecture=\count128
\c@part=\count129
\c@section=\count130
\c@subsection=\count131
\c@subsubsection=\count132
)
(/usr/local/texlive/2016/texmf-dist/tex/latex/beamer/beamerbaseframe.sty
Package: beamerbaseframe 2014/02/20  (rcs-revision 4b8ceeeff434)
\beamer@framebox=\box40
\beamer@frametitlebox=\box41
\beamer@zoombox=\box42
\beamer@zoomcount=\count133
\beamer@zoomframecount=\count134
\beamer@frametextheight=\dimen168
\c@subsectionslide=\count135
\beamer@frametopskip=\skip45
\beamer@framebottomskip=\skip46
\beamer@frametopskipautobreak=\skip47
\beamer@framebottomskipautobreak=\skip48
\beamer@envbody=\toks27
\framewidth=\dimen169
\c@framenumber=\count136
)
(/usr/local/texlive/2016/texmf-dist/tex/latex/beamer/beamerbaseverbatim.sty
Package: beamerbaseverbatim 2015/01/05  (rcs-revision 431510bb5890)
\beamer@verbatimfileout=\write4
)
(/usr/local/texlive/2016/texmf-dist/tex/latex/beamer/beamerbaseframesize.sty
Package: beamerbaseframesize 2011/09/12  (rcs-revision 70f9d8411e54)
\beamer@splitbox=\box43
\beamer@autobreakcount=\count137
\beamer@autobreaklastheight=\dimen170
\beamer@frametitletoks=\toks28
\beamer@framesubtitletoks=\toks29
)
(/usr/local/texlive/2016/texmf-dist/tex/latex/beamer/beamerbaseframecomponents.
sty
Package: beamerbaseframecomponents 2013/10/18  (rcs-revision 5cf6c5555a45)
\beamer@footins=\box44
) (/usr/local/texlive/2016/texmf-dist/tex/latex/beamer/beamerbasecolor.sty
Package: beamerbasecolor 2015/02/21  (rcs-revision d944b04ee2d5)
)
(/usr/local/texlive/2016/texmf-dist/tex/latex/beamer/beamerbasenotes.sty
Package: beamerbasenotes 2012/12/19  (rcs-revision 1686da3db3c9)
\beamer@frameboxcopy=\box45
)
(/usr/local/texlive/2016/texmf-dist/tex/latex/beamer/beamerbasetoc.sty
Package: beamerbasetoc 2015/03/08  (rcs-revision 7270298bbaae)
)
(/usr/local/texlive/2016/texmf-dist/tex/latex/beamer/beamerbasetemplates.sty
Package: beamerbasetemplates 2010/05/01  (rcs-revision efa082c6111d)
\beamer@sbttoks=\toks30

(/usr/local/texlive/2016/texmf-dist/tex/latex/beamer/beamerbaseauxtemplates.sty
Package: beamerbaseauxtemplates 2014/06/30  (rcs-revision 580088513a67)
(/usr/local/texlive/2016/texmf-dist/tex/latex/beamer/beamerbaseboxes.sty
Package: beamerbaseboxes 2012/05/13  (rcs-revision 56972908a390)
\bmb@box=\box46
\bmb@colorbox=\box47
\bmb@boxshadow=\box48
\bmb@boxshadowball=\box49
\bmb@boxshadowballlarge=\box50
\bmb@temp=\dimen171
\bmb@dima=\dimen172
\bmb@dimb=\dimen173
\bmb@prevheight=\dimen174
)
\beamer@blockheadheight=\dimen175
))
(/usr/local/texlive/2016/texmf-dist/tex/latex/beamer/beamerbaselocalstructure.s
ty
Package: beamerbaselocalstructure 2014/09/10  (rcs-revision 393f6dcff371)
 (/usr/local/texlive/2016/texmf-dist/tex/latex/tools/enumerate.sty
Package: enumerate 2015/07/23 v3.00 enumerate extensions (DPC)
\@enLab=\toks31
)
\c@figure=\count138
\c@table=\count139
\abovecaptionskip=\skip49
\belowcaptionskip=\skip50
)
(/usr/local/texlive/2016/texmf-dist/tex/latex/beamer/beamerbasenavigation.sty
Package: beamerbasenavigation 2015/02/27  (rcs-revision 923f4bf87efa)
\beamer@section@min@dim=\dimen176
)
(/usr/local/texlive/2016/texmf-dist/tex/latex/beamer/beamerbasetheorems.sty
Package: beamerbasetheorems 2010/06/06  (rcs-revision 7e7cc5e53e9d)

(/usr/local/texlive/2016/texmf-dist/tex/latex/amsmath/amsmath.sty
Package: amsmath 2016/03/10 v2.15b AMS math features
\@mathmargin=\skip51

For additional information on amsmath, use the `?' option.
(/usr/local/texlive/2016/texmf-dist/tex/latex/amsmath/amstext.sty
Package: amstext 2000/06/29 v2.01 AMS text

(/usr/local/texlive/2016/texmf-dist/tex/latex/amsmath/amsgen.sty
File: amsgen.sty 1999/11/30 v2.0 generic functions
\@emptytoks=\toks32
\ex@=\dimen177
))
(/usr/local/texlive/2016/texmf-dist/tex/latex/amsmath/amsbsy.sty
Package: amsbsy 1999/11/29 v1.2d Bold Symbols
\pmbraise@=\dimen178
)
(/usr/local/texlive/2016/texmf-dist/tex/latex/amsmath/amsopn.sty
Package: amsopn 2016/03/08 v2.02 operator names
)
\inf@bad=\count140
LaTeX Info: Redefining \frac on input line 199.
\uproot@=\count141
\leftroot@=\count142
LaTeX Info: Redefining \overline on input line 297.
\classnum@=\count143
\DOTSCASE@=\count144
LaTeX Info: Redefining \ldots on input line 394.
LaTeX Info: Redefining \dots on input line 397.
LaTeX Info: Redefining \cdots on input line 518.
\Mathstrutbox@=\box51
\strutbox@=\box52
\big@size=\dimen179
LaTeX Font Info:    Redeclaring font encoding OML on input line 634.
LaTeX Font Info:    Redeclaring font encoding OMS on input line 635.
\macc@depth=\count145
\c@MaxMatrixCols=\count146
\dotsspace@=\muskip11
\c@parentequation=\count147
\dspbrk@lvl=\count148
\tag@help=\toks33
\row@=\count149
\column@=\count150
\maxfields@=\count151
\andhelp@=\toks34
\eqnshift@=\dimen180
\alignsep@=\dimen181
\tagshift@=\dimen182
\tagwidth@=\dimen183
\totwidth@=\dimen184
\lineht@=\dimen185
\@envbody=\toks35
\multlinegap=\skip52
\multlinetaggap=\skip53
\mathdisplay@stack=\toks36
LaTeX Info: Redefining \[ on input line 2739.
LaTeX Info: Redefining \] on input line 2740.
)
(/usr/local/texlive/2016/texmf-dist/tex/latex/amscls/amsthm.sty
Package: amsthm 2015/03/04 v2.20.2
\thm@style=\toks37
\thm@bodyfont=\toks38
\thm@headfont=\toks39
\thm@notefont=\toks40
\thm@headpunct=\toks41
\thm@preskip=\skip54
\thm@postskip=\skip55
\thm@headsep=\skip56
\dth@everypar=\toks42
)
\c@theorem=\count152
)
(/usr/local/texlive/2016/texmf-dist/tex/latex/beamer/beamerbasethemes.sty
Package: beamerbasethemes 2010/05/01  (rcs-revision efa082c6111d)
))
(/usr/local/texlive/2016/texmf-dist/tex/latex/beamer/themes/theme/beamerthemede
fault.sty
Package: beamerthemedefault 2010/06/17  (rcs-revision d02a7cf4d8ae)

(/usr/local/texlive/2016/texmf-dist/tex/latex/beamer/themes/font/beamerfontthem
edefault.sty
Package: beamerfontthemedefault 2012/12/19  (rcs-revision 1686da3db3c9)
)
(/usr/local/texlive/2016/texmf-dist/tex/latex/beamer/themes/color/beamercolorth
emedefault.sty
Package: beamercolorthemedefault 2012/12/19  (rcs-revision 1686da3db3c9)
)
(/usr/local/texlive/2016/texmf-dist/tex/latex/beamer/themes/inner/beamerinnerth
emedefault.sty
Package: beamerinnerthemedefault 2014/06/30  (rcs-revision 580088513a67)
\beamer@dima=\dimen186
\beamer@dimb=\dimen187
)
(/usr/local/texlive/2016/texmf-dist/tex/latex/beamer/themes/outer/beamerouterth
emedefault.sty
Package: beamerouterthemedefault 2012/12/19  (rcs-revision 1686da3db3c9)
))) (/usr/local/texlive/2016/texmf-dist/tex/latex/ms/ragged2e.sty
Package: ragged2e 2009/05/21 v2.1 ragged2e Package (MS)
(/usr/local/texlive/2016/texmf-dist/tex/latex/ms/everysel.sty
Package: everysel 2011/10/28 v1.2 EverySelectfont Package (MS)
)
\CenteringLeftskip=\skip57
\RaggedLeftLeftskip=\skip58
\RaggedRightLeftskip=\skip59
\CenteringRightskip=\skip60
\RaggedLeftRightskip=\skip61
\RaggedRightRightskip=\skip62
\CenteringParfillskip=\skip63
\RaggedLeftParfillskip=\skip64
\RaggedRightParfillskip=\skip65
\JustifyingParfillskip=\skip66
\CenteringParindent=\skip67
\RaggedLeftParindent=\skip68
\RaggedRightParindent=\skip69
\JustifyingParindent=\skip70
)
(/usr/local/texlive/2016/texmf-dist/tex/latex/tools/verbatim.sty
Package: verbatim 2014/10/28 v1.5q LaTeX2e package for verbatim enhancements
\every@verbatim=\toks43
\verbatim@line=\toks44
\verbatim@in@stream=\read2
)
(/usr/local/texlive/2016/texmf-dist/tex/latex/lm/lmodern.sty
Package: lmodern 2009/10/30 v1.6 Latin Modern Fonts
LaTeX Font Info:    Overwriting symbol font `operators' in version `normal'
(Font)                  OT1/cmr/m/n --> OT1/lmr/m/n on input line 22.
LaTeX Font Info:    Overwriting symbol font `letters' in version `normal'
(Font)                  OML/cmm/m/it --> OML/lmm/m/it on input line 23.
LaTeX Font Info:    Overwriting symbol font `symbols' in version `normal'
(Font)                  OMS/cmsy/m/n --> OMS/lmsy/m/n on input line 24.
LaTeX Font Info:    Overwriting symbol font `largesymbols' in version `normal'
(Font)                  OMX/cmex/m/n --> OMX/lmex/m/n on input line 25.
LaTeX Font Info:    Overwriting symbol font `operators' in version `bold'
(Font)                  OT1/cmr/bx/n --> OT1/lmr/bx/n on input line 26.
LaTeX Font Info:    Overwriting symbol font `letters' in version `bold'
(Font)                  OML/cmm/b/it --> OML/lmm/b/it on input line 27.
LaTeX Font Info:    Overwriting symbol font `symbols' in version `bold'
(Font)                  OMS/cmsy/b/n --> OMS/lmsy/b/n on input line 28.
LaTeX Font Info:    Overwriting symbol font `largesymbols' in version `bold'
(Font)                  OMX/cmex/m/n --> OMX/lmex/m/n on input line 29.
LaTeX Font Info:    Overwriting math alphabet `\mathbf' in version `normal'
(Font)                  OT1/cmr/bx/n --> OT1/lmr/bx/n on input line 31.
LaTeX Font Info:    Overwriting math alphabet `\mathsf' in version `normal'
(Font)                  OT1/cmss/m/n --> OT1/lmss/m/n on input line 32.
LaTeX Font Info:    Overwriting math alphabet `\mathit' in version `normal'
(Font)                  OT1/cmr/m/it --> OT1/lmr/m/it on input line 33.
LaTeX Font Info:    Overwriting math alphabet `\mathtt' in version `normal'
(Font)                  OT1/cmtt/m/n --> OT1/lmtt/m/n on input line 34.
LaTeX Font Info:    Overwriting math alphabet `\mathbf' in version `bold'
(Font)                  OT1/cmr/bx/n --> OT1/lmr/bx/n on input line 35.
LaTeX Font Info:    Overwriting math alphabet `\mathsf' in version `bold'
(Font)                  OT1/cmss/bx/n --> OT1/lmss/bx/n on input line 36.
LaTeX Font Info:    Overwriting math alphabet `\mathit' in version `bold'
(Font)                  OT1/cmr/bx/it --> OT1/lmr/bx/it on input line 37.
LaTeX Font Info:    Overwriting math alphabet `\mathtt' in version `bold'
(Font)                  OT1/cmtt/m/n --> OT1/lmtt/m/n on input line 38.
)
(/usr/local/texlive/2016/texmf-dist/tex/generic/xypic/xy.sty
(/usr/local/texlive/2016/texmf-dist/tex/generic/xypic/xy.tex Bootstrap'ing:
catcodes, docmode,
(/usr/local/texlive/2016/texmf-dist/tex/generic/xypic/xyrecat.tex)
(/usr/local/texlive/2016/texmf-dist/tex/generic/xypic/xyidioms.tex)

 Xy-pic version 3.8.9 <2013/10/06>
 Copyright (c) 1991-2013 by Kristoffer H. Rose <krisrose@tug.org> and others
 Xy-pic is free software: see the User's Guide for details.

Loading kernel: messages; fonts; allocations: state,
\X@c=\dimen188
\Y@c=\dimen189
\U@c=\dimen190
\D@c=\dimen191
\L@c=\dimen192
\R@c=\dimen193
\Edge@c=\toks45
\X@p=\dimen194
\Y@p=\dimen195
\U@p=\dimen196
\D@p=\dimen197
\L@p=\dimen198
\R@p=\dimen199
\Edge@p=\toks46
\X@origin=\dimen256
\Y@origin=\dimen257
\X@xbase=\dimen258
\Y@xbase=\dimen259
\X@ybase=\dimen260
\Y@ybase=\dimen261
\X@min=\dimen262
\Y@min=\dimen263
\X@max=\dimen264
\Y@max=\dimen265
\lastobjectbox@=\box53
\zerodotbox@=\box54
\almostz@=\dimen266
 direction,
\d@X=\dimen267
\d@Y=\dimen268
\K@=\count153
\KK@=\count154
\Direction=\count155
\K@dXdY=\dimen269
\K@dYdX=\dimen270
\xyread@=\read3
\xywrite@=\write5
\csp@=\count156
\quotPTK@=\dimen271

utility macros; pictures: \xy, positions,
\swaptoks@@=\toks47
\connectobjectbox@@=\box55
 objects,
\styletoks@=\toks48
 decorations;
kernel objects: directionals, circles, text; options; algorithms: directions,
edges, connections;  Xy-pic loaded)
Package: xy 2013/10/06 Xy-pic version 3.8.9

(/usr/local/texlive/2016/texmf-dist/tex/generic/xypic/xycolor.tex
 Xy-pic option: Colour extension v.3.11 loaded)
(/usr/local/texlive/2016/texmf-dist/tex/generic/xypic/xymatrix.tex
 Xy-pic option: Matrix feature v.3.14
\Row=\count157
\Col=\count158
\queue@=\toks49
\queue@@=\toks50
\qcount@=\count159
\qcount@@=\count160
\matrixsize@=\count161
 loaded)
(/usr/local/texlive/2016/texmf-dist/tex/generic/xypic/xyarrow.tex
 Xy-pic option: Arrow and Path feature v.3.9 path, \ar, loaded)
(/usr/local/texlive/2016/texmf-dist/tex/generic/xypic/xypdf.tex
 Xy-pic option: PDF driver v.1.7 Xy-pic pdf driver: `color' extension support
(/usr/local/texlive/2016/texmf-dist/tex/generic/xypic/xypdf-co.tex loaded)
loaded)) (/usr/local/texlive/2016/texmf-dist/tex/latex/cancel/cancel.sty
Package: cancel 2013/04/12 v2.2 Cancel math terms
)
(/usr/local/texlive/2016/texmf-dist/tex/latex/tools/array.sty
Package: array 2014/10/28 v2.4c Tabular extension package (FMi)
\col@sep=\dimen272
\extrarowheight=\dimen273
\NC@list=\toks51
\extratabsurround=\skip71
\backup@length=\skip72
) (./probs.aux)
\openout1 = `probs.aux'.

LaTeX Font Info:    Checking defaults for OML/cmm/m/it on input line 27.
LaTeX Font Info:    ... okay on input line 27.
LaTeX Font Info:    Checking defaults for T1/cmr/m/n on input line 27.
LaTeX Font Info:    ... okay on input line 27.
LaTeX Font Info:    Checking defaults for OT1/cmr/m/n on input line 27.
LaTeX Font Info:    ... okay on input line 27.
LaTeX Font Info:    Checking defaults for OMS/cmsy/m/n on input line 27.
LaTeX Font Info:    ... okay on input line 27.
LaTeX Font Info:    Checking defaults for OMX/cmex/m/n on input line 27.
LaTeX Font Info:    ... okay on input line 27.
LaTeX Font Info:    Checking defaults for U/cmr/m/n on input line 27.
LaTeX Font Info:    ... okay on input line 27.
LaTeX Font Info:    Checking defaults for PD1/pdf/m/n on input line 27.
LaTeX Font Info:    ... okay on input line 27.
LaTeX Font Info:    Try loading font information for OT1+lmss on input line 27.


(/usr/local/texlive/2016/texmf-dist/tex/latex/lm/ot1lmss.fd
File: ot1lmss.fd 2009/10/30 v1.6 Font defs for Latin Modern
)
*geometry* driver: auto-detecting
*geometry* detected driver: pdftex
*geometry* verbose mode - [ preamble ] result:
* driver: pdftex
* paper: custom
* layout: <same size as paper>
* layoutoffset:(h,v)=(0.0pt,0.0pt)
* modes: includehead includefoot 
* h-part:(L,W,R)=(28.45274pt, 307.28987pt, 28.45274pt)
* v-part:(T,H,B)=(0.0pt, 273.14662pt, 0.0pt)
* \paperwidth=364.19536pt
* \paperheight=273.14662pt
* \textwidth=307.28987pt
* \textheight=244.6939pt
* \oddsidemargin=-43.81725pt
* \evensidemargin=-43.81725pt
* \topmargin=-72.26999pt
* \headheight=14.22636pt
* \headsep=0.0pt
* \topskip=11.0pt
* \footskip=14.22636pt
* \marginparwidth=4.0pt
* \marginparsep=10.0pt
* \columnsep=10.0pt
* \skip\footins=10.0pt plus 4.0pt minus 2.0pt
* \hoffset=0.0pt
* \voffset=0.0pt
* \mag=1000
* \@twocolumnfalse
* \@twosidefalse
* \@mparswitchfalse
* \@reversemarginfalse
* (1in=72.27pt=25.4mm, 1cm=28.453pt)

(/usr/local/texlive/2016/texmf-dist/tex/context/base/mkii/supp-pdf.mkii
[Loading MPS to PDF converter (version 2006.09.02).]
\scratchcounter=\count162
\scratchdimen=\dimen274
\scratchbox=\box56
\nofMPsegments=\count163
\nofMParguments=\count164
\everyMPshowfont=\toks52
\MPscratchCnt=\count165
\MPscratchDim=\dimen275
\MPnumerator=\count166
\makeMPintoPDFobject=\count167
\everyMPtoPDFconversion=\toks53
) (/usr/local/texlive/2016/texmf-dist/tex/latex/oberdiek/epstopdf-base.sty
Package: epstopdf-base 2016/05/15 v2.6 Base part for package epstopdf

(/usr/local/texlive/2016/texmf-dist/tex/latex/oberdiek/grfext.sty
Package: grfext 2016/05/16 v1.2 Manage graphics extensions (HO)
)
Package grfext Info: Graphics extension search list:
(grfext)             [.png,.pdf,.jpg,.mps,.jpeg,.jbig2,.jb2,.PNG,.PDF,.JPG,.JPE
G,.JBIG2,.JB2,.eps]
(grfext)             \AppendGraphicsExtensions on input line 456.

(/usr/local/texlive/2016/texmf-dist/tex/latex/latexconfig/epstopdf-sys.cfg
File: epstopdf-sys.cfg 2010/07/13 v1.3 Configuration of (r)epstopdf for TeX Liv
e
))
ABD: EveryShipout initializing macros
\AtBeginShipoutBox=\box57
Package hyperref Info: Link coloring OFF on input line 27.

(/usr/local/texlive/2016/texmf-dist/tex/latex/hyperref/nameref.sty
Package: nameref 2012/10/27 v2.43 Cross-referencing by name of section

(/usr/local/texlive/2016/texmf-dist/tex/generic/oberdiek/gettitlestring.sty
Package: gettitlestring 2016/05/16 v1.5 Cleanup title references (HO)
)
\c@section@level=\count168
)
LaTeX Info: Redefining \ref on input line 27.
LaTeX Info: Redefining \pageref on input line 27.
LaTeX Info: Redefining \nameref on input line 27.

(./probs.out) (./probs.out)
\@outlinefile=\write6
\openout6 = `probs.out'.

LaTeX Font Info:    Overwriting symbol font `operators' in version `normal'
(Font)                  OT1/lmr/m/n --> OT1/cmss/m/n on input line 27.
LaTeX Font Info:    Overwriting symbol font `operators' in version `bold'
(Font)                  OT1/lmr/bx/n --> OT1/cmss/bx/n on input line 27.
LaTeX Font Info:    Overwriting symbol font `operators' in version `normal'
(Font)                  OT1/cmss/m/n --> OT1/lmss/m/n on input line 27.
LaTeX Font Info:    Overwriting symbol font `operators' in version `bold'
(Font)                  OT1/cmss/bx/n --> OT1/lmss/bx/n on input line 27.
\symnumbers=\mathgroup6
\sympureletters=\mathgroup7
LaTeX Font Info:    Overwriting math alphabet `\mathrm' in version `normal'
(Font)                  OT1/lmss/m/n --> OT1/lmr/m/n on input line 27.
LaTeX Font Info:    Redeclaring math alphabet \mathbf on input line 27.
LaTeX Font Info:    Overwriting math alphabet `\mathbf' in version `normal'
(Font)                  OT1/lmr/bx/n --> OT1/lmss/bx/n on input line 27.
LaTeX Font Info:    Overwriting math alphabet `\mathbf' in version `bold'
(Font)                  OT1/lmr/bx/n --> OT1/lmss/bx/n on input line 27.
LaTeX Font Info:    Redeclaring math alphabet \mathsf on input line 27.
LaTeX Font Info:    Overwriting math alphabet `\mathsf' in version `normal'
(Font)                  OT1/lmss/m/n --> OT1/lmss/m/n on input line 27.
LaTeX Font Info:    Overwriting math alphabet `\mathsf' in version `bold'
(Font)                  OT1/lmss/bx/n --> OT1/lmss/m/n on input line 27.
LaTeX Font Info:    Redeclaring math alphabet \mathit on input line 27.
LaTeX Font Info:    Overwriting math alphabet `\mathit' in version `normal'
(Font)                  OT1/lmr/m/it --> OT1/lmss/m/it on input line 27.
LaTeX Font Info:    Overwriting math alphabet `\mathit' in version `bold'
(Font)                  OT1/lmr/bx/it --> OT1/lmss/m/it on input line 27.
LaTeX Font Info:    Redeclaring math alphabet \mathtt on input line 27.
LaTeX Font Info:    Overwriting math alphabet `\mathtt' in version `normal'
(Font)                  OT1/lmtt/m/n --> OT1/lmtt/m/n on input line 27.
LaTeX Font Info:    Overwriting math alphabet `\mathtt' in version `bold'
(Font)                  OT1/lmtt/m/n --> OT1/lmtt/m/n on input line 27.
LaTeX Font Info:    Overwriting symbol font `numbers' in version `bold'
(Font)                  OT1/lmss/m/n --> OT1/lmss/bx/n on input line 27.
LaTeX Font Info:    Overwriting symbol font `pureletters' in version `bold'
(Font)                  OT1/lmss/m/it --> OT1/lmss/bx/it on input line 27.
LaTeX Font Info:    Overwriting math alphabet `\mathrm' in version `bold'
(Font)                  OT1/lmss/bx/n --> OT1/lmr/bx/n on input line 27.
LaTeX Font Info:    Overwriting math alphabet `\mathbf' in version `bold'
(Font)                  OT1/lmss/bx/n --> OT1/lmss/bx/n on input line 27.
LaTeX Font Info:    Overwriting math alphabet `\mathsf' in version `bold'
(Font)                  OT1/lmss/m/n --> OT1/lmss/bx/n on input line 27.
LaTeX Font Info:    Overwriting math alphabet `\mathit' in version `bold'
(Font)                  OT1/lmss/m/it --> OT1/lmss/bx/it on input line 27.
LaTeX Font Info:    Overwriting math alphabet `\mathtt' in version `bold'
(Font)                  OT1/lmtt/m/n --> OT1/lmtt/bx/n on input line 27.

(/usr/local/texlive/2016/texmf-dist/tex/latex/beamer/translator/dicts/translato
r-basic-dictionary/translator-basic-dictionary-English.dict
Dictionary: translator-basic-dictionary, Language: English 
)
(/usr/local/texlive/2016/texmf-dist/tex/latex/beamer/translator/dicts/translato
r-bibliography-dictionary/translator-bibliography-dictionary-English.dict
Dictionary: translator-bibliography-dictionary, Language: English 
)
(/usr/local/texlive/2016/texmf-dist/tex/latex/beamer/translator/dicts/translato
r-environment-dictionary/translator-environment-dictionary-English.dict
Dictionary: translator-environment-dictionary, Language: English 
)
(/usr/local/texlive/2016/texmf-dist/tex/latex/beamer/translator/dicts/translato
r-months-dictionary/translator-months-dictionary-English.dict
Dictionary: translator-months-dictionary, Language: English 
)
(/usr/local/texlive/2016/texmf-dist/tex/latex/beamer/translator/dicts/translato
r-numbers-dictionary/translator-numbers-dictionary-English.dict
Dictionary: translator-numbers-dictionary, Language: English 
)
(/usr/local/texlive/2016/texmf-dist/tex/latex/beamer/translator/dicts/translato
r-theorem-dictionary/translator-theorem-dictionary-English.dict
Dictionary: translator-theorem-dictionary, Language: English 
)
LaTeX Info: Redefining \includegraphics on input line 27.

ABD: EverySelectfont initializing macros
LaTeX Info: Redefining \selectfont on input line 27.
LaTeX Font Info:    Try loading font information for OML+lmm on input line 27.

(/usr/local/texlive/2016/texmf-dist/tex/latex/lm/omllmm.fd
File: omllmm.fd 2009/10/30 v1.6 Font defs for Latin Modern
)
LaTeX Font Info:    Try loading font information for OMS+lmsy on input line 27.


(/usr/local/texlive/2016/texmf-dist/tex/latex/lm/omslmsy.fd
File: omslmsy.fd 2009/10/30 v1.6 Font defs for Latin Modern
)
LaTeX Font Info:    Try loading font information for OMX+lmex on input line 27.


(/usr/local/texlive/2016/texmf-dist/tex/latex/lm/omxlmex.fd
File: omxlmex.fd 2009/10/30 v1.6 Font defs for Latin Modern
)
LaTeX Font Info:    External font `lmex10' loaded for size
(Font)              <10.95> on input line 27.
LaTeX Font Info:    External font `lmex10' loaded for size
(Font)              <8> on input line 27.
LaTeX Font Info:    External font `lmex10' loaded for size
(Font)              <6> on input line 27.
LaTeX Font Info:    Try loading font information for U+msa on input line 27.

(/usr/local/texlive/2016/texmf-dist/tex/latex/amsfonts/umsa.fd
File: umsa.fd 2013/01/14 v3.01 AMS symbols A
)
LaTeX Font Info:    Try loading font information for U+msb on input line 27.

(/usr/local/texlive/2016/texmf-dist/tex/latex/amsfonts/umsb.fd
File: umsb.fd 2013/01/14 v3.01 AMS symbols B
)
LaTeX Font Info:    Font shape `OT1/lmss/m/it' in size <10.95> not available
(Font)              Font shape `OT1/lmss/m/sl' tried instead on input line 27.
LaTeX Font Info:    Font shape `OT1/lmss/m/it' in size <8> not available
(Font)              Font shape `OT1/lmss/m/sl' tried instead on input line 27.
LaTeX Font Info:    Font shape `OT1/lmss/m/it' in size <6> not available
(Font)              Font shape `OT1/lmss/m/sl' tried instead on input line 27.
Package xypdf Info: Line width: 0.39998pt on input line 27.
 (./probs.nav)
[1

{/usr/local/texlive/2016/texmf-var/fonts/map/pdftex/updmap/pdftex.map}]
LaTeX Font Info:    External font `lmex10' loaded for size
(Font)              <5> on input line 86.
LaTeX Font Info:    Font shape `OT1/lmss/m/it' in size <5> not available
(Font)              Font shape `OT1/lmss/m/sl' tried instead on input line 86.

[2

]
LaTeX Font Info:    External font `lmex10' loaded for size
(Font)              <10> on input line 113.
LaTeX Font Info:    External font `lmex10' loaded for size
(Font)              <7> on input line 113.
LaTeX Font Info:    Font shape `OT1/lmss/m/it' in size <10> not available
(Font)              Font shape `OT1/lmss/m/sl' tried instead on input line 113.

LaTeX Font Info:    Font shape `OT1/lmss/m/it' in size <7> not available
(Font)              Font shape `OT1/lmss/m/sl' tried instead on input line 113.

 [3

] [4

] [5

]
LaTeX Font Info:    Font shape `OT1/lmss/m/it' in size <14.4> not available
(Font)              Font shape `OT1/lmss/m/sl' tried instead on input line 148.

LaTeX Font Info:    External font `lmex10' loaded for size
(Font)              <14.4> on input line 148.
 [6

] [7

] [8

] [9

]
LaTeX Font Info:    External font `lmex10' loaded for size
(Font)              <9> on input line 174.
LaTeX Font Info:    Font shape `OT1/lmss/m/it' in size <9> not available
(Font)              Font shape `OT1/lmss/m/sl' tried instead on input line 174.

LaTeX Font Info:    Font shape `OT1/lmss/bx/it' in size <9> not available
(Font)              Font shape `OT1/lmss/bx/sl' tried instead on input line 174
.

Overfull \hbox (3.28085pt too wide) in paragraph at lines 174--174
[]$[]$  
 []

[10

]
Overfull \hbox (3.28085pt too wide) in paragraph at lines 174--174
[]$[]$  
 []

[11

]
Overfull \hbox (3.28085pt too wide) in paragraph at lines 174--174
[]$[]$  
 []

[12

]
Overfull \hbox (3.28085pt too wide) in paragraph at lines 174--174
[]$[]$  
 []

[13

]
Overfull \hbox (3.28085pt too wide) in paragraph at lines 174--174
[]$[]$  
 []

[14

] [15

] [16

] [17

] [18

] [19

] [20

] [21

] [22

] [23

] [24

] [25

] [26

] [27

] [28

]
[29

]
LaTeX Font Info:    External font `lmex10' loaded for size
(Font)              <20.74> on input line 266.
LaTeX Font Info:    External font `lmex10' loaded for size
(Font)              <12> on input line 266.
LaTeX Font Info:    Font shape `OT1/lmss/m/it' in size <20.74> not available
(Font)              Font shape `OT1/lmss/m/sl' tried instead on input line 266.

LaTeX Font Info:    Font shape `OT1/lmss/m/it' in size <12> not available
(Font)              Font shape `OT1/lmss/m/sl' tried instead on input line 266.

 [30

] [31

] [32

] [33

] [34

] [35

] [36

] [37

] [38

]
\openout4 = `probs.vrb'.

 (./probs.vrb
LaTeX Font Info:    Try loading font information for OT1+lmtt on input line 5.

(/usr/local/texlive/2016/texmf-dist/tex/latex/lm/ot1lmtt.fd
File: ot1lmtt.fd 2009/10/30 v1.6 Font defs for Latin Modern
)
Overfull \hbox (2.96013pt too wide) in paragraph at lines 7--7
[]\OT1/lmtt/m/n/8 The scenario: Donald Trump becomes president and make the pyt
hon built-in[] 
 []

) [39

]
\openout4 = `probs.vrb'.

 (./probs.vrb
Overfull \hbox (3.07034pt too wide) in paragraph at lines 32--32
[]|$   []$| 
 []


Overfull \hbox (3.07034pt too wide) in paragraph at lines 33--33
[]|$   []$| 
 []


Overfull \hbox (2.3958pt too wide) in paragraph at lines 34--34
[]|$[]$| 
 []


Overfull \hbox (61.02525pt too wide) in paragraph at lines 30--36
[]  
 []

<xymatrix 3x7 370>
Overfull \hbox (4.27023pt too wide) detected at line 65
[]\OT1/lmss/m/n/10.95 (\OT1/lmss/m/sl/10.95 Hillary[]\OMS/lmsy/m/n/10.95 j\OT1/
lmss/m/sl/10.95 Hillary[]\OT1/lmss/m/n/10.95 ) = []
 []

)
Overfull \vbox (45.75531pt too high) detected at line 356
 []

[40

] (./probs.vrb
Overfull \hbox (3.07034pt too wide) in paragraph at lines 32--32
[]|$   []$| 
 []


Overfull \hbox (3.07034pt too wide) in paragraph at lines 33--33
[]|$   []$| 
 []


Overfull \hbox (2.3958pt too wide) in paragraph at lines 34--34
[]|$[]$| 
 []


Overfull \hbox (61.02525pt too wide) in paragraph at lines 30--36
[]  
 []

<xymatrix 3x7 370>
Overfull \hbox (4.27023pt too wide) detected at line 65
[]\OT1/lmss/m/n/10.95 (\OT1/lmss/m/sl/10.95 Hillary[]\OMS/lmsy/m/n/10.95 j\OT1/
lmss/m/sl/10.95 Hillary[]\OT1/lmss/m/n/10.95 ) = []
 []

)
Overfull \vbox (45.75531pt too high) detected at line 356
 []

[41

] (./probs.vrb
Overfull \hbox (3.07034pt too wide) in paragraph at lines 32--32
[]|$   []$| 
 []


Overfull \hbox (3.07034pt too wide) in paragraph at lines 33--33
[]|$   []$| 
 []


Overfull \hbox (2.3958pt too wide) in paragraph at lines 34--34
[]|$[]$| 
 []


Overfull \hbox (61.02525pt too wide) in paragraph at lines 30--36
[]  
 []

<xymatrix 3x7 370>
Overfull \hbox (4.27023pt too wide) detected at line 65
[]\OT1/lmss/m/n/10.95 (\OT1/lmss/m/sl/10.95 Hillary[]\OMS/lmsy/m/n/10.95 j\OT1/
lmss/m/sl/10.95 Hillary[]\OT1/lmss/m/n/10.95 ) = []
 []

)
Overfull \vbox (45.75531pt too high) detected at line 356
 []

[42

] (./probs.vrb
Overfull \hbox (3.07034pt too wide) in paragraph at lines 32--32
[]|$   []$| 
 []


Overfull \hbox (3.07034pt too wide) in paragraph at lines 33--33
[]|$   []$| 
 []


Overfull \hbox (2.3958pt too wide) in paragraph at lines 34--34
[]|$[]$| 
 []


Overfull \hbox (61.02525pt too wide) in paragraph at lines 30--36
[]  
 []

<xymatrix 3x7 370>
Overfull \hbox (4.27023pt too wide) detected at line 65
[]\OT1/lmss/m/n/10.95 (\OT1/lmss/m/sl/10.95 Hillary[]\OMS/lmsy/m/n/10.95 j\OT1/
lmss/m/sl/10.95 Hillary[]\OT1/lmss/m/n/10.95 ) = []
 []

)
Overfull \vbox (45.75531pt too high) detected at line 356
 []

[43

] (./probs.vrb
Overfull \hbox (3.07034pt too wide) in paragraph at lines 32--32
[]|$   []$| 
 []


Overfull \hbox (3.07034pt too wide) in paragraph at lines 33--33
[]|$   []$| 
 []


Overfull \hbox (2.3958pt too wide) in paragraph at lines 34--34
[]|$[]$| 
 []


Overfull \hbox (61.02525pt too wide) in paragraph at lines 30--36
[]  
 []

<xymatrix 3x7 370>
Overfull \hbox (4.27023pt too wide) detected at line 65
[]\OT1/lmss/m/n/10.95 (\OT1/lmss/m/sl/10.95 Hillary[]\OMS/lmsy/m/n/10.95 j\OT1/
lmss/m/sl/10.95 Hillary[]\OT1/lmss/m/n/10.95 ) = []
 []

)
Overfull \vbox (45.75531pt too high) detected at line 356
 []

[44

]
Overfull \hbox (5.80647pt too wide) in paragraph at lines 434--434
[]|$[]$| 
 []


Overfull \hbox (61.02525pt too wide) in paragraph at lines 434--434
[]  
 []

<xymatrix 3x7 370>
Overfull \vbox (45.75531pt too high) detected at line 434
 []

[45

]
Overfull \hbox (5.80647pt too wide) in paragraph at lines 434--434
[]|$[]$| 
 []


Overfull \hbox (61.02525pt too wide) in paragraph at lines 434--434
[]  
 []

<xymatrix 3x7 370>
Overfull \vbox (45.75531pt too high) detected at line 434
 []

[46

]
Overfull \hbox (5.80647pt too wide) in paragraph at lines 434--434
[]|$[]$| 
 []


Overfull \hbox (61.02525pt too wide) in paragraph at lines 434--434
[]  
 []

<xymatrix 3x7 370>
Overfull \vbox (45.75531pt too high) detected at line 434
 []

[47

]
Overfull \hbox (5.80647pt too wide) in paragraph at lines 434--434
[]|$[]$| 
 []


Overfull \hbox (61.02525pt too wide) in paragraph at lines 434--434
[]  
 []

<xymatrix 3x7 370>
Overfull \vbox (45.75531pt too high) detected at line 434
 []

[48

]
Overfull \hbox (5.80647pt too wide) in paragraph at lines 434--434
[]|$[]$| 
 []


Overfull \hbox (61.02525pt too wide) in paragraph at lines 434--434
[]  
 []

<xymatrix 3x7 370>
Overfull \vbox (45.75531pt too high) detected at line 434
 []

[49

] [50

] <stuff/ss.png, id=1313, 529.98pt x 271.0125pt>
File: stuff/ss.png Graphic file (type png)
 <use stuff/ss.png>
Package pdftex.def Info: stuff/ss.png used on input line 477.
(pdftex.def)             Requested size: 180.67499pt x 92.39114pt.

<stuff/dice4.png, id=1315, 529.98pt x 271.0125pt>
File: stuff/dice4.png Graphic file (type png)
 <use stuff/dice4.png>
Package pdftex.def Info: stuff/dice4.png used on input line 477.
(pdftex.def)             Requested size: 180.67499pt x 92.39114pt.

[51

 <./stuff/ss.png> <./stuff/dice4.png>]
File: stuff/ss.png Graphic file (type png)
 <use stuff/ss.png>
Package pdftex.def Info: stuff/ss.png used on input line 477.
(pdftex.def)             Requested size: 180.67499pt x 92.39114pt.
File: stuff/dice4.png Graphic file (type png)

<use stuff/dice4.png>
Package pdftex.def Info: stuff/dice4.png used on input line 477.
(pdftex.def)             Requested size: 180.67499pt x 92.39114pt.
 [52

]
File: stuff/ss.png Graphic file (type png)
 <use stuff/ss.png>
Package pdftex.def Info: stuff/ss.png used on input line 477.
(pdftex.def)             Requested size: 180.67499pt x 92.39114pt.
File: stuff/dice4.png Graphic file (type png)
 <use stuff/dice4.png>
Package pdftex.def Info: stuff/dice4.png used on input line 477.
(pdftex.def)             Requested size: 180.67499pt x 92.39114pt.
 [53

]
File: stuff/ss.png Graphic file (type png)

<use stuff/ss.png>
Package pdftex.def Info: stuff/ss.png used on input line 477.
(pdftex.def)             Requested size: 180.67499pt x 92.39114pt.
File: stuff/dice4.png Graphic file (type png)
 <use stuff/dice4.png>
Package pdftex.def Info: stuff/dice4.png used on input line 477.
(pdftex.def)             Requested size: 180.67499pt x 92.39114pt.
 [54

]
File: stuff/ss.png Graphic file (type png)
 <use stuff/ss.png>
Package pdftex.def Info: stuff/ss.png used on input line 477.
(pdftex.def)             Requested size: 180.67499pt x 92.39114pt.
File: stuff/dice4.png Graphic file (type png)

<use stuff/dice4.png>
Package pdftex.def Info: stuff/dice4.png used on input line 477.
(pdftex.def)             Requested size: 180.67499pt x 92.39114pt.
 [55

] <stuff/venn.png, id=1446, 437.635pt x 295.1025pt>
File: stuff/venn.png Graphic file (type png)

<use stuff/venn.png>
Package pdftex.def Info: stuff/venn.png used on input line 500.
(pdftex.def)             Requested size: 144.54pt x 97.46516pt.
 [56

 <./stuff/venn.png>]
File: stuff/venn.png Graphic file (type png)
 <use stuff/venn.png>
Package pdftex.def Info: stuff/venn.png used on input line 500.
(pdftex.def)             Requested size: 144.54pt x 97.46516pt.
 [57

]
File: stuff/venn.png Graphic file (type png)

<use stuff/venn.png>
Package pdftex.def Info: stuff/venn.png used on input line 500.
(pdftex.def)             Requested size: 144.54pt x 97.46516pt.
 [58

]
File: stuff/venn.png Graphic file (type png)
 <use stuff/venn.png>
Package pdftex.def Info: stuff/venn.png used on input line 500.
(pdftex.def)             Requested size: 144.54pt x 97.46516pt.
 [59

]
File: stuff/venn.png Graphic file (type png)
 <use stuff/venn.png>
Package pdftex.def Info: stuff/venn.png used on input line 500.
(pdftex.def)             Requested size: 144.54pt x 97.46516pt.

[60

] <stuff/relationships.jpg, id=1574, 1927.2pt x 1017.8025pt>
File: stuff/relationships.jpg Graphic file (type jpg)

<use stuff/relationships.jpg>
Package pdftex.def Info: stuff/relationships.jpg used on input line 511.
(pdftex.def)             Requested size: 361.34999pt x 190.8375pt.

Overfull \hbox (26.68513pt too wide) in paragraph at lines 511--511
[]| []  
 []

[61

 <./stuff/relationships.jpg>]
<stuff/connections.png, id=1601, 1899.095pt x 2165.08875pt>
File: stuff/connections.png Graphic file (type png)

<use stuff/connections.png>
Package pdftex.def Info: stuff/connections.png used on input line 522.
(pdftex.def)             Requested size: 216.81pt x 247.14644pt.

Overfull \vbox (8.39832pt too high) detected at line 522
 []

[62

 <./stuff/connections.png>] [63

]
<stuff/bernoulli.png, id=1655, 991.705pt x 743.77875pt>
File: stuff/bernoulli.png Graphic file (type png)

<use stuff/bernoulli.png>
Package pdftex.def Info: stuff/bernoulli.png used on input line 549.
(pdftex.def)             Requested size: 289.07999pt x 216.80252pt.
 [64

 <./stuff/bernoulli.png>]
LaTeX Font Info:    External font `lmex10' loaded for size
(Font)              <17.28> on input line 572.
LaTeX Font Info:    Font shape `OT1/lmss/m/it' in size <17.28> not available
(Font)              Font shape `OT1/lmss/m/sl' tried instead on input line 572.

 [65

]
<stuff/geometric.png, id=1707, 1466.47874pt x 986.68625pt>
File: stuff/geometric.png Graphic file (type png)

<use stuff/geometric.png>
Package pdftex.def Info: stuff/geometric.png used on input line 582.
(pdftex.def)             Requested size: 289.07999pt x 194.48824pt.
 [66

 <./stuff/geometric.png>] [67

]
<stuff/binomial1.png, id=1761, 1466.47874pt x 868.24374pt>
File: stuff/binomial1.png Graphic file (type png)

<use stuff/binomial1.png>
Package pdftex.def Info: stuff/binomial1.png used on input line 611.
(pdftex.def)             Requested size: 216.81pt x 128.36293pt.

<stuff/binomial2.png, id=1762, 1466.47874pt x 631.35875pt>
File: stuff/binomial2.png Graphic file (type png)

<use stuff/binomial2.png>
Package pdftex.def Info: stuff/binomial2.png used on input line 611.
(pdftex.def)             Requested size: 216.81pt x 93.34135pt.

Overfull \vbox (3.03116pt too high) detected at line 611
 []

[68

 <./stuff/binomial1.png> <./stuff/binomial2.png>]
Overfull \hbox (17.51964pt too wide) in paragraph at lines 636--636
[]  
 []

[69

] [70

] <stuff/Poisson1.png, id=1841, 1466.47874pt x 1105.12875pt>
File: stuff/Poisson1.png Graphic file (type png)

<use stuff/Poisson1.png>
Package pdftex.def Info: stuff/Poisson1.png used on input line 669.
(pdftex.def)             Requested size: 95.88388pt x 72.26999pt.

<stuff/Poisson2.png, id=1842, 1466.47874pt x 631.35875pt>
File: stuff/Poisson2.png Graphic file (type png)

<use stuff/Poisson2.png>
Package pdftex.def Info: stuff/Poisson2.png used on input line 669.
(pdftex.def)             Requested size: 184.652pt x 79.49744pt.

<stuff/Poisson3.png, id=1843, 1466.47874pt x 631.35875pt>
File: stuff/Poisson3.png Graphic file (type png)

<use stuff/Poisson3.png>
Package pdftex.def Info: stuff/Poisson3.png used on input line 669.
(pdftex.def)             Requested size: 289.07999pt x 124.44873pt.
 [71

 <./stuff/Poisson1.png> <./stuff/Poisson2.png> <./stuff/Poisson3.png>] [72

] [73

]
<stuff/uniform.png, id=1926, 896.34875pt x 640.3925pt>
File: stuff/uniform.png Graphic file (type png)
 <use stuff/uniform.png>
Package pdftex.def Info: stuff/uniform.png used on input line 721.
(pdftex.def)             Requested size: 289.07999pt x 206.53232pt.

[74

 <./stuff/uniform.png>] [75

]
<stuff/normal.png, id=1979, 722.7pt x 461.725pt>
File: stuff/normal.png Graphic file (type png)
 <use stuff/normal.png>
Package pdftex.def Info: stuff/normal.png used on input line 751.
(pdftex.def)             Requested size: 289.07999pt x 184.68672pt.

[76

 <./stuff/normal.png>] [77

] [78

] [79

] [80

] [81

] [82

] [83

]
<stuff/chi2.png, id=2183, 602.25pt x 401.5pt>
File: stuff/chi2.png Graphic file (type png)
 <use stuff/chi2.png>
Package pdftex.def Info: stuff/chi2.png used on input line 780.
(pdftex.def)             Requested size: 289.07999pt x 192.72392pt.
 [84

 <./stuff/chi2.png>] [85

] <stuff/gamma.png, id=2237, 803.0pt x 602.25pt>
File: stuff/gamma.png Graphic file (type png)

<use stuff/gamma.png>
Package pdftex.def Info: stuff/gamma.png used on input line 810.
(pdftex.def)             Requested size: 289.07999pt x 216.80983pt.
 [86

 <./stuff/gamma.png>] [87

]
File: stuff/chi2.png Graphic file (type png)
 <use stuff/chi2.png>
Package pdftex.def Info: stuff/chi2.png used on input line 850.
(pdftex.def)             Requested size: 289.07999pt x 192.72392pt.

[88

] [89

] <stuff/exponential.png, id=2340, 361.35pt x 289.08pt>
File: stuff/exponential.png Graphic file (type png)

<use stuff/exponential.png>
Package pdftex.def Info: stuff/exponential.png used on input line 890.
(pdftex.def)             Requested size: 289.07999pt x 231.2643pt.
 [90

 <./stuff/exponential.png>] [91

]
<stuff/beta.png, id=2393, 532.99126pt x 426.59375pt>
File: stuff/beta.png Graphic file (type png)
 <use stuff/beta.png>
Package pdftex.def Info: stuff/beta.png used on input line 928.
(pdftex.def)             Requested size: 289.07999pt x 231.37915pt.

[92

 <./stuff/beta.png>] <stuff/pdfCDF.png, id=2421, 132.495pt x 176.3388pt>
File: stuff/pdfCDF.png Graphic file (type png)

<use stuff/pdfCDF.png>
Package pdftex.def Info: stuff/pdfCDF.png used on input line 964.
(pdftex.def)             Requested size: 90.3375pt x 120.23167pt.
 [93

 <./stuff/pdfCDF.png>]
File: stuff/pdfCDF.png Graphic file (type png)
 <use stuff/pdfCDF.png>
Package pdftex.def Info: stuff/pdfCDF.png used on input line 964.
(pdftex.def)             Requested size: 90.3375pt x 120.23167pt.

[94

]
File: stuff/pdfCDF.png Graphic file (type png)
 <use stuff/pdfCDF.png>
Package pdftex.def Info: stuff/pdfCDF.png used on input line 964.
(pdftex.def)             Requested size: 90.3375pt x 120.23167pt.
 [95

] [96

] [97

] [98

] [99

] [100

] [101

] [102

] [103

]
[104

] [105

] [106

] [107

] <stuff/joint.png, id=2803, 722.7pt x 549.05125pt>
File: stuff/joint.png Graphic file (type png)

<use stuff/joint.png>
Package pdftex.def Info: stuff/joint.png used on input line 1036.
(pdftex.def)             Requested size: 234.87749pt x 178.43954pt.
 [108

 <./stuff/joint.png>]
<stuff/2016-12-06-16-18-09-39796758.jpg, id=2830, 195.73125pt x 258.9675pt>
File: stuff/2016-12-06-16-18-09-39796758.jpg Graphic file (type jpg)

<use stuff/2016-12-06-16-18-09-39796758.jpg>
Package pdftex.def Info: stuff/2016-12-06-16-18-09-39796758.jpg used on input l
ine 1068.
(pdftex.def)             Requested size: 40.9644pt x 54.2025pt.

<stuff/Snoop-Dogg-Hairstyle.jpg, id=2831, 2032.59375pt x 2463.9553pt>
File: stuff/Snoop-Dogg-Hairstyle.jpg Graphic file (type jpg)

<use stuff/Snoop-Dogg-Hairstyle.jpg>
Package pdftex.def Info: stuff/Snoop-Dogg-Hairstyle.jpg used on input line 1068
.
(pdftex.def)             Requested size: 44.69238pt x 54.2025pt.

<stuff/donald_trump69.jpg, id=2832, 149.358pt x 99.2508pt>
File: stuff/donald_trump69.jpg Graphic file (type jpg)

<use stuff/donald_trump69.jpg>
Package pdftex.def Info: stuff/donald_trump69.jpg used on input line 1068.
(pdftex.def)             Requested size: 81.566pt x 54.2025pt.

<stuff/mmikes.png, id=2833, 245.91875pt x 236.38312pt>
File: stuff/mmikes.png Graphic file (type png)
 <use stuff/mmikes.png>
Package pdftex.def Info: stuff/mmikes.png used on input line 1068.
(pdftex.def)             Requested size: 56.3875pt x 54.2025pt.

<stuff/bayes.png, id=2834, 531.9875pt x 572.1375pt>
File: stuff/bayes.png Graphic file (type png)
 <use stuff/bayes.png>
Package pdftex.def Info: stuff/bayes.png used on input line 1068.
(pdftex.def)             Requested size: 50.39322pt x 54.2025pt.

[109

 <./stuff/2016-12-06-16-18-09-39796758.jpg> <./stuff/Snoop-Dogg-Hairstyle.jpg> 
<./stuff/donald_trump69.jpg> <./stuff/mmikes.png> <./stuff/bayes.png>]
File: stuff/2016-12-06-16-18-09-39796758.jpg Graphic file (type jpg)

<use stuff/2016-12-06-16-18-09-39796758.jpg>
Package pdftex.def Info: stuff/2016-12-06-16-18-09-39796758.jpg used on input l
ine 1068.
(pdftex.def)             Requested size: 40.9644pt x 54.2025pt.
File: stuff/Snoop-Dogg-Hairstyle.jpg Graphic file (type jpg)

<use stuff/Snoop-Dogg-Hairstyle.jpg>
Package pdftex.def Info: stuff/Snoop-Dogg-Hairstyle.jpg used on input line 1068
.
(pdftex.def)             Requested size: 44.69238pt x 54.2025pt.
File: stuff/donald_trump69.jpg Graphic file (type jpg)
 <use stuff/donald_trump69.jpg>
Package pdftex.def Info: stuff/donald_trump69.jpg used on input line 1068.
(pdftex.def)             Requested size: 81.566pt x 54.2025pt.
File: stuff/mmikes.png Graphic file (type png)

<use stuff/mmikes.png>
Package pdftex.def Info: stuff/mmikes.png used on input line 1068.
(pdftex.def)             Requested size: 56.3875pt x 54.2025pt.
File: stuff/bayes.png Graphic file (type png)
 <use stuff/bayes.png>
Package pdftex.def Info: stuff/bayes.png used on input line 1068.
(pdftex.def)             Requested size: 50.39322pt x 54.2025pt.
 [110

]
File: stuff/2016-12-06-16-18-09-39796758.jpg Graphic file (type jpg)

<use stuff/2016-12-06-16-18-09-39796758.jpg>
Package pdftex.def Info: stuff/2016-12-06-16-18-09-39796758.jpg used on input l
ine 1068.
(pdftex.def)             Requested size: 40.9644pt x 54.2025pt.
File: stuff/Snoop-Dogg-Hairstyle.jpg Graphic file (type jpg)

<use stuff/Snoop-Dogg-Hairstyle.jpg>
Package pdftex.def Info: stuff/Snoop-Dogg-Hairstyle.jpg used on input line 1068
.
(pdftex.def)             Requested size: 44.69238pt x 54.2025pt.
File: stuff/donald_trump69.jpg Graphic file (type jpg)
 <use stuff/donald_trump69.jpg>
Package pdftex.def Info: stuff/donald_trump69.jpg used on input line 1068.
(pdftex.def)             Requested size: 81.566pt x 54.2025pt.
File: stuff/mmikes.png Graphic file (type png)

<use stuff/mmikes.png>
Package pdftex.def Info: stuff/mmikes.png used on input line 1068.
(pdftex.def)             Requested size: 56.3875pt x 54.2025pt.
File: stuff/bayes.png Graphic file (type png)
 <use stuff/bayes.png>
Package pdftex.def Info: stuff/bayes.png used on input line 1068.
(pdftex.def)             Requested size: 50.39322pt x 54.2025pt.
 [111

] [112

] [113

] [114

] [115

]
[116

] [117

] [118

] [119

] [120

] [121

] [122

] [123

] [124

]
LaTeX Font Info:    Font shape `OT1/lmss/bx/it' in size <17.28> not available
(Font)              Font shape `OT1/lmss/bx/sl' tried instead on input line 121
2.
 [125

] [126

] [127

]
[128

] [129

]
Overfull \hbox (21.41084pt too wide) in paragraph at lines 1240--1240
[]  
 []

[130

] <stuff/bullseye.png, id=3398, 893.3375pt x 801.99625pt>
File: stuff/bullseye.png Graphic file (type png)

<use stuff/bullseye.png>
Package pdftex.def Info: stuff/bullseye.png used on input line 1247.
(pdftex.def)             Requested size: 216.81pt x 194.63681pt.
 [131

 <./stuff/bullseye.png>]
<stuff/cors.png, id=3424, 502.87875pt x 219.82124pt>
File: stuff/cors.png Graphic file (type png)
 <use stuff/cors.png>
Package pdftex.def Info: stuff/cors.png used on input line 1277.
(pdftex.def)             Requested size: 252.94499pt x 110.56776pt.

Overfull \vbox (0.26624pt too high) detected at line 1277
 []

[132

 <./stuff/cors.png>]
File: stuff/cors.png Graphic file (type png)
 <use stuff/cors.png>
Package pdftex.def Info: stuff/cors.png used on input line 1277.
(pdftex.def)             Requested size: 252.94499pt x 110.56776pt.

Overfull \vbox (0.26624pt too high) detected at line 1277
 []

[133

]
File: stuff/cors.png Graphic file (type png)
 <use stuff/cors.png>
Package pdftex.def Info: stuff/cors.png used on input line 1277.
(pdftex.def)             Requested size: 252.94499pt x 110.56776pt.

Overfull \vbox (0.26624pt too high) detected at line 1277
 []

[134

]
\tf@nav=\write7
\openout7 = `probs.nav'.

\tf@toc=\write8
\openout8 = `probs.toc'.

\tf@snm=\write9
\openout9 = `probs.snm'.

Package atveryend Info: Empty hook `BeforeClearDocument' on input line 1283.
Package atveryend Info: Empty hook `AfterLastShipout' on input line 1283.
 (./probs.aux)
Package atveryend Info: Executing hook `AtVeryEndDocument' on input line 1283.
Package atveryend Info: Executing hook `AtEndAfterFileList' on input line 1283.

Package rerunfilecheck Info: File `probs.out' has not changed.
(rerunfilecheck)             Checksum: D41D8CD98F00B204E9800998ECF8427E;0.
Package atveryend Info: Empty hook `AtVeryVeryEnd' on input line 1283.
 ) 
Here is how much of TeX's memory you used:
 18930 strings out of 493014
 348549 string characters out of 6133351
 489221 words of memory out of 5000000
 21700 multiletter control sequences out of 15000+600000
 121544 words of font info for 106 fonts, out of 8000000 for 9000
 1141 hyphenation exceptions out of 8191
 56i,28n,55p,3235b,911s stack positions out of 5000i,500n,10000p,200000b,80000s
{/usr/local/texlive/2016/texmf-dist/fonts/enc/dvips/lm/lm-mathit.enc}{/usr/lo
cal/texlive/2016/texmf-dist/fonts/enc/dvips/lm/lm-mathsy.enc}{/usr/local/texliv
e/2016/texmf-dist/fonts/enc/dvips/lm/lm-rm.enc}{/usr/local/texlive/2016/texmf-d
ist/fonts/enc/dvips/lm/lm-rmtt.enc}{/usr/local/texlive/2016/texmf-dist/fonts/en
c/dvips/lm/lm-mathex.enc}</usr/local/texlive/2016/texmf-dist/fonts/type1/public
/amsfonts/latxfont/line10.pfb></usr/local/texlive/2016/texmf-dist/fonts/type1/p
ublic/lm/lmex10.pfb></usr/local/texlive/2016/texmf-dist/fonts/type1/public/lm/l
mmi10.pfb></usr/local/texlive/2016/texmf-dist/fonts/type1/public/lm/lmmi12.pfb>
</usr/local/texlive/2016/texmf-dist/fonts/type1/public/lm/lmmi5.pfb></usr/local
/texlive/2016/texmf-dist/fonts/type1/public/lm/lmmi6.pfb></usr/local/texlive/20
16/texmf-dist/fonts/type1/public/lm/lmmi7.pfb></usr/local/texlive/2016/texmf-di
st/fonts/type1/public/lm/lmmi8.pfb></usr/local/texlive/2016/texmf-dist/fonts/ty
pe1/public/lm/lmmi9.pfb></usr/local/texlive/2016/texmf-dist/fonts/type1/public/
lm/lmss10.pfb></usr/local/texlive/2016/texmf-dist/fonts/type1/public/lm/lmss12.
pfb></usr/local/texlive/2016/texmf-dist/fonts/type1/public/lm/lmss17.pfb></usr/
local/texlive/2016/texmf-dist/fonts/type1/public/lm/lmss8.pfb></usr/local/texli
ve/2016/texmf-dist/fonts/type1/public/lm/lmss9.pfb></usr/local/texlive/2016/tex
mf-dist/fonts/type1/public/lm/lmssbo10.pfb></usr/local/texlive/2016/texmf-dist/
fonts/type1/public/lm/lmssbx10.pfb></usr/local/texlive/2016/texmf-dist/fonts/ty
pe1/public/lm/lmsso10.pfb></usr/local/texlive/2016/texmf-dist/fonts/type1/publi
c/lm/lmsso12.pfb></usr/local/texlive/2016/texmf-dist/fonts/type1/public/lm/lmss
o17.pfb></usr/local/texlive/2016/texmf-dist/fonts/type1/public/lm/lmsso8.pfb></
usr/local/texlive/2016/texmf-dist/fonts/type1/public/lm/lmsso9.pfb></usr/local/
texlive/2016/texmf-dist/fonts/type1/public/lm/lmsy10.pfb></usr/local/texlive/20
16/texmf-dist/fonts/type1/public/lm/lmsy5.pfb></usr/local/texlive/2016/texmf-di
st/fonts/type1/public/lm/lmsy6.pfb></usr/local/texlive/2016/texmf-dist/fonts/ty
pe1/public/lm/lmsy7.pfb></usr/local/texlive/2016/texmf-dist/fonts/type1/public/
lm/lmsy8.pfb></usr/local/texlive/2016/texmf-dist/fonts/type1/public/lm/lmsy9.pf
b></usr/local/texlive/2016/texmf-dist/fonts/type1/public/lm/lmtt8.pfb></usr/loc
al/texlive/2016/texmf-dist/fonts/type1/public/amsfonts/symbols/msam10.pfb></usr
/local/texlive/2016/texmf-dist/fonts/type1/public/amsfonts/symbols/msam7.pfb></
usr/local/texlive/2016/texmf-dist/fonts/type1/public/amsfonts/symbols/msbm10.pf
b></usr/local/texlive/2016/texmf-dist/fonts/type1/public/xypic/xyatip10.pfb></u
sr/local/texlive/2016/texmf-dist/fonts/type1/public/xypic/xybtip10.pfb>
Output written on probs.pdf (134 pages, 4419324 bytes).
PDF statistics:
 3671 PDF objects out of 4296 (max. 8388607)
 3412 compressed objects within 35 object streams
 269 named destinations out of 1000 (max. 500000)
 178 words of extra memory for PDF output out of 10000 (max. 10000000)

