This is pdfTeX, Version 3.14159265-2.6-1.40.17 (TeX Live 2016) (preloaded format=pdflatex 2016.5.22)  24 SEP 2017 11:24
entering extended mode
 restricted \write18 enabled.
 file:line:error style messages enabled.
 %&-line parsing enabled.
**multi_armed_bandit.tex
(./multi_armed_bandit.tex
LaTeX2e <2016/03/31>
Babel <3.9r> and hyphenation patterns for 83 language(s) loaded.
(/usr/local/texlive/2016/texmf-dist/tex/latex/beamer/beamer.cls
(/usr/local/texlive/2016/texmf-dist/tex/latex/beamer/beamerbasercs.sty
Package: beamerbasercs 2015/03/08 (rcs-revision 368aa9ba9d38)
)
Document Class: beamer 2015/01/05 3.36 A class for typesetting presentations (r
cs-revision 8a39122e1f63)
(/usr/local/texlive/2016/texmf-dist/tex/latex/beamer/beamerbasemodes.sty
Package: beamerbasemodes 2013/09/03 (rcs-revision 768f2d98ca64)
\beamer@tempbox=\box26
\beamer@tempcount=\count79
\c@beamerpauses=\count80

(/usr/local/texlive/2016/texmf-dist/tex/latex/beamer/beamerbasedecode.sty
Package: beamerbasedecode 2010/05/01 (rcs-revision efa082c6111d)
\beamer@slideinframe=\count81
\beamer@minimum=\count82
)
\beamer@commentbox=\box27
\beamer@modecount=\count83
)
(/usr/local/texlive/2016/texmf-dist/tex/generic/oberdiek/ifpdf.sty
Package: ifpdf 2016/05/14 v3.1 Provides the ifpdf switch
)
\headheight=\dimen102
\headdp=\dimen103
\footheight=\dimen104
\sidebarheight=\dimen105
\beamer@tempdim=\dimen106
\beamer@finalheight=\dimen107
\beamer@animht=\dimen108
\beamer@animdp=\dimen109
\beamer@animwd=\dimen110
\beamer@leftmargin=\dimen111
\beamer@rightmargin=\dimen112
\beamer@leftsidebar=\dimen113
\beamer@rightsidebar=\dimen114
\beamer@boxsize=\dimen115
\beamer@vboxoffset=\dimen116
\beamer@descdefault=\dimen117
\beamer@descriptionwidth=\dimen118
\beamer@lastskip=\skip41
\beamer@areabox=\box28
\beamer@animcurrent=\box29
\beamer@animshowbox=\box30
\beamer@sectionbox=\box31
\beamer@logobox=\box32
\beamer@linebox=\box33
\beamer@sectioncount=\count84
\beamer@subsubsectionmax=\count85
\beamer@subsectionmax=\count86
\beamer@sectionmax=\count87
\beamer@totalheads=\count88
\beamer@headcounter=\count89
\beamer@partstartpage=\count90
\beamer@sectionstartpage=\count91
\beamer@subsectionstartpage=\count92
\beamer@animationtempa=\count93
\beamer@animationtempb=\count94
\beamer@xpos=\count95
\beamer@ypos=\count96
\beamer@showpartnumber=\count97
\beamer@currentsubsection=\count98
\beamer@coveringdepth=\count99
\beamer@sectionadjust=\count100
\beamer@tocsectionnumber=\count101

(/usr/local/texlive/2016/texmf-dist/tex/latex/beamer/beamerbaseoptions.sty
Package: beamerbaseoptions 2013/03/10 (rcs-revision 47431932db0d)

(/usr/local/texlive/2016/texmf-dist/tex/latex/graphics/keyval.sty
Package: keyval 2014/10/28 v1.15 key=value parser (DPC)
\KV@toks@=\toks14
))
\beamer@paperwidth=\skip42
\beamer@paperheight=\skip43

(/usr/local/texlive/2016/texmf-dist/tex/latex/geometry/geometry.sty
Package: geometry 2010/09/12 v5.6 Page Geometry

(/usr/local/texlive/2016/texmf-dist/tex/generic/oberdiek/ifvtex.sty
Package: ifvtex 2016/05/16 v1.6 Detect VTeX and its facilities (HO)
Package ifvtex Info: VTeX not detected.
)
(/usr/local/texlive/2016/texmf-dist/tex/generic/ifxetex/ifxetex.sty
Package: ifxetex 2010/09/12 v0.6 Provides ifxetex conditional
)
\Gm@cnth=\count102
\Gm@cntv=\count103
\c@Gm@tempcnt=\count104
\Gm@bindingoffset=\dimen119
\Gm@wd@mp=\dimen120
\Gm@odd@mp=\dimen121
\Gm@even@mp=\dimen122
\Gm@layoutwidth=\dimen123
\Gm@layoutheight=\dimen124
\Gm@layouthoffset=\dimen125
\Gm@layoutvoffset=\dimen126
\Gm@dimlist=\toks15
)
(/usr/local/texlive/2016/texmf-dist/tex/latex/base/size11.clo
File: size11.clo 2014/09/29 v1.4h Standard LaTeX file (size option)
)
(/usr/local/texlive/2016/texmf-dist/tex/latex/pgf/basiclayer/pgfcore.sty
(/usr/local/texlive/2016/texmf-dist/tex/latex/graphics/graphicx.sty
Package: graphicx 2014/10/28 v1.0g Enhanced LaTeX Graphics (DPC,SPQR)

(/usr/local/texlive/2016/texmf-dist/tex/latex/graphics/graphics.sty
Package: graphics 2016/05/09 v1.0r Standard LaTeX Graphics (DPC,SPQR)

(/usr/local/texlive/2016/texmf-dist/tex/latex/graphics/trig.sty
Package: trig 2016/01/03 v1.10 sin cos tan (DPC)
)
(/usr/local/texlive/2016/texmf-dist/tex/latex/graphics-cfg/graphics.cfg
File: graphics.cfg 2016/01/02 v1.10 sample graphics configuration
)
Package graphics Info: Driver file: pdftex.def on input line 96.

(/usr/local/texlive/2016/texmf-dist/tex/latex/pdftex-def/pdftex.def
File: pdftex.def 2011/05/27 v0.06d Graphics/color for pdfTeX

(/usr/local/texlive/2016/texmf-dist/tex/generic/oberdiek/infwarerr.sty
Package: infwarerr 2016/05/16 v1.4 Providing info/warning/error messages (HO)
)
(/usr/local/texlive/2016/texmf-dist/tex/generic/oberdiek/ltxcmds.sty
Package: ltxcmds 2016/05/16 v1.23 LaTeX kernel commands for general use (HO)
)
\Gread@gobject=\count105
))
\Gin@req@height=\dimen127
\Gin@req@width=\dimen128
)
(/usr/local/texlive/2016/texmf-dist/tex/latex/pgf/systemlayer/pgfsys.sty
(/usr/local/texlive/2016/texmf-dist/tex/latex/pgf/utilities/pgfrcs.sty
(/usr/local/texlive/2016/texmf-dist/tex/generic/pgf/utilities/pgfutil-common.te
x
\pgfutil@everybye=\toks16
\pgfutil@tempdima=\dimen129
\pgfutil@tempdimb=\dimen130

(/usr/local/texlive/2016/texmf-dist/tex/generic/pgf/utilities/pgfutil-common-li
sts.tex))
(/usr/local/texlive/2016/texmf-dist/tex/generic/pgf/utilities/pgfutil-latex.def
\pgfutil@abb=\box34
(/usr/local/texlive/2016/texmf-dist/tex/latex/ms/everyshi.sty
Package: everyshi 2001/05/15 v3.00 EveryShipout Package (MS)
))
(/usr/local/texlive/2016/texmf-dist/tex/generic/pgf/utilities/pgfrcs.code.tex
Package: pgfrcs 2015/08/07 v3.0.1a (rcs-revision 1.31)
))
(/usr/local/texlive/2016/texmf-dist/tex/generic/pgf/systemlayer/pgfsys.code.tex
Package: pgfsys 2014/07/09 v3.0.1a (rcs-revision 1.48)
(/usr/local/texlive/2016/texmf-dist/tex/generic/pgf/utilities/pgfkeys.code.tex
\pgfkeys@pathtoks=\toks17
\pgfkeys@temptoks=\toks18

(/usr/local/texlive/2016/texmf-dist/tex/generic/pgf/utilities/pgfkeysfiltered.c
ode.tex
\pgfkeys@tmptoks=\toks19
))
\pgf@x=\dimen131
\pgf@y=\dimen132
\pgf@xa=\dimen133
\pgf@ya=\dimen134
\pgf@xb=\dimen135
\pgf@yb=\dimen136
\pgf@xc=\dimen137
\pgf@yc=\dimen138
\w@pgf@writea=\write3
\r@pgf@reada=\read1
\c@pgf@counta=\count106
\c@pgf@countb=\count107
\c@pgf@countc=\count108
\c@pgf@countd=\count109
\t@pgf@toka=\toks20
\t@pgf@tokb=\toks21
\t@pgf@tokc=\toks22

(/usr/local/texlive/2016/texmf-dist/tex/generic/pgf/systemlayer/pgf.cfg
File: pgf.cfg 2008/05/14  (rcs-revision 1.7)
)
Driver file for pgf: pgfsys-pdftex.def

(/usr/local/texlive/2016/texmf-dist/tex/generic/pgf/systemlayer/pgfsys-pdftex.d
ef
File: pgfsys-pdftex.def 2014/10/11  (rcs-revision 1.35)

(/usr/local/texlive/2016/texmf-dist/tex/generic/pgf/systemlayer/pgfsys-common-p
df.def
File: pgfsys-common-pdf.def 2013/10/10  (rcs-revision 1.13)
)))
(/usr/local/texlive/2016/texmf-dist/tex/generic/pgf/systemlayer/pgfsyssoftpath.
code.tex
File: pgfsyssoftpath.code.tex 2013/09/09  (rcs-revision 1.9)
\pgfsyssoftpath@smallbuffer@items=\count110
\pgfsyssoftpath@bigbuffer@items=\count111
)
(/usr/local/texlive/2016/texmf-dist/tex/generic/pgf/systemlayer/pgfsysprotocol.
code.tex
File: pgfsysprotocol.code.tex 2006/10/16  (rcs-revision 1.4)
)) (/usr/local/texlive/2016/texmf-dist/tex/latex/xcolor/xcolor.sty
Package: xcolor 2016/05/11 v2.12 LaTeX color extensions (UK)

(/usr/local/texlive/2016/texmf-dist/tex/latex/graphics-cfg/color.cfg
File: color.cfg 2016/01/02 v1.6 sample color configuration
)
Package xcolor Info: Driver file: pdftex.def on input line 225.
Package xcolor Info: Model `cmy' substituted by `cmy0' on input line 1348.
Package xcolor Info: Model `hsb' substituted by `rgb' on input line 1352.
Package xcolor Info: Model `RGB' extended on input line 1364.
Package xcolor Info: Model `HTML' substituted by `rgb' on input line 1366.
Package xcolor Info: Model `Hsb' substituted by `hsb' on input line 1367.
Package xcolor Info: Model `tHsb' substituted by `hsb' on input line 1368.
Package xcolor Info: Model `HSB' substituted by `hsb' on input line 1369.
Package xcolor Info: Model `Gray' substituted by `gray' on input line 1370.
Package xcolor Info: Model `wave' substituted by `hsb' on input line 1371.

(/usr/local/texlive/2016/texmf-dist/tex/latex/graphics/dvipsnam.def
File: dvipsnam.def 2015/12/30 v3.0k Driver-dependent file (DPC,SPQR)
))
(/usr/local/texlive/2016/texmf-dist/tex/generic/pgf/basiclayer/pgfcore.code.tex
Package: pgfcore 2010/04/11 v3.0.1a (rcs-revision 1.7)
(/usr/local/texlive/2016/texmf-dist/tex/generic/pgf/math/pgfmath.code.tex
(/usr/local/texlive/2016/texmf-dist/tex/generic/pgf/math/pgfmathcalc.code.tex
(/usr/local/texlive/2016/texmf-dist/tex/generic/pgf/math/pgfmathutil.code.tex)
(/usr/local/texlive/2016/texmf-dist/tex/generic/pgf/math/pgfmathparser.code.tex
\pgfmath@dimen=\dimen139
\pgfmath@count=\count112
\pgfmath@box=\box35
\pgfmath@toks=\toks23
\pgfmath@stack@operand=\toks24
\pgfmath@stack@operation=\toks25
)
(/usr/local/texlive/2016/texmf-dist/tex/generic/pgf/math/pgfmathfunctions.code.
tex
(/usr/local/texlive/2016/texmf-dist/tex/generic/pgf/math/pgfmathfunctions.basic
.code.tex)
(/usr/local/texlive/2016/texmf-dist/tex/generic/pgf/math/pgfmathfunctions.trigo
nometric.code.tex)
(/usr/local/texlive/2016/texmf-dist/tex/generic/pgf/math/pgfmathfunctions.rando
m.code.tex)
(/usr/local/texlive/2016/texmf-dist/tex/generic/pgf/math/pgfmathfunctions.compa
rison.code.tex)
(/usr/local/texlive/2016/texmf-dist/tex/generic/pgf/math/pgfmathfunctions.base.
code.tex)
(/usr/local/texlive/2016/texmf-dist/tex/generic/pgf/math/pgfmathfunctions.round
.code.tex)
(/usr/local/texlive/2016/texmf-dist/tex/generic/pgf/math/pgfmathfunctions.misc.
code.tex)
(/usr/local/texlive/2016/texmf-dist/tex/generic/pgf/math/pgfmathfunctions.integ
erarithmetics.code.tex)))
(/usr/local/texlive/2016/texmf-dist/tex/generic/pgf/math/pgfmathfloat.code.tex
\c@pgfmathroundto@lastzeros=\count113
))
(/usr/local/texlive/2016/texmf-dist/tex/generic/pgf/basiclayer/pgfcorepoints.co
de.tex
File: pgfcorepoints.code.tex 2013/10/07  (rcs-revision 1.27)
\pgf@picminx=\dimen140
\pgf@picmaxx=\dimen141
\pgf@picminy=\dimen142
\pgf@picmaxy=\dimen143
\pgf@pathminx=\dimen144
\pgf@pathmaxx=\dimen145
\pgf@pathminy=\dimen146
\pgf@pathmaxy=\dimen147
\pgf@xx=\dimen148
\pgf@xy=\dimen149
\pgf@yx=\dimen150
\pgf@yy=\dimen151
\pgf@zx=\dimen152
\pgf@zy=\dimen153
)
(/usr/local/texlive/2016/texmf-dist/tex/generic/pgf/basiclayer/pgfcorepathconst
ruct.code.tex
File: pgfcorepathconstruct.code.tex 2013/10/07  (rcs-revision 1.29)
\pgf@path@lastx=\dimen154
\pgf@path@lasty=\dimen155
)
(/usr/local/texlive/2016/texmf-dist/tex/generic/pgf/basiclayer/pgfcorepathusage
.code.tex
File: pgfcorepathusage.code.tex 2014/11/02  (rcs-revision 1.24)
\pgf@shorten@end@additional=\dimen156
\pgf@shorten@start@additional=\dimen157
)
(/usr/local/texlive/2016/texmf-dist/tex/generic/pgf/basiclayer/pgfcorescopes.co
de.tex
File: pgfcorescopes.code.tex 2015/05/08  (rcs-revision 1.46)
\pgfpic=\box36
\pgf@hbox=\box37
\pgf@layerbox@main=\box38
\pgf@picture@serial@count=\count114
)
(/usr/local/texlive/2016/texmf-dist/tex/generic/pgf/basiclayer/pgfcoregraphicst
ate.code.tex
File: pgfcoregraphicstate.code.tex 2014/11/02  (rcs-revision 1.12)
\pgflinewidth=\dimen158
)
(/usr/local/texlive/2016/texmf-dist/tex/generic/pgf/basiclayer/pgfcoretransform
ations.code.tex
File: pgfcoretransformations.code.tex 2015/08/07  (rcs-revision 1.20)
\pgf@pt@x=\dimen159
\pgf@pt@y=\dimen160
\pgf@pt@temp=\dimen161
)
(/usr/local/texlive/2016/texmf-dist/tex/generic/pgf/basiclayer/pgfcorequick.cod
e.tex
File: pgfcorequick.code.tex 2008/10/09  (rcs-revision 1.3)
)
(/usr/local/texlive/2016/texmf-dist/tex/generic/pgf/basiclayer/pgfcoreobjects.c
ode.tex
File: pgfcoreobjects.code.tex 2006/10/11  (rcs-revision 1.2)
)
(/usr/local/texlive/2016/texmf-dist/tex/generic/pgf/basiclayer/pgfcorepathproce
ssing.code.tex
File: pgfcorepathprocessing.code.tex 2013/09/09  (rcs-revision 1.9)
)
(/usr/local/texlive/2016/texmf-dist/tex/generic/pgf/basiclayer/pgfcorearrows.co
de.tex
File: pgfcorearrows.code.tex 2015/05/14  (rcs-revision 1.43)
\pgfarrowsep=\dimen162
)
(/usr/local/texlive/2016/texmf-dist/tex/generic/pgf/basiclayer/pgfcoreshade.cod
e.tex
File: pgfcoreshade.code.tex 2013/07/15  (rcs-revision 1.15)
\pgf@max=\dimen163
\pgf@sys@shading@range@num=\count115
)
(/usr/local/texlive/2016/texmf-dist/tex/generic/pgf/basiclayer/pgfcoreimage.cod
e.tex
File: pgfcoreimage.code.tex 2013/07/15  (rcs-revision 1.18)

(/usr/local/texlive/2016/texmf-dist/tex/generic/pgf/basiclayer/pgfcoreexternal.
code.tex
File: pgfcoreexternal.code.tex 2014/07/09  (rcs-revision 1.21)
\pgfexternal@startupbox=\box39
))
(/usr/local/texlive/2016/texmf-dist/tex/generic/pgf/basiclayer/pgfcorelayers.co
de.tex
File: pgfcorelayers.code.tex 2013/07/18  (rcs-revision 1.7)
)
(/usr/local/texlive/2016/texmf-dist/tex/generic/pgf/basiclayer/pgfcoretranspare
ncy.code.tex
File: pgfcoretransparency.code.tex 2013/09/30  (rcs-revision 1.5)
)
(/usr/local/texlive/2016/texmf-dist/tex/generic/pgf/basiclayer/pgfcorepatterns.
code.tex
File: pgfcorepatterns.code.tex 2013/11/07  (rcs-revision 1.5)
)))
(/usr/local/texlive/2016/texmf-dist/tex/latex/pgf/utilities/xxcolor.sty
Package: xxcolor 2003/10/24 ver 0.1
\XC@nummixins=\count116
\XC@countmixins=\count117
)
(/usr/local/texlive/2016/texmf-dist/tex/generic/oberdiek/atbegshi.sty
Package: atbegshi 2016/05/16 v1.17 At begin shipout hook (HO)
)
(/usr/local/texlive/2016/texmf-dist/tex/latex/hyperref/hyperref.sty
Package: hyperref 2016/05/05 v6.83n Hypertext links for LaTeX

(/usr/local/texlive/2016/texmf-dist/tex/generic/oberdiek/hobsub-hyperref.sty
Package: hobsub-hyperref 2016/05/16 v1.14 Bundle oberdiek, subset hyperref (HO)


(/usr/local/texlive/2016/texmf-dist/tex/generic/oberdiek/hobsub-generic.sty
Package: hobsub-generic 2016/05/16 v1.14 Bundle oberdiek, subset generic (HO)
Package: hobsub 2016/05/16 v1.14 Construct package bundles (HO)
Package hobsub Info: Skipping package `infwarerr' (already loaded).
Package hobsub Info: Skipping package `ltxcmds' (already loaded).
Package: ifluatex 2016/05/16 v1.4 Provides the ifluatex switch (HO)
Package ifluatex Info: LuaTeX not detected.
Package hobsub Info: Skipping package `ifvtex' (already loaded).
Package: intcalc 2016/05/16 v1.2 Expandable calculations with integers (HO)
Package hobsub Info: Skipping package `ifpdf' (already loaded).
Package: etexcmds 2016/05/16 v1.6 Avoid name clashes with e-TeX commands (HO)
Package etexcmds Info: Could not find \expanded.
(etexcmds)             That can mean that you are not using pdfTeX 1.50 or
(etexcmds)             that some package has redefined \expanded.
(etexcmds)             In the latter case, load this package earlier.
Package: kvsetkeys 2016/05/16 v1.17 Key value parser (HO)
Package: kvdefinekeys 2016/05/16 v1.4 Define keys (HO)
Package: pdftexcmds 2016/05/10 v0.21 Utility functions of pdfTeX for LuaTeX (HO
)
Package pdftexcmds Info: LuaTeX not detected.
Package pdftexcmds Info: \pdf@primitive is available.
Package pdftexcmds Info: \pdf@ifprimitive is available.
Package pdftexcmds Info: \pdfdraftmode found.
Package: pdfescape 2016/05/16 v1.14 Implements pdfTeX's escape features (HO)
Package: bigintcalc 2016/05/16 v1.4 Expandable calculations on big integers (HO
)
Package: bitset 2016/05/16 v1.2 Handle bit-vector datatype (HO)
Package: uniquecounter 2016/05/16 v1.3 Provide unlimited unique counter (HO)
)
Package hobsub Info: Skipping package `hobsub' (already loaded).
Package: letltxmacro 2016/05/16 v1.5 Let assignment for LaTeX macros (HO)
Package: hopatch 2016/05/16 v1.3 Wrapper for package hooks (HO)
Package: xcolor-patch 2016/05/16 xcolor patch
Package: atveryend 2016/05/16 v1.9 Hooks at the very end of document (HO)
Package atveryend Info: \enddocument detected (standard20110627).
Package hobsub Info: Skipping package `atbegshi' (already loaded).
Package: refcount 2016/05/16 v3.5 Data extraction from label references (HO)
Package: hycolor 2016/05/16 v1.8 Color options for hyperref/bookmark (HO)
)
(/usr/local/texlive/2016/texmf-dist/tex/latex/oberdiek/auxhook.sty
Package: auxhook 2016/05/16 v1.4 Hooks for auxiliary files (HO)
)
(/usr/local/texlive/2016/texmf-dist/tex/latex/oberdiek/kvoptions.sty
Package: kvoptions 2016/05/16 v3.12 Key value format for package options (HO)
)
\@linkdim=\dimen164
\Hy@linkcounter=\count118
\Hy@pagecounter=\count119

(/usr/local/texlive/2016/texmf-dist/tex/latex/hyperref/pd1enc.def
File: pd1enc.def 2016/05/05 v6.83n Hyperref: PDFDocEncoding definition (HO)
)
\Hy@SavedSpaceFactor=\count120

(/usr/local/texlive/2016/texmf-dist/tex/latex/latexconfig/hyperref.cfg
File: hyperref.cfg 2002/06/06 v1.2 hyperref configuration of TeXLive
)
Package hyperref Info: Option `bookmarks' set `true' on input line 4322.
Package hyperref Info: Option `bookmarksopen' set `true' on input line 4322.
Package hyperref Info: Option `implicit' set `false' on input line 4322.
Package hyperref Info: Hyper figures OFF on input line 4446.
Package hyperref Info: Link nesting OFF on input line 4451.
Package hyperref Info: Hyper index ON on input line 4454.
Package hyperref Info: Plain pages OFF on input line 4461.
Package hyperref Info: Backreferencing OFF on input line 4466.
Package hyperref Info: Implicit mode OFF; no redefinition of LaTeX internals.
Package hyperref Info: Bookmarks ON on input line 4691.
\c@Hy@tempcnt=\count121

(/usr/local/texlive/2016/texmf-dist/tex/latex/url/url.sty
\Urlmuskip=\muskip10
Package: url 2013/09/16  ver 3.4  Verb mode for urls, etc.
)
LaTeX Info: Redefining \url on input line 5044.
\XeTeXLinkMargin=\dimen165
\Fld@menulength=\count122
\Field@Width=\dimen166
\Fld@charsize=\dimen167
Package hyperref Info: Hyper figures OFF on input line 6298.
Package hyperref Info: Link nesting OFF on input line 6303.
Package hyperref Info: Hyper index ON on input line 6306.
Package hyperref Info: backreferencing OFF on input line 6313.
Package hyperref Info: Link coloring OFF on input line 6318.
Package hyperref Info: Link coloring with OCG OFF on input line 6323.
Package hyperref Info: PDF/A mode OFF on input line 6328.
LaTeX Info: Redefining \ref on input line 6368.
LaTeX Info: Redefining \pageref on input line 6372.
\Hy@abspage=\count123


Package hyperref Message: Stopped early.

)

Package hyperref Message: Driver (autodetected): hpdftex.

(/usr/local/texlive/2016/texmf-dist/tex/latex/hyperref/hpdftex.def
File: hpdftex.def 2016/05/05 v6.83n Hyperref driver for pdfTeX
\Fld@listcount=\count124
\c@bookmark@seq@number=\count125

(/usr/local/texlive/2016/texmf-dist/tex/latex/oberdiek/rerunfilecheck.sty
Package: rerunfilecheck 2016/05/16 v1.8 Rerun checks for auxiliary files (HO)
Package uniquecounter Info: New unique counter `rerunfilecheck' on input line 2
82.
))
(/usr/local/texlive/2016/texmf-dist/tex/latex/beamer/beamerbaserequires.sty
Package: beamerbaserequires 2010/05/01  (rcs-revision efa082c6111d)

(/usr/local/texlive/2016/texmf-dist/tex/latex/beamer/beamerbasecompatibility.st
y
Package: beamerbasecompatibility 2012/05/01  (rcs-revision 67c48b3b652d)
) (/usr/local/texlive/2016/texmf-dist/tex/latex/beamer/beamerbasefont.sty
Package: beamerbasefont 2015/01/05  (rcs-revision b4b4bee242e2)

(/usr/local/texlive/2016/texmf-dist/tex/latex/amsfonts/amssymb.sty
Package: amssymb 2013/01/14 v3.01 AMS font symbols

(/usr/local/texlive/2016/texmf-dist/tex/latex/amsfonts/amsfonts.sty
Package: amsfonts 2013/01/14 v3.01 Basic AMSFonts support
\@emptytoks=\toks26
\symAMSa=\mathgroup4
\symAMSb=\mathgroup5
LaTeX Font Info:    Overwriting math alphabet `\mathfrak' in version `bold'
(Font)                  U/euf/m/n --> U/euf/b/n on input line 106.
))
(/usr/local/texlive/2016/texmf-dist/tex/latex/sansmathaccent/sansmathaccent.sty
Package: sansmathaccent 2013/03/28
(/usr/local/texlive/2016/texmf-dist/tex/latex/filehook/filehook.sty
Package: filehook 2011/10/12 v0.5d Hooks for input files
)))
(/usr/local/texlive/2016/texmf-dist/tex/latex/beamer/beamerbasetranslator.sty
Package: beamerbasetranslator 2010/06/11  (rcs-revision 85fd1cc7fc42)

(/usr/local/texlive/2016/texmf-dist/tex/latex/beamer/translator/translator.sty
Package: translator 2010/06/12 ver 1.10

(/usr/local/texlive/2016/texmf-dist/tex/latex/beamer/translator/translator-lang
uage-mappings.tex)))
(/usr/local/texlive/2016/texmf-dist/tex/latex/beamer/beamerbasemisc.sty
Package: beamerbasemisc 2013/09/03  (rcs-revision a55719c41d85)
)
(/usr/local/texlive/2016/texmf-dist/tex/latex/beamer/beamerbasetwoscreens.sty
Package: beamerbasetwoscreens 2010/05/01  (rcs-revision efa082c6111d)
)
(/usr/local/texlive/2016/texmf-dist/tex/latex/beamer/beamerbaseoverlay.sty
Package: beamerbaseoverlay 2013/12/25  (rcs-revision f6bd5e3805da)
\beamer@argscount=\count126
\beamer@lastskipcover=\skip44
\beamer@trivlistdepth=\count127
)
(/usr/local/texlive/2016/texmf-dist/tex/latex/beamer/beamerbasetitle.sty
Package: beamerbasetitle 2010/09/21  (rcs-revision f0446ed0b6ae)
)
(/usr/local/texlive/2016/texmf-dist/tex/latex/beamer/beamerbasesection.sty
Package: beamerbasesection 2013/06/07  (rcs-revision 60b9fe0f342f)
\c@lecture=\count128
\c@part=\count129
\c@section=\count130
\c@subsection=\count131
\c@subsubsection=\count132
)
(/usr/local/texlive/2016/texmf-dist/tex/latex/beamer/beamerbaseframe.sty
Package: beamerbaseframe 2014/02/20  (rcs-revision 4b8ceeeff434)
\beamer@framebox=\box40
\beamer@frametitlebox=\box41
\beamer@zoombox=\box42
\beamer@zoomcount=\count133
\beamer@zoomframecount=\count134
\beamer@frametextheight=\dimen168
\c@subsectionslide=\count135
\beamer@frametopskip=\skip45
\beamer@framebottomskip=\skip46
\beamer@frametopskipautobreak=\skip47
\beamer@framebottomskipautobreak=\skip48
\beamer@envbody=\toks27
\framewidth=\dimen169
\c@framenumber=\count136
)
(/usr/local/texlive/2016/texmf-dist/tex/latex/beamer/beamerbaseverbatim.sty
Package: beamerbaseverbatim 2015/01/05  (rcs-revision 431510bb5890)
\beamer@verbatimfileout=\write4
)
(/usr/local/texlive/2016/texmf-dist/tex/latex/beamer/beamerbaseframesize.sty
Package: beamerbaseframesize 2011/09/12  (rcs-revision 70f9d8411e54)
\beamer@splitbox=\box43
\beamer@autobreakcount=\count137
\beamer@autobreaklastheight=\dimen170
\beamer@frametitletoks=\toks28
\beamer@framesubtitletoks=\toks29
)
(/usr/local/texlive/2016/texmf-dist/tex/latex/beamer/beamerbaseframecomponents.
sty
Package: beamerbaseframecomponents 2013/10/18  (rcs-revision 5cf6c5555a45)
\beamer@footins=\box44
) (/usr/local/texlive/2016/texmf-dist/tex/latex/beamer/beamerbasecolor.sty
Package: beamerbasecolor 2015/02/21  (rcs-revision d944b04ee2d5)
)
(/usr/local/texlive/2016/texmf-dist/tex/latex/beamer/beamerbasenotes.sty
Package: beamerbasenotes 2012/12/19  (rcs-revision 1686da3db3c9)
\beamer@frameboxcopy=\box45
)
(/usr/local/texlive/2016/texmf-dist/tex/latex/beamer/beamerbasetoc.sty
Package: beamerbasetoc 2015/03/08  (rcs-revision 7270298bbaae)
)
(/usr/local/texlive/2016/texmf-dist/tex/latex/beamer/beamerbasetemplates.sty
Package: beamerbasetemplates 2010/05/01  (rcs-revision efa082c6111d)
\beamer@sbttoks=\toks30

(/usr/local/texlive/2016/texmf-dist/tex/latex/beamer/beamerbaseauxtemplates.sty
Package: beamerbaseauxtemplates 2014/06/30  (rcs-revision 580088513a67)
(/usr/local/texlive/2016/texmf-dist/tex/latex/beamer/beamerbaseboxes.sty
Package: beamerbaseboxes 2012/05/13  (rcs-revision 56972908a390)
\bmb@box=\box46
\bmb@colorbox=\box47
\bmb@boxshadow=\box48
\bmb@boxshadowball=\box49
\bmb@boxshadowballlarge=\box50
\bmb@temp=\dimen171
\bmb@dima=\dimen172
\bmb@dimb=\dimen173
\bmb@prevheight=\dimen174
)
\beamer@blockheadheight=\dimen175
))
(/usr/local/texlive/2016/texmf-dist/tex/latex/beamer/beamerbaselocalstructure.s
ty
Package: beamerbaselocalstructure 2014/09/10  (rcs-revision 393f6dcff371)
 (/usr/local/texlive/2016/texmf-dist/tex/latex/tools/enumerate.sty
Package: enumerate 2015/07/23 v3.00 enumerate extensions (DPC)
\@enLab=\toks31
)
\c@figure=\count138
\c@table=\count139
\abovecaptionskip=\skip49
\belowcaptionskip=\skip50
)
(/usr/local/texlive/2016/texmf-dist/tex/latex/beamer/beamerbasenavigation.sty
Package: beamerbasenavigation 2015/02/27  (rcs-revision 923f4bf87efa)
\beamer@section@min@dim=\dimen176
)
(/usr/local/texlive/2016/texmf-dist/tex/latex/beamer/beamerbasetheorems.sty
Package: beamerbasetheorems 2010/06/06  (rcs-revision 7e7cc5e53e9d)

(/usr/local/texlive/2016/texmf-dist/tex/latex/amsmath/amsmath.sty
Package: amsmath 2016/03/10 v2.15b AMS math features
\@mathmargin=\skip51

For additional information on amsmath, use the `?' option.
(/usr/local/texlive/2016/texmf-dist/tex/latex/amsmath/amstext.sty
Package: amstext 2000/06/29 v2.01 AMS text

(/usr/local/texlive/2016/texmf-dist/tex/latex/amsmath/amsgen.sty
File: amsgen.sty 1999/11/30 v2.0 generic functions
\@emptytoks=\toks32
\ex@=\dimen177
))
(/usr/local/texlive/2016/texmf-dist/tex/latex/amsmath/amsbsy.sty
Package: amsbsy 1999/11/29 v1.2d Bold Symbols
\pmbraise@=\dimen178
)
(/usr/local/texlive/2016/texmf-dist/tex/latex/amsmath/amsopn.sty
Package: amsopn 2016/03/08 v2.02 operator names
)
\inf@bad=\count140
LaTeX Info: Redefining \frac on input line 199.
\uproot@=\count141
\leftroot@=\count142
LaTeX Info: Redefining \overline on input line 297.
\classnum@=\count143
\DOTSCASE@=\count144
LaTeX Info: Redefining \ldots on input line 394.
LaTeX Info: Redefining \dots on input line 397.
LaTeX Info: Redefining \cdots on input line 518.
\Mathstrutbox@=\box51
\strutbox@=\box52
\big@size=\dimen179
LaTeX Font Info:    Redeclaring font encoding OML on input line 634.
LaTeX Font Info:    Redeclaring font encoding OMS on input line 635.
\macc@depth=\count145
\c@MaxMatrixCols=\count146
\dotsspace@=\muskip11
\c@parentequation=\count147
\dspbrk@lvl=\count148
\tag@help=\toks33
\row@=\count149
\column@=\count150
\maxfields@=\count151
\andhelp@=\toks34
\eqnshift@=\dimen180
\alignsep@=\dimen181
\tagshift@=\dimen182
\tagwidth@=\dimen183
\totwidth@=\dimen184
\lineht@=\dimen185
\@envbody=\toks35
\multlinegap=\skip52
\multlinetaggap=\skip53
\mathdisplay@stack=\toks36
LaTeX Info: Redefining \[ on input line 2739.
LaTeX Info: Redefining \] on input line 2740.
)
(/usr/local/texlive/2016/texmf-dist/tex/latex/amscls/amsthm.sty
Package: amsthm 2015/03/04 v2.20.2
\thm@style=\toks37
\thm@bodyfont=\toks38
\thm@headfont=\toks39
\thm@notefont=\toks40
\thm@headpunct=\toks41
\thm@preskip=\skip54
\thm@postskip=\skip55
\thm@headsep=\skip56
\dth@everypar=\toks42
)
\c@theorem=\count152
)
(/usr/local/texlive/2016/texmf-dist/tex/latex/beamer/beamerbasethemes.sty
Package: beamerbasethemes 2010/05/01  (rcs-revision efa082c6111d)
))
(/usr/local/texlive/2016/texmf-dist/tex/latex/beamer/themes/theme/beamerthemede
fault.sty
Package: beamerthemedefault 2010/06/17  (rcs-revision d02a7cf4d8ae)

(/usr/local/texlive/2016/texmf-dist/tex/latex/beamer/themes/font/beamerfontthem
edefault.sty
Package: beamerfontthemedefault 2012/12/19  (rcs-revision 1686da3db3c9)
)
(/usr/local/texlive/2016/texmf-dist/tex/latex/beamer/themes/color/beamercolorth
emedefault.sty
Package: beamercolorthemedefault 2012/12/19  (rcs-revision 1686da3db3c9)
)
(/usr/local/texlive/2016/texmf-dist/tex/latex/beamer/themes/inner/beamerinnerth
emedefault.sty
Package: beamerinnerthemedefault 2014/06/30  (rcs-revision 580088513a67)
\beamer@dima=\dimen186
\beamer@dimb=\dimen187
)
(/usr/local/texlive/2016/texmf-dist/tex/latex/beamer/themes/outer/beamerouterth
emedefault.sty
Package: beamerouterthemedefault 2012/12/19  (rcs-revision 1686da3db3c9)
)))
(/usr/local/texlive/2016/texmf-dist/tex/latex/multirow/multirow.sty
\bigstrutjot=\dimen188
)
(./multi_armed_bandit.aux)
\openout1 = `multi_armed_bandit.aux'.

LaTeX Font Info:    Checking defaults for OML/cmm/m/it on input line 10.
LaTeX Font Info:    ... okay on input line 10.
LaTeX Font Info:    Checking defaults for T1/cmr/m/n on input line 10.
LaTeX Font Info:    ... okay on input line 10.
LaTeX Font Info:    Checking defaults for OT1/cmr/m/n on input line 10.
LaTeX Font Info:    ... okay on input line 10.
LaTeX Font Info:    Checking defaults for OMS/cmsy/m/n on input line 10.
LaTeX Font Info:    ... okay on input line 10.
LaTeX Font Info:    Checking defaults for OMX/cmex/m/n on input line 10.
LaTeX Font Info:    ... okay on input line 10.
LaTeX Font Info:    Checking defaults for U/cmr/m/n on input line 10.
LaTeX Font Info:    ... okay on input line 10.
LaTeX Font Info:    Checking defaults for PD1/pdf/m/n on input line 10.
LaTeX Font Info:    ... okay on input line 10.

*geometry* driver: auto-detecting
*geometry* detected driver: pdftex
*geometry* verbose mode - [ preamble ] result:
* driver: pdftex
* paper: custom
* layout: <same size as paper>
* layoutoffset:(h,v)=(0.0pt,0.0pt)
* modes: includehead includefoot 
* h-part:(L,W,R)=(28.45274pt, 307.28987pt, 28.45274pt)
* v-part:(T,H,B)=(0.0pt, 273.14662pt, 0.0pt)
* \paperwidth=364.19536pt
* \paperheight=273.14662pt
* \textwidth=307.28987pt
* \textheight=244.6939pt
* \oddsidemargin=-43.81725pt
* \evensidemargin=-43.81725pt
* \topmargin=-72.26999pt
* \headheight=14.22636pt
* \headsep=0.0pt
* \topskip=11.0pt
* \footskip=14.22636pt
* \marginparwidth=4.0pt
* \marginparsep=10.0pt
* \columnsep=10.0pt
* \skip\footins=10.0pt plus 4.0pt minus 2.0pt
* \hoffset=0.0pt
* \voffset=0.0pt
* \mag=1000
* \@twocolumnfalse
* \@twosidefalse
* \@mparswitchfalse
* \@reversemarginfalse
* (1in=72.27pt=25.4mm, 1cm=28.453pt)

(/usr/local/texlive/2016/texmf-dist/tex/context/base/mkii/supp-pdf.mkii
[Loading MPS to PDF converter (version 2006.09.02).]
\scratchcounter=\count153
\scratchdimen=\dimen189
\scratchbox=\box53
\nofMPsegments=\count154
\nofMParguments=\count155
\everyMPshowfont=\toks43
\MPscratchCnt=\count156
\MPscratchDim=\dimen190
\MPnumerator=\count157
\makeMPintoPDFobject=\count158
\everyMPtoPDFconversion=\toks44
) (/usr/local/texlive/2016/texmf-dist/tex/latex/oberdiek/epstopdf-base.sty
Package: epstopdf-base 2016/05/15 v2.6 Base part for package epstopdf

(/usr/local/texlive/2016/texmf-dist/tex/latex/oberdiek/grfext.sty
Package: grfext 2016/05/16 v1.2 Manage graphics extensions (HO)
)
Package grfext Info: Graphics extension search list:
(grfext)             [.png,.pdf,.jpg,.mps,.jpeg,.jbig2,.jb2,.PNG,.PDF,.JPG,.JPE
G,.JBIG2,.JB2,.eps]
(grfext)             \AppendGraphicsExtensions on input line 456.

(/usr/local/texlive/2016/texmf-dist/tex/latex/latexconfig/epstopdf-sys.cfg
File: epstopdf-sys.cfg 2010/07/13 v1.3 Configuration of (r)epstopdf for TeX Liv
e
))
ABD: EveryShipout initializing macros
\AtBeginShipoutBox=\box54
Package hyperref Info: Link coloring OFF on input line 10.

(/usr/local/texlive/2016/texmf-dist/tex/latex/hyperref/nameref.sty
Package: nameref 2012/10/27 v2.43 Cross-referencing by name of section

(/usr/local/texlive/2016/texmf-dist/tex/generic/oberdiek/gettitlestring.sty
Package: gettitlestring 2016/05/16 v1.5 Cleanup title references (HO)
)
\c@section@level=\count159
)
LaTeX Info: Redefining \ref on input line 10.
LaTeX Info: Redefining \pageref on input line 10.
LaTeX Info: Redefining \nameref on input line 10.

(./multi_armed_bandit.out) (./multi_armed_bandit.out)
\@outlinefile=\write5
\openout5 = `multi_armed_bandit.out'.

LaTeX Font Info:    Overwriting symbol font `operators' in version `normal'
(Font)                  OT1/cmr/m/n --> OT1/cmss/m/n on input line 10.
LaTeX Font Info:    Overwriting symbol font `operators' in version `bold'
(Font)                  OT1/cmr/bx/n --> OT1/cmss/bx/n on input line 10.
\symnumbers=\mathgroup6
\sympureletters=\mathgroup7
LaTeX Font Info:    Overwriting math alphabet `\mathrm' in version `normal'
(Font)                  OT1/cmss/m/n --> OT1/cmr/m/n on input line 10.
LaTeX Font Info:    Redeclaring math alphabet \mathbf on input line 10.
LaTeX Font Info:    Overwriting math alphabet `\mathbf' in version `normal'
(Font)                  OT1/cmr/bx/n --> OT1/cmss/bx/n on input line 10.
LaTeX Font Info:    Overwriting math alphabet `\mathbf' in version `bold'
(Font)                  OT1/cmr/bx/n --> OT1/cmss/bx/n on input line 10.
LaTeX Font Info:    Redeclaring math alphabet \mathsf on input line 10.
LaTeX Font Info:    Overwriting math alphabet `\mathsf' in version `normal'
(Font)                  OT1/cmss/m/n --> OT1/cmss/m/n on input line 10.
LaTeX Font Info:    Overwriting math alphabet `\mathsf' in version `bold'
(Font)                  OT1/cmss/bx/n --> OT1/cmss/m/n on input line 10.
LaTeX Font Info:    Redeclaring math alphabet \mathit on input line 10.
LaTeX Font Info:    Overwriting math alphabet `\mathit' in version `normal'
(Font)                  OT1/cmr/m/it --> OT1/cmss/m/it on input line 10.
LaTeX Font Info:    Overwriting math alphabet `\mathit' in version `bold'
(Font)                  OT1/cmr/bx/it --> OT1/cmss/m/it on input line 10.
LaTeX Font Info:    Redeclaring math alphabet \mathtt on input line 10.
LaTeX Font Info:    Overwriting math alphabet `\mathtt' in version `normal'
(Font)                  OT1/cmtt/m/n --> OT1/cmtt/m/n on input line 10.
LaTeX Font Info:    Overwriting math alphabet `\mathtt' in version `bold'
(Font)                  OT1/cmtt/m/n --> OT1/cmtt/m/n on input line 10.
LaTeX Font Info:    Overwriting symbol font `numbers' in version `bold'
(Font)                  OT1/cmss/m/n --> OT1/cmss/bx/n on input line 10.
LaTeX Font Info:    Overwriting symbol font `pureletters' in version `bold'
(Font)                  OT1/cmss/m/it --> OT1/cmss/bx/it on input line 10.
LaTeX Font Info:    Overwriting math alphabet `\mathrm' in version `bold'
(Font)                  OT1/cmss/bx/n --> OT1/cmr/bx/n on input line 10.
LaTeX Font Info:    Overwriting math alphabet `\mathbf' in version `bold'
(Font)                  OT1/cmss/bx/n --> OT1/cmss/bx/n on input line 10.
LaTeX Font Info:    Overwriting math alphabet `\mathsf' in version `bold'
(Font)                  OT1/cmss/m/n --> OT1/cmss/bx/n on input line 10.
LaTeX Font Info:    Overwriting math alphabet `\mathit' in version `bold'
(Font)                  OT1/cmss/m/it --> OT1/cmss/bx/it on input line 10.
LaTeX Font Info:    Overwriting math alphabet `\mathtt' in version `bold'
(Font)                  OT1/cmtt/m/n --> OT1/cmtt/bx/n on input line 10.
LaTeX Font Info:    Redeclaring symbol font `pureletters' on input line 10.
LaTeX Font Info:    Overwriting symbol font `pureletters' in version `normal'
(Font)                  OT1/cmss/m/it --> OT1/mathkerncmss/m/sl on input line 1
0.
LaTeX Font Info:    Overwriting symbol font `pureletters' in version `bold'
(Font)                  OT1/cmss/bx/it --> OT1/mathkerncmss/m/sl on input line 
10.
LaTeX Font Info:    Overwriting symbol font `pureletters' in version `bold'
(Font)                  OT1/mathkerncmss/m/sl --> OT1/mathkerncmss/bx/sl on inp
ut line 10.

(/usr/local/texlive/2016/texmf-dist/tex/latex/beamer/translator/dicts/translato
r-basic-dictionary/translator-basic-dictionary-English.dict
Dictionary: translator-basic-dictionary, Language: English 
)
(/usr/local/texlive/2016/texmf-dist/tex/latex/beamer/translator/dicts/translato
r-bibliography-dictionary/translator-bibliography-dictionary-English.dict
Dictionary: translator-bibliography-dictionary, Language: English 
)
(/usr/local/texlive/2016/texmf-dist/tex/latex/beamer/translator/dicts/translato
r-environment-dictionary/translator-environment-dictionary-English.dict
Dictionary: translator-environment-dictionary, Language: English 
)
(/usr/local/texlive/2016/texmf-dist/tex/latex/beamer/translator/dicts/translato
r-months-dictionary/translator-months-dictionary-English.dict
Dictionary: translator-months-dictionary, Language: English 
)
(/usr/local/texlive/2016/texmf-dist/tex/latex/beamer/translator/dicts/translato
r-numbers-dictionary/translator-numbers-dictionary-English.dict
Dictionary: translator-numbers-dictionary, Language: English 
)
(/usr/local/texlive/2016/texmf-dist/tex/latex/beamer/translator/dicts/translato
r-theorem-dictionary/translator-theorem-dictionary-English.dict
Dictionary: translator-theorem-dictionary, Language: English 
)
LaTeX Info: Redefining \includegraphics on input line 10.

(./multi_armed_bandit.nav)

LaTeX Font Warning: Font shape `OT1/cmss/m/n' in size <4> not available
(Font)              size <5> substituted on input line 12.

[1

{/usr/local/texlive/2016/texmf-var/fonts/map/pdftex/updmap/pdftex.map}]
LaTeX Font Info:    Try loading font information for U+msa on input line 64.

(/usr/local/texlive/2016/texmf-dist/tex/latex/amsfonts/umsa.fd
File: umsa.fd 2013/01/14 v3.01 AMS symbols A
)
LaTeX Font Info:    Try loading font information for U+msb on input line 64.

(/usr/local/texlive/2016/texmf-dist/tex/latex/amsfonts/umsb.fd
File: umsb.fd 2013/01/14 v3.01 AMS symbols B
)
LaTeX Font Info:    Try loading font information for OT1+mathkerncmss on input 
line 64.

(/usr/local/texlive/2016/texmf-dist/tex/latex/sansmathaccent/ot1mathkerncmss.fd
File: ot1mathkerncmss.fd 2013/03/27 Fontinst v1.933 font definitions for OT1/ma
thkerncmss.
) <stuff/mab3.jpg, id=43, 428.60126pt x 1200.485pt>
File: stuff/mab3.jpg Graphic file (type jpg)
 <use stuff/mab3.jpg>
Package pdftex.def Info: stuff/mab3.jpg used on input line 64.
(pdftex.def)             Requested size: 26.05504pt x 72.9923pt.

<stuff/mab6.jpg, id=44, 235.88126pt x 698.61pt>
File: stuff/mab6.jpg Graphic file (type jpg)
 <use stuff/mab6.jpg>
Package pdftex.def Info: stuff/mab6.jpg used on input line 64.
(pdftex.def)             Requested size: 26.83963pt x 79.49744pt.

<stuff/mab1.jpg, id=45, 200.75pt x 559.08875pt>
File: stuff/mab1.jpg Graphic file (type jpg)
 <use stuff/mab1.jpg>
Package pdftex.def Info: stuff/mab1.jpg used on input line 64.
(pdftex.def)             Requested size: 32.43616pt x 90.3375pt.

<stuff/mab2.jpg, id=46, 236.885pt x 621.32124pt>
File: stuff/mab2.jpg Graphic file (type jpg)
 <use stuff/mab2.jpg>
Package pdftex.def Info: stuff/mab2.jpg used on input line 64.
(pdftex.def)             Requested size: 35.81676pt x 93.95122pt.

<stuff/mab7.jpg, id=47, 848.16875pt x 2106.87125pt>
File: stuff/mab7.jpg Graphic file (type jpg)
 <use stuff/mab7.jpg>
Package pdftex.def Info: stuff/mab7.jpg used on input line 64.
(pdftex.def)             Requested size: 36.367pt x 90.3375pt.

<stuff/mab5.jpg, id=48, 8.23878pt x 23.1264pt>
File: stuff/mab5.jpg Graphic file (type jpg)
 <use stuff/mab5.jpg>
Package pdftex.def Info: stuff/mab5.jpg used on input line 64.
(pdftex.def)             Requested size: 28.32246pt x 79.49744pt.

<stuff/mab8.jpg, id=49, 602.25pt x 1790.69pt>
File: stuff/mab8.jpg Graphic file (type jpg)
 <use stuff/mab8.jpg>
Package pdftex.def Info: stuff/mab8.jpg used on input line 64.
(pdftex.def)             Requested size: 25.03241pt x 74.438pt.

<stuff/p6.png, id=50, 582.175pt x 384.43625pt>
File: stuff/p6.png Graphic file (type png)
 <use stuff/p6.png>
Package pdftex.def Info: stuff/p6.png used on input line 64.
(pdftex.def)             Requested size: 46.51276pt x 30.71497pt.

<stuff/p5.png, id=52, 581.17125pt x 386.44376pt>
File: stuff/p5.png Graphic file (type png)
 <use stuff/p5.png>
Package pdftex.def Info: stuff/p5.png used on input line 64.
(pdftex.def)             Requested size: 46.18427pt x 30.71497pt.

<stuff/p1.png, id=53, 582.175pt x 385.44pt>
File: stuff/p1.png Graphic file (type png)
 <use stuff/p1.png>
Package pdftex.def Info: stuff/p1.png used on input line 64.
(pdftex.def)             Requested size: 46.3884pt x 30.71497pt.

<stuff/p2.png, id=54, 584.1825pt x 385.44pt>
File: stuff/p2.png Graphic file (type png)
 <use stuff/p2.png>
Package pdftex.def Info: stuff/p2.png used on input line 64.
(pdftex.def)             Requested size: 46.54836pt x 30.71497pt.

<stuff/p4.png, id=55, 584.1825pt x 384.43625pt>
File: stuff/p4.png Graphic file (type png)
 <use stuff/p4.png>
Package pdftex.def Info: stuff/p4.png used on input line 64.
(pdftex.def)             Requested size: 46.67316pt x 30.71497pt.

<stuff/p3.png, id=56, 586.19pt x 384.43625pt>
File: stuff/p3.png Graphic file (type png)
 <use stuff/p3.png>
Package pdftex.def Info: stuff/p3.png used on input line 64.
(pdftex.def)             Requested size: 46.83354pt x 30.71497pt.

<stuff/p7.png, id=57, 587.19376pt x 386.44376pt>
File: stuff/p7.png Graphic file (type png)
 <use stuff/p7.png>
Package pdftex.def Info: stuff/p7.png used on input line 64.
(pdftex.def)             Requested size: 46.66286pt x 30.71497pt.

Overfull \hbox (2.51357pt too wide) in paragraph at lines 64--64
[][][][][][]  
 []

[2

 <./stuff/mab3.jpg> <./stuff/mab6.jpg> <./stuff/mab1.jpg> <./stuff/mab2.jpg> <.
/stuff/mab7.jpg> <./stuff/mab5.jpg> <./stuff/mab8.jpg> <./stuff/p6.png> <./stuf
f/p5.png> <./stuff/p1.png> <./stuff/p2.png> <./stuff/p4.png> <./stuff/p3.png> <
./stuff/p7.png>]
File: stuff/mab3.jpg Graphic file (type jpg)
 <use stuff/mab3.jpg>
Package pdftex.def Info: stuff/mab3.jpg used on input line 64.
(pdftex.def)             Requested size: 26.05504pt x 72.9923pt.
File: stuff/mab6.jpg Graphic file (type jpg)
 <use stuff/mab6.jpg>
Package pdftex.def Info: stuff/mab6.jpg used on input line 64.
(pdftex.def)             Requested size: 26.83963pt x 79.49744pt.
File: stuff/mab1.jpg Graphic file (type jpg)

<use stuff/mab1.jpg>
Package pdftex.def Info: stuff/mab1.jpg used on input line 64.
(pdftex.def)             Requested size: 32.43616pt x 90.3375pt.
File: stuff/mab2.jpg Graphic file (type jpg)
 <use stuff/mab2.jpg>
Package pdftex.def Info: stuff/mab2.jpg used on input line 64.
(pdftex.def)             Requested size: 35.81676pt x 93.95122pt.
File: stuff/mab7.jpg Graphic file (type jpg)
 <use stuff/mab7.jpg>
Package pdftex.def Info: stuff/mab7.jpg used on input line 64.
(pdftex.def)             Requested size: 36.367pt x 90.3375pt.
File: stuff/mab5.jpg Graphic file (type jpg)

<use stuff/mab5.jpg>
Package pdftex.def Info: stuff/mab5.jpg used on input line 64.
(pdftex.def)             Requested size: 28.32246pt x 79.49744pt.
File: stuff/mab8.jpg Graphic file (type jpg)
 <use stuff/mab8.jpg>
Package pdftex.def Info: stuff/mab8.jpg used on input line 64.
(pdftex.def)             Requested size: 25.03241pt x 74.438pt.
File: stuff/p6.png Graphic file (type png)
 <use stuff/p6.png>
Package pdftex.def Info: stuff/p6.png used on input line 64.
(pdftex.def)             Requested size: 46.51276pt x 30.71497pt.
File: stuff/p5.png Graphic file (type png)

<use stuff/p5.png>
Package pdftex.def Info: stuff/p5.png used on input line 64.
(pdftex.def)             Requested size: 46.18427pt x 30.71497pt.
File: stuff/p1.png Graphic file (type png)
 <use stuff/p1.png>
Package pdftex.def Info: stuff/p1.png used on input line 64.
(pdftex.def)             Requested size: 46.3884pt x 30.71497pt.
File: stuff/p2.png Graphic file (type png)
 <use stuff/p2.png>
Package pdftex.def Info: stuff/p2.png used on input line 64.
(pdftex.def)             Requested size: 46.54836pt x 30.71497pt.
File: stuff/p4.png Graphic file (type png)
 <use stuff/p4.png>
Package pdftex.def Info: stuff/p4.png used on input line 64.
(pdftex.def)             Requested size: 46.67316pt x 30.71497pt.
File: stuff/p3.png Graphic file (type png)

<use stuff/p3.png>
Package pdftex.def Info: stuff/p3.png used on input line 64.
(pdftex.def)             Requested size: 46.83354pt x 30.71497pt.
File: stuff/p7.png Graphic file (type png)
 <use stuff/p7.png>
Package pdftex.def Info: stuff/p7.png used on input line 64.
(pdftex.def)             Requested size: 46.66286pt x 30.71497pt.

Overfull \hbox (2.51357pt too wide) in paragraph at lines 64--64
[][][][][][]  
 []

[3

]
File: stuff/mab3.jpg Graphic file (type jpg)
 <use stuff/mab3.jpg>
Package pdftex.def Info: stuff/mab3.jpg used on input line 64.
(pdftex.def)             Requested size: 26.05504pt x 72.9923pt.
File: stuff/mab6.jpg Graphic file (type jpg)
 <use stuff/mab6.jpg>
Package pdftex.def Info: stuff/mab6.jpg used on input line 64.
(pdftex.def)             Requested size: 26.83963pt x 79.49744pt.
File: stuff/mab1.jpg Graphic file (type jpg)
 <use stuff/mab1.jpg>
Package pdftex.def Info: stuff/mab1.jpg used on input line 64.
(pdftex.def)             Requested size: 32.43616pt x 90.3375pt.
File: stuff/mab2.jpg Graphic file (type jpg)

<use stuff/mab2.jpg>
Package pdftex.def Info: stuff/mab2.jpg used on input line 64.
(pdftex.def)             Requested size: 35.81676pt x 93.95122pt.
File: stuff/mab7.jpg Graphic file (type jpg)
 <use stuff/mab7.jpg>
Package pdftex.def Info: stuff/mab7.jpg used on input line 64.
(pdftex.def)             Requested size: 36.367pt x 90.3375pt.
File: stuff/mab5.jpg Graphic file (type jpg)
 <use stuff/mab5.jpg>
Package pdftex.def Info: stuff/mab5.jpg used on input line 64.
(pdftex.def)             Requested size: 28.32246pt x 79.49744pt.
File: stuff/mab8.jpg Graphic file (type jpg)

<use stuff/mab8.jpg>
Package pdftex.def Info: stuff/mab8.jpg used on input line 64.
(pdftex.def)             Requested size: 25.03241pt x 74.438pt.
File: stuff/p6.png Graphic file (type png)
 <use stuff/p6.png>
Package pdftex.def Info: stuff/p6.png used on input line 64.
(pdftex.def)             Requested size: 46.51276pt x 30.71497pt.
File: stuff/p5.png Graphic file (type png)
 <use stuff/p5.png>
Package pdftex.def Info: stuff/p5.png used on input line 64.
(pdftex.def)             Requested size: 46.18427pt x 30.71497pt.
File: stuff/p1.png Graphic file (type png)
 <use stuff/p1.png>
Package pdftex.def Info: stuff/p1.png used on input line 64.
(pdftex.def)             Requested size: 46.3884pt x 30.71497pt.
File: stuff/p2.png Graphic file (type png)

<use stuff/p2.png>
Package pdftex.def Info: stuff/p2.png used on input line 64.
(pdftex.def)             Requested size: 46.54836pt x 30.71497pt.
File: stuff/p4.png Graphic file (type png)
 <use stuff/p4.png>
Package pdftex.def Info: stuff/p4.png used on input line 64.
(pdftex.def)             Requested size: 46.67316pt x 30.71497pt.
File: stuff/p3.png Graphic file (type png)
 <use stuff/p3.png>
Package pdftex.def Info: stuff/p3.png used on input line 64.
(pdftex.def)             Requested size: 46.83354pt x 30.71497pt.
File: stuff/p7.png Graphic file (type png)
 <use stuff/p7.png>
Package pdftex.def Info: stuff/p7.png used on input line 64.
(pdftex.def)             Requested size: 46.66286pt x 30.71497pt.

Overfull \hbox (2.51357pt too wide) in paragraph at lines 64--64
[][][][][][][]  
 []

[4

] [5

]
File: stuff/p6.png Graphic file (type png)
 <use stuff/p6.png>
Package pdftex.def Info: stuff/p6.png used on input line 108.
(pdftex.def)             Requested size: 82.08134pt x 54.2025pt.

Overfull \vbox (3.88257pt too high) detected at line 108
 []

File: stuff/p2.png Graphic file (type png)
<use stuff/p2.png>
Package pdftex.def Info: stuff/p2.png used on input line 108.
(pdftex.def)             Requested size: 82.15045pt x 54.2025pt.

Overfull \vbox (3.88257pt too high) detected at line 108
 []


Overfull \vbox (5.2688pt too high) detected at line 108
 []

[6

]
File: stuff/p6.png Graphic file (type png)
 <use stuff/p6.png>
Package pdftex.def Info: stuff/p6.png used on input line 108.
(pdftex.def)             Requested size: 82.08134pt x 54.2025pt.

Overfull \vbox (3.88257pt too high) detected at line 108
 []

File: stuff/p2.png Graphic file (type png)
<use stuff/p2.png>
Package pdftex.def Info: stuff/p2.png used on input line 108.
(pdftex.def)             Requested size: 82.15045pt x 54.2025pt.

Overfull \vbox (3.88257pt too high) detected at line 108
 []


Overfull \vbox (5.2688pt too high) detected at line 108
 []

[7

]
File: stuff/p6.png Graphic file (type png)
 <use stuff/p6.png>
Package pdftex.def Info: stuff/p6.png used on input line 108.
(pdftex.def)             Requested size: 82.08134pt x 54.2025pt.

Overfull \vbox (3.88257pt too high) detected at line 108
 []

File: stuff/p2.png Graphic file (type png)
<use stuff/p2.png>
Package pdftex.def Info: stuff/p2.png used on input line 108.
(pdftex.def)             Requested size: 82.15045pt x 54.2025pt.

Overfull \vbox (3.88257pt too high) detected at line 108
 []


Overfull \vbox (5.2688pt too high) detected at line 108
 []

[8

]
File: stuff/p6.png Graphic file (type png)
 <use stuff/p6.png>
Package pdftex.def Info: stuff/p6.png used on input line 108.
(pdftex.def)             Requested size: 82.08134pt x 54.2025pt.

Overfull \vbox (3.88257pt too high) detected at line 108
 []

File: stuff/p2.png Graphic file (type png)
<use stuff/p2.png>
Package pdftex.def Info: stuff/p2.png used on input line 108.
(pdftex.def)             Requested size: 82.15045pt x 54.2025pt.

Overfull \vbox (3.88257pt too high) detected at line 108
 []


Overfull \vbox (5.2688pt too high) detected at line 108
 []

[9

]
File: stuff/p6.png Graphic file (type png)
 <use stuff/p6.png>
Package pdftex.def Info: stuff/p6.png used on input line 108.
(pdftex.def)             Requested size: 82.08134pt x 54.2025pt.

Overfull \vbox (3.88257pt too high) detected at line 108
 []

File: stuff/p2.png Graphic file (type png)
<use stuff/p2.png>
Package pdftex.def Info: stuff/p2.png used on input line 108.
(pdftex.def)             Requested size: 82.15045pt x 54.2025pt.

Overfull \vbox (3.88257pt too high) detected at line 108
 []


Overfull \vbox (5.2688pt too high) detected at line 108
 []

[10

]
File: stuff/p6.png Graphic file (type png)
 <use stuff/p6.png>
Package pdftex.def Info: stuff/p6.png used on input line 108.
(pdftex.def)             Requested size: 82.08134pt x 54.2025pt.

Overfull \vbox (3.88257pt too high) detected at line 108
 []

File: stuff/p2.png Graphic file (type png)
<use stuff/p2.png>
Package pdftex.def Info: stuff/p2.png used on input line 108.
(pdftex.def)             Requested size: 82.15045pt x 54.2025pt.

Overfull \vbox (3.88257pt too high) detected at line 108
 []


Overfull \vbox (5.2688pt too high) detected at line 108
 []

[11

]
File: stuff/p6.png Graphic file (type png)
 <use stuff/p6.png>
Package pdftex.def Info: stuff/p6.png used on input line 108.
(pdftex.def)             Requested size: 82.08134pt x 54.2025pt.

Overfull \vbox (3.88257pt too high) detected at line 108
 []

File: stuff/p2.png Graphic file (type png)
<use stuff/p2.png>
Package pdftex.def Info: stuff/p2.png used on input line 108.
(pdftex.def)             Requested size: 82.15045pt x 54.2025pt.

Overfull \vbox (3.88257pt too high) detected at line 108
 []


Overfull \vbox (5.2688pt too high) detected at line 108
 []

[12

] <stuff/power_2.png, id=354, 849.8952pt x 433.62pt>
File: stuff/power_2.png Graphic file (type png)

<use stuff/power_2.png>
Package pdftex.def Info: stuff/power_2.png used on input line 132.
(pdftex.def)             Requested size: 219.55399pt x 112.0187pt.
 <stuff/figure_2.png, id=355, 362.0727pt x 321.6015pt>
File: stuff/figure_2.png Graphic file (type png)

<use stuff/figure_2.png>
Package pdftex.def Info: stuff/figure_2.png used on input line 132.
(pdftex.def)             Requested size: 126.11409pt x 112.0187pt.

Overfull \hbox (17.03865pt too wide) in paragraph at lines 132--132
[]| [][]  
 []

[13

 <./stuff/power_2.png> <./stuff/figure_2.png>]
<stuff/figure_1.png, id=388, 1003.1076pt x 435.7881pt>
File: stuff/figure_1.png Graphic file (type png)

<use stuff/figure_1.png>
Package pdftex.def Info: stuff/figure_1.png used on input line 154.
(pdftex.def)             Requested size: 182.98526pt x 79.49744pt.

Overfull \hbox (13.9749pt too wide) in paragraph at lines 154--154
[][][][]  
 []

<stuff/power_1.png, id=389, 850.6179pt x 433.62pt>
File: stuff/power_1.png Graphic file (type png)
 <use stuff/power_1.png>
Package pdftex.def Info: stuff/power_1.png used on input line 154.
(pdftex.def)             Requested size: 219.74068pt x 112.0187pt.

<stuff/figure_2b.png, id=390, 362.0727pt x 321.6015pt>
File: stuff/figure_2b.png Graphic file (type png)

<use stuff/figure_2b.png>
Package pdftex.def Info: stuff/figure_2b.png used on input line 154.
(pdftex.def)             Requested size: 126.11409pt x 112.0187pt.

Overfull \hbox (17.22534pt too wide) in paragraph at lines 154--154
[]| [][]  
 []

[14

 <./stuff/figure_1.png> <./stuff/power_1.png> <./stuff/figure_2b.png>]
File: stuff/figure_1.png Graphic file (type png)

<use stuff/figure_1.png>
Package pdftex.def Info: stuff/figure_1.png used on input line 154.
(pdftex.def)             Requested size: 182.98526pt x 79.49744pt.

Overfull \hbox (13.9749pt too wide) in paragraph at lines 154--154
[][][][][][]  
 []

File: stuff/power_1.png Graphic file (type png)
<use stuff/power_1.png>
Package pdftex.def Info: stuff/power_1.png used on input line 154.
(pdftex.def)             Requested size: 219.74068pt x 112.0187pt.
File: stuff/figure_2b.png Graphic file (type png)
 <use stuff/figure_2b.png>
Package pdftex.def Info: stuff/figure_2b.png used on input line 154.
(pdftex.def)             Requested size: 126.11409pt x 112.0187pt.

Overfull \hbox (17.22534pt too wide) in paragraph at lines 154--154
[]| [][]  
 []

[15

] <stuff/priors.png, id=444, 538.01pt x 409.53pt>
File: stuff/priors.png Graphic file (type png)
 <use stuff/priors.png>
Package pdftex.def Info: stuff/priors.png used on input line 184.
(pdftex.def)             Requested size: 142.41599pt x 108.405pt.

[16

 <./stuff/priors.png>]
File: stuff/priors.png Graphic file (type png)
 <use stuff/priors.png>
Package pdftex.def Info: stuff/priors.png used on input line 184.
(pdftex.def)             Requested size: 142.41599pt x 108.405pt.
 [17

]
File: stuff/priors.png Graphic file (type png)
 <use stuff/priors.png>
Package pdftex.def Info: stuff/priors.png used on input line 184.
(pdftex.def)             Requested size: 142.41599pt x 108.405pt.

[18

]
File: stuff/priors.png Graphic file (type png)
 <use stuff/priors.png>
Package pdftex.def Info: stuff/priors.png used on input line 184.
(pdftex.def)             Requested size: 142.41599pt x 108.405pt.
 [19

]
File: stuff/priors.png Graphic file (type png)
 <use stuff/priors.png>
Package pdftex.def Info: stuff/priors.png used on input line 184.
(pdftex.def)             Requested size: 142.41599pt x 108.405pt.
 [20

] [21

] [22

] [23

]
[24

] [25

] [26

] <stuff/bayes.png, id=727, 547.04375pt x 213.79875pt>
File: stuff/bayes.png Graphic file (type png)

<use stuff/bayes.png>
Package pdftex.def Info: stuff/bayes.png used on input line 223.
(pdftex.def)             Requested size: 277.36926pt x 108.405pt.
 [27

 <./stuff/bayes.png>]
File: stuff/bayes.png Graphic file (type png)
 <use stuff/bayes.png>
Package pdftex.def Info: stuff/bayes.png used on input line 223.
(pdftex.def)             Requested size: 277.36926pt x 108.405pt.
 [28

]
File: stuff/bayes.png Graphic file (type png)

<use stuff/bayes.png>
Package pdftex.def Info: stuff/bayes.png used on input line 223.
(pdftex.def)             Requested size: 277.36926pt x 108.405pt.
 [29

]
File: stuff/bayes.png Graphic file (type png)
 <use stuff/bayes.png>
Package pdftex.def Info: stuff/bayes.png used on input line 223.
(pdftex.def)             Requested size: 277.36926pt x 108.405pt.
 [30

]
<stuff/plotBeta.jpg, id=831, 430.60875pt x 290.08376pt>
File: stuff/plotBeta.jpg Graphic file (type jpg)

<use stuff/plotBeta.jpg>
Package pdftex.def Info: stuff/plotBeta.jpg used on input line 236.
(pdftex.def)             Requested size: 241.38235pt x 162.6075pt.
 [31

 <./stuff/plotBeta.jpg>]

LaTeX Font Warning: Command \tiny invalid in math mode on input line 264.


LaTeX Font Warning: Command \tiny invalid in math mode on input line 264.


LaTeX Font Warning: Command \tiny invalid in math mode on input line 264.


LaTeX Font Warning: Command \tiny invalid in math mode on input line 264.


LaTeX Font Warning: Command \tiny invalid in math mode on input line 264.


LaTeX Font Warning: Command \tiny invalid in math mode on input line 264.


LaTeX Font Warning: Command \tiny invalid in math mode on input line 264.


LaTeX Font Warning: Command \tiny invalid in math mode on input line 264.


LaTeX Font Warning: Command \tiny invalid in math mode on input line 264.


LaTeX Font Warning: Command \tiny invalid in math mode on input line 264.


LaTeX Font Warning: Command \tiny invalid in math mode on input line 264.


LaTeX Font Warning: Command \tiny invalid in math mode on input line 264.


LaTeX Font Warning: Command \tiny invalid in math mode on input line 264.


LaTeX Font Warning: Command \tiny invalid in math mode on input line 264.


LaTeX Font Warning: Command \tiny invalid in math mode on input line 264.


LaTeX Font Warning: Command \tiny invalid in math mode on input line 264.

[32

]

LaTeX Font Warning: Command \tiny invalid in math mode on input line 264.


LaTeX Font Warning: Command \tiny invalid in math mode on input line 264.


LaTeX Font Warning: Command \tiny invalid in math mode on input line 264.


LaTeX Font Warning: Command \tiny invalid in math mode on input line 264.


LaTeX Font Warning: Command \tiny invalid in math mode on input line 264.


LaTeX Font Warning: Command \tiny invalid in math mode on input line 264.


LaTeX Font Warning: Command \tiny invalid in math mode on input line 264.


LaTeX Font Warning: Command \tiny invalid in math mode on input line 264.


LaTeX Font Warning: Command \tiny invalid in math mode on input line 264.


LaTeX Font Warning: Command \tiny invalid in math mode on input line 264.


LaTeX Font Warning: Command \tiny invalid in math mode on input line 264.


LaTeX Font Warning: Command \tiny invalid in math mode on input line 264.


LaTeX Font Warning: Command \tiny invalid in math mode on input line 264.


LaTeX Font Warning: Command \tiny invalid in math mode on input line 264.


LaTeX Font Warning: Command \tiny invalid in math mode on input line 264.


LaTeX Font Warning: Command \tiny invalid in math mode on input line 264.

[33

]

LaTeX Font Warning: Command \tiny invalid in math mode on input line 264.


LaTeX Font Warning: Command \tiny invalid in math mode on input line 264.


LaTeX Font Warning: Command \tiny invalid in math mode on input line 264.


LaTeX Font Warning: Command \tiny invalid in math mode on input line 264.


LaTeX Font Warning: Command \tiny invalid in math mode on input line 264.


LaTeX Font Warning: Command \tiny invalid in math mode on input line 264.


LaTeX Font Warning: Command \tiny invalid in math mode on input line 264.


LaTeX Font Warning: Command \tiny invalid in math mode on input line 264.


LaTeX Font Warning: Command \tiny invalid in math mode on input line 264.


LaTeX Font Warning: Command \tiny invalid in math mode on input line 264.


LaTeX Font Warning: Command \tiny invalid in math mode on input line 264.


LaTeX Font Warning: Command \tiny invalid in math mode on input line 264.


LaTeX Font Warning: Command \tiny invalid in math mode on input line 264.


LaTeX Font Warning: Command \tiny invalid in math mode on input line 264.


LaTeX Font Warning: Command \tiny invalid in math mode on input line 264.


LaTeX Font Warning: Command \tiny invalid in math mode on input line 264.

[34

] <stuff/beta_updates.png, id=936, 901.3675pt x 230.36063pt>
File: stuff/beta_updates.png Graphic file (type png)

<use stuff/beta_updates.png>
Package pdftex.def Info: stuff/beta_updates.png used on input line 276.
(pdftex.def)             Requested size: 303.53377pt x 77.57286pt.

<stuff/beta_updates1.png, id=937, 901.3675pt x 222.33063pt>
File: stuff/beta_updates1.png Graphic file (type png)

<use stuff/beta_updates1.png>
Package pdftex.def Info: stuff/beta_updates1.png used on input line 276.
(pdftex.def)             Requested size: 303.53377pt x 74.8688pt.
 [35

 <./stuff/beta_updates.png> <./stuff/beta_updates1.png>] <stuff/bayesian-update
s-1.png, id=967, 369.38pt x 251.43938pt>
File: stuff/bayesian-updates-1.png Graphic file (type png)

<use stuff/bayesian-updates-1.png>
Package pdftex.def Info: stuff/bayesian-updates-1.png used on input line 293.
(pdftex.def)             Requested size: 185.79425pt x 126.47249pt.

<stuff/bayes2.png, id=968, 531.9875pt x 572.1375pt>
File: stuff/bayes2.png Graphic file (type png)
 <use stuff/bayes2.png>
Package pdftex.def Info: stuff/bayes2.png used on input line 293.
(pdftex.def)             Requested size: 111.5502pt x 119.96846pt.

[36

 <./stuff/bayesian-updates-1.png> <./stuff/bayes2.png>]
<stuff/assymp.png, id=996, 512.91624pt x 247.92625pt>
File: stuff/assymp.png Graphic file (type png)
 <use stuff/assymp.png>
Package pdftex.def Info: stuff/assymp.png used on input line 322.
(pdftex.def)             Requested size: 142.03462pt x 68.65627pt.

<stuff/boots.png, id=997, 541.02126pt x 263.98625pt>
File: stuff/boots.png Graphic file (type png)
 <use stuff/boots.png>
Package pdftex.def Info: stuff/boots.png used on input line 322.
(pdftex.def)             Requested size: 148.10849pt x 72.26999pt.

Overfull \hbox (4.7533pt too wide) in paragraph at lines 322--322
 [][]$  $[][][] 
 []

File: stuff/bayes.png Graphic file (type png)
<use stuff/bayes.png>
Package pdftex.def Info: stuff/bayes.png used on input line 322.
(pdftex.def)             Requested size: 323.60442pt x 126.47249pt.

Overfull \hbox (5.47449pt too wide) in paragraph at lines 322--322
| [][][]  
 []

[37

 <./stuff/assymp.png> <./stuff/boots.png>]
File: stuff/assymp.png Graphic file (type png)
 <use stuff/assymp.png>
Package pdftex.def Info: stuff/assymp.png used on input line 322.
(pdftex.def)             Requested size: 142.03462pt x 68.65627pt.
File: stuff/boots.png Graphic file (type png)

<use stuff/boots.png>
Package pdftex.def Info: stuff/boots.png used on input line 322.
(pdftex.def)             Requested size: 148.10849pt x 72.26999pt.

Overfull \hbox (4.7533pt too wide) in paragraph at lines 322--322
 [][][]$  $[][][] 
 []

File: stuff/bayes.png Graphic file (type png)
<use stuff/bayes.png>
Package pdftex.def Info: stuff/bayes.png used on input line 322.
(pdftex.def)             Requested size: 323.60442pt x 126.47249pt.

Overfull \hbox (5.47449pt too wide) in paragraph at lines 322--322
| [][][]  
 []

[38

]
File: stuff/assymp.png Graphic file (type png)
 <use stuff/assymp.png>
Package pdftex.def Info: stuff/assymp.png used on input line 322.
(pdftex.def)             Requested size: 142.03462pt x 68.65627pt.
File: stuff/boots.png Graphic file (type png)
 <use stuff/boots.png>
Package pdftex.def Info: stuff/boots.png used on input line 322.
(pdftex.def)             Requested size: 148.10849pt x 72.26999pt.

Overfull \hbox (4.7533pt too wide) in paragraph at lines 322--322
 [][][]$  $[][][][][] 
 []

File: stuff/bayes.png Graphic file (type png)
<use stuff/bayes.png>
Package pdftex.def Info: stuff/bayes.png used on input line 322.
(pdftex.def)             Requested size: 323.60442pt x 126.47249pt.

Overfull \hbox (5.47449pt too wide) in paragraph at lines 322--322
| [][][]  
 []

[39

]
File: stuff/assymp.png Graphic file (type png)
 <use stuff/assymp.png>
Package pdftex.def Info: stuff/assymp.png used on input line 322.
(pdftex.def)             Requested size: 142.03462pt x 68.65627pt.
File: stuff/boots.png Graphic file (type png)
 <use stuff/boots.png>
Package pdftex.def Info: stuff/boots.png used on input line 322.
(pdftex.def)             Requested size: 148.10849pt x 72.26999pt.

Overfull \hbox (4.7533pt too wide) in paragraph at lines 322--322
 [][][]$  $[][][][][] 
 []

File: stuff/bayes.png Graphic file (type png)
<use stuff/bayes.png>
Package pdftex.def Info: stuff/bayes.png used on input line 322.
(pdftex.def)             Requested size: 323.60442pt x 126.47249pt.

Overfull \hbox (5.47449pt too wide) in paragraph at lines 322--322
| [][][][][]  
 []

[40

] [41

] [42

] [43

] [44

] [45

] [46

] [47

] [48

]
File: stuff/mab3.jpg Graphic file (type jpg)
 <use stuff/mab3.jpg>
Package pdftex.def Info: stuff/mab3.jpg used on input line 389.
(pdftex.def)             Requested size: 26.05504pt x 72.9923pt.
File: stuff/mab6.jpg Graphic file (type jpg)

<use stuff/mab6.jpg>
Package pdftex.def Info: stuff/mab6.jpg used on input line 389.
(pdftex.def)             Requested size: 26.83963pt x 79.49744pt.
File: stuff/mab1.jpg Graphic file (type jpg)
 <use stuff/mab1.jpg>
Package pdftex.def Info: stuff/mab1.jpg used on input line 389.
(pdftex.def)             Requested size: 32.43616pt x 90.3375pt.
File: stuff/mab2.jpg Graphic file (type jpg)
 <use stuff/mab2.jpg>
Package pdftex.def Info: stuff/mab2.jpg used on input line 389.
(pdftex.def)             Requested size: 35.81676pt x 93.95122pt.
File: stuff/mab7.jpg Graphic file (type jpg)

<use stuff/mab7.jpg>
Package pdftex.def Info: stuff/mab7.jpg used on input line 389.
(pdftex.def)             Requested size: 36.367pt x 90.3375pt.
File: stuff/mab5.jpg Graphic file (type jpg)
 <use stuff/mab5.jpg>
Package pdftex.def Info: stuff/mab5.jpg used on input line 389.
(pdftex.def)             Requested size: 28.32246pt x 79.49744pt.
File: stuff/mab8.jpg Graphic file (type jpg)
 <use stuff/mab8.jpg>
Package pdftex.def Info: stuff/mab8.jpg used on input line 389.
(pdftex.def)             Requested size: 25.03241pt x 74.438pt.
File: stuff/p6.png Graphic file (type png)

<use stuff/p6.png>
Package pdftex.def Info: stuff/p6.png used on input line 389.
(pdftex.def)             Requested size: 46.51276pt x 30.71497pt.
File: stuff/p5.png Graphic file (type png)
 <use stuff/p5.png>
Package pdftex.def Info: stuff/p5.png used on input line 389.
(pdftex.def)             Requested size: 46.18427pt x 30.71497pt.
File: stuff/p1.png Graphic file (type png)
 <use stuff/p1.png>
Package pdftex.def Info: stuff/p1.png used on input line 389.
(pdftex.def)             Requested size: 46.3884pt x 30.71497pt.
File: stuff/p2.png Graphic file (type png)
 <use stuff/p2.png>
Package pdftex.def Info: stuff/p2.png used on input line 389.
(pdftex.def)             Requested size: 46.54836pt x 30.71497pt.
File: stuff/p4.png Graphic file (type png)

<use stuff/p4.png>
Package pdftex.def Info: stuff/p4.png used on input line 389.
(pdftex.def)             Requested size: 46.67316pt x 30.71497pt.
File: stuff/p3.png Graphic file (type png)
 <use stuff/p3.png>
Package pdftex.def Info: stuff/p3.png used on input line 389.
(pdftex.def)             Requested size: 46.83354pt x 30.71497pt.
File: stuff/p7.png Graphic file (type png)
 <use stuff/p7.png>
Package pdftex.def Info: stuff/p7.png used on input line 389.
(pdftex.def)             Requested size: 46.66286pt x 30.71497pt.

Overfull \hbox (9.76108pt too wide) in paragraph at lines 389--389
[]  
 []

[49

]
File: stuff/mab3.jpg Graphic file (type jpg)
 <use stuff/mab3.jpg>
Package pdftex.def Info: stuff/mab3.jpg used on input line 389.
(pdftex.def)             Requested size: 26.05504pt x 72.9923pt.
File: stuff/mab6.jpg Graphic file (type jpg)
 <use stuff/mab6.jpg>
Package pdftex.def Info: stuff/mab6.jpg used on input line 389.
(pdftex.def)             Requested size: 26.83963pt x 79.49744pt.
File: stuff/mab1.jpg Graphic file (type jpg)
 <use stuff/mab1.jpg>
Package pdftex.def Info: stuff/mab1.jpg used on input line 389.
(pdftex.def)             Requested size: 32.43616pt x 90.3375pt.
File: stuff/mab2.jpg Graphic file (type jpg)

<use stuff/mab2.jpg>
Package pdftex.def Info: stuff/mab2.jpg used on input line 389.
(pdftex.def)             Requested size: 35.81676pt x 93.95122pt.
File: stuff/mab7.jpg Graphic file (type jpg)
 <use stuff/mab7.jpg>
Package pdftex.def Info: stuff/mab7.jpg used on input line 389.
(pdftex.def)             Requested size: 36.367pt x 90.3375pt.
File: stuff/mab5.jpg Graphic file (type jpg)
 <use stuff/mab5.jpg>
Package pdftex.def Info: stuff/mab5.jpg used on input line 389.
(pdftex.def)             Requested size: 28.32246pt x 79.49744pt.
File: stuff/mab8.jpg Graphic file (type jpg)

<use stuff/mab8.jpg>
Package pdftex.def Info: stuff/mab8.jpg used on input line 389.
(pdftex.def)             Requested size: 25.03241pt x 74.438pt.
File: stuff/p6.png Graphic file (type png)
 <use stuff/p6.png>
Package pdftex.def Info: stuff/p6.png used on input line 389.
(pdftex.def)             Requested size: 46.51276pt x 30.71497pt.
File: stuff/p5.png Graphic file (type png)
 <use stuff/p5.png>
Package pdftex.def Info: stuff/p5.png used on input line 389.
(pdftex.def)             Requested size: 46.18427pt x 30.71497pt.
File: stuff/p1.png Graphic file (type png)
 <use stuff/p1.png>
Package pdftex.def Info: stuff/p1.png used on input line 389.
(pdftex.def)             Requested size: 46.3884pt x 30.71497pt.
File: stuff/p2.png Graphic file (type png)

<use stuff/p2.png>
Package pdftex.def Info: stuff/p2.png used on input line 389.
(pdftex.def)             Requested size: 46.54836pt x 30.71497pt.
File: stuff/p4.png Graphic file (type png)
 <use stuff/p4.png>
Package pdftex.def Info: stuff/p4.png used on input line 389.
(pdftex.def)             Requested size: 46.67316pt x 30.71497pt.
File: stuff/p3.png Graphic file (type png)
 <use stuff/p3.png>
Package pdftex.def Info: stuff/p3.png used on input line 389.
(pdftex.def)             Requested size: 46.83354pt x 30.71497pt.
File: stuff/p7.png Graphic file (type png)
 <use stuff/p7.png>
Package pdftex.def Info: stuff/p7.png used on input line 389.
(pdftex.def)             Requested size: 46.66286pt x 30.71497pt.

Overfull \hbox (9.76108pt too wide) in paragraph at lines 389--389
[]  
 []

[50

]
File: stuff/mab3.jpg Graphic file (type jpg)
 <use stuff/mab3.jpg>
Package pdftex.def Info: stuff/mab3.jpg used on input line 389.
(pdftex.def)             Requested size: 26.05504pt x 72.9923pt.
File: stuff/mab6.jpg Graphic file (type jpg)
 <use stuff/mab6.jpg>
Package pdftex.def Info: stuff/mab6.jpg used on input line 389.
(pdftex.def)             Requested size: 26.83963pt x 79.49744pt.
File: stuff/mab1.jpg Graphic file (type jpg)
 <use stuff/mab1.jpg>
Package pdftex.def Info: stuff/mab1.jpg used on input line 389.
(pdftex.def)             Requested size: 32.43616pt x 90.3375pt.
File: stuff/mab2.jpg Graphic file (type jpg)

<use stuff/mab2.jpg>
Package pdftex.def Info: stuff/mab2.jpg used on input line 389.
(pdftex.def)             Requested size: 35.81676pt x 93.95122pt.
File: stuff/mab7.jpg Graphic file (type jpg)
 <use stuff/mab7.jpg>
Package pdftex.def Info: stuff/mab7.jpg used on input line 389.
(pdftex.def)             Requested size: 36.367pt x 90.3375pt.
File: stuff/mab5.jpg Graphic file (type jpg)
 <use stuff/mab5.jpg>
Package pdftex.def Info: stuff/mab5.jpg used on input line 389.
(pdftex.def)             Requested size: 28.32246pt x 79.49744pt.
File: stuff/mab8.jpg Graphic file (type jpg)

<use stuff/mab8.jpg>
Package pdftex.def Info: stuff/mab8.jpg used on input line 389.
(pdftex.def)             Requested size: 25.03241pt x 74.438pt.
File: stuff/p6.png Graphic file (type png)
 <use stuff/p6.png>
Package pdftex.def Info: stuff/p6.png used on input line 389.
(pdftex.def)             Requested size: 46.51276pt x 30.71497pt.
File: stuff/p5.png Graphic file (type png)
 <use stuff/p5.png>
Package pdftex.def Info: stuff/p5.png used on input line 389.
(pdftex.def)             Requested size: 46.18427pt x 30.71497pt.
File: stuff/p1.png Graphic file (type png)
 <use stuff/p1.png>
Package pdftex.def Info: stuff/p1.png used on input line 389.
(pdftex.def)             Requested size: 46.3884pt x 30.71497pt.
File: stuff/p2.png Graphic file (type png)

<use stuff/p2.png>
Package pdftex.def Info: stuff/p2.png used on input line 389.
(pdftex.def)             Requested size: 46.54836pt x 30.71497pt.
File: stuff/p4.png Graphic file (type png)
 <use stuff/p4.png>
Package pdftex.def Info: stuff/p4.png used on input line 389.
(pdftex.def)             Requested size: 46.67316pt x 30.71497pt.
File: stuff/p3.png Graphic file (type png)
 <use stuff/p3.png>
Package pdftex.def Info: stuff/p3.png used on input line 389.
(pdftex.def)             Requested size: 46.83354pt x 30.71497pt.
File: stuff/p7.png Graphic file (type png)
 <use stuff/p7.png>
Package pdftex.def Info: stuff/p7.png used on input line 389.
(pdftex.def)             Requested size: 46.66286pt x 30.71497pt.

Overfull \hbox (9.76108pt too wide) in paragraph at lines 389--389
[]  
 []

[51

] [52

] <stuff/mab_ran.png, id=1407, 578.16pt x 433.62pt>
File: stuff/mab_ran.png Graphic file (type png)

<use stuff/mab_ran.png>
Package pdftex.def Info: stuff/mab_ran.png used on input line 419.
(pdftex.def)             Requested size: 289.07928pt x 216.81pt.

Overfull \vbox (13.47438pt too high) detected at line 419
 []

[53

 <./stuff/mab_ran.png>] <stuff/mab_max.png, id=1434, 578.16pt x 433.62pt>
File: stuff/mab_max.png Graphic file (type png)

<use stuff/mab_max.png>
Package pdftex.def Info: stuff/mab_max.png used on input line 437.
(pdftex.def)             Requested size: 289.07928pt x 216.81pt.

Overfull \vbox (13.47438pt too high) detected at line 437
 []

[54

 <./stuff/mab_max.png>] <stuff/mab_sm.png, id=1461, 578.16pt x 398.2077pt>
File: stuff/mab_sm.png Graphic file (type png)

<use stuff/mab_sm.png>
Package pdftex.def Info: stuff/mab_sm.png used on input line 471.
(pdftex.def)             Requested size: 289.07928pt x 199.1042pt.

Overfull \vbox (7.51053pt too high) detected at line 471
 []

[55

 <./stuff/mab_sm.png>] <stuff/mab_epg.png, id=1490, 578.16pt x 433.62pt>
File: stuff/mab_epg.png Graphic file (type png)

<use stuff/mab_epg.png>
Package pdftex.def Info: stuff/mab_epg.png used on input line 486.
(pdftex.def)             Requested size: 289.07928pt x 216.81pt.

Overfull \vbox (12.86606pt too high) detected at line 486
 []

[56

 <./stuff/mab_epg.png>]

LaTeX Font Warning: Font shape `OT1/cmss/bx/it' undefined
(Font)              using `OT1/cmss/bx/n' instead on input line 527.

<stuff/mba_ucb1.png, id=1517, 578.16pt x 399.6531pt>
File: stuff/mba_ucb1.png Graphic file (type png)
 <use stuff/mba_ucb1.png>
Package pdftex.def Info: stuff/mba_ucb1.png used on input line 527.
(pdftex.def)             Requested size: 289.0881pt x 199.82649pt.

Overfull \vbox (7.47057pt too high) detected at line 527
 []

[57

 <./stuff/mba_ucb1.png>]
<stuff/bandit1.png, id=1544, 465.74pt x 371.3875pt>
File: stuff/bandit1.png Graphic file (type png)
 <use stuff/bandit1.png>
Package pdftex.def Info: stuff/bandit1.png used on input line 564.
(pdftex.def)             Requested size: 77.9382pt x 62.15224pt.

<stuff/bandit2.png, id=1545, 461.725pt x 368.37625pt>
File: stuff/bandit2.png Graphic file (type png)
 <use stuff/bandit2.png>
Package pdftex.def Info: stuff/bandit2.png used on input line 564.
(pdftex.def)             Requested size: 77.90039pt x 62.15224pt.

<stuff/bandit3.png, id=1546, 458.71375pt x 369.38pt>
File: stuff/bandit3.png Graphic file (type png)
 <use stuff/bandit3.png>
Package pdftex.def Info: stuff/bandit3.png used on input line 564.
(pdftex.def)             Requested size: 77.18237pt x 62.15224pt.

<stuff/bandit4.png, id=1547, 459.7175pt x 363.3575pt>
File: stuff/bandit4.png Graphic file (type png)
 <use stuff/bandit4.png>
Package pdftex.def Info: stuff/bandit4.png used on input line 564.
(pdftex.def)             Requested size: 78.62793pt x 62.15224pt.

Overfull \hbox (4.35902pt too wide) in paragraph at lines 564--564
[][][][][]  
 []

<stuff/mab_bb.png, id=1548, 578.16pt x 433.62pt>
File: stuff/mab_bb.png Graphic file (type png)
 <use stuff/mab_bb.png>
Package pdftex.def Info: stuff/mab_bb.png used on input line 564.
(pdftex.def)             Requested size: 289.07928pt x 216.81pt.

Overfull \vbox (6.99753pt too high) detected at line 564
 []

[58

 <./stuff/bandit1.png> <./stuff/bandit2.png> <./stuff/bandit3.png> <./stuff/ban
dit4.png> <./stuff/mab_bb.png>]
File: stuff/bandit1.png Graphic file (type png)
 <use stuff/bandit1.png>
Package pdftex.def Info: stuff/bandit1.png used on input line 564.
(pdftex.def)             Requested size: 77.9382pt x 62.15224pt.
File: stuff/bandit2.png Graphic file (type png)

<use stuff/bandit2.png>
Package pdftex.def Info: stuff/bandit2.png used on input line 564.
(pdftex.def)             Requested size: 77.90039pt x 62.15224pt.
File: stuff/bandit3.png Graphic file (type png)
 <use stuff/bandit3.png>
Package pdftex.def Info: stuff/bandit3.png used on input line 564.
(pdftex.def)             Requested size: 77.18237pt x 62.15224pt.
File: stuff/bandit4.png Graphic file (type png)
 <use stuff/bandit4.png>
Package pdftex.def Info: stuff/bandit4.png used on input line 564.
(pdftex.def)             Requested size: 78.62793pt x 62.15224pt.

Overfull \hbox (4.35902pt too wide) in paragraph at lines 564--564
[][][][][]  
 []

File: stuff/mab_bb.png Graphic file (type png)
<use stuff/mab_bb.png>
Package pdftex.def Info: stuff/mab_bb.png used on input line 564.
(pdftex.def)             Requested size: 289.07928pt x 216.81pt.

Overfull \vbox (6.99753pt too high) detected at line 564
 []

[59

]
File: stuff/mab3.jpg Graphic file (type jpg)
 <use stuff/mab3.jpg>
Package pdftex.def Info: stuff/mab3.jpg used on input line 584.
(pdftex.def)             Requested size: 26.05504pt x 72.9923pt.
File: stuff/mab6.jpg Graphic file (type jpg)
 <use stuff/mab6.jpg>
Package pdftex.def Info: stuff/mab6.jpg used on input line 584.
(pdftex.def)             Requested size: 26.83963pt x 79.49744pt.
File: stuff/mab1.jpg Graphic file (type jpg)
 <use stuff/mab1.jpg>
Package pdftex.def Info: stuff/mab1.jpg used on input line 584.
(pdftex.def)             Requested size: 32.43616pt x 90.3375pt.
File: stuff/mab2.jpg Graphic file (type jpg)

<use stuff/mab2.jpg>
Package pdftex.def Info: stuff/mab2.jpg used on input line 584.
(pdftex.def)             Requested size: 35.81676pt x 93.95122pt.
File: stuff/mab7.jpg Graphic file (type jpg)
 <use stuff/mab7.jpg>
Package pdftex.def Info: stuff/mab7.jpg used on input line 584.
(pdftex.def)             Requested size: 36.367pt x 90.3375pt.
File: stuff/mab5.jpg Graphic file (type jpg)
 <use stuff/mab5.jpg>
Package pdftex.def Info: stuff/mab5.jpg used on input line 584.
(pdftex.def)             Requested size: 28.32246pt x 79.49744pt.
File: stuff/mab8.jpg Graphic file (type jpg)

<use stuff/mab8.jpg>
Package pdftex.def Info: stuff/mab8.jpg used on input line 584.
(pdftex.def)             Requested size: 25.03241pt x 74.438pt.
 [60

]
\tf@nav=\write6
\openout6 = `multi_armed_bandit.nav'.

\tf@toc=\write7
\openout7 = `multi_armed_bandit.toc'.

\tf@snm=\write8
\openout8 = `multi_armed_bandit.snm'.

Package atveryend Info: Empty hook `BeforeClearDocument' on input line 586.
Package atveryend Info: Empty hook `AfterLastShipout' on input line 586.
 (./multi_armed_bandit.aux)
Package atveryend Info: Executing hook `AtVeryEndDocument' on input line 586.
Package atveryend Info: Executing hook `AtEndAfterFileList' on input line 586.
Package rerunfilecheck Info: File `multi_armed_bandit.out' has not changed.
(rerunfilecheck)             Checksum: D41D8CD98F00B204E9800998ECF8427E;0.


LaTeX Font Warning: Size substitutions with differences
(Font)              up to 1.0pt have occurred.


LaTeX Font Warning: Some font shapes were not available, defaults substituted.

Package atveryend Info: Empty hook `AtVeryVeryEnd' on input line 586.
 ) 
Here is how much of TeX's memory you used:
 17084 strings out of 493014
 327146 string characters out of 6133351
 402922 words of memory out of 5000000
 20066 multiletter control sequences out of 15000+600000
 25259 words of font info for 91 fonts, out of 8000000 for 9000
 1141 hyphenation exceptions out of 8191
 56i,16n,55p,418b,555s stack positions out of 5000i,500n,10000p,200000b,80000s
</usr/local/texlive/2016/texmf-dist/fonts/type1/public/amsfonts/cm/cmex10.pfb
></usr/local/texlive/2016/texmf-dist/fonts/type1/public/amsfonts/cmextra/cmex8.
pfb></usr/local/texlive/2016/texmf-dist/fonts/type1/public/amsfonts/cm/cmmi10.p
fb></usr/local/texlive/2016/texmf-dist/fonts/type1/public/amsfonts/cm/cmmi12.pf
b></usr/local/texlive/2016/texmf-dist/fonts/type1/public/amsfonts/cm/cmmi8.pfb>
</usr/local/texlive/2016/texmf-dist/fonts/type1/public/amsfonts/cm/cmr6.pfb></u
sr/local/texlive/2016/texmf-dist/fonts/type1/public/amsfonts/cm/cmr8.pfb></usr/
local/texlive/2016/texmf-dist/fonts/type1/public/amsfonts/cm/cmss10.pfb></usr/l
ocal/texlive/2016/texmf-dist/fonts/type1/public/amsfonts/cm/cmss12.pfb></usr/lo
cal/texlive/2016/texmf-dist/fonts/type1/public/amsfonts/cm/cmss17.pfb></usr/loc
al/texlive/2016/texmf-dist/fonts/type1/public/amsfonts/cm/cmss8.pfb></usr/local
/texlive/2016/texmf-dist/fonts/type1/public/amsfonts/cm/cmssbx10.pfb></usr/loca
l/texlive/2016/texmf-dist/fonts/type1/public/amsfonts/cm/cmssi10.pfb></usr/loca
l/texlive/2016/texmf-dist/fonts/type1/public/amsfonts/cm/cmssi12.pfb></usr/loca
l/texlive/2016/texmf-dist/fonts/type1/public/amsfonts/cm/cmssi17.pfb></usr/loca
l/texlive/2016/texmf-dist/fonts/type1/public/amsfonts/cm/cmssi8.pfb></usr/local
/texlive/2016/texmf-dist/fonts/type1/public/amsfonts/cm/cmsy10.pfb></usr/local/
texlive/2016/texmf-dist/fonts/type1/public/amsfonts/cm/cmsy8.pfb></usr/local/te
xlive/2016/texmf-dist/fonts/type1/public/amsfonts/symbols/msam10.pfb></usr/loca
l/texlive/2016/texmf-dist/fonts/type1/public/amsfonts/symbols/msam7.pfb>
Output written on multi_armed_bandit.pdf (60 pages, 9134404 bytes).
PDF statistics:
 1723 PDF objects out of 1728 (max. 8388607)
 1551 compressed objects within 16 object streams
 121 named destinations out of 1000 (max. 500000)
 233 words of extra memory for PDF output out of 10000 (max. 10000000)

