This is pdfTeX, Version 3.14159265-2.6-1.40.17 (TeX Live 2016) (preloaded format=pdflatex 2016.5.22)  13 SEP 2017 20:43
entering extended mode
 restricted \write18 enabled.
 file:line:error style messages enabled.
 %&-line parsing enabled.
**nn.tex
(./nn.tex
LaTeX2e <2016/03/31>
Babel <3.9r> and hyphenation patterns for 83 language(s) loaded.
(/usr/local/texlive/2016/texmf-dist/tex/latex/beamer/beamer.cls
(/usr/local/texlive/2016/texmf-dist/tex/latex/beamer/beamerbasercs.sty
Package: beamerbasercs 2015/03/08 (rcs-revision 368aa9ba9d38)
)
Document Class: beamer 2015/01/05 3.36 A class for typesetting presentations (r
cs-revision 8a39122e1f63)
(/usr/local/texlive/2016/texmf-dist/tex/latex/beamer/beamerbasemodes.sty
Package: beamerbasemodes 2013/09/03 (rcs-revision 768f2d98ca64)
\beamer@tempbox=\box26
\beamer@tempcount=\count79
\c@beamerpauses=\count80

(/usr/local/texlive/2016/texmf-dist/tex/latex/beamer/beamerbasedecode.sty
Package: beamerbasedecode 2010/05/01 (rcs-revision efa082c6111d)
\beamer@slideinframe=\count81
\beamer@minimum=\count82
)
\beamer@commentbox=\box27
\beamer@modecount=\count83
)
(/usr/local/texlive/2016/texmf-dist/tex/generic/oberdiek/ifpdf.sty
Package: ifpdf 2016/05/14 v3.1 Provides the ifpdf switch
)
\headheight=\dimen102
\headdp=\dimen103
\footheight=\dimen104
\sidebarheight=\dimen105
\beamer@tempdim=\dimen106
\beamer@finalheight=\dimen107
\beamer@animht=\dimen108
\beamer@animdp=\dimen109
\beamer@animwd=\dimen110
\beamer@leftmargin=\dimen111
\beamer@rightmargin=\dimen112
\beamer@leftsidebar=\dimen113
\beamer@rightsidebar=\dimen114
\beamer@boxsize=\dimen115
\beamer@vboxoffset=\dimen116
\beamer@descdefault=\dimen117
\beamer@descriptionwidth=\dimen118
\beamer@lastskip=\skip41
\beamer@areabox=\box28
\beamer@animcurrent=\box29
\beamer@animshowbox=\box30
\beamer@sectionbox=\box31
\beamer@logobox=\box32
\beamer@linebox=\box33
\beamer@sectioncount=\count84
\beamer@subsubsectionmax=\count85
\beamer@subsectionmax=\count86
\beamer@sectionmax=\count87
\beamer@totalheads=\count88
\beamer@headcounter=\count89
\beamer@partstartpage=\count90
\beamer@sectionstartpage=\count91
\beamer@subsectionstartpage=\count92
\beamer@animationtempa=\count93
\beamer@animationtempb=\count94
\beamer@xpos=\count95
\beamer@ypos=\count96
\beamer@showpartnumber=\count97
\beamer@currentsubsection=\count98
\beamer@coveringdepth=\count99
\beamer@sectionadjust=\count100
\beamer@tocsectionnumber=\count101

(/usr/local/texlive/2016/texmf-dist/tex/latex/beamer/beamerbaseoptions.sty
Package: beamerbaseoptions 2013/03/10 (rcs-revision 47431932db0d)

(/usr/local/texlive/2016/texmf-dist/tex/latex/graphics/keyval.sty
Package: keyval 2014/10/28 v1.15 key=value parser (DPC)
\KV@toks@=\toks14
))
\beamer@paperwidth=\skip42
\beamer@paperheight=\skip43

(/usr/local/texlive/2016/texmf-dist/tex/latex/geometry/geometry.sty
Package: geometry 2010/09/12 v5.6 Page Geometry

(/usr/local/texlive/2016/texmf-dist/tex/generic/oberdiek/ifvtex.sty
Package: ifvtex 2016/05/16 v1.6 Detect VTeX and its facilities (HO)
Package ifvtex Info: VTeX not detected.
)
(/usr/local/texlive/2016/texmf-dist/tex/generic/ifxetex/ifxetex.sty
Package: ifxetex 2010/09/12 v0.6 Provides ifxetex conditional
)
\Gm@cnth=\count102
\Gm@cntv=\count103
\c@Gm@tempcnt=\count104
\Gm@bindingoffset=\dimen119
\Gm@wd@mp=\dimen120
\Gm@odd@mp=\dimen121
\Gm@even@mp=\dimen122
\Gm@layoutwidth=\dimen123
\Gm@layoutheight=\dimen124
\Gm@layouthoffset=\dimen125
\Gm@layoutvoffset=\dimen126
\Gm@dimlist=\toks15
)
(/usr/local/texlive/2016/texmf-dist/tex/latex/base/size11.clo
File: size11.clo 2014/09/29 v1.4h Standard LaTeX file (size option)
)
(/usr/local/texlive/2016/texmf-dist/tex/latex/pgf/basiclayer/pgfcore.sty
(/usr/local/texlive/2016/texmf-dist/tex/latex/graphics/graphicx.sty
Package: graphicx 2014/10/28 v1.0g Enhanced LaTeX Graphics (DPC,SPQR)

(/usr/local/texlive/2016/texmf-dist/tex/latex/graphics/graphics.sty
Package: graphics 2016/05/09 v1.0r Standard LaTeX Graphics (DPC,SPQR)

(/usr/local/texlive/2016/texmf-dist/tex/latex/graphics/trig.sty
Package: trig 2016/01/03 v1.10 sin cos tan (DPC)
)
(/usr/local/texlive/2016/texmf-dist/tex/latex/graphics-cfg/graphics.cfg
File: graphics.cfg 2016/01/02 v1.10 sample graphics configuration
)
Package graphics Info: Driver file: pdftex.def on input line 96.

(/usr/local/texlive/2016/texmf-dist/tex/latex/pdftex-def/pdftex.def
File: pdftex.def 2011/05/27 v0.06d Graphics/color for pdfTeX

(/usr/local/texlive/2016/texmf-dist/tex/generic/oberdiek/infwarerr.sty
Package: infwarerr 2016/05/16 v1.4 Providing info/warning/error messages (HO)
)
(/usr/local/texlive/2016/texmf-dist/tex/generic/oberdiek/ltxcmds.sty
Package: ltxcmds 2016/05/16 v1.23 LaTeX kernel commands for general use (HO)
)
\Gread@gobject=\count105
))
\Gin@req@height=\dimen127
\Gin@req@width=\dimen128
)
(/usr/local/texlive/2016/texmf-dist/tex/latex/pgf/systemlayer/pgfsys.sty
(/usr/local/texlive/2016/texmf-dist/tex/latex/pgf/utilities/pgfrcs.sty
(/usr/local/texlive/2016/texmf-dist/tex/generic/pgf/utilities/pgfutil-common.te
x
\pgfutil@everybye=\toks16
\pgfutil@tempdima=\dimen129
\pgfutil@tempdimb=\dimen130

(/usr/local/texlive/2016/texmf-dist/tex/generic/pgf/utilities/pgfutil-common-li
sts.tex))
(/usr/local/texlive/2016/texmf-dist/tex/generic/pgf/utilities/pgfutil-latex.def
\pgfutil@abb=\box34
(/usr/local/texlive/2016/texmf-dist/tex/latex/ms/everyshi.sty
Package: everyshi 2001/05/15 v3.00 EveryShipout Package (MS)
))
(/usr/local/texlive/2016/texmf-dist/tex/generic/pgf/utilities/pgfrcs.code.tex
Package: pgfrcs 2015/08/07 v3.0.1a (rcs-revision 1.31)
))
(/usr/local/texlive/2016/texmf-dist/tex/generic/pgf/systemlayer/pgfsys.code.tex
Package: pgfsys 2014/07/09 v3.0.1a (rcs-revision 1.48)
(/usr/local/texlive/2016/texmf-dist/tex/generic/pgf/utilities/pgfkeys.code.tex
\pgfkeys@pathtoks=\toks17
\pgfkeys@temptoks=\toks18

(/usr/local/texlive/2016/texmf-dist/tex/generic/pgf/utilities/pgfkeysfiltered.c
ode.tex
\pgfkeys@tmptoks=\toks19
))
\pgf@x=\dimen131
\pgf@y=\dimen132
\pgf@xa=\dimen133
\pgf@ya=\dimen134
\pgf@xb=\dimen135
\pgf@yb=\dimen136
\pgf@xc=\dimen137
\pgf@yc=\dimen138
\w@pgf@writea=\write3
\r@pgf@reada=\read1
\c@pgf@counta=\count106
\c@pgf@countb=\count107
\c@pgf@countc=\count108
\c@pgf@countd=\count109
\t@pgf@toka=\toks20
\t@pgf@tokb=\toks21
\t@pgf@tokc=\toks22

(/usr/local/texlive/2016/texmf-dist/tex/generic/pgf/systemlayer/pgf.cfg
File: pgf.cfg 2008/05/14  (rcs-revision 1.7)
)
Driver file for pgf: pgfsys-pdftex.def

(/usr/local/texlive/2016/texmf-dist/tex/generic/pgf/systemlayer/pgfsys-pdftex.d
ef
File: pgfsys-pdftex.def 2014/10/11  (rcs-revision 1.35)

(/usr/local/texlive/2016/texmf-dist/tex/generic/pgf/systemlayer/pgfsys-common-p
df.def
File: pgfsys-common-pdf.def 2013/10/10  (rcs-revision 1.13)
)))
(/usr/local/texlive/2016/texmf-dist/tex/generic/pgf/systemlayer/pgfsyssoftpath.
code.tex
File: pgfsyssoftpath.code.tex 2013/09/09  (rcs-revision 1.9)
\pgfsyssoftpath@smallbuffer@items=\count110
\pgfsyssoftpath@bigbuffer@items=\count111
)
(/usr/local/texlive/2016/texmf-dist/tex/generic/pgf/systemlayer/pgfsysprotocol.
code.tex
File: pgfsysprotocol.code.tex 2006/10/16  (rcs-revision 1.4)
)) (/usr/local/texlive/2016/texmf-dist/tex/latex/xcolor/xcolor.sty
Package: xcolor 2016/05/11 v2.12 LaTeX color extensions (UK)

(/usr/local/texlive/2016/texmf-dist/tex/latex/graphics-cfg/color.cfg
File: color.cfg 2016/01/02 v1.6 sample color configuration
)
Package xcolor Info: Driver file: pdftex.def on input line 225.
Package xcolor Info: Model `cmy' substituted by `cmy0' on input line 1348.
Package xcolor Info: Model `hsb' substituted by `rgb' on input line 1352.
Package xcolor Info: Model `RGB' extended on input line 1364.
Package xcolor Info: Model `HTML' substituted by `rgb' on input line 1366.
Package xcolor Info: Model `Hsb' substituted by `hsb' on input line 1367.
Package xcolor Info: Model `tHsb' substituted by `hsb' on input line 1368.
Package xcolor Info: Model `HSB' substituted by `hsb' on input line 1369.
Package xcolor Info: Model `Gray' substituted by `gray' on input line 1370.
Package xcolor Info: Model `wave' substituted by `hsb' on input line 1371.

(/usr/local/texlive/2016/texmf-dist/tex/latex/graphics/dvipsnam.def
File: dvipsnam.def 2015/12/30 v3.0k Driver-dependent file (DPC,SPQR)
))
(/usr/local/texlive/2016/texmf-dist/tex/generic/pgf/basiclayer/pgfcore.code.tex
Package: pgfcore 2010/04/11 v3.0.1a (rcs-revision 1.7)
(/usr/local/texlive/2016/texmf-dist/tex/generic/pgf/math/pgfmath.code.tex
(/usr/local/texlive/2016/texmf-dist/tex/generic/pgf/math/pgfmathcalc.code.tex
(/usr/local/texlive/2016/texmf-dist/tex/generic/pgf/math/pgfmathutil.code.tex)
(/usr/local/texlive/2016/texmf-dist/tex/generic/pgf/math/pgfmathparser.code.tex
\pgfmath@dimen=\dimen139
\pgfmath@count=\count112
\pgfmath@box=\box35
\pgfmath@toks=\toks23
\pgfmath@stack@operand=\toks24
\pgfmath@stack@operation=\toks25
)
(/usr/local/texlive/2016/texmf-dist/tex/generic/pgf/math/pgfmathfunctions.code.
tex
(/usr/local/texlive/2016/texmf-dist/tex/generic/pgf/math/pgfmathfunctions.basic
.code.tex)
(/usr/local/texlive/2016/texmf-dist/tex/generic/pgf/math/pgfmathfunctions.trigo
nometric.code.tex)
(/usr/local/texlive/2016/texmf-dist/tex/generic/pgf/math/pgfmathfunctions.rando
m.code.tex)
(/usr/local/texlive/2016/texmf-dist/tex/generic/pgf/math/pgfmathfunctions.compa
rison.code.tex)
(/usr/local/texlive/2016/texmf-dist/tex/generic/pgf/math/pgfmathfunctions.base.
code.tex)
(/usr/local/texlive/2016/texmf-dist/tex/generic/pgf/math/pgfmathfunctions.round
.code.tex)
(/usr/local/texlive/2016/texmf-dist/tex/generic/pgf/math/pgfmathfunctions.misc.
code.tex)
(/usr/local/texlive/2016/texmf-dist/tex/generic/pgf/math/pgfmathfunctions.integ
erarithmetics.code.tex)))
(/usr/local/texlive/2016/texmf-dist/tex/generic/pgf/math/pgfmathfloat.code.tex
\c@pgfmathroundto@lastzeros=\count113
))
(/usr/local/texlive/2016/texmf-dist/tex/generic/pgf/basiclayer/pgfcorepoints.co
de.tex
File: pgfcorepoints.code.tex 2013/10/07  (rcs-revision 1.27)
\pgf@picminx=\dimen140
\pgf@picmaxx=\dimen141
\pgf@picminy=\dimen142
\pgf@picmaxy=\dimen143
\pgf@pathminx=\dimen144
\pgf@pathmaxx=\dimen145
\pgf@pathminy=\dimen146
\pgf@pathmaxy=\dimen147
\pgf@xx=\dimen148
\pgf@xy=\dimen149
\pgf@yx=\dimen150
\pgf@yy=\dimen151
\pgf@zx=\dimen152
\pgf@zy=\dimen153
)
(/usr/local/texlive/2016/texmf-dist/tex/generic/pgf/basiclayer/pgfcorepathconst
ruct.code.tex
File: pgfcorepathconstruct.code.tex 2013/10/07  (rcs-revision 1.29)
\pgf@path@lastx=\dimen154
\pgf@path@lasty=\dimen155
)
(/usr/local/texlive/2016/texmf-dist/tex/generic/pgf/basiclayer/pgfcorepathusage
.code.tex
File: pgfcorepathusage.code.tex 2014/11/02  (rcs-revision 1.24)
\pgf@shorten@end@additional=\dimen156
\pgf@shorten@start@additional=\dimen157
)
(/usr/local/texlive/2016/texmf-dist/tex/generic/pgf/basiclayer/pgfcorescopes.co
de.tex
File: pgfcorescopes.code.tex 2015/05/08  (rcs-revision 1.46)
\pgfpic=\box36
\pgf@hbox=\box37
\pgf@layerbox@main=\box38
\pgf@picture@serial@count=\count114
)
(/usr/local/texlive/2016/texmf-dist/tex/generic/pgf/basiclayer/pgfcoregraphicst
ate.code.tex
File: pgfcoregraphicstate.code.tex 2014/11/02  (rcs-revision 1.12)
\pgflinewidth=\dimen158
)
(/usr/local/texlive/2016/texmf-dist/tex/generic/pgf/basiclayer/pgfcoretransform
ations.code.tex
File: pgfcoretransformations.code.tex 2015/08/07  (rcs-revision 1.20)
\pgf@pt@x=\dimen159
\pgf@pt@y=\dimen160
\pgf@pt@temp=\dimen161
)
(/usr/local/texlive/2016/texmf-dist/tex/generic/pgf/basiclayer/pgfcorequick.cod
e.tex
File: pgfcorequick.code.tex 2008/10/09  (rcs-revision 1.3)
)
(/usr/local/texlive/2016/texmf-dist/tex/generic/pgf/basiclayer/pgfcoreobjects.c
ode.tex
File: pgfcoreobjects.code.tex 2006/10/11  (rcs-revision 1.2)
)
(/usr/local/texlive/2016/texmf-dist/tex/generic/pgf/basiclayer/pgfcorepathproce
ssing.code.tex
File: pgfcorepathprocessing.code.tex 2013/09/09  (rcs-revision 1.9)
)
(/usr/local/texlive/2016/texmf-dist/tex/generic/pgf/basiclayer/pgfcorearrows.co
de.tex
File: pgfcorearrows.code.tex 2015/05/14  (rcs-revision 1.43)
\pgfarrowsep=\dimen162
)
(/usr/local/texlive/2016/texmf-dist/tex/generic/pgf/basiclayer/pgfcoreshade.cod
e.tex
File: pgfcoreshade.code.tex 2013/07/15  (rcs-revision 1.15)
\pgf@max=\dimen163
\pgf@sys@shading@range@num=\count115
)
(/usr/local/texlive/2016/texmf-dist/tex/generic/pgf/basiclayer/pgfcoreimage.cod
e.tex
File: pgfcoreimage.code.tex 2013/07/15  (rcs-revision 1.18)

(/usr/local/texlive/2016/texmf-dist/tex/generic/pgf/basiclayer/pgfcoreexternal.
code.tex
File: pgfcoreexternal.code.tex 2014/07/09  (rcs-revision 1.21)
\pgfexternal@startupbox=\box39
))
(/usr/local/texlive/2016/texmf-dist/tex/generic/pgf/basiclayer/pgfcorelayers.co
de.tex
File: pgfcorelayers.code.tex 2013/07/18  (rcs-revision 1.7)
)
(/usr/local/texlive/2016/texmf-dist/tex/generic/pgf/basiclayer/pgfcoretranspare
ncy.code.tex
File: pgfcoretransparency.code.tex 2013/09/30  (rcs-revision 1.5)
)
(/usr/local/texlive/2016/texmf-dist/tex/generic/pgf/basiclayer/pgfcorepatterns.
code.tex
File: pgfcorepatterns.code.tex 2013/11/07  (rcs-revision 1.5)
)))
(/usr/local/texlive/2016/texmf-dist/tex/latex/pgf/utilities/xxcolor.sty
Package: xxcolor 2003/10/24 ver 0.1
\XC@nummixins=\count116
\XC@countmixins=\count117
)
(/usr/local/texlive/2016/texmf-dist/tex/generic/oberdiek/atbegshi.sty
Package: atbegshi 2016/05/16 v1.17 At begin shipout hook (HO)
)
(/usr/local/texlive/2016/texmf-dist/tex/latex/hyperref/hyperref.sty
Package: hyperref 2016/05/05 v6.83n Hypertext links for LaTeX

(/usr/local/texlive/2016/texmf-dist/tex/generic/oberdiek/hobsub-hyperref.sty
Package: hobsub-hyperref 2016/05/16 v1.14 Bundle oberdiek, subset hyperref (HO)


(/usr/local/texlive/2016/texmf-dist/tex/generic/oberdiek/hobsub-generic.sty
Package: hobsub-generic 2016/05/16 v1.14 Bundle oberdiek, subset generic (HO)
Package: hobsub 2016/05/16 v1.14 Construct package bundles (HO)
Package hobsub Info: Skipping package `infwarerr' (already loaded).
Package hobsub Info: Skipping package `ltxcmds' (already loaded).
Package: ifluatex 2016/05/16 v1.4 Provides the ifluatex switch (HO)
Package ifluatex Info: LuaTeX not detected.
Package hobsub Info: Skipping package `ifvtex' (already loaded).
Package: intcalc 2016/05/16 v1.2 Expandable calculations with integers (HO)
Package hobsub Info: Skipping package `ifpdf' (already loaded).
Package: etexcmds 2016/05/16 v1.6 Avoid name clashes with e-TeX commands (HO)
Package etexcmds Info: Could not find \expanded.
(etexcmds)             That can mean that you are not using pdfTeX 1.50 or
(etexcmds)             that some package has redefined \expanded.
(etexcmds)             In the latter case, load this package earlier.
Package: kvsetkeys 2016/05/16 v1.17 Key value parser (HO)
Package: kvdefinekeys 2016/05/16 v1.4 Define keys (HO)
Package: pdftexcmds 2016/05/10 v0.21 Utility functions of pdfTeX for LuaTeX (HO
)
Package pdftexcmds Info: LuaTeX not detected.
Package pdftexcmds Info: \pdf@primitive is available.
Package pdftexcmds Info: \pdf@ifprimitive is available.
Package pdftexcmds Info: \pdfdraftmode found.
Package: pdfescape 2016/05/16 v1.14 Implements pdfTeX's escape features (HO)
Package: bigintcalc 2016/05/16 v1.4 Expandable calculations on big integers (HO
)
Package: bitset 2016/05/16 v1.2 Handle bit-vector datatype (HO)
Package: uniquecounter 2016/05/16 v1.3 Provide unlimited unique counter (HO)
)
Package hobsub Info: Skipping package `hobsub' (already loaded).
Package: letltxmacro 2016/05/16 v1.5 Let assignment for LaTeX macros (HO)
Package: hopatch 2016/05/16 v1.3 Wrapper for package hooks (HO)
Package: xcolor-patch 2016/05/16 xcolor patch
Package: atveryend 2016/05/16 v1.9 Hooks at the very end of document (HO)
Package atveryend Info: \enddocument detected (standard20110627).
Package hobsub Info: Skipping package `atbegshi' (already loaded).
Package: refcount 2016/05/16 v3.5 Data extraction from label references (HO)
Package: hycolor 2016/05/16 v1.8 Color options for hyperref/bookmark (HO)
)
(/usr/local/texlive/2016/texmf-dist/tex/latex/oberdiek/auxhook.sty
Package: auxhook 2016/05/16 v1.4 Hooks for auxiliary files (HO)
)
(/usr/local/texlive/2016/texmf-dist/tex/latex/oberdiek/kvoptions.sty
Package: kvoptions 2016/05/16 v3.12 Key value format for package options (HO)
)
\@linkdim=\dimen164
\Hy@linkcounter=\count118
\Hy@pagecounter=\count119

(/usr/local/texlive/2016/texmf-dist/tex/latex/hyperref/pd1enc.def
File: pd1enc.def 2016/05/05 v6.83n Hyperref: PDFDocEncoding definition (HO)
)
\Hy@SavedSpaceFactor=\count120

(/usr/local/texlive/2016/texmf-dist/tex/latex/latexconfig/hyperref.cfg
File: hyperref.cfg 2002/06/06 v1.2 hyperref configuration of TeXLive
)
Package hyperref Info: Option `bookmarks' set `true' on input line 4322.
Package hyperref Info: Option `bookmarksopen' set `true' on input line 4322.
Package hyperref Info: Option `implicit' set `false' on input line 4322.
Package hyperref Info: Hyper figures OFF on input line 4446.
Package hyperref Info: Link nesting OFF on input line 4451.
Package hyperref Info: Hyper index ON on input line 4454.
Package hyperref Info: Plain pages OFF on input line 4461.
Package hyperref Info: Backreferencing OFF on input line 4466.
Package hyperref Info: Implicit mode OFF; no redefinition of LaTeX internals.
Package hyperref Info: Bookmarks ON on input line 4691.
\c@Hy@tempcnt=\count121

(/usr/local/texlive/2016/texmf-dist/tex/latex/url/url.sty
\Urlmuskip=\muskip10
Package: url 2013/09/16  ver 3.4  Verb mode for urls, etc.
)
LaTeX Info: Redefining \url on input line 5044.
\XeTeXLinkMargin=\dimen165
\Fld@menulength=\count122
\Field@Width=\dimen166
\Fld@charsize=\dimen167
Package hyperref Info: Hyper figures OFF on input line 6298.
Package hyperref Info: Link nesting OFF on input line 6303.
Package hyperref Info: Hyper index ON on input line 6306.
Package hyperref Info: backreferencing OFF on input line 6313.
Package hyperref Info: Link coloring OFF on input line 6318.
Package hyperref Info: Link coloring with OCG OFF on input line 6323.
Package hyperref Info: PDF/A mode OFF on input line 6328.
LaTeX Info: Redefining \ref on input line 6368.
LaTeX Info: Redefining \pageref on input line 6372.
\Hy@abspage=\count123


Package hyperref Message: Stopped early.

)

Package hyperref Message: Driver (autodetected): hpdftex.

(/usr/local/texlive/2016/texmf-dist/tex/latex/hyperref/hpdftex.def
File: hpdftex.def 2016/05/05 v6.83n Hyperref driver for pdfTeX
\Fld@listcount=\count124
\c@bookmark@seq@number=\count125

(/usr/local/texlive/2016/texmf-dist/tex/latex/oberdiek/rerunfilecheck.sty
Package: rerunfilecheck 2016/05/16 v1.8 Rerun checks for auxiliary files (HO)
Package uniquecounter Info: New unique counter `rerunfilecheck' on input line 2
82.
))
(/usr/local/texlive/2016/texmf-dist/tex/latex/beamer/beamerbaserequires.sty
Package: beamerbaserequires 2010/05/01  (rcs-revision efa082c6111d)

(/usr/local/texlive/2016/texmf-dist/tex/latex/beamer/beamerbasecompatibility.st
y
Package: beamerbasecompatibility 2012/05/01  (rcs-revision 67c48b3b652d)
) (/usr/local/texlive/2016/texmf-dist/tex/latex/beamer/beamerbasefont.sty
Package: beamerbasefont 2015/01/05  (rcs-revision b4b4bee242e2)

(/usr/local/texlive/2016/texmf-dist/tex/latex/amsfonts/amssymb.sty
Package: amssymb 2013/01/14 v3.01 AMS font symbols

(/usr/local/texlive/2016/texmf-dist/tex/latex/amsfonts/amsfonts.sty
Package: amsfonts 2013/01/14 v3.01 Basic AMSFonts support
\@emptytoks=\toks26
\symAMSa=\mathgroup4
\symAMSb=\mathgroup5
LaTeX Font Info:    Overwriting math alphabet `\mathfrak' in version `bold'
(Font)                  U/euf/m/n --> U/euf/b/n on input line 106.
))
(/usr/local/texlive/2016/texmf-dist/tex/latex/sansmathaccent/sansmathaccent.sty
Package: sansmathaccent 2013/03/28
(/usr/local/texlive/2016/texmf-dist/tex/latex/filehook/filehook.sty
Package: filehook 2011/10/12 v0.5d Hooks for input files
)))
(/usr/local/texlive/2016/texmf-dist/tex/latex/beamer/beamerbasetranslator.sty
Package: beamerbasetranslator 2010/06/11  (rcs-revision 85fd1cc7fc42)

(/usr/local/texlive/2016/texmf-dist/tex/latex/beamer/translator/translator.sty
Package: translator 2010/06/12 ver 1.10

(/usr/local/texlive/2016/texmf-dist/tex/latex/beamer/translator/translator-lang
uage-mappings.tex)))
(/usr/local/texlive/2016/texmf-dist/tex/latex/beamer/beamerbasemisc.sty
Package: beamerbasemisc 2013/09/03  (rcs-revision a55719c41d85)
)
(/usr/local/texlive/2016/texmf-dist/tex/latex/beamer/beamerbasetwoscreens.sty
Package: beamerbasetwoscreens 2010/05/01  (rcs-revision efa082c6111d)
)
(/usr/local/texlive/2016/texmf-dist/tex/latex/beamer/beamerbaseoverlay.sty
Package: beamerbaseoverlay 2013/12/25  (rcs-revision f6bd5e3805da)
\beamer@argscount=\count126
\beamer@lastskipcover=\skip44
\beamer@trivlistdepth=\count127
)
(/usr/local/texlive/2016/texmf-dist/tex/latex/beamer/beamerbasetitle.sty
Package: beamerbasetitle 2010/09/21  (rcs-revision f0446ed0b6ae)
)
(/usr/local/texlive/2016/texmf-dist/tex/latex/beamer/beamerbasesection.sty
Package: beamerbasesection 2013/06/07  (rcs-revision 60b9fe0f342f)
\c@lecture=\count128
\c@part=\count129
\c@section=\count130
\c@subsection=\count131
\c@subsubsection=\count132
)
(/usr/local/texlive/2016/texmf-dist/tex/latex/beamer/beamerbaseframe.sty
Package: beamerbaseframe 2014/02/20  (rcs-revision 4b8ceeeff434)
\beamer@framebox=\box40
\beamer@frametitlebox=\box41
\beamer@zoombox=\box42
\beamer@zoomcount=\count133
\beamer@zoomframecount=\count134
\beamer@frametextheight=\dimen168
\c@subsectionslide=\count135
\beamer@frametopskip=\skip45
\beamer@framebottomskip=\skip46
\beamer@frametopskipautobreak=\skip47
\beamer@framebottomskipautobreak=\skip48
\beamer@envbody=\toks27
\framewidth=\dimen169
\c@framenumber=\count136
)
(/usr/local/texlive/2016/texmf-dist/tex/latex/beamer/beamerbaseverbatim.sty
Package: beamerbaseverbatim 2015/01/05  (rcs-revision 431510bb5890)
\beamer@verbatimfileout=\write4
)
(/usr/local/texlive/2016/texmf-dist/tex/latex/beamer/beamerbaseframesize.sty
Package: beamerbaseframesize 2011/09/12  (rcs-revision 70f9d8411e54)
\beamer@splitbox=\box43
\beamer@autobreakcount=\count137
\beamer@autobreaklastheight=\dimen170
\beamer@frametitletoks=\toks28
\beamer@framesubtitletoks=\toks29
)
(/usr/local/texlive/2016/texmf-dist/tex/latex/beamer/beamerbaseframecomponents.
sty
Package: beamerbaseframecomponents 2013/10/18  (rcs-revision 5cf6c5555a45)
\beamer@footins=\box44
) (/usr/local/texlive/2016/texmf-dist/tex/latex/beamer/beamerbasecolor.sty
Package: beamerbasecolor 2015/02/21  (rcs-revision d944b04ee2d5)
)
(/usr/local/texlive/2016/texmf-dist/tex/latex/beamer/beamerbasenotes.sty
Package: beamerbasenotes 2012/12/19  (rcs-revision 1686da3db3c9)
\beamer@frameboxcopy=\box45
)
(/usr/local/texlive/2016/texmf-dist/tex/latex/beamer/beamerbasetoc.sty
Package: beamerbasetoc 2015/03/08  (rcs-revision 7270298bbaae)
)
(/usr/local/texlive/2016/texmf-dist/tex/latex/beamer/beamerbasetemplates.sty
Package: beamerbasetemplates 2010/05/01  (rcs-revision efa082c6111d)
\beamer@sbttoks=\toks30

(/usr/local/texlive/2016/texmf-dist/tex/latex/beamer/beamerbaseauxtemplates.sty
Package: beamerbaseauxtemplates 2014/06/30  (rcs-revision 580088513a67)
(/usr/local/texlive/2016/texmf-dist/tex/latex/beamer/beamerbaseboxes.sty
Package: beamerbaseboxes 2012/05/13  (rcs-revision 56972908a390)
\bmb@box=\box46
\bmb@colorbox=\box47
\bmb@boxshadow=\box48
\bmb@boxshadowball=\box49
\bmb@boxshadowballlarge=\box50
\bmb@temp=\dimen171
\bmb@dima=\dimen172
\bmb@dimb=\dimen173
\bmb@prevheight=\dimen174
)
\beamer@blockheadheight=\dimen175
))
(/usr/local/texlive/2016/texmf-dist/tex/latex/beamer/beamerbaselocalstructure.s
ty
Package: beamerbaselocalstructure 2014/09/10  (rcs-revision 393f6dcff371)
 (/usr/local/texlive/2016/texmf-dist/tex/latex/tools/enumerate.sty
Package: enumerate 2015/07/23 v3.00 enumerate extensions (DPC)
\@enLab=\toks31
)
\c@figure=\count138
\c@table=\count139
\abovecaptionskip=\skip49
\belowcaptionskip=\skip50
)
(/usr/local/texlive/2016/texmf-dist/tex/latex/beamer/beamerbasenavigation.sty
Package: beamerbasenavigation 2015/02/27  (rcs-revision 923f4bf87efa)
\beamer@section@min@dim=\dimen176
)
(/usr/local/texlive/2016/texmf-dist/tex/latex/beamer/beamerbasetheorems.sty
Package: beamerbasetheorems 2010/06/06  (rcs-revision 7e7cc5e53e9d)

(/usr/local/texlive/2016/texmf-dist/tex/latex/amsmath/amsmath.sty
Package: amsmath 2016/03/10 v2.15b AMS math features
\@mathmargin=\skip51

For additional information on amsmath, use the `?' option.
(/usr/local/texlive/2016/texmf-dist/tex/latex/amsmath/amstext.sty
Package: amstext 2000/06/29 v2.01 AMS text

(/usr/local/texlive/2016/texmf-dist/tex/latex/amsmath/amsgen.sty
File: amsgen.sty 1999/11/30 v2.0 generic functions
\@emptytoks=\toks32
\ex@=\dimen177
))
(/usr/local/texlive/2016/texmf-dist/tex/latex/amsmath/amsbsy.sty
Package: amsbsy 1999/11/29 v1.2d Bold Symbols
\pmbraise@=\dimen178
)
(/usr/local/texlive/2016/texmf-dist/tex/latex/amsmath/amsopn.sty
Package: amsopn 2016/03/08 v2.02 operator names
)
\inf@bad=\count140
LaTeX Info: Redefining \frac on input line 199.
\uproot@=\count141
\leftroot@=\count142
LaTeX Info: Redefining \overline on input line 297.
\classnum@=\count143
\DOTSCASE@=\count144
LaTeX Info: Redefining \ldots on input line 394.
LaTeX Info: Redefining \dots on input line 397.
LaTeX Info: Redefining \cdots on input line 518.
\Mathstrutbox@=\box51
\strutbox@=\box52
\big@size=\dimen179
LaTeX Font Info:    Redeclaring font encoding OML on input line 634.
LaTeX Font Info:    Redeclaring font encoding OMS on input line 635.
\macc@depth=\count145
\c@MaxMatrixCols=\count146
\dotsspace@=\muskip11
\c@parentequation=\count147
\dspbrk@lvl=\count148
\tag@help=\toks33
\row@=\count149
\column@=\count150
\maxfields@=\count151
\andhelp@=\toks34
\eqnshift@=\dimen180
\alignsep@=\dimen181
\tagshift@=\dimen182
\tagwidth@=\dimen183
\totwidth@=\dimen184
\lineht@=\dimen185
\@envbody=\toks35
\multlinegap=\skip52
\multlinetaggap=\skip53
\mathdisplay@stack=\toks36
LaTeX Info: Redefining \[ on input line 2739.
LaTeX Info: Redefining \] on input line 2740.
)
(/usr/local/texlive/2016/texmf-dist/tex/latex/amscls/amsthm.sty
Package: amsthm 2015/03/04 v2.20.2
\thm@style=\toks37
\thm@bodyfont=\toks38
\thm@headfont=\toks39
\thm@notefont=\toks40
\thm@headpunct=\toks41
\thm@preskip=\skip54
\thm@postskip=\skip55
\thm@headsep=\skip56
\dth@everypar=\toks42
)
\c@theorem=\count152
)
(/usr/local/texlive/2016/texmf-dist/tex/latex/beamer/beamerbasethemes.sty
Package: beamerbasethemes 2010/05/01  (rcs-revision efa082c6111d)
))
(/usr/local/texlive/2016/texmf-dist/tex/latex/beamer/themes/theme/beamerthemede
fault.sty
Package: beamerthemedefault 2010/06/17  (rcs-revision d02a7cf4d8ae)

(/usr/local/texlive/2016/texmf-dist/tex/latex/beamer/themes/font/beamerfontthem
edefault.sty
Package: beamerfontthemedefault 2012/12/19  (rcs-revision 1686da3db3c9)
)
(/usr/local/texlive/2016/texmf-dist/tex/latex/beamer/themes/color/beamercolorth
emedefault.sty
Package: beamercolorthemedefault 2012/12/19  (rcs-revision 1686da3db3c9)
)
(/usr/local/texlive/2016/texmf-dist/tex/latex/beamer/themes/inner/beamerinnerth
emedefault.sty
Package: beamerinnerthemedefault 2014/06/30  (rcs-revision 580088513a67)
\beamer@dima=\dimen186
\beamer@dimb=\dimen187
)
(/usr/local/texlive/2016/texmf-dist/tex/latex/beamer/themes/outer/beamerouterth
emedefault.sty
Package: beamerouterthemedefault 2012/12/19  (rcs-revision 1686da3db3c9)
))) (/usr/local/texlive/2016/texmf-dist/tex/latex/ms/ragged2e.sty
Package: ragged2e 2009/05/21 v2.1 ragged2e Package (MS)
(/usr/local/texlive/2016/texmf-dist/tex/latex/ms/everysel.sty
Package: everysel 2011/10/28 v1.2 EverySelectfont Package (MS)
)
\CenteringLeftskip=\skip57
\RaggedLeftLeftskip=\skip58
\RaggedRightLeftskip=\skip59
\CenteringRightskip=\skip60
\RaggedLeftRightskip=\skip61
\RaggedRightRightskip=\skip62
\CenteringParfillskip=\skip63
\RaggedLeftParfillskip=\skip64
\RaggedRightParfillskip=\skip65
\JustifyingParfillskip=\skip66
\CenteringParindent=\skip67
\RaggedLeftParindent=\skip68
\RaggedRightParindent=\skip69
\JustifyingParindent=\skip70
)
(/usr/local/texlive/2016/texmf-dist/tex/latex/tools/verbatim.sty
Package: verbatim 2014/10/28 v1.5q LaTeX2e package for verbatim enhancements
\every@verbatim=\toks43
\verbatim@line=\toks44
\verbatim@in@stream=\read2
)
(/usr/local/texlive/2016/texmf-dist/tex/latex/lm/lmodern.sty
Package: lmodern 2009/10/30 v1.6 Latin Modern Fonts
LaTeX Font Info:    Overwriting symbol font `operators' in version `normal'
(Font)                  OT1/cmr/m/n --> OT1/lmr/m/n on input line 22.
LaTeX Font Info:    Overwriting symbol font `letters' in version `normal'
(Font)                  OML/cmm/m/it --> OML/lmm/m/it on input line 23.
LaTeX Font Info:    Overwriting symbol font `symbols' in version `normal'
(Font)                  OMS/cmsy/m/n --> OMS/lmsy/m/n on input line 24.
LaTeX Font Info:    Overwriting symbol font `largesymbols' in version `normal'
(Font)                  OMX/cmex/m/n --> OMX/lmex/m/n on input line 25.
LaTeX Font Info:    Overwriting symbol font `operators' in version `bold'
(Font)                  OT1/cmr/bx/n --> OT1/lmr/bx/n on input line 26.
LaTeX Font Info:    Overwriting symbol font `letters' in version `bold'
(Font)                  OML/cmm/b/it --> OML/lmm/b/it on input line 27.
LaTeX Font Info:    Overwriting symbol font `symbols' in version `bold'
(Font)                  OMS/cmsy/b/n --> OMS/lmsy/b/n on input line 28.
LaTeX Font Info:    Overwriting symbol font `largesymbols' in version `bold'
(Font)                  OMX/cmex/m/n --> OMX/lmex/m/n on input line 29.
LaTeX Font Info:    Overwriting math alphabet `\mathbf' in version `normal'
(Font)                  OT1/cmr/bx/n --> OT1/lmr/bx/n on input line 31.
LaTeX Font Info:    Overwriting math alphabet `\mathsf' in version `normal'
(Font)                  OT1/cmss/m/n --> OT1/lmss/m/n on input line 32.
LaTeX Font Info:    Overwriting math alphabet `\mathit' in version `normal'
(Font)                  OT1/cmr/m/it --> OT1/lmr/m/it on input line 33.
LaTeX Font Info:    Overwriting math alphabet `\mathtt' in version `normal'
(Font)                  OT1/cmtt/m/n --> OT1/lmtt/m/n on input line 34.
LaTeX Font Info:    Overwriting math alphabet `\mathbf' in version `bold'
(Font)                  OT1/cmr/bx/n --> OT1/lmr/bx/n on input line 35.
LaTeX Font Info:    Overwriting math alphabet `\mathsf' in version `bold'
(Font)                  OT1/cmss/bx/n --> OT1/lmss/bx/n on input line 36.
LaTeX Font Info:    Overwriting math alphabet `\mathit' in version `bold'
(Font)                  OT1/cmr/bx/it --> OT1/lmr/bx/it on input line 37.
LaTeX Font Info:    Overwriting math alphabet `\mathtt' in version `bold'
(Font)                  OT1/cmtt/m/n --> OT1/lmtt/m/n on input line 38.
)
(/usr/local/texlive/2016/texmf-dist/tex/generic/xypic/xy.tex Bootstrap'ing:
catcodes, docmode,
(/usr/local/texlive/2016/texmf-dist/tex/generic/xypic/xyrecat.tex)
(/usr/local/texlive/2016/texmf-dist/tex/generic/xypic/xyidioms.tex)

 Xy-pic version 3.8.9 <2013/10/06>
 Copyright (c) 1991-2013 by Kristoffer H. Rose <krisrose@tug.org> and others
 Xy-pic is free software: see the User's Guide for details.

Loading kernel: messages; fonts; allocations: state,
\X@c=\dimen188
\Y@c=\dimen189
\U@c=\dimen190
\D@c=\dimen191
\L@c=\dimen192
\R@c=\dimen193
\Edge@c=\toks45
\X@p=\dimen194
\Y@p=\dimen195
\U@p=\dimen196
\D@p=\dimen197
\L@p=\dimen198
\R@p=\dimen199
\Edge@p=\toks46
\X@origin=\dimen256
\Y@origin=\dimen257
\X@xbase=\dimen258
\Y@xbase=\dimen259
\X@ybase=\dimen260
\Y@ybase=\dimen261
\X@min=\dimen262
\Y@min=\dimen263
\X@max=\dimen264
\Y@max=\dimen265
\lastobjectbox@=\box53
\zerodotbox@=\box54
\almostz@=\dimen266
 direction,
\d@X=\dimen267
\d@Y=\dimen268
\K@=\count153
\KK@=\count154
\Direction=\count155
\K@dXdY=\dimen269
\K@dYdX=\dimen270
\xyread@=\read3
\xywrite@=\write5
\csp@=\count156
\quotPTK@=\dimen271

utility macros; pictures: \xy, positions,
\swaptoks@@=\toks47
\connectobjectbox@@=\box55
 objects,
\styletoks@=\toks48
 decorations;
kernel objects: directionals, circles, text; options; algorithms: directions,
edges, connections;  Xy-pic loaded)
(/usr/local/texlive/2016/texmf-dist/tex/generic/xypic/xyall.tex
 Xy-pic option: All features v.3.8
(/usr/local/texlive/2016/texmf-dist/tex/generic/xypic/xycurve.tex
 Xy-pic option: Curve and Spline extension v.3.12 curve,
\crv@cnt@=\count157
\crvpts@=\toks49
\splinebox@=\box56
\splineval@=\dimen272
\splinedepth@=\dimen273
\splinetol@=\dimen274
\splinelength@=\dimen275
 circles,
\L@=\dimen276
 loaded)
(/usr/local/texlive/2016/texmf-dist/tex/generic/xypic/xyframe.tex
 Xy-pic option: Frame and Bracket extension v.3.14 loaded)
(/usr/local/texlive/2016/texmf-dist/tex/generic/xypic/xycmtip.tex
 Xy-pic option: Computer Modern tip extension v.3.7
(/usr/local/texlive/2016/texmf-dist/tex/generic/xypic/xytips.tex
 Xy-pic option: More Tips extension v.3.11 loaded) loaded)
(/usr/local/texlive/2016/texmf-dist/tex/generic/xypic/xyline.tex
 Xy-pic option: Line styles extension v.3.10
\xylinethick@=\dimen277
 loaded)
(/usr/local/texlive/2016/texmf-dist/tex/generic/xypic/xyrotate.tex
 Xy-pic option: Rotate and Scale extension v.3.8 loaded)
(/usr/local/texlive/2016/texmf-dist/tex/generic/xypic/xycolor.tex
 Xy-pic option: Colour extension v.3.11 loaded)
(/usr/local/texlive/2016/texmf-dist/tex/generic/xypic/xymatrix.tex
 Xy-pic option: Matrix feature v.3.14
\Row=\count158
\Col=\count159
\queue@=\toks50
\queue@@=\toks51
\qcount@=\count160
\qcount@@=\count161
\matrixsize@=\count162
 loaded)
(/usr/local/texlive/2016/texmf-dist/tex/generic/xypic/xyarrow.tex
 Xy-pic option: Arrow and Path feature v.3.9 path, \ar, loaded)
(/usr/local/texlive/2016/texmf-dist/tex/generic/xypic/xygraph.tex
 Xy-pic option: Graph feature v.3.11 loaded) loaded) (./nn.aux)
\openout1 = `nn.aux'.

LaTeX Font Info:    Checking defaults for OML/cmm/m/it on input line 21.
LaTeX Font Info:    ... okay on input line 21.
LaTeX Font Info:    Checking defaults for T1/cmr/m/n on input line 21.
LaTeX Font Info:    ... okay on input line 21.
LaTeX Font Info:    Checking defaults for OT1/cmr/m/n on input line 21.
LaTeX Font Info:    ... okay on input line 21.
LaTeX Font Info:    Checking defaults for OMS/cmsy/m/n on input line 21.
LaTeX Font Info:    ... okay on input line 21.
LaTeX Font Info:    Checking defaults for OMX/cmex/m/n on input line 21.
LaTeX Font Info:    ... okay on input line 21.
LaTeX Font Info:    Checking defaults for U/cmr/m/n on input line 21.
LaTeX Font Info:    ... okay on input line 21.
LaTeX Font Info:    Checking defaults for PD1/pdf/m/n on input line 21.
LaTeX Font Info:    ... okay on input line 21.
LaTeX Font Info:    Try loading font information for OT1+lmss on input line 21.


(/usr/local/texlive/2016/texmf-dist/tex/latex/lm/ot1lmss.fd
File: ot1lmss.fd 2009/10/30 v1.6 Font defs for Latin Modern
)
*geometry* driver: auto-detecting
*geometry* detected driver: pdftex
*geometry* verbose mode - [ preamble ] result:
* driver: pdftex
* paper: custom
* layout: <same size as paper>
* layoutoffset:(h,v)=(0.0pt,0.0pt)
* modes: includehead includefoot 
* h-part:(L,W,R)=(28.45274pt, 307.28987pt, 28.45274pt)
* v-part:(T,H,B)=(0.0pt, 273.14662pt, 0.0pt)
* \paperwidth=364.19536pt
* \paperheight=273.14662pt
* \textwidth=307.28987pt
* \textheight=244.6939pt
* \oddsidemargin=-43.81725pt
* \evensidemargin=-43.81725pt
* \topmargin=-72.26999pt
* \headheight=14.22636pt
* \headsep=0.0pt
* \topskip=11.0pt
* \footskip=14.22636pt
* \marginparwidth=4.0pt
* \marginparsep=10.0pt
* \columnsep=10.0pt
* \skip\footins=10.0pt plus 4.0pt minus 2.0pt
* \hoffset=0.0pt
* \voffset=0.0pt
* \mag=1000
* \@twocolumnfalse
* \@twosidefalse
* \@mparswitchfalse
* \@reversemarginfalse
* (1in=72.27pt=25.4mm, 1cm=28.453pt)

(/usr/local/texlive/2016/texmf-dist/tex/context/base/mkii/supp-pdf.mkii
[Loading MPS to PDF converter (version 2006.09.02).]
\scratchcounter=\count163
\scratchdimen=\dimen278
\scratchbox=\box57
\nofMPsegments=\count164
\nofMParguments=\count165
\everyMPshowfont=\toks52
\MPscratchCnt=\count166
\MPscratchDim=\dimen279
\MPnumerator=\count167
\makeMPintoPDFobject=\count168
\everyMPtoPDFconversion=\toks53
) (/usr/local/texlive/2016/texmf-dist/tex/latex/oberdiek/epstopdf-base.sty
Package: epstopdf-base 2016/05/15 v2.6 Base part for package epstopdf

(/usr/local/texlive/2016/texmf-dist/tex/latex/oberdiek/grfext.sty
Package: grfext 2016/05/16 v1.2 Manage graphics extensions (HO)
)
Package grfext Info: Graphics extension search list:
(grfext)             [.png,.pdf,.jpg,.mps,.jpeg,.jbig2,.jb2,.PNG,.PDF,.JPG,.JPE
G,.JBIG2,.JB2,.eps]
(grfext)             \AppendGraphicsExtensions on input line 456.

(/usr/local/texlive/2016/texmf-dist/tex/latex/latexconfig/epstopdf-sys.cfg
File: epstopdf-sys.cfg 2010/07/13 v1.3 Configuration of (r)epstopdf for TeX Liv
e
))
ABD: EveryShipout initializing macros
\AtBeginShipoutBox=\box58
Package hyperref Info: Link coloring OFF on input line 21.

(/usr/local/texlive/2016/texmf-dist/tex/latex/hyperref/nameref.sty
Package: nameref 2012/10/27 v2.43 Cross-referencing by name of section

(/usr/local/texlive/2016/texmf-dist/tex/generic/oberdiek/gettitlestring.sty
Package: gettitlestring 2016/05/16 v1.5 Cleanup title references (HO)
)
\c@section@level=\count169
)
LaTeX Info: Redefining \ref on input line 21.
LaTeX Info: Redefining \pageref on input line 21.
LaTeX Info: Redefining \nameref on input line 21.

(./nn.out) (./nn.out)
\@outlinefile=\write6
\openout6 = `nn.out'.

LaTeX Font Info:    Overwriting symbol font `operators' in version `normal'
(Font)                  OT1/lmr/m/n --> OT1/cmss/m/n on input line 21.
LaTeX Font Info:    Overwriting symbol font `operators' in version `bold'
(Font)                  OT1/lmr/bx/n --> OT1/cmss/bx/n on input line 21.
LaTeX Font Info:    Overwriting symbol font `operators' in version `normal'
(Font)                  OT1/cmss/m/n --> OT1/lmss/m/n on input line 21.
LaTeX Font Info:    Overwriting symbol font `operators' in version `bold'
(Font)                  OT1/cmss/bx/n --> OT1/lmss/bx/n on input line 21.
\symnumbers=\mathgroup6
\sympureletters=\mathgroup7
LaTeX Font Info:    Overwriting math alphabet `\mathrm' in version `normal'
(Font)                  OT1/lmss/m/n --> OT1/lmr/m/n on input line 21.
LaTeX Font Info:    Redeclaring math alphabet \mathbf on input line 21.
LaTeX Font Info:    Overwriting math alphabet `\mathbf' in version `normal'
(Font)                  OT1/lmr/bx/n --> OT1/lmss/bx/n on input line 21.
LaTeX Font Info:    Overwriting math alphabet `\mathbf' in version `bold'
(Font)                  OT1/lmr/bx/n --> OT1/lmss/bx/n on input line 21.
LaTeX Font Info:    Redeclaring math alphabet \mathsf on input line 21.
LaTeX Font Info:    Overwriting math alphabet `\mathsf' in version `normal'
(Font)                  OT1/lmss/m/n --> OT1/lmss/m/n on input line 21.
LaTeX Font Info:    Overwriting math alphabet `\mathsf' in version `bold'
(Font)                  OT1/lmss/bx/n --> OT1/lmss/m/n on input line 21.
LaTeX Font Info:    Redeclaring math alphabet \mathit on input line 21.
LaTeX Font Info:    Overwriting math alphabet `\mathit' in version `normal'
(Font)                  OT1/lmr/m/it --> OT1/lmss/m/it on input line 21.
LaTeX Font Info:    Overwriting math alphabet `\mathit' in version `bold'
(Font)                  OT1/lmr/bx/it --> OT1/lmss/m/it on input line 21.
LaTeX Font Info:    Redeclaring math alphabet \mathtt on input line 21.
LaTeX Font Info:    Overwriting math alphabet `\mathtt' in version `normal'
(Font)                  OT1/lmtt/m/n --> OT1/lmtt/m/n on input line 21.
LaTeX Font Info:    Overwriting math alphabet `\mathtt' in version `bold'
(Font)                  OT1/lmtt/m/n --> OT1/lmtt/m/n on input line 21.
LaTeX Font Info:    Overwriting symbol font `numbers' in version `bold'
(Font)                  OT1/lmss/m/n --> OT1/lmss/bx/n on input line 21.
LaTeX Font Info:    Overwriting symbol font `pureletters' in version `bold'
(Font)                  OT1/lmss/m/it --> OT1/lmss/bx/it on input line 21.
LaTeX Font Info:    Overwriting math alphabet `\mathrm' in version `bold'
(Font)                  OT1/lmss/bx/n --> OT1/lmr/bx/n on input line 21.
LaTeX Font Info:    Overwriting math alphabet `\mathbf' in version `bold'
(Font)                  OT1/lmss/bx/n --> OT1/lmss/bx/n on input line 21.
LaTeX Font Info:    Overwriting math alphabet `\mathsf' in version `bold'
(Font)                  OT1/lmss/m/n --> OT1/lmss/bx/n on input line 21.
LaTeX Font Info:    Overwriting math alphabet `\mathit' in version `bold'
(Font)                  OT1/lmss/m/it --> OT1/lmss/bx/it on input line 21.
LaTeX Font Info:    Overwriting math alphabet `\mathtt' in version `bold'
(Font)                  OT1/lmtt/m/n --> OT1/lmtt/bx/n on input line 21.

(/usr/local/texlive/2016/texmf-dist/tex/latex/beamer/translator/dicts/translato
r-basic-dictionary/translator-basic-dictionary-English.dict
Dictionary: translator-basic-dictionary, Language: English 
)
(/usr/local/texlive/2016/texmf-dist/tex/latex/beamer/translator/dicts/translato
r-bibliography-dictionary/translator-bibliography-dictionary-English.dict
Dictionary: translator-bibliography-dictionary, Language: English 
)
(/usr/local/texlive/2016/texmf-dist/tex/latex/beamer/translator/dicts/translato
r-environment-dictionary/translator-environment-dictionary-English.dict
Dictionary: translator-environment-dictionary, Language: English 
)
(/usr/local/texlive/2016/texmf-dist/tex/latex/beamer/translator/dicts/translato
r-months-dictionary/translator-months-dictionary-English.dict
Dictionary: translator-months-dictionary, Language: English 
)
(/usr/local/texlive/2016/texmf-dist/tex/latex/beamer/translator/dicts/translato
r-numbers-dictionary/translator-numbers-dictionary-English.dict
Dictionary: translator-numbers-dictionary, Language: English 
)
(/usr/local/texlive/2016/texmf-dist/tex/latex/beamer/translator/dicts/translato
r-theorem-dictionary/translator-theorem-dictionary-English.dict
Dictionary: translator-theorem-dictionary, Language: English 
)
LaTeX Info: Redefining \includegraphics on input line 21.

ABD: EverySelectfont initializing macros
LaTeX Info: Redefining \selectfont on input line 21.
 (./nn.nav) [1

{/usr/local/texlive/2016/texmf-var/fonts/map/pdftex/updmap/pdftex.map}]
LaTeX Font Info:    Try loading font information for OT1+<familyname> on input 
line 55.
LaTeX Font Info:    No file OT1<familyname>.fd. on input line 55.


LaTeX Font Warning: Font shape `OT1/<familyname>/m/n' undefined
(Font)              using `OT1/cmr/m/n' instead on input line 55.


LaTeX Font Warning: Font shape `OT1/<familyname>/m/it' undefined
(Font)              using `OT1/<familyname>/m/n' instead on input line 55.

LaTeX Font Info:    Try loading font information for OML+lmm on input line 55.
(/usr/local/texlive/2016/texmf-dist/tex/latex/lm/omllmm.fd
File: omllmm.fd 2009/10/30 v1.6 Font defs for Latin Modern
)
LaTeX Font Info:    Try loading font information for OMS+lmsy on input line 55.


(/usr/local/texlive/2016/texmf-dist/tex/latex/lm/omslmsy.fd
File: omslmsy.fd 2009/10/30 v1.6 Font defs for Latin Modern
)
LaTeX Font Info:    Try loading font information for OMX+lmex on input line 55.


(/usr/local/texlive/2016/texmf-dist/tex/latex/lm/omxlmex.fd
File: omxlmex.fd 2009/10/30 v1.6 Font defs for Latin Modern
)
LaTeX Font Info:    External font `lmex10' loaded for size
(Font)              <6> on input line 55.
LaTeX Font Info:    External font `lmex10' loaded for size
(Font)              <5> on input line 55.
LaTeX Font Info:    Try loading font information for U+msa on input line 55.

(/usr/local/texlive/2016/texmf-dist/tex/latex/amsfonts/umsa.fd
File: umsa.fd 2013/01/14 v3.01 AMS symbols A
)
LaTeX Font Info:    Try loading font information for U+msb on input line 55.

(/usr/local/texlive/2016/texmf-dist/tex/latex/amsfonts/umsb.fd
File: umsb.fd 2013/01/14 v3.01 AMS symbols B
)
LaTeX Font Info:    Font shape `OT1/lmss/m/it' in size <6> not available
(Font)              Font shape `OT1/lmss/m/sl' tried instead on input line 55.
LaTeX Font Info:    Font shape `OT1/lmss/m/it' in size <5> not available
(Font)              Font shape `OT1/lmss/m/sl' tried instead on input line 55.

Overfull \hbox (3.0069pt too wide) in paragraph at lines 55--55
[] \OT1/<familyname>/m/it/6 Upon his death, the tit-u-lar Rev-erend Thomas Baye
s (1701--1761) of the renowned
 []

LaTeX Font Info:    Try loading font information for OT1+lmr on input line 55.
(/usr/local/texlive/2016/texmf-dist/tex/latex/lm/ot1lmr.fd
File: ot1lmr.fd 2009/10/30 v1.6 Font defs for Latin Modern
)
Overfull \vbox (3.18105pt too high) detected at line 55
 []

[2

]
LaTeX Font Info:    External font `lmex10' loaded for size
(Font)              <8> on input line 80.
LaTeX Font Info:    Font shape `OT1/lmss/m/it' in size <8> not available
(Font)              Font shape `OT1/lmss/m/sl' tried instead on input line 80.
LaTeX Font Info:    External font `lmex10' loaded for size
(Font)              <10.95> on input line 80.
LaTeX Font Info:    Font shape `OT1/lmss/m/it' in size <10.95> not available
(Font)              Font shape `OT1/lmss/m/sl' tried instead on input line 80.
 [3

] <xymatrix 3x5 62> [4

]
LaTeX Font Info:    External font `lmex10' loaded for size
(Font)              <9> on input line 172.
LaTeX Font Info:    Font shape `OT1/lmss/m/it' in size <9> not available
(Font)              Font shape `OT1/lmss/m/sl' tried instead on input line 172.


<stuff/activationf2.png, id=107, 405.515pt x 327.2225pt>
File: stuff/activationf2.png Graphic file (type png)

<use stuff/activationf2.png>
Package pdftex.def Info: stuff/activationf2.png used on input line 172.
(pdftex.def)             Requested size: 144.54355pt x 97.56334pt.

<stuff/activationf4.png, id=109, 348.30125pt x 273.02pt>
File: stuff/activationf4.png Graphic file (type png)

<use stuff/activationf4.png>
Package pdftex.def Info: stuff/activationf4.png used on input line 172.
(pdftex.def)             Requested size: 144.537pt x 97.56224pt.

<stuff/activationf3.png, id=110, 348.30125pt x 273.52188pt>
File: stuff/activationf3.png Graphic file (type png)

<use stuff/activationf3.png>
Package pdftex.def Info: stuff/activationf3.png used on input line 172.
(pdftex.def)             Requested size: 144.537pt x 97.5663pt.

<stuff/activationf1.png, id=111, 407.02063pt x 329.73187pt>
File: stuff/activationf1.png Graphic file (type png)

<use stuff/activationf1.png>
Package pdftex.def Info: stuff/activationf1.png used on input line 172.
(pdftex.def)             Requested size: 144.5399pt x 97.56186pt.
 <xymatrix 3x5 395>
Overfull \vbox (3.81892pt too high) detected at line 172
 []

[5

 <./stuff/activationf2.png> <./stuff/activationf4.png> <./stuff/activationf3.pn
g> <./stuff/activationf1.png>]
File: stuff/activationf2.png Graphic file (type png)
 <use stuff/activationf2.png>
Package pdftex.def Info: stuff/activationf2.png used on input line 172.
(pdftex.def)             Requested size: 144.54355pt x 97.56334pt.
File: stuff/activationf4.png Graphic file (type png)

<use stuff/activationf4.png>
Package pdftex.def Info: stuff/activationf4.png used on input line 172.
(pdftex.def)             Requested size: 144.537pt x 97.56224pt.
File: stuff/activationf3.png Graphic file (type png)
 <use stuff/activationf3.png>
Package pdftex.def Info: stuff/activationf3.png used on input line 172.
(pdftex.def)             Requested size: 144.537pt x 97.5663pt.
File: stuff/activationf1.png Graphic file (type png)

<use stuff/activationf1.png>
Package pdftex.def Info: stuff/activationf1.png used on input line 172.
(pdftex.def)             Requested size: 144.5399pt x 97.56186pt.
 <xymatrix 3x5 395>
Overfull \vbox (3.81892pt too high) detected at line 172
 []

[6

]
File: stuff/activationf2.png Graphic file (type png)
 <use stuff/activationf2.png>
Package pdftex.def Info: stuff/activationf2.png used on input line 172.
(pdftex.def)             Requested size: 144.54355pt x 97.56334pt.
File: stuff/activationf4.png Graphic file (type png)
 <use stuff/activationf4.png>
Package pdftex.def Info: stuff/activationf4.png used on input line 172.
(pdftex.def)             Requested size: 144.537pt x 97.56224pt.
File: stuff/activationf3.png Graphic file (type png)

<use stuff/activationf3.png>
Package pdftex.def Info: stuff/activationf3.png used on input line 172.
(pdftex.def)             Requested size: 144.537pt x 97.5663pt.
File: stuff/activationf1.png Graphic file (type png)
 <use stuff/activationf1.png>
Package pdftex.def Info: stuff/activationf1.png used on input line 172.
(pdftex.def)             Requested size: 144.5399pt x 97.56186pt.
 <xymatrix 3x5 395>
Overfull \vbox (3.81892pt too high) detected at line 172
 []

[7

]
File: stuff/activationf2.png Graphic file (type png)
 <use stuff/activationf2.png>
Package pdftex.def Info: stuff/activationf2.png used on input line 172.
(pdftex.def)             Requested size: 144.54355pt x 97.56334pt.
File: stuff/activationf4.png Graphic file (type png)
 <use stuff/activationf4.png>
Package pdftex.def Info: stuff/activationf4.png used on input line 172.
(pdftex.def)             Requested size: 144.537pt x 97.56224pt.
File: stuff/activationf3.png Graphic file (type png)

<use stuff/activationf3.png>
Package pdftex.def Info: stuff/activationf3.png used on input line 172.
(pdftex.def)             Requested size: 144.537pt x 97.5663pt.
File: stuff/activationf1.png Graphic file (type png)
 <use stuff/activationf1.png>
Package pdftex.def Info: stuff/activationf1.png used on input line 172.
(pdftex.def)             Requested size: 144.5399pt x 97.56186pt.
 <xymatrix 3x5 395>
Overfull \vbox (3.81892pt too high) detected at line 172
 []

[8

]
File: stuff/activationf2.png Graphic file (type png)
 <use stuff/activationf2.png>
Package pdftex.def Info: stuff/activationf2.png used on input line 172.
(pdftex.def)             Requested size: 144.54355pt x 97.56334pt.
File: stuff/activationf4.png Graphic file (type png)
 <use stuff/activationf4.png>
Package pdftex.def Info: stuff/activationf4.png used on input line 172.
(pdftex.def)             Requested size: 144.537pt x 97.56224pt.
File: stuff/activationf3.png Graphic file (type png)

<use stuff/activationf3.png>
Package pdftex.def Info: stuff/activationf3.png used on input line 172.
(pdftex.def)             Requested size: 144.537pt x 97.5663pt.
File: stuff/activationf1.png Graphic file (type png)
 <use stuff/activationf1.png>
Package pdftex.def Info: stuff/activationf1.png used on input line 172.
(pdftex.def)             Requested size: 144.5399pt x 97.56186pt.
 <xymatrix 3x5 395>
Overfull \vbox (3.81892pt too high) detected at line 172
 []

[9

]
File: stuff/activationf2.png Graphic file (type png)
 <use stuff/activationf2.png>
Package pdftex.def Info: stuff/activationf2.png used on input line 240.
(pdftex.def)             Requested size: 144.54355pt x 97.56334pt.
File: stuff/activationf4.png Graphic file (type png)
 <use stuff/activationf4.png>
Package pdftex.def Info: stuff/activationf4.png used on input line 240.
(pdftex.def)             Requested size: 144.537pt x 97.56224pt.
File: stuff/activationf3.png Graphic file (type png)

<use stuff/activationf3.png>
Package pdftex.def Info: stuff/activationf3.png used on input line 240.
(pdftex.def)             Requested size: 144.537pt x 97.5663pt.
File: stuff/activationf1.png Graphic file (type png)
 <use stuff/activationf1.png>
Package pdftex.def Info: stuff/activationf1.png used on input line 240.
(pdftex.def)             Requested size: 144.5399pt x 97.56186pt.
 <xymatrix 3x5 395>
Overfull \vbox (3.81892pt too high) detected at line 240
 []

[10

]
File: stuff/activationf2.png Graphic file (type png)
 <use stuff/activationf2.png>
Package pdftex.def Info: stuff/activationf2.png used on input line 240.
(pdftex.def)             Requested size: 144.54355pt x 97.56334pt.
File: stuff/activationf4.png Graphic file (type png)
 <use stuff/activationf4.png>
Package pdftex.def Info: stuff/activationf4.png used on input line 240.
(pdftex.def)             Requested size: 144.537pt x 97.56224pt.
File: stuff/activationf3.png Graphic file (type png)

<use stuff/activationf3.png>
Package pdftex.def Info: stuff/activationf3.png used on input line 240.
(pdftex.def)             Requested size: 144.537pt x 97.5663pt.
File: stuff/activationf1.png Graphic file (type png)
 <use stuff/activationf1.png>
Package pdftex.def Info: stuff/activationf1.png used on input line 240.
(pdftex.def)             Requested size: 144.5399pt x 97.56186pt.
 <xymatrix 3x5 395>
Overfull \vbox (3.81892pt too high) detected at line 240
 []

[11

]
File: stuff/activationf2.png Graphic file (type png)
 <use stuff/activationf2.png>
Package pdftex.def Info: stuff/activationf2.png used on input line 240.
(pdftex.def)             Requested size: 144.54355pt x 97.56334pt.
File: stuff/activationf4.png Graphic file (type png)
 <use stuff/activationf4.png>
Package pdftex.def Info: stuff/activationf4.png used on input line 240.
(pdftex.def)             Requested size: 144.537pt x 97.56224pt.
File: stuff/activationf3.png Graphic file (type png)

<use stuff/activationf3.png>
Package pdftex.def Info: stuff/activationf3.png used on input line 240.
(pdftex.def)             Requested size: 144.537pt x 97.5663pt.
File: stuff/activationf1.png Graphic file (type png)
 <use stuff/activationf1.png>
Package pdftex.def Info: stuff/activationf1.png used on input line 240.
(pdftex.def)             Requested size: 144.5399pt x 97.56186pt.
 <xymatrix 3x5 395>
Overfull \vbox (3.81892pt too high) detected at line 240
 []

[12

]
File: stuff/activationf2.png Graphic file (type png)
 <use stuff/activationf2.png>
Package pdftex.def Info: stuff/activationf2.png used on input line 240.
(pdftex.def)             Requested size: 144.54355pt x 97.56334pt.
File: stuff/activationf4.png Graphic file (type png)
 <use stuff/activationf4.png>
Package pdftex.def Info: stuff/activationf4.png used on input line 240.
(pdftex.def)             Requested size: 144.537pt x 97.56224pt.
File: stuff/activationf3.png Graphic file (type png)

<use stuff/activationf3.png>
Package pdftex.def Info: stuff/activationf3.png used on input line 240.
(pdftex.def)             Requested size: 144.537pt x 97.5663pt.
File: stuff/activationf1.png Graphic file (type png)
 <use stuff/activationf1.png>
Package pdftex.def Info: stuff/activationf1.png used on input line 240.
(pdftex.def)             Requested size: 144.5399pt x 97.56186pt.
 <xymatrix 3x5 395>
Overfull \vbox (3.81892pt too high) detected at line 240
 []

[13

] <xymatrix 3x5 395>
Overfull \vbox (16.39925pt too high) detected at line 283
 []

[14

] <xymatrix 3x5 958>
Overfull \vbox (4.39925pt too high) detected at line 319
 []

[15

] <xymatrix 3x5 958>
Overfull \vbox (4.39925pt too high) detected at line 319
 []

[16

] <xymatrix 3x5 958>
Overfull \vbox (4.39925pt too high) detected at line 319
 []

[17

] <xymatrix 3x5 958>
Overfull \vbox (4.39925pt too high) detected at line 319
 []

[18

] <xymatrix 3x5 958> [19

] <xymatrix 3x5 958> [20

]
<stuff/pattern_rec.png, id=530, 657.45625pt x 537.00626pt>
File: stuff/pattern_rec.png Graphic file (type png)

<use stuff/pattern_rec.png>
Package pdftex.def Info: stuff/pattern_rec.png used on input line 378.
(pdftex.def)             Requested size: 274.6262pt x 224.31198pt.
LaTeX Font Info:    External font `lmex10' loaded for size
(Font)              <14.4> on input line 378.
LaTeX Font Info:    External font `lmex10' loaded for size
(Font)              <10> on input line 378.
LaTeX Font Info:    External font `lmex10' loaded for size
(Font)              <7> on input line 378.
LaTeX Font Info:    Font shape `OT1/lmss/m/it' in size <14.4> not available
(Font)              Font shape `OT1/lmss/m/sl' tried instead on input line 378.

LaTeX Font Info:    Font shape `OT1/lmss/m/it' in size <10> not available
(Font)              Font shape `OT1/lmss/m/sl' tried instead on input line 378.

LaTeX Font Info:    Font shape `OT1/lmss/m/it' in size <7> not available
(Font)              Font shape `OT1/lmss/m/sl' tried instead on input line 378.

 [21

 <./stuff/pattern_rec.png>]
<stuff/topologyC.png, id=558, 354.32375pt x 220.825pt>
File: stuff/topologyC.png Graphic file (type png)

<use stuff/topologyC.png>
Package pdftex.def Info: stuff/topologyC.png used on input line 397.
(pdftex.def)             Requested size: 104.3624pt x 65.04256pt.

<stuff/topologyA.png, id=559, 273.02pt x 219.82124pt>
File: stuff/topologyA.png Graphic file (type png)

<use stuff/topologyA.png>
Package pdftex.def Info: stuff/topologyA.png used on input line 397.
(pdftex.def)             Requested size: 80.78181pt x 65.04256pt.

<stuff/topologyB.png, id=560, 354.32375pt x 217.81375pt>
File: stuff/topologyB.png Graphic file (type png)

<use stuff/topologyB.png>
Package pdftex.def Info: stuff/topologyB.png used on input line 397.
(pdftex.def)             Requested size: 105.80594pt x 65.04256pt.
 [22

 <./stuff/topologyC.png> <./stuff/topologyA.png> <./stuff/topologyB.png>]
File: stuff/topologyC.png Graphic file (type png)
 <use stuff/topologyC.png>
Package pdftex.def Info: stuff/topologyC.png used on input line 397.
(pdftex.def)             Requested size: 104.3624pt x 65.04256pt.
File: stuff/topologyA.png Graphic file (type png)
 <use stuff/topologyA.png>
Package pdftex.def Info: stuff/topologyA.png used on input line 397.
(pdftex.def)             Requested size: 80.78181pt x 65.04256pt.
File: stuff/topologyB.png Graphic file (type png)

<use stuff/topologyB.png>
Package pdftex.def Info: stuff/topologyB.png used on input line 397.
(pdftex.def)             Requested size: 105.80594pt x 65.04256pt.
 [23

]
File: stuff/topologyC.png Graphic file (type png)
 <use stuff/topologyC.png>
Package pdftex.def Info: stuff/topologyC.png used on input line 397.
(pdftex.def)             Requested size: 104.3624pt x 65.04256pt.
File: stuff/topologyA.png Graphic file (type png)

<use stuff/topologyA.png>
Package pdftex.def Info: stuff/topologyA.png used on input line 397.
(pdftex.def)             Requested size: 80.78181pt x 65.04256pt.
File: stuff/topologyB.png Graphic file (type png)
 <use stuff/topologyB.png>
Package pdftex.def Info: stuff/topologyB.png used on input line 397.
(pdftex.def)             Requested size: 105.80594pt x 65.04256pt.
 [24

]
File: stuff/topologyC.png Graphic file (type png)

<use stuff/topologyC.png>
Package pdftex.def Info: stuff/topologyC.png used on input line 397.
(pdftex.def)             Requested size: 104.3624pt x 65.04256pt.
File: stuff/topologyA.png Graphic file (type png)
 <use stuff/topologyA.png>
Package pdftex.def Info: stuff/topologyA.png used on input line 397.
(pdftex.def)             Requested size: 80.78181pt x 65.04256pt.
File: stuff/topologyB.png Graphic file (type png)
 <use stuff/topologyB.png>
Package pdftex.def Info: stuff/topologyB.png used on input line 397.
(pdftex.def)             Requested size: 105.80594pt x 65.04256pt.

[25

] <xymatrix 2x2 100> <xymatrix 2x2 100>
LaTeX Font Info:    Font shape `OT1/lmss/bx/it' in size <9> not available
(Font)              Font shape `OT1/lmss/bx/sl' tried instead on input line 451
.
LaTeX Font Info:    Font shape `OT1/lmss/bx/it' in size <6> not available
(Font)              Font shape `OT1/lmss/bx/sl' tried instead on input line 451
.
LaTeX Font Info:    Font shape `OT1/lmss/bx/it' in size <5> not available
(Font)              Font shape `OT1/lmss/bx/sl' tried instead on input line 451
.

Overfull \hbox (33.77882pt too wide) in paragraph at lines 451--451
[]  
 []

[26

]

LaTeX Font Warning: Command \Huge invalid in math mode on input line 499.


LaTeX Font Warning: Command \tiny invalid in math mode on input line 499.


LaTeX Font Warning: Command \Huge invalid in math mode on input line 499.


LaTeX Font Warning: Command \tiny invalid in math mode on input line 499.

<xymatrix 6x11 1776>
Overfull \vbox (298.56227pt too high) detected at line 499
 []

[27

]
Overfull \hbox (19.47804pt too wide) in paragraph at lines 547--547
[]  
 []

[28

] <stuff/minmax.png, id=749, 694.595pt x 454.69875pt>
File: stuff/minmax.png Graphic file (type png)

<use stuff/minmax.png>
Package pdftex.def Info: stuff/minmax.png used on input line 559.
(pdftex.def)             Requested size: 289.07999pt x 189.24457pt.
 [29

 <./stuff/minmax.png>]
File: stuff/minmax.png Graphic file (type png)
 <use stuff/minmax.png>
Package pdftex.def Info: stuff/minmax.png used on input line 559.
(pdftex.def)             Requested size: 289.07999pt x 189.24457pt.

[30

] <stuff/learnrate.png, id=802, 515.9275pt x 462.72874pt>
File: stuff/learnrate.png Graphic file (type png)

<use stuff/learnrate.png>
Package pdftex.def Info: stuff/learnrate.png used on input line 576.
(pdftex.def)             Requested size: 130.08621pt x 116.6704pt.

<stuff/momentum.png, id=803, 896.34875pt x 551.05875pt>
File: stuff/momentum.png Graphic file (type png)

<use stuff/momentum.png>
Package pdftex.def Info: stuff/momentum.png used on input line 576.
(pdftex.def)             Requested size: 173.44756pt x 106.62778pt.

Overfull \hbox (7.1939pt too wide) in paragraph at lines 576--576
[]$ $[][]  
 []

[31

 <./stuff/learnrate.png> <./stuff/momentum.png>]
File: stuff/learnrate.png Graphic file (type png)
 <use stuff/learnrate.png>
Package pdftex.def Info: stuff/learnrate.png used on input line 576.
(pdftex.def)             Requested size: 130.08621pt x 116.6704pt.
File: stuff/momentum.png Graphic file (type png)

<use stuff/momentum.png>
Package pdftex.def Info: stuff/momentum.png used on input line 576.
(pdftex.def)             Requested size: 173.44756pt x 106.62778pt.

Overfull \hbox (7.1939pt too wide) in paragraph at lines 576--576
[]$ $[][]  
 []

[32

]
File: stuff/learnrate.png Graphic file (type png)
 <use stuff/learnrate.png>
Package pdftex.def Info: stuff/learnrate.png used on input line 576.
(pdftex.def)             Requested size: 130.08621pt x 116.6704pt.
File: stuff/momentum.png Graphic file (type png)
 <use stuff/momentum.png>
Package pdftex.def Info: stuff/momentum.png used on input line 576.
(pdftex.def)             Requested size: 173.44756pt x 106.62778pt.

Overfull \hbox (7.1939pt too wide) in paragraph at lines 576--576
[]$ $[][][]  
 []

[33

] [34

] [35

] [36

] [37

] [38

] [39

]
<stuff/image_motive.png, id=1036, 448.67625pt x 399.4925pt>
File: stuff/image_motive.png Graphic file (type png)

<use stuff/image_motive.png>
Package pdftex.def Info: stuff/image_motive.png used on input line 615.
(pdftex.def)             Requested size: 252.94499pt x 225.21382pt.
 [40

 <./stuff/image_motive.png>]
<stuff/obams.png, id=1063, 831.105pt x 550.055pt>
File: stuff/obams.png Graphic file (type png)
 <use stuff/obams.png>
Package pdftex.def Info: stuff/obams.png used on input line 627.
(pdftex.def)             Requested size: 289.07999pt x 191.3219pt.

[41

 <./stuff/obams.png>]
<stuff/rgeebee.png, id=1090, 523.9575pt x 370.38374pt>
File: stuff/rgeebee.png Graphic file (type png)
 <use stuff/rgeebee.png>
Package pdftex.def Info: stuff/rgeebee.png used on input line 662.
(pdftex.def)             Requested size: 153.35089pt x 108.405pt.

Overfull \vbox (68.1606pt too high) detected at line 662
 []

[42

 <./stuff/rgeebee.png>]
File: stuff/rgeebee.png Graphic file (type png)
 <use stuff/rgeebee.png>
Package pdftex.def Info: stuff/rgeebee.png used on input line 662.
(pdftex.def)             Requested size: 153.35089pt x 108.405pt.

<stuff/cool.png, id=1119, 657.45625pt x 417.56pt>
File: stuff/cool.png Graphic file (type png)
 <use stuff/cool.png>
Package pdftex.def Info: stuff/cool.png used on input line 662.
(pdftex.def)             Requested size: 136.54503pt x 86.72377pt.

Overfull \vbox (68.1606pt too high) detected at line 662
 []

[43

 <./stuff/cool.png>]
File: stuff/rgeebee.png Graphic file (type png)
 <use stuff/rgeebee.png>
Package pdftex.def Info: stuff/rgeebee.png used on input line 662.
(pdftex.def)             Requested size: 153.35089pt x 108.405pt.

<stuff/cool2.png, id=1148, 657.45625pt x 417.56pt>
File: stuff/cool2.png Graphic file (type png)
 <use stuff/cool2.png>
Package pdftex.def Info: stuff/cool2.png used on input line 662.
(pdftex.def)             Requested size: 136.54503pt x 86.72377pt.

Overfull \vbox (68.1606pt too high) detected at line 662
 []

[44

 <./stuff/cool2.png>]
File: stuff/rgeebee.png Graphic file (type png)
 <use stuff/rgeebee.png>
Package pdftex.def Info: stuff/rgeebee.png used on input line 662.
(pdftex.def)             Requested size: 153.35089pt x 108.405pt.

<stuff/vectorize.png, id=1174, 830.10126pt x 330.73563pt>
File: stuff/vectorize.png Graphic file (type png)

<use stuff/vectorize.png>
Package pdftex.def Info: stuff/vectorize.png used on input line 662.
(pdftex.def)             Requested size: 155.38005pt x 61.90678pt.

Overfull \vbox (137.20486pt too high) detected at line 662
 []

[45

 <./stuff/vectorize.png>] <stuff/down.png, id=1200, 662.475pt x 341.275pt>
File: stuff/down.png Graphic file (type png)

<use stuff/down.png>
Package pdftex.def Info: stuff/down.png used on input line 693.
(pdftex.def)             Requested size: 79.49744pt x 40.95122pt.

Overfull \hbox (33.40584pt too wide) in paragraph at lines 693--693
[][][][]  
 []

<stuff/up.png, id=1201, 742.775pt x 349.305pt>
File: stuff/up.png Graphic file (type png)
 <use stuff/up.png>
Package pdftex.def Info: stuff/up.png used on input line 693.
(pdftex.def)             Requested size: 79.49744pt x 37.38432pt.

Overfull \hbox (33.40584pt too wide) in paragraph at lines 693--693
[][][]  
 []

<stuff/interp.png, id=1202, 485.815pt x 386.44376pt>
File: stuff/interp.png Graphic file (type png)
 <use stuff/interp.png>
Package pdftex.def Info: stuff/interp.png used on input line 693.
(pdftex.def)             Requested size: 79.49744pt x 63.23566pt.

Overfull \hbox (33.40584pt too wide) in paragraph at lines 693--693
[][][]  
 []

File: stuff/pattern_rec.png Graphic file (type png)
<use stuff/pattern_rec.png>
Package pdftex.def Info: stuff/pattern_rec.png used on input line 693.
(pdftex.def)             Requested size: 177.06128pt x 144.6167pt.

Overfull \hbox (8.05092pt too wide) in paragraph at lines 693--693
[][][][]  
 []

[46

 <./stuff/down.png> <./stuff/up.png> <./stuff/interp.png>]
File: stuff/down.png Graphic file (type png)

<use stuff/down.png>
Package pdftex.def Info: stuff/down.png used on input line 693.
(pdftex.def)             Requested size: 79.49744pt x 40.95122pt.

Overfull \hbox (33.40584pt too wide) in paragraph at lines 693--693
[][][][]  
 []

File: stuff/up.png Graphic file (type png)
<use stuff/up.png>
Package pdftex.def Info: stuff/up.png used on input line 693.
(pdftex.def)             Requested size: 79.49744pt x 37.38432pt.

Overfull \hbox (33.40584pt too wide) in paragraph at lines 693--693
[][][]  
 []

File: stuff/interp.png Graphic file (type png)
<use stuff/interp.png>
Package pdftex.def Info: stuff/interp.png used on input line 693.
(pdftex.def)             Requested size: 79.49744pt x 63.23566pt.

Overfull \hbox (33.40584pt too wide) in paragraph at lines 693--693
[][][]  
 []

File: stuff/pattern_rec.png Graphic file (type png)
<use stuff/pattern_rec.png>
Package pdftex.def Info: stuff/pattern_rec.png used on input line 693.
(pdftex.def)             Requested size: 177.06128pt x 144.6167pt.

Overfull \hbox (8.05092pt too wide) in paragraph at lines 693--693
[][][][][][]  
 []

[47

]
File: stuff/down.png Graphic file (type png)
 <use stuff/down.png>
Package pdftex.def Info: stuff/down.png used on input line 693.
(pdftex.def)             Requested size: 79.49744pt x 40.95122pt.

Overfull \hbox (33.40584pt too wide) in paragraph at lines 693--693
[][][][][][]  
 []

File: stuff/up.png Graphic file (type png)
<use stuff/up.png>
Package pdftex.def Info: stuff/up.png used on input line 693.
(pdftex.def)             Requested size: 79.49744pt x 37.38432pt.

Overfull \hbox (33.40584pt too wide) in paragraph at lines 693--693
[][][][]  
 []

File: stuff/interp.png Graphic file (type png)
<use stuff/interp.png>
Package pdftex.def Info: stuff/interp.png used on input line 693.
(pdftex.def)             Requested size: 79.49744pt x 63.23566pt.

Overfull \hbox (33.40584pt too wide) in paragraph at lines 693--693
[][][][]  
 []

File: stuff/pattern_rec.png Graphic file (type png)
<use stuff/pattern_rec.png>
Package pdftex.def Info: stuff/pattern_rec.png used on input line 693.
(pdftex.def)             Requested size: 177.06128pt x 144.6167pt.

Overfull \hbox (8.05092pt too wide) in paragraph at lines 693--693
[][][][][][]  
 []

[48

] <stuff/nums.png, id=1282, 566.61688pt x 377.91188pt>
File: stuff/nums.png Graphic file (type png)
 <use stuff/nums.png>
Package pdftex.def Info: stuff/nums.png used on input line 715.
(pdftex.def)             Requested size: 162.6075pt x 108.44987pt.

[49

 <./stuff/nums.png>]
LaTeX Font Info:    Font shape `OT1/lmss/bx/it' in size <10.95> not available
(Font)              Font shape `OT1/lmss/bx/sl' tried instead on input line 735
.
LaTeX Font Info:    Font shape `OT1/lmss/bx/it' in size <8> not available
(Font)              Font shape `OT1/lmss/bx/sl' tried instead on input line 735
.
 <stuff/dn1.png, id=1310, 338.26375pt x 335.2525pt>
File: stuff/dn1.png Graphic file (type png)

<use stuff/dn1.png>
Package pdftex.def Info: stuff/dn1.png used on input line 735.
(pdftex.def)             Requested size: 126.47249pt x 125.34593pt.
 <stuff/dn2.png, id=1311, 336.75812pt x 336.25626pt>
File: stuff/dn2.png Graphic file (type png)

<use stuff/dn2.png>
Package pdftex.def Info: stuff/dn2.png used on input line 735.
(pdftex.def)             Requested size: 126.47249pt x 126.28561pt.
 [50

 <./stuff/dn1.png> <./stuff/dn2.png>]
<stuff/convolution.png, id=1339, 747.79375pt x 188.705pt>
File: stuff/convolution.png Graphic file (type png)

<use stuff/convolution.png>
Package pdftex.def Info: stuff/convolution.png used on input line 762.
(pdftex.def)             Requested size: 214.78935pt x 54.2025pt.

<stuff/gaussian_convo.png, id=1340, 353.32pt x 353.32pt>
File: stuff/gaussian_convo.png Graphic file (type png)

<use stuff/gaussian_convo.png>
Package pdftex.def Info: stuff/gaussian_convo.png used on input line 762.
(pdftex.def)             Requested size: 48.77977pt x 48.78246pt.

<stuff/gradientZ.png, id=1341, 903.375pt x 903.375pt>
File: stuff/gradientZ.png Graphic file (type png)

<use stuff/gradientZ.png>
Package pdftex.def Info: stuff/gradientZ.png used on input line 762.
(pdftex.def)             Requested size: 48.7691pt x 48.78246pt.
 <stuff/smosh.png, id=1342, 663.47874pt x 377.41pt>
File: stuff/smosh.png Graphic file (type png)

<use stuff/smosh.png>
Package pdftex.def Info: stuff/smosh.png used on input line 762.
(pdftex.def)             Requested size: 209.58255pt x 119.21878pt.
 [51

 <./stuff/convolution.png> <./stuff/gaussian_convo.png> <./stuff/gradientZ.png>
 <./stuff/smosh.png>]
File: stuff/convolution.png Graphic file (type png)
 <use stuff/convolution.png>
Package pdftex.def Info: stuff/convolution.png used on input line 762.
(pdftex.def)             Requested size: 214.78935pt x 54.2025pt.
File: stuff/gaussian_convo.png Graphic file (type png)

<use stuff/gaussian_convo.png>
Package pdftex.def Info: stuff/gaussian_convo.png used on input line 762.
(pdftex.def)             Requested size: 48.77977pt x 48.78246pt.
File: stuff/gradientZ.png Graphic file (type png)
 <use stuff/gradientZ.png>
Package pdftex.def Info: stuff/gradientZ.png used on input line 762.
(pdftex.def)             Requested size: 48.7691pt x 48.78246pt.
File: stuff/smosh.png Graphic file (type png)
 <use stuff/smosh.png>
Package pdftex.def Info: stuff/smosh.png used on input line 762.
(pdftex.def)             Requested size: 209.58255pt x 119.21878pt.

[52

]
File: stuff/convolution.png Graphic file (type png)
 <use stuff/convolution.png>
Package pdftex.def Info: stuff/convolution.png used on input line 762.
(pdftex.def)             Requested size: 214.78935pt x 54.2025pt.
File: stuff/gaussian_convo.png Graphic file (type png)
 <use stuff/gaussian_convo.png>
Package pdftex.def Info: stuff/gaussian_convo.png used on input line 762.
(pdftex.def)             Requested size: 48.77977pt x 48.78246pt.
File: stuff/gradientZ.png Graphic file (type png)

<use stuff/gradientZ.png>
Package pdftex.def Info: stuff/gradientZ.png used on input line 762.
(pdftex.def)             Requested size: 48.7691pt x 48.78246pt.
File: stuff/smosh.png Graphic file (type png)
 <use stuff/smosh.png>
Package pdftex.def Info: stuff/smosh.png used on input line 762.
(pdftex.def)             Requested size: 209.58255pt x 119.21878pt.
 [53

]
<stuff/convol2.png, id=1423, 853.1875pt x 452.69125pt>
File: stuff/convol2.png Graphic file (type png)
 <use stuff/convol2.png>
Package pdftex.def Info: stuff/convol2.png used on input line 789.
(pdftex.def)             Requested size: 152.55167pt x 80.94205pt.

<stuff/convol3.png, id=1424, 689.57625pt x 420.57124pt>
File: stuff/convol3.png Graphic file (type png)

<use stuff/convol3.png>
Package pdftex.def Info: stuff/convol3.png used on input line 789.
(pdftex.def)             Requested size: 132.71489pt x 80.94205pt.
File: stuff/dn1.png Graphic file (type png)
 <use stuff/dn1.png>
Package pdftex.def Info: stuff/dn1.png used on input line 789.
(pdftex.def)             Requested size: 90.3375pt x 89.53207pt.

<stuff/dn3.png, id=1425, 263.98625pt x 261.97874pt>
File: stuff/dn3.png Graphic file (type png)
 <use stuff/dn3.png>
Package pdftex.def Info: stuff/dn3.png used on input line 789.
(pdftex.def)             Requested size: 90.3375pt x 89.64722pt.

<stuff/dn4.png, id=1426, 266.9975pt x 264.99pt>
File: stuff/dn4.png Graphic file (type png)
 <use stuff/dn4.png>
Package pdftex.def Info: stuff/dn4.png used on input line 789.
(pdftex.def)             Requested size: 90.3375pt x 89.6587pt.
 [54

 <./stuff/convol2.png> <./stuff/convol3.png> <./stuff/dn3.png> <./stuff/dn4.png
>]
File: stuff/convol2.png Graphic file (type png)

<use stuff/convol2.png>
Package pdftex.def Info: stuff/convol2.png used on input line 789.
(pdftex.def)             Requested size: 152.55167pt x 80.94205pt.
File: stuff/convol3.png Graphic file (type png)
 <use stuff/convol3.png>
Package pdftex.def Info: stuff/convol3.png used on input line 789.
(pdftex.def)             Requested size: 132.71489pt x 80.94205pt.
File: stuff/dn1.png Graphic file (type png)
 <use stuff/dn1.png>
Package pdftex.def Info: stuff/dn1.png used on input line 789.
(pdftex.def)             Requested size: 90.3375pt x 89.53207pt.
File: stuff/dn3.png Graphic file (type png)

<use stuff/dn3.png>
Package pdftex.def Info: stuff/dn3.png used on input line 789.
(pdftex.def)             Requested size: 90.3375pt x 89.64722pt.
File: stuff/dn4.png Graphic file (type png)
 <use stuff/dn4.png>
Package pdftex.def Info: stuff/dn4.png used on input line 789.
(pdftex.def)             Requested size: 90.3375pt x 89.6587pt.
 [55

]
File: stuff/dn1.png Graphic file (type png)
 <use stuff/dn1.png>
Package pdftex.def Info: stuff/dn1.png used on input line 818.
(pdftex.def)             Requested size: 87.50261pt x 86.72377pt.

Overfull \hbox (10.68015pt too wide) in paragraph at lines 818--818
[][]  
 []

File: stuff/dn2.png Graphic file (type png)
<use stuff/dn2.png>
Package pdftex.def Info: stuff/dn2.png used on input line 818.
(pdftex.def)             Requested size: 86.85106pt x 86.72377pt.

Overfull \hbox (10.0286pt too wide) in paragraph at lines 818--818
[][]  
 []

<stuff/convol10.png, id=1483, 552.0625pt x 416.05438pt>
File: stuff/convol10.png Graphic file (type png)

<use stuff/convol10.png>
Package pdftex.def Info: stuff/convol10.png used on input line 818.
(pdftex.def)             Requested size: 215.76682pt x 162.6075pt.
 [56

 <./stuff/convol10.png>]
<stuff/convol1.png, id=1510, 789.95125pt x 565.11125pt>
File: stuff/convol1.png Graphic file (type png)

<use stuff/convol1.png>
Package pdftex.def Info: stuff/convol1.png used on input line 839.
(pdftex.def)             Requested size: 216.81pt x 155.09996pt.
 [57

 <./stuff/convol1.png>]
LaTeX Font Info:    External font `lmex10' loaded for size
(Font)              <24.88> on input line 857.
LaTeX Font Info:    External font `lmex10' loaded for size
(Font)              <20.74> on input line 857.
LaTeX Font Info:    External font `lmex10' loaded for size
(Font)              <17.28> on input line 857.
LaTeX Font Info:    Font shape `OT1/lmss/m/it' in size <24.88> not available
(Font)              Font shape `OT1/lmss/m/sl' tried instead on input line 857.

LaTeX Font Info:    Font shape `OT1/lmss/m/it' in size <20.74> not available
(Font)              Font shape `OT1/lmss/m/sl' tried instead on input line 857.

LaTeX Font Info:    Font shape `OT1/lmss/m/it' in size <17.28> not available
(Font)              Font shape `OT1/lmss/m/sl' tried instead on input line 857.


<stuff/convol4.png, id=1537, 527.9725pt x 195.73125pt>
File: stuff/convol4.png Graphic file (type png)
 <use stuff/convol4.png>
Package pdftex.def Info: stuff/convol4.png used on input line 857.
(pdftex.def)             Requested size: 216.81pt x 80.37576pt.

[58

 <./stuff/convol4.png>]
File: stuff/convol4.png Graphic file (type png)
 <use stuff/convol4.png>
Package pdftex.def Info: stuff/convol4.png used on input line 857.
(pdftex.def)             Requested size: 216.81pt x 80.37576pt.
 [59

]
<stuff/convol5.png, id=1589, 866.23625pt x 524.96124pt>
File: stuff/convol5.png Graphic file (type png)

<use stuff/convol5.png>
Package pdftex.def Info: stuff/convol5.png used on input line 872.
(pdftex.def)             Requested size: 216.81pt x 131.39218pt.
 [60

 <./stuff/convol5.png>]
<stuff/convol6.png, id=1617, 465.74pt x 236.885pt>
File: stuff/convol6.png Graphic file (type png)
 <use stuff/convol6.png>
Package pdftex.def Info: stuff/convol6.png used on input line 896.
(pdftex.def)             Requested size: 284.18626pt x 144.54pt.

[61

 <./stuff/convol6.png>]
<stuff/convol7.png, id=1645, 501.37312pt x 255.95625pt>
File: stuff/convol7.png Graphic file (type png)

<use stuff/convol7.png>
Package pdftex.def Info: stuff/convol7.png used on input line 913.
(pdftex.def)             Requested size: 283.13098pt x 144.54pt.
 [62

 <./stuff/convol7.png>]
<stuff/convol8.png, id=1672, 626.34pt x 302.12875pt>
File: stuff/convol8.png Graphic file (type png)
 <use stuff/convol8.png>
Package pdftex.def Info: stuff/convol8.png used on input line 930.
(pdftex.def)             Requested size: 299.64583pt x 144.54pt.

[63

 <./stuff/convol8.png>]
<stuff/convol9.png, id=1699, 542.025pt x 298.11375pt>
File: stuff/convol9.png Graphic file (type png)
 <use stuff/convol9.png>
Package pdftex.def Info: stuff/convol9.png used on input line 948.
(pdftex.def)             Requested size: 262.79909pt x 144.54pt.

[64

 <./stuff/convol9.png>]
File: stuff/convol5.png Graphic file (type png)
 <use stuff/convol5.png>
Package pdftex.def Info: stuff/convol5.png used on input line 968.
(pdftex.def)             Requested size: 180.67499pt x 109.49214pt.
 [65

]
File: stuff/convol4.png Graphic file (type png)

<use stuff/convol4.png>
Package pdftex.def Info: stuff/convol4.png used on input line 979.
(pdftex.def)             Requested size: 289.07999pt x 107.16867pt.
 [66

]
LaTeX Font Info:    Try loading font information for OT1+lmtt on input line 996
.

(/usr/local/texlive/2016/texmf-dist/tex/latex/lm/ot1lmtt.fd
File: ot1lmtt.fd 2009/10/30 v1.6 Font defs for Latin Modern
) [67

] [68

] [69

]
\tf@nav=\write7
\openout7 = `nn.nav'.

\tf@toc=\write8
\openout8 = `nn.toc'.

\tf@snm=\write9
\openout9 = `nn.snm'.

Package atveryend Info: Empty hook `BeforeClearDocument' on input line 1029.
Package atveryend Info: Empty hook `AfterLastShipout' on input line 1029.

(./nn.aux)
Package atveryend Info: Executing hook `AtVeryEndDocument' on input line 1029.
Package atveryend Info: Executing hook `AtEndAfterFileList' on input line 1029.

Package rerunfilecheck Info: File `nn.out' has not changed.
(rerunfilecheck)             Checksum: D41D8CD98F00B204E9800998ECF8427E;0.


LaTeX Font Warning: Some font shapes were not available, defaults substituted.

Package atveryend Info: Empty hook `AtVeryVeryEnd' on input line 1029.
 ) 
Here is how much of TeX's memory you used:
 19661 strings out of 493014
 358919 string characters out of 6133351
 1057976 words of memory out of 5000000
 22533 multiletter control sequences out of 15000+600000
 120424 words of font info for 117 fonts, out of 8000000 for 9000
 1141 hyphenation exceptions out of 8191
 56i,21n,55p,1071b,729s stack positions out of 5000i,500n,10000p,200000b,80000s
{/usr/local/texlive/2016/texmf-dist/fonts/enc/dvips/lm/lm-rm.enc}{/usr/local/
texlive/2016/texmf-dist/fonts/enc/dvips/lm/lm-rmtt.enc}{/usr/local/texlive/2016
/texmf-dist/fonts/enc/dvips/lm/lm-mathsy.enc}{/usr/local/texlive/2016/texmf-dis
t/fonts/enc/dvips/lm/lm-mathit.enc}{/usr/local/texlive/2016/texmf-dist/fonts/en
c/dvips/lm/lm-mathex.enc}</usr/local/texlive/2016/texmf-dist/fonts/type1/public
/amsfonts/cm/cmr6.pfb></usr/local/texlive/2016/texmf-dist/fonts/type1/public/lm
/lmex10.pfb></usr/local/texlive/2016/texmf-dist/fonts/type1/public/lm/lmmi10.pf
b></usr/local/texlive/2016/texmf-dist/fonts/type1/public/lm/lmmi5.pfb></usr/loc
al/texlive/2016/texmf-dist/fonts/type1/public/lm/lmmi6.pfb></usr/local/texlive/
2016/texmf-dist/fonts/type1/public/lm/lmmi8.pfb></usr/local/texlive/2016/texmf-
dist/fonts/type1/public/lm/lmmi9.pfb></usr/local/texlive/2016/texmf-dist/fonts/
type1/public/lm/lmri7.pfb></usr/local/texlive/2016/texmf-dist/fonts/type1/publi
c/lm/lmss10.pfb></usr/local/texlive/2016/texmf-dist/fonts/type1/public/lm/lmss1
2.pfb></usr/local/texlive/2016/texmf-dist/fonts/type1/public/lm/lmss17.pfb></us
r/local/texlive/2016/texmf-dist/fonts/type1/public/lm/lmss8.pfb></usr/local/tex
live/2016/texmf-dist/fonts/type1/public/lm/lmss9.pfb></usr/local/texlive/2016/t
exmf-dist/fonts/type1/public/lm/lmssbo10.pfb></usr/local/texlive/2016/texmf-dis
t/fonts/type1/public/lm/lmssbx10.pfb></usr/local/texlive/2016/texmf-dist/fonts/
type1/public/lm/lmsso10.pfb></usr/local/texlive/2016/texmf-dist/fonts/type1/pub
lic/lm/lmsso12.pfb></usr/local/texlive/2016/texmf-dist/fonts/type1/public/lm/lm
sso8.pfb></usr/local/texlive/2016/texmf-dist/fonts/type1/public/lm/lmsso9.pfb><
/usr/local/texlive/2016/texmf-dist/fonts/type1/public/lm/lmsy10.pfb></usr/local
/texlive/2016/texmf-dist/fonts/type1/public/lm/lmsy5.pfb></usr/local/texlive/20
16/texmf-dist/fonts/type1/public/lm/lmsy6.pfb></usr/local/texlive/2016/texmf-di
st/fonts/type1/public/lm/lmsy8.pfb></usr/local/texlive/2016/texmf-dist/fonts/ty
pe1/public/lm/lmsy9.pfb></usr/local/texlive/2016/texmf-dist/fonts/type1/public/
lm/lmtt10.pfb></usr/local/texlive/2016/texmf-dist/fonts/type1/public/amsfonts/s
ymbols/msam10.pfb></usr/local/texlive/2016/texmf-dist/fonts/type1/public/xypic/
xyatip10.pfb></usr/local/texlive/2016/texmf-dist/fonts/type1/public/xypic/xybti
p10.pfb></usr/local/texlive/2016/texmf-dist/fonts/type1/public/xypic/xydash10.p
fb>
Output written on nn.pdf (69 pages, 23368736 bytes).
PDF statistics:
 1993 PDF objects out of 2073 (max. 8388607)
 1791 compressed objects within 18 object streams
 139 named destinations out of 1000 (max. 500000)
 238 words of extra memory for PDF output out of 10000 (max. 10000000)

